<?xml version="1.0"?><coverage lines-covered="4290" lines-valid="4866" line-rate="0.8816276202219482" branches-covered="0" branches-valid="0" branch-rate="0" complexity="0" version="1.9" timestamp="1771325913"><sources><source>/app</source></sources><packages><package name="src" line-rate="0.8816276202219482" branch-rate="0" complexity="0"><classes><class name="ast" filename="src/ast.rs" line-rate="0.375" branch-rate="0" complexity="0"><methods/><lines><line number="184" hits="0"/><line number="185" hits="0"/><line number="186" hits="0"/><line number="187" hits="0"/><line number="189" hits="0"/><line number="190" hits="0"/><line number="191" hits="0"/><line number="192" hits="0"/><line number="197" hits="40"/><line number="198" hits="37"/><line number="199" hits="39"/><line number="200" hits="0"/><line number="201" hits="0"/><line number="202" hits="0"/><line number="203" hits="0"/><line number="208" hits="39"/><line number="209" hits="39"/><line number="210" hits="42"/><line number="211" hits="0"/><line number="212" hits="0"/><line number="213" hits="0"/><line number="214" hits="0"/><line number="219" hits="44"/><line number="220" hits="91"/><line number="221" hits="41"/><line number="222" hits="0"/><line number="223" hits="0"/><line number="224" hits="0"/><line number="225" hits="0"/><line number="383" hits="8"/><line number="384" hits="8"/><line number="385" hits="16"/></lines></class><class name="codegen" filename="src/codegen.rs" line-rate="0.9284009546539379" branch-rate="0" complexity="0"><methods/><lines><line number="111" hits="3"/><line number="112" hits="5"/><line number="113" hits="3"/><line number="114" hits="1"/><line number="115" hits="5"/><line number="139" hits="26"/><line number="144" hits="26"/><line number="148" hits="26"/><line number="149" hits="26"/><line number="151" hits="53"/><line number="152" hits="26"/><line number="153" hits="10"/><line number="154" hits="7"/><line number="155" hits="6"/><line number="156" hits="3"/><line number="157" hits="9"/><line number="158" hits="0"/><line number="159" hits="9"/><line number="160" hits="7"/><line number="161" hits="5"/><line number="162" hits="6"/><line number="163" hits="6"/><line number="164" hits="8"/><line number="165" hits="17"/><line number="166" hits="8"/><line number="167" hits="6"/><line number="168" hits="8"/><line number="169" hits="10"/><line number="170" hits="10"/><line number="171" hits="3"/><line number="172" hits="3"/><line number="177" hits="35"/><line number="178" hits="21"/><line number="183" hits="15"/><line number="188" hits="23"/><line number="192" hits="27"/><line number="193" hits="1"/><line number="196" hits="108"/><line number="199" hits="83"/><line number="202" hits="0"/><line number="204" hits="27"/><line number="238" hits="8"/><line number="239" hits="7"/><line number="240" hits="7"/><line number="241" hits="3"/><line number="242" hits="1"/><line number="243" hits="2"/><line number="244" hits="2"/><line number="245" hits="1"/><line number="246" hits="2"/><line number="248" hits="4"/><line number="249" hits="2"/><line number="250" hits="4"/><line number="252" hits="1"/><line number="253" hits="1"/><line number="255" hits="0"/><line number="256" hits="2"/><line number="265" hits="26"/><line number="267" hits="28"/><line number="270" hits="30"/><line number="271" hits="27"/><line number="272" hits="32"/><line number="273" hits="28"/><line number="274" hits="30"/><line number="275" hits="29"/><line number="277" hits="58"/><line number="278" hits="29"/><line number="279" hits="3"/><line number="280" hits="9"/><line number="282" hits="4"/><line number="284" hits="4"/><line number="285" hits="2"/><line number="286" hits="53"/><line number="291" hits="29"/><line number="292" hits="6"/><line number="294" hits="54"/><line number="297" hits="57"/><line number="343" hits="27"/><line number="347" hits="24"/><line number="348" hits="55"/><line number="349" hits="29"/><line number="350" hits="4"/><line number="353" hits="26"/><line number="357" hits="25"/><line number="358" hits="87"/><line number="359" hits="22"/><line number="360" hits="20"/><line number="362" hits="13"/><line number="365" hits="1"/><line number="370" hits="2"/><line number="371" hits="1"/><line number="373" hits="1"/><line number="374" hits="3"/><line number="375" hits="1"/><line number="377" hits="1"/><line number="378" hits="2"/><line number="380" hits="2"/><line number="381" hits="4"/><line number="383" hits="1"/><line number="384" hits="2"/><line number="385" hits="3"/><line number="386" hits="1"/><line number="389" hits="2"/><line number="390" hits="6"/><line number="392" hits="3"/><line number="393" hits="1"/><line number="394" hits="6"/><line number="395" hits="1"/><line number="397" hits="1"/><line number="398" hits="1"/><line number="400" hits="7"/><line number="405" hits="26"/><line number="406" hits="27"/><line number="407" hits="4"/><line number="408" hits="7"/><line number="409" hits="15"/><line number="411" hits="5"/><line number="412" hits="13"/><line number="414" hits="3"/><line number="415" hits="6"/><line number="418" hits="29"/><line number="423" hits="1"/><line number="424" hits="1"/><line number="427" hits="3"/><line number="434" hits="1"/><line number="435" hits="1"/><line number="438" hits="29"/><line number="439" hits="51"/><line number="440" hits="21"/><line number="446" hits="23"/><line number="447" hits="45"/><line number="450" hits="3"/><line number="451" hits="3"/><line number="452" hits="3"/><line number="453" hits="6"/><line number="456" hits="48"/><line number="458" hits="7"/><line number="459" hits="7"/><line number="461" hits="16"/><line number="462" hits="9"/><line number="463" hits="12"/><line number="466" hits="18"/><line number="469" hits="2"/><line number="475" hits="2"/><line number="477" hits="2"/><line number="483" hits="2"/><line number="485" hits="1"/><line number="487" hits="1"/><line number="489" hits="3"/><line number="490" hits="3"/><line number="491" hits="6"/><line number="492" hits="6"/><line number="494" hits="0"/><line number="497" hits="2"/><line number="504" hits="5"/><line number="506" hits="2"/><line number="508" hits="2"/><line number="514" hits="1"/><line number="518" hits="22"/><line number="519" hits="23"/><line number="520" hits="23"/><line number="522" hits="34"/><line number="523" hits="18"/><line number="525" hits="37"/><line number="529" hits="20"/><line number="530" hits="31"/><line number="531" hits="3"/><line number="532" hits="20"/><line number="533" hits="44"/><line number="535" hits="46"/><line number="538" hits="1"/><line number="539" hits="3"/><line number="543" hits="2"/><line number="548" hits="2"/><line number="549" hits="3"/><line number="551" hits="2"/><line number="552" hits="1"/><line number="553" hits="2"/><line number="554" hits="3"/><line number="563" hits="6"/><line number="572" hits="1"/><line number="573" hits="1"/><line number="574" hits="2"/><line number="575" hits="3"/><line number="582" hits="3"/><line number="587" hits="3"/><line number="588" hits="2"/><line number="589" hits="6"/><line number="590" hits="12"/><line number="597" hits="1"/><line number="601" hits="1"/><line number="604" hits="3"/><line number="606" hits="2"/><line number="608" hits="1"/><line number="610" hits="1"/><line number="612" hits="2"/><line number="613" hits="3"/><line number="616" hits="4"/><line number="623" hits="2"/><line number="629" hits="2"/><line number="630" hits="2"/><line number="635" hits="4"/><line number="636" hits="1"/><line number="637" hits="2"/><line number="638" hits="1"/><line number="639" hits="2"/><line number="640" hits="2"/><line number="642" hits="2"/><line number="648" hits="3"/><line number="649" hits="2"/><line number="650" hits="4"/><line number="651" hits="7"/><line number="657" hits="3"/><line number="665" hits="5"/><line number="667" hits="5"/><line number="672" hits="13"/><line number="673" hits="2"/><line number="674" hits="2"/><line number="675" hits="5"/><line number="676" hits="5"/><line number="680" hits="8"/><line number="688" hits="2"/><line number="690" hits="2"/><line number="695" hits="3"/><line number="696" hits="2"/><line number="699" hits="2"/><line number="701" hits="1"/><line number="702" hits="3"/><line number="703" hits="4"/><line number="705" hits="4"/><line number="706" hits="1"/><line number="708" hits="0"/><line number="709" hits="0"/><line number="710" hits="0"/><line number="711" hits="0"/><line number="714" hits="3"/><line number="717" hits="2"/><line number="718" hits="1"/><line number="719" hits="2"/><line number="721" hits="1"/><line number="723" hits="2"/><line number="724" hits="3"/><line number="730" hits="0"/><line number="734" hits="6"/><line number="735" hits="2"/><line number="736" hits="3"/><line number="742" hits="5"/><line number="749" hits="7"/><line number="756" hits="2"/><line number="762" hits="2"/><line number="763" hits="2"/><line number="768" hits="4"/><line number="769" hits="1"/><line number="772" hits="3"/><line number="774" hits="1"/><line number="775" hits="3"/><line number="776" hits="4"/><line number="777" hits="4"/><line number="778" hits="2"/><line number="780" hits="0"/><line number="781" hits="0"/><line number="782" hits="0"/><line number="783" hits="0"/><line number="786" hits="3"/><line number="789" hits="2"/><line number="790" hits="4"/><line number="792" hits="0"/><line number="796" hits="3"/><line number="797" hits="1"/><line number="798" hits="2"/><line number="799" hits="3"/><line number="805" hits="7"/><line number="814" hits="5"/><line number="821" hits="1"/><line number="824" hits="3"/><line number="826" hits="2"/><line number="828" hits="3"/><line number="831" hits="1"/><line number="834" hits="2"/><line number="836" hits="3"/><line number="844" hits="31"/><line number="845" hits="30"/><line number="846" hits="14"/><line number="847" hits="12"/><line number="850" hits="26"/><line number="851" hits="24"/><line number="854" hits="6"/><line number="855" hits="6"/><line number="858" hits="8"/><line number="859" hits="7"/><line number="860" hits="19"/><line number="863" hits="1"/><line number="864" hits="2"/><line number="865" hits="5"/><line number="869" hits="1"/><line number="872" hits="1"/><line number="873" hits="2"/><line number="874" hits="2"/><line number="877" hits="1"/><line number="878" hits="3"/><line number="879" hits="3"/><line number="882" hits="2"/><line number="883" hits="4"/><line number="884" hits="4"/><line number="887" hits="1"/><line number="888" hits="2"/><line number="889" hits="2"/><line number="892" hits="3"/><line number="893" hits="6"/><line number="894" hits="6"/><line number="896" hits="10"/><line number="907" hits="20"/><line number="908" hits="18"/><line number="909" hits="23"/><line number="912" hits="1"/><line number="913" hits="2"/><line number="914" hits="2"/><line number="915" hits="1"/><line number="918" hits="10"/><line number="923" hits="20"/><line number="926" hits="27"/><line number="928" hits="17"/><line number="931" hits="6"/><line number="934" hits="17"/><line number="935" hits="23"/><line number="938" hits="0"/><line number="945" hits="0"/><line number="946" hits="0"/><line number="947" hits="0"/><line number="948" hits="0"/><line number="951" hits="0"/><line number="953" hits="1"/><line number="954" hits="1"/><line number="955" hits="2"/><line number="958" hits="21"/><line number="960" hits="2"/><line number="961" hits="2"/><line number="963" hits="0"/><line number="965" hits="0"/><line number="968" hits="0"/><line number="969" hits="0"/><line number="972" hits="6"/><line number="973" hits="5"/><line number="978" hits="1"/><line number="983" hits="2"/><line number="984" hits="2"/><line number="985" hits="2"/><line number="986" hits="2"/><line number="988" hits="3"/><line number="992" hits="3"/><line number="998" hits="5"/><line number="1004" hits="4"/><line number="1006" hits="4"/><line number="1007" hits="6"/><line number="1010" hits="1"/><line number="1011" hits="2"/><line number="1012" hits="2"/><line number="1015" hits="1"/><line number="1016" hits="2"/><line number="1017" hits="2"/><line number="1018" hits="2"/><line number="1023" hits="13"/><line number="1024" hits="10"/><line number="1025" hits="13"/><line number="1028" hits="12"/><line number="1030" hits="12"/><line number="1031" hits="7"/><line number="1032" hits="12"/><line number="1034" hits="2"/><line number="1035" hits="2"/><line number="1037" hits="3"/><line number="1038" hits="4"/><line number="1040" hits="3"/><line number="1041" hits="4"/><line number="1043" hits="2"/><line number="1044" hits="2"/><line number="1048" hits="2"/><line number="1049" hits="2"/><line number="1050" hits="2"/><line number="1051" hits="2"/><line number="1052" hits="2"/><line number="1053" hits="6"/><line number="1054" hits="2"/><line number="1055" hits="8"/><line number="1056" hits="2"/><line number="1057" hits="16"/><line number="1058" hits="2"/><line number="1059" hits="4"/><line number="1060" hits="2"/><line number="1064" hits="4"/><line number="1070" hits="3"/><line number="1075" hits="4"/><line number="1076" hits="10"/><line number="1077" hits="4"/><line number="1078" hits="3"/><line number="1079" hits="7"/><line number="1083" hits="9"/><line number="1086" hits="7"/><line number="1091" hits="5"/><line number="1094" hits="19"/><line number="1097" hits="6"/><line number="1099" hits="0"/><line number="1102" hits="13"/><line number="1107" hits="2"/><line number="1108" hits="2"/><line number="1112" hits="0"/><line number="1130" hits="2"/><line number="1131" hits="1"/><line number="1132" hits="0"/><line number="1134" hits="3"/><line number="1136" hits="5"/><line number="1137" hits="0"/><line number="1138" hits="0"/><line number="1139" hits="0"/><line number="1143" hits="9"/><line number="1144" hits="9"/><line number="1176" hits="9"/><line number="1177" hits="8"/><line number="1178" hits="7"/></lines></class><class name="grammar" filename="src/grammar.rs" line-rate="1" branch-rate="0" complexity="0"><methods/><lines><line number="60" hits="46"/><line number="61" hits="45"/></lines></class><class name="main" filename="src/main.rs" line-rate="0" branch-rate="0" complexity="0"><methods/><lines><line number="13" hits="0"/><line number="14" hits="0"/><line number="17" hits="0"/><line number="18" hits="0"/><line number="21" hits="0"/><line number="22" hits="0"/><line number="23" hits="0"/><line number="26" hits="0"/><line number="27" hits="0"/><line number="30" hits="0"/><line number="31" hits="0"/><line number="34" hits="0"/><line number="35" hits="0"/><line number="38" hits="0"/><line number="39" hits="0"/><line number="42" hits="0"/><line number="43" hits="0"/><line number="47" hits="0"/><line number="51" hits="0"/></lines></class><class name="parser" filename="src/parser.rs" line-rate="0.9010238907849829" branch-rate="0" complexity="0"><methods/><lines><line number="33" hits="2"/><line number="34" hits="6"/><line number="35" hits="8"/><line number="52" hits="72"/><line number="53" hits="68"/><line number="56" hits="27"/><line number="57" hits="52"/><line number="58" hits="26"/><line number="60" hits="1"/><line number="61" hits="3"/><line number="66" hits="77"/><line number="68" hits="74"/><line number="70" hits="49"/><line number="72" hits="43"/><line number="74" hits="167"/><line number="75" hits="90"/><line number="76" hits="139"/><line number="77" hits="88"/><line number="78" hits="41"/><line number="84" hits="47"/><line number="87" hits="45"/><line number="88" hits="45"/><line number="89" hits="98"/><line number="91" hits="95"/><line number="93" hits="97"/><line number="94" hits="8"/><line number="97" hits="13"/><line number="98" hits="6"/><line number="102" hits="6"/><line number="103" hits="3"/><line number="107" hits="4"/><line number="108" hits="1"/><line number="110" hits="94"/><line number="111" hits="0"/><line number="113" hits="0"/><line number="118" hits="46"/><line number="122" hits="83"/><line number="123" hits="88"/><line number="125" hits="89"/><line number="126" hits="89"/><line number="127" hits="47"/><line number="128" hits="52"/><line number="129" hits="0"/><line number="134" hits="45"/><line number="135" hits="38"/><line number="136" hits="171"/><line number="137" hits="83"/><line number="138" hits="38"/><line number="141" hits="43"/><line number="144" hits="47"/><line number="145" hits="45"/><line number="146" hits="46"/><line number="147" hits="93"/><line number="148" hits="94"/><line number="149" hits="4"/><line number="150" hits="4"/><line number="154" hits="50"/><line number="157" hits="8"/><line number="158" hits="6"/><line number="159" hits="7"/><line number="161" hits="24"/><line number="162" hits="12"/><line number="163" hits="7"/><line number="165" hits="5"/><line number="166" hits="12"/><line number="167" hits="12"/><line number="171" hits="24"/><line number="172" hits="13"/><line number="173" hits="7"/><line number="181" hits="6"/><line number="182" hits="0"/><line number="183" hits="0"/><line number="187" hits="7"/><line number="188" hits="8"/><line number="189" hits="8"/><line number="193" hits="7"/><line number="194" hits="7"/><line number="196" hits="18"/><line number="197" hits="12"/><line number="198" hits="7"/><line number="199" hits="6"/><line number="200" hits="14"/><line number="206" hits="7"/><line number="207" hits="0"/><line number="209" hits="0"/><line number="213" hits="8"/><line number="214" hits="14"/><line number="215" hits="16"/><line number="219" hits="3"/><line number="220" hits="3"/><line number="221" hits="3"/><line number="223" hits="12"/><line number="224" hits="6"/><line number="225" hits="4"/><line number="227" hits="2"/><line number="228" hits="6"/><line number="229" hits="6"/><line number="232" hits="0"/><line number="233" hits="11"/><line number="234" hits="6"/><line number="235" hits="4"/><line number="243" hits="2"/><line number="244" hits="0"/><line number="245" hits="0"/><line number="249" hits="6"/><line number="250" hits="6"/><line number="251" hits="7"/><line number="255" hits="3"/><line number="256" hits="3"/><line number="257" hits="6"/><line number="258" hits="3"/><line number="260" hits="4"/><line number="264" hits="4"/><line number="266" hits="2"/><line number="267" hits="2"/><line number="268" hits="2"/><line number="272" hits="4"/><line number="275" hits="2"/><line number="276" hits="4"/><line number="277" hits="2"/><line number="278" hits="3"/><line number="279" hits="3"/><line number="281" hits="13"/><line number="282" hits="6"/><line number="283" hits="3"/><line number="284" hits="3"/><line number="286" hits="1"/><line number="287" hits="1"/><line number="290" hits="3"/><line number="291" hits="5"/><line number="292" hits="6"/><line number="295" hits="0"/><line number="296" hits="1"/><line number="297" hits="2"/><line number="305" hits="3"/><line number="306" hits="0"/><line number="307" hits="0"/><line number="311" hits="6"/><line number="314" hits="5"/><line number="316" hits="3"/><line number="317" hits="4"/><line number="319" hits="4"/><line number="320" hits="7"/><line number="321" hits="1"/><line number="323" hits="3"/><line number="328" hits="1"/><line number="329" hits="1"/><line number="330" hits="1"/><line number="331" hits="1"/><line number="333" hits="4"/><line number="334" hits="2"/><line number="337" hits="3"/><line number="338" hits="1"/><line number="339" hits="2"/><line number="340" hits="2"/><line number="342" hits="3"/><line number="343" hits="1"/><line number="344" hits="1"/><line number="345" hits="2"/><line number="350" hits="6"/><line number="351" hits="2"/><line number="352" hits="1"/><line number="360" hits="4"/><line number="361" hits="0"/><line number="362" hits="0"/><line number="366" hits="3"/><line number="367" hits="1"/><line number="368" hits="3"/><line number="369" hits="1"/><line number="373" hits="5"/><line number="374" hits="5"/><line number="375" hits="5"/><line number="377" hits="20"/><line number="378" hits="10"/><line number="381" hits="15"/><line number="382" hits="15"/><line number="383" hits="5"/><line number="389" hits="20"/><line number="390" hits="11"/><line number="391" hits="6"/><line number="397" hits="0"/><line number="408" hits="3"/><line number="409" hits="0"/><line number="410" hits="0"/><line number="414" hits="3"/><line number="415" hits="3"/><line number="416" hits="3"/><line number="420" hits="1"/><line number="421" hits="1"/><line number="422" hits="1"/><line number="424" hits="4"/><line number="425" hits="2"/><line number="427" hits="1"/><line number="428" hits="2"/><line number="429" hits="2"/><line number="432" hits="2"/><line number="434" hits="3"/><line number="442" hits="3"/><line number="443" hits="0"/><line number="444" hits="0"/><line number="448" hits="6"/><line number="451" hits="4"/><line number="453" hits="3"/><line number="454" hits="2"/><line number="455" hits="1"/><line number="456" hits="2"/><line number="457" hits="3"/><line number="459" hits="0"/><line number="464" hits="46"/><line number="465" hits="41"/><line number="467" hits="165"/><line number="468" hits="81"/><line number="469" hits="42"/><line number="472" hits="43"/><line number="475" hits="41"/><line number="476" hits="43"/><line number="478" hits="166"/><line number="479" hits="88"/><line number="480" hits="40"/><line number="485" hits="81"/><line number="486" hits="14"/><line number="489" hits="40"/><line number="493" hits="2"/><line number="494" hits="2"/><line number="495" hits="8"/><line number="496" hits="4"/><line number="497" hits="2"/><line number="500" hits="2"/><line number="503" hits="10"/><line number="504" hits="9"/><line number="505" hits="36"/><line number="506" hits="18"/><line number="507" hits="27"/><line number="508" hits="18"/><line number="509" hits="9"/><line number="514" hits="9"/><line number="517" hits="4"/><line number="518" hits="4"/><line number="520" hits="8"/><line number="521" hits="4"/><line number="522" hits="8"/><line number="523" hits="8"/><line number="526" hits="8"/><line number="527" hits="8"/><line number="530" hits="4"/><line number="531" hits="4"/><line number="533" hits="8"/><line number="534" hits="4"/><line number="536" hits="0"/><line number="537" hits="0"/><line number="538" hits="0"/><line number="541" hits="0"/><line number="543" hits="0"/><line number="547" hits="4"/><line number="548" hits="8"/><line number="549" hits="4"/><line number="553" hits="2"/><line number="555" hits="2"/><line number="556" hits="2"/><line number="557" hits="2"/><line number="558" hits="4"/><line number="560" hits="2"/><line number="562" hits="2"/><line number="566" hits="46"/><line number="567" hits="41"/><line number="569" hits="46"/><line number="570" hits="4"/><line number="571" hits="17"/><line number="572" hits="8"/><line number="575" hits="9"/><line number="576" hits="5"/><line number="578" hits="4"/><line number="581" hits="73"/><line number="583" hits="0"/><line number="587" hits="9"/><line number="588" hits="9"/><line number="589" hits="9"/><line number="592" hits="45"/><line number="593" hits="77"/><line number="595" hits="15"/><line number="597" hits="47"/><line number="598" hits="44"/><line number="600" hits="13"/><line number="603" hits="51"/><line number="604" hits="25"/><line number="607" hits="8"/><line number="608" hits="10"/><line number="609" hits="6"/><line number="611" hits="34"/><line number="612" hits="75"/><line number="613" hits="75"/><line number="615" hits="0"/><line number="617" hits="0"/></lines></class><class name="report" filename="src/report.rs" line-rate="0.8994413407821229" branch-rate="0" complexity="0"><methods/><lines><line number="52" hits="1"/><line number="54" hits="1"/><line number="55" hits="1"/><line number="56" hits="1"/><line number="61" hits="2"/><line number="62" hits="1"/><line number="65" hits="2"/><line number="68" hits="3"/><line number="69" hits="1"/><line number="70" hits="3"/><line number="72" hits="3"/><line number="73" hits="2"/><line number="74" hits="3"/><line number="75" hits="1"/><line number="77" hits="1"/><line number="78" hits="1"/><line number="80" hits="2"/><line number="83" hits="3"/><line number="84" hits="2"/><line number="87" hits="1"/><line number="92" hits="3"/><line number="93" hits="3"/><line number="94" hits="3"/><line number="95" hits="3"/><line number="97" hits="1"/><line number="98" hits="0"/><line number="99" hits="0"/><line number="103" hits="1"/><line number="104" hits="2"/><line number="105" hits="2"/><line number="106" hits="2"/><line number="107" hits="0"/><line number="110" hits="1"/><line number="111" hits="2"/><line number="112" hits="2"/><line number="113" hits="2"/><line number="114" hits="0"/><line number="117" hits="1"/><line number="118" hits="2"/><line number="119" hits="2"/><line number="120" hits="2"/><line number="121" hits="0"/><line number="122" hits="0"/><line number="123" hits="0"/><line number="127" hits="1"/><line number="133" hits="2"/><line number="134" hits="1"/><line number="137" hits="1"/><line number="138" hits="2"/><line number="139" hits="0"/><line number="142" hits="1"/><line number="143" hits="2"/><line number="144" hits="1"/><line number="154" hits="2"/><line number="155" hits="1"/><line number="156" hits="10"/><line number="157" hits="2"/><line number="158" hits="1"/><line number="159" hits="2"/><line number="160" hits="1"/><line number="163" hits="1"/><line number="164" hits="2"/><line number="165" hits="2"/><line number="167" hits="0"/><line number="168" hits="1"/><line number="169" hits="2"/><line number="170" hits="2"/><line number="172" hits="1"/><line number="173" hits="2"/><line number="174" hits="0"/><line number="177" hits="1"/><line number="182" hits="1"/><line number="184" hits="1"/><line number="185" hits="2"/><line number="186" hits="2"/><line number="188" hits="1"/><line number="190" hits="2"/><line number="191" hits="0"/><line number="194" hits="1"/><line number="196" hits="1"/><line number="197" hits="2"/><line number="198" hits="0"/><line number="201" hits="1"/><line number="202" hits="2"/><line number="204" hits="2"/><line number="205" hits="1"/><line number="206" hits="2"/><line number="207" hits="2"/><line number="222" hits="1"/><line number="223" hits="1"/><line number="233" hits="1"/><line number="234" hits="1"/><line number="235" hits="3"/><line number="236" hits="2"/><line number="237" hits="1"/><line number="238" hits="2"/><line number="239" hits="2"/><line number="242" hits="2"/><line number="243" hits="1"/><line number="244" hits="2"/><line number="246" hits="2"/><line number="247" hits="1"/><line number="248" hits="1"/><line number="250" hits="2"/><line number="251" hits="1"/><line number="252" hits="1"/><line number="254" hits="2"/><line number="255" hits="1"/><line number="256" hits="1"/><line number="259" hits="1"/><line number="260" hits="2"/><line number="261" hits="1"/><line number="262" hits="1"/><line number="266" hits="1"/><line number="267" hits="0"/><line number="268" hits="0"/><line number="269" hits="0"/><line number="273" hits="1"/><line number="274" hits="0"/><line number="275" hits="0"/><line number="276" hits="0"/><line number="280" hits="1"/><line number="281" hits="2"/><line number="282" hits="1"/><line number="283" hits="1"/><line number="287" hits="1"/><line number="290" hits="2"/><line number="292" hits="1"/><line number="295" hits="1"/><line number="296" hits="2"/><line number="297" hits="2"/><line number="298" hits="1"/><line number="300" hits="1"/><line number="301" hits="1"/><line number="307" hits="2"/><line number="308" hits="2"/><line number="311" hits="1"/><line number="315" hits="1"/><line number="318" hits="1"/><line number="319" hits="3"/><line number="321" hits="3"/><line number="322" hits="2"/><line number="323" hits="2"/><line number="324" hits="2"/><line number="327" hits="1"/><line number="330" hits="1"/><line number="345" hits="1"/><line number="346" hits="1"/><line number="347" hits="3"/><line number="348" hits="2"/><line number="349" hits="1"/><line number="350" hits="2"/><line number="351" hits="2"/><line number="355" hits="2"/><line number="356" hits="1"/><line number="357" hits="2"/><line number="361" hits="2"/><line number="362" hits="1"/><line number="363" hits="2"/><line number="367" hits="2"/><line number="368" hits="1"/><line number="369" hits="2"/><line number="373" hits="2"/><line number="374" hits="1"/><line number="375" hits="2"/><line number="377" hits="2"/><line number="378" hits="1"/><line number="379" hits="2"/><line number="383" hits="2"/><line number="384" hits="1"/><line number="385" hits="1"/><line number="387" hits="2"/><line number="388" hits="1"/><line number="389" hits="1"/><line number="392" hits="1"/><line number="396" hits="1"/><line number="397" hits="1"/><line number="399" hits="1"/><line number="401" hits="1"/></lines></class><class name="text" filename="src/text.rs" line-rate="1" branch-rate="0" complexity="0"><methods/><lines><line number="28" hits="57"/><line number="29" hits="57"/><line number="33" hits="113"/><line number="34" hits="55"/><line number="38" hits="8"/><line number="39" hits="8"/><line number="40" hits="8"/><line number="41" hits="24"/><line number="42" hits="8"/><line number="45" hits="108"/><line number="48" hits="49"/><line number="52" hits="51"/><line number="55" hits="160"/><line number="60" hits="52"/><line number="72" hits="58"/><line number="73" hits="67"/><line number="74" hits="8"/><line number="78" hits="104"/><line number="83" hits="50"/><line number="84" hits="55"/></lines></class></classes></package><package name="src/morphology" line-rate="0.9203187250996016" branch-rate="0" complexity="0"><classes><class name="conjugation" filename="src/morphology/conjugation.rs" line-rate="0.9285714285714286" branch-rate="0" complexity="0"><methods/><lines><line number="151" hits="2"/><line number="153" hits="4"/><line number="154" hits="2"/><line number="155" hits="1"/><line number="156" hits="1"/><line number="161" hits="4"/><line number="162" hits="2"/><line number="163" hits="1"/><line number="169" hits="2"/><line number="172" hits="2"/><line number="173" hits="2"/><line number="179" hits="2"/><line number="182" hits="1"/><line number="183" hits="1"/><line number="188" hits="2"/><line number="189" hits="1"/><line number="191" hits="1"/><line number="199" hits="1"/><line number="331" hits="2"/><line number="332" hits="3"/><line number="333" hits="6"/><line number="337" hits="3"/><line number="338" hits="4"/><line number="339" hits="1"/><line number="340" hits="1"/><line number="343" hits="1"/><line number="345" hits="1"/><line number="355" hits="2"/><line number="356" hits="7"/><line number="357" hits="3"/><line number="360" hits="4"/><line number="361" hits="2"/><line number="363" hits="2"/><line number="367" hits="2"/><line number="368" hits="4"/><line number="373" hits="4"/><line number="374" hits="2"/><line number="378" hits="4"/><line number="379" hits="2"/><line number="382" hits="2"/><line number="385" hits="2"/><line number="386" hits="2"/><line number="387" hits="2"/><line number="388" hits="2"/><line number="394" hits="1"/><line number="395" hits="2"/><line number="397" hits="1"/><line number="398" hits="1"/><line number="412" hits="2"/><line number="413" hits="2"/><line number="415" hits="1"/><line number="416" hits="1"/><line number="429" hits="0"/><line number="435" hits="3"/><line number="440" hits="5"/><line number="441" hits="5"/><line number="442" hits="3"/><line number="444" hits="3"/><line number="447" hits="3"/><line number="451" hits="47"/><line number="455" hits="77"/><line number="456" hits="76"/><line number="457" hits="32"/><line number="459" hits="29"/><line number="470" hits="1"/><line number="471" hits="1"/><line number="472" hits="1"/><line number="473" hits="1"/><line number="479" hits="44"/><line number="480" hits="46"/><line number="484" hits="86"/><line number="485" hits="45"/><line number="486" hits="4"/><line number="487" hits="5"/><line number="490" hits="5"/><line number="492" hits="5"/><line number="501" hits="87"/><line number="502" hits="73"/><line number="504" hits="29"/><line number="505" hits="33"/><line number="506" hits="1"/><line number="508" hits="2"/><line number="513" hits="63"/><line number="514" hits="60"/><line number="515" hits="63"/><line number="518" hits="65"/><line number="519" hits="63"/><line number="520" hits="22"/><line number="522" hits="21"/><line number="524" hits="55"/><line number="527" hits="66"/><line number="528" hits="33"/><line number="531" hits="31"/><line number="534" hits="31"/><line number="535" hits="32"/><line number="536" hits="31"/><line number="543" hits="38"/><line number="544" hits="1"/><line number="546" hits="1"/><line number="547" hits="1"/><line number="560" hits="40"/><line number="561" hits="1"/><line number="563" hits="1"/><line number="564" hits="1"/><line number="578" hits="60"/><line number="579" hits="26"/><line number="580" hits="20"/><line number="581" hits="23"/><line number="585" hits="41"/><line number="586" hits="77"/><line number="587" hits="21"/><line number="588" hits="70"/><line number="590" hits="45"/><line number="591" hits="24"/><line number="592" hits="51"/><line number="593" hits="24"/><line number="594" hits="0"/><line number="595" hits="0"/><line number="596" hits="0"/><line number="599" hits="48"/><line number="600" hits="26"/><line number="601" hits="0"/><line number="603" hits="49"/><line number="606" hits="24"/><line number="611" hits="1"/><line number="619" hits="2"/><line number="620" hits="1"/><line number="621" hits="1"/><line number="622" hits="0"/><line number="623" hits="0"/><line number="624" hits="0"/><line number="627" hits="2"/><line number="628" hits="2"/><line number="629" hits="1"/><line number="633" hits="0"/><line number="637" hits="1"/><line number="638" hits="2"/><line number="639" hits="1"/><line number="640" hits="1"/><line number="641" hits="0"/></lines></class><class name="declension" filename="src/morphology/declension.rs" line-rate="0.8846153846153846" branch-rate="0" complexity="0"><methods/><lines><line number="154" hits="1"/><line number="155" hits="1"/><line number="161" hits="3"/><line number="162" hits="1"/><line number="163" hits="1"/><line number="164" hits="1"/><line number="167" hits="1"/><line number="171" hits="54"/><line number="175" hits="109"/><line number="176" hits="105"/><line number="177" hits="32"/><line number="179" hits="38"/><line number="191" hits="1"/><line number="192" hits="1"/><line number="193" hits="1"/><line number="194" hits="1"/><line number="200" hits="58"/><line number="201" hits="55"/><line number="203" hits="116"/><line number="204" hits="86"/><line number="206" hits="42"/><line number="207" hits="73"/><line number="214" hits="32"/><line number="217" hits="107"/><line number="218" hits="27"/><line number="220" hits="26"/><line number="222" hits="36"/><line number="225" hits="74"/><line number="226" hits="33"/><line number="229" hits="37"/><line number="230" hits="34"/><line number="241" hits="84"/><line number="242" hits="30"/><line number="243" hits="33"/><line number="244" hits="31"/><line number="248" hits="48"/><line number="249" hits="48"/><line number="250" hits="35"/><line number="251" hits="97"/><line number="253" hits="67"/><line number="254" hits="33"/><line number="255" hits="68"/><line number="256" hits="31"/><line number="257" hits="35"/><line number="258" hits="10"/><line number="261" hits="69"/><line number="262" hits="31"/><line number="263" hits="0"/><line number="265" hits="69"/><line number="268" hits="31"/><line number="273" hits="1"/><line number="274" hits="1"/><line number="276" hits="2"/><line number="277" hits="1"/><line number="278" hits="0"/><line number="279" hits="0"/><line number="281" hits="0"/><line number="285" hits="2"/><line number="286" hits="1"/><line number="287" hits="0"/><line number="288" hits="0"/><line number="290" hits="0"/><line number="294" hits="2"/><line number="295" hits="1"/><line number="297" hits="0"/><line number="304" hits="1"/><line number="311" hits="2"/><line number="312" hits="1"/><line number="313" hits="1"/><line number="318" hits="4"/><line number="319" hits="1"/><line number="322" hits="1"/><line number="325" hits="1"/><line number="326" hits="1"/><line number="329" hits="2"/><line number="330" hits="2"/><line number="331" hits="2"/><line number="335" hits="0"/></lines></class><class name="disambiguation" filename="src/morphology/disambiguation.rs" line-rate="0.8860759493670886" branch-rate="0" complexity="0"><methods/><lines><line number="33" hits="44"/><line number="34" hits="47"/><line number="38" hits="0"/><line number="40" hits="0"/><line number="41" hits="0"/><line number="42" hits="0"/><line number="48" hits="2"/><line number="51" hits="2"/><line number="53" hits="2"/><line number="58" hits="0"/><line number="74" hits="33"/><line number="78" hits="73"/><line number="79" hits="0"/><line number="83" hits="72"/><line number="84" hits="39"/><line number="85" hits="35"/><line number="86" hits="37"/><line number="88" hits="38"/><line number="94" hits="8"/><line number="95" hits="2"/><line number="96" hits="2"/><line number="99" hits="2"/><line number="100" hits="2"/><line number="102" hits="3"/><line number="103" hits="2"/><line number="104" hits="2"/><line number="105" hits="2"/><line number="107" hits="1"/><line number="112" hits="6"/><line number="113" hits="6"/><line number="114" hits="3"/><line number="117" hits="3"/><line number="121" hits="3"/><line number="122" hits="3"/><line number="125" hits="3"/><line number="126" hits="5"/><line number="127" hits="2"/><line number="128" hits="3"/><line number="129" hits="1"/><line number="134" hits="5"/><line number="135" hits="4"/><line number="136" hits="2"/><line number="137" hits="2"/><line number="138" hits="1"/><line number="143" hits="5"/><line number="144" hits="4"/><line number="145" hits="2"/><line number="146" hits="2"/><line number="147" hits="1"/><line number="152" hits="4"/><line number="153" hits="1"/><line number="154" hits="0"/><line number="155" hits="1"/><line number="156" hits="0"/><line number="161" hits="3"/><line number="171" hits="3"/><line number="175" hits="3"/><line number="176" hits="6"/><line number="177" hits="0"/><line number="180" hits="6"/><line number="187" hits="40"/><line number="191" hits="35"/><line number="197" hits="40"/><line number="203" hits="37"/><line number="209" hits="80"/><line number="215" hits="38"/><line number="221" hits="39"/><line number="227" hits="38"/><line number="233" hits="73"/><line number="241" hits="38"/><line number="247" hits="77"/><line number="253" hits="41"/><line number="259" hits="81"/><line number="265" hits="37"/><line number="271" hits="41"/><line number="277" hits="79"/><line number="288" hits="79"/><line number="294" hits="79"/><line number="301" hits="38"/></lines></class><class name="lexicon" filename="src/morphology/lexicon.rs" line-rate="0.9405405405405406" branch-rate="0" complexity="0"><methods/><lines><line number="36" hits="38"/><line number="38" hits="44"/><line number="39" hits="37"/><line number="40" hits="45"/><line number="41" hits="37"/><line number="42" hits="45"/><line number="43" hits="37"/><line number="44" hits="44"/><line number="45" hits="37"/><line number="46" hits="45"/><line number="53" hits="27"/><line number="54" hits="27"/><line number="61" hits="27"/><line number="63" hits="27"/><line number="78" hits="27"/><line number="80" hits="27"/><line number="96" hits="27"/><line number="98" hits="27"/><line number="114" hits="27"/><line number="116" hits="27"/><line number="132" hits="27"/><line number="134" hits="27"/><line number="150" hits="27"/><line number="152" hits="27"/><line number="168" hits="27"/><line number="170" hits="27"/><line number="186" hits="27"/><line number="188" hits="27"/><line number="203" hits="27"/><line number="205" hits="27"/><line number="221" hits="27"/><line number="223" hits="27"/><line number="239" hits="27"/><line number="241" hits="27"/><line number="257" hits="27"/><line number="259" hits="27"/><line number="279" hits="27"/><line number="281" hits="27"/><line number="297" hits="27"/><line number="299" hits="27"/><line number="315" hits="27"/><line number="317" hits="27"/><line number="333" hits="27"/><line number="335" hits="27"/><line number="350" hits="27"/><line number="352" hits="27"/><line number="368" hits="27"/><line number="370" hits="27"/><line number="386" hits="27"/><line number="388" hits="27"/><line number="404" hits="27"/><line number="406" hits="27"/><line number="422" hits="27"/><line number="424" hits="27"/><line number="440" hits="27"/><line number="442" hits="27"/><line number="458" hits="27"/><line number="460" hits="27"/><line number="476" hits="27"/><line number="478" hits="27"/><line number="494" hits="27"/><line number="496" hits="27"/><line number="512" hits="27"/><line number="514" hits="27"/><line number="534" hits="27"/><line number="536" hits="27"/><line number="552" hits="27"/><line number="554" hits="27"/><line number="570" hits="27"/><line number="572" hits="27"/><line number="588" hits="27"/><line number="590" hits="27"/><line number="610" hits="27"/><line number="612" hits="27"/><line number="627" hits="27"/><line number="629" hits="27"/><line number="645" hits="27"/><line number="647" hits="27"/><line number="662" hits="27"/><line number="664" hits="27"/><line number="680" hits="27"/><line number="682" hits="27"/><line number="698" hits="27"/><line number="700" hits="27"/><line number="716" hits="27"/><line number="718" hits="27"/><line number="738" hits="27"/><line number="740" hits="27"/><line number="755" hits="27"/><line number="757" hits="27"/><line number="772" hits="27"/><line number="774" hits="27"/><line number="790" hits="27"/><line number="792" hits="27"/><line number="807" hits="27"/><line number="809" hits="27"/><line number="824" hits="27"/><line number="826" hits="27"/><line number="842" hits="27"/><line number="844" hits="27"/><line number="859" hits="27"/><line number="861" hits="27"/><line number="876" hits="27"/><line number="878" hits="27"/><line number="898" hits="27"/><line number="900" hits="27"/><line number="915" hits="27"/><line number="917" hits="27"/><line number="933" hits="27"/><line number="935" hits="27"/><line number="950" hits="27"/><line number="952" hits="27"/><line number="968" hits="27"/><line number="970" hits="27"/><line number="985" hits="27"/><line number="987" hits="27"/><line number="1002" hits="27"/><line number="1004" hits="27"/><line number="1024" hits="27"/><line number="1026" hits="27"/><line number="1041" hits="27"/><line number="1043" hits="27"/><line number="1059" hits="27"/><line number="1061" hits="27"/><line number="1076" hits="27"/><line number="1078" hits="27"/><line number="1094" hits="27"/><line number="1096" hits="27"/><line number="1111" hits="27"/><line number="1113" hits="27"/><line number="1129" hits="27"/><line number="1131" hits="27"/><line number="1147" hits="27"/><line number="1149" hits="27"/><line number="1165" hits="27"/><line number="1167" hits="27"/><line number="1182" hits="27"/><line number="1184" hits="27"/><line number="1200" hits="27"/><line number="1202" hits="27"/><line number="1218" hits="27"/><line number="1220" hits="27"/><line number="1236" hits="27"/><line number="1238" hits="27"/><line number="1254" hits="27"/><line number="1256" hits="27"/><line number="1272" hits="27"/><line number="1274" hits="27"/><line number="1290" hits="27"/><line number="1292" hits="27"/><line number="1307" hits="27"/><line number="1309" hits="27"/><line number="1325" hits="27"/><line number="1327" hits="27"/><line number="1343" hits="27"/><line number="1345" hits="27"/><line number="1361" hits="27"/><line number="1363" hits="27"/><line number="1379" hits="27"/><line number="1381" hits="27"/><line number="1397" hits="27"/><line number="1399" hits="27"/><line number="1415" hits="27"/><line number="1417" hits="27"/><line number="1433" hits="27"/><line number="1435" hits="27"/><line number="1458" hits="27"/><line number="1460" hits="27"/><line number="1476" hits="27"/><line number="1478" hits="27"/><line number="1498" hits="27"/><line number="1500" hits="27"/><line number="1515" hits="27"/><line number="1517" hits="27"/><line number="1537" hits="27"/><line number="1539" hits="27"/><line number="1555" hits="27"/><line number="1557" hits="27"/><line number="1573" hits="27"/><line number="1575" hits="27"/><line number="1591" hits="27"/><line number="1593" hits="27"/><line number="1609" hits="27"/><line number="1611" hits="27"/><line number="1630" hits="27"/><line number="1632" hits="27"/><line number="1647" hits="27"/><line number="1649" hits="27"/><line number="1670" hits="27"/><line number="1672" hits="27"/><line number="1689" hits="27"/><line number="1691" hits="27"/><line number="1708" hits="27"/><line number="1710" hits="27"/><line number="1727" hits="27"/><line number="1729" hits="27"/><line number="1749" hits="27"/><line number="1751" hits="27"/><line number="1767" hits="27"/><line number="1769" hits="27"/><line number="1785" hits="27"/><line number="1787" hits="27"/><line number="1807" hits="27"/><line number="1809" hits="27"/><line number="1829" hits="27"/><line number="1831" hits="27"/><line number="1847" hits="27"/><line number="1849" hits="27"/><line number="1865" hits="27"/><line number="1867" hits="27"/><line number="1883" hits="27"/><line number="1885" hits="27"/><line number="1905" hits="27"/><line number="1907" hits="27"/><line number="1927" hits="27"/><line number="1929" hits="27"/><line number="1948" hits="54"/><line number="1949" hits="54"/><line number="1951" hits="27"/><line number="1972" hits="27"/><line number="1974" hits="27"/><line number="1990" hits="27"/><line number="1992" hits="27"/><line number="2008" hits="27"/><line number="2010" hits="27"/><line number="2026" hits="27"/><line number="2028" hits="27"/><line number="2044" hits="27"/><line number="2046" hits="27"/><line number="2065" hits="54"/><line number="2066" hits="27"/><line number="2067" hits="27"/><line number="2068" hits="27"/><line number="2069" hits="27"/><line number="2070" hits="27"/><line number="2071" hits="27"/><line number="2072" hits="27"/><line number="2073" hits="27"/><line number="2074" hits="27"/><line number="2075" hits="27"/><line number="2076" hits="27"/><line number="2077" hits="27"/><line number="2078" hits="27"/><line number="2079" hits="27"/><line number="2080" hits="27"/><line number="2081" hits="27"/><line number="2083" hits="54"/><line number="2085" hits="27"/><line number="2102" hits="27"/><line number="2104" hits="27"/><line number="2119" hits="27"/><line number="2123" hits="40"/><line number="2124" hits="47"/><line number="2128" hits="0"/><line number="2129" hits="0"/><line number="2130" hits="0"/><line number="2136" hits="36"/><line number="2137" hits="25"/><line number="2144" hits="39"/><line number="2145" hits="30"/><line number="2149" hits="35"/><line number="2150" hits="34"/><line number="2154" hits="31"/><line number="2155" hits="38"/><line number="2159" hits="36"/><line number="2160" hits="30"/><line number="2164" hits="15"/><line number="2165" hits="16"/><line number="2169" hits="16"/><line number="2170" hits="16"/><line number="2174" hits="47"/><line number="2175" hits="48"/><line number="2179" hits="17"/><line number="2180" hits="18"/><line number="2185" hits="70"/><line number="2188" hits="69"/><line number="2190" hits="71"/><line number="2192" hits="69"/><line number="2194" hits="66"/><line number="2196" hits="131"/><line number="2197" hits="0"/><line number="2200" hits="81"/><line number="2202" hits="59"/><line number="2204" hits="61"/><line number="2206" hits="61"/><line number="2208" hits="59"/><line number="2210" hits="70"/><line number="2212" hits="64"/><line number="2214" hits="127"/><line number="2215" hits="63"/><line number="2253" hits="47"/><line number="2255" hits="61"/><line number="2256" hits="48"/><line number="2257" hits="52"/><line number="2258" hits="50"/><line number="2259" hits="48"/><line number="2264" hits="1"/><line number="2266" hits="2"/><line number="2267" hits="2"/><line number="2268" hits="0"/><line number="2273" hits="1"/><line number="2274" hits="1"/><line number="2278" hits="47"/><line number="2280" hits="60"/><line number="2281" hits="48"/><line number="2282" hits="48"/><line number="2283" hits="51"/><line number="2284" hits="50"/><line number="2285" hits="46"/><line number="2290" hits="0"/><line number="2291" hits="0"/><line number="2292" hits="0"/><line number="2293" hits="0"/><line number="2297" hits="0"/><line number="2298" hits="0"/><line number="2299" hits="0"/><line number="2300" hits="0"/><line number="2308" hits="34"/><line number="2309" hits="31"/><line number="2313" hits="1"/><line number="2314" hits="1"/><line number="2318" hits="32"/><line number="2319" hits="32"/><line number="2323" hits="1"/><line number="2324" hits="1"/><line number="2328" hits="31"/><line number="2329" hits="31"/><line number="2333" hits="30"/><line number="2334" hits="30"/><line number="2338" hits="32"/><line number="2339" hits="34"/><line number="2347" hits="18"/><line number="2348" hits="19"/><line number="2352" hits="17"/><line number="2353" hits="19"/><line number="2357" hits="48"/><line number="2358" hits="49"/><line number="2362" hits="52"/><line number="2363" hits="4"/><line number="2380" hits="4"/><line number="2382" hits="4"/><line number="2383" hits="1"/><line number="2384" hits="1"/><line number="2385" hits="0"/><line number="2386" hits="0"/><line number="2387" hits="0"/><line number="2393" hits="0"/><line number="2394" hits="0"/><line number="2399" hits="0"/><line number="2400" hits="0"/><line number="2404" hits="0"/><line number="2405" hits="0"/><line number="2409" hits="23"/><line number="2410" hits="19"/><line number="2414" hits="21"/><line number="2415" hits="23"/><line number="2419" hits="22"/><line number="2420" hits="19"/><line number="2424" hits="21"/><line number="2425" hits="22"/><line number="2434" hits="19"/><line number="2435" hits="20"/><line number="2440" hits="42"/><line number="2441" hits="51"/><line number="2446" hits="53"/><line number="2447" hits="44"/><line number="2452" hits="51"/><line number="2453" hits="45"/><line number="2458" hits="48"/><line number="2459" hits="45"/></lines></class><class name="mod" filename="src/morphology/mod.rs" line-rate="0.84375" branch-rate="0" complexity="0"><methods/><lines><line number="62" hits="2"/><line number="64" hits="2"/><line number="78" hits="2"/><line number="79" hits="2"/><line number="80" hits="2"/><line number="101" hits="9"/><line number="102" hits="12"/><line number="104" hits="9"/><line number="122" hits="56"/><line number="123" hits="48"/><line number="126" hits="55"/><line number="129" hits="101"/><line number="130" hits="43"/><line number="131" hits="37"/><line number="132" hits="45"/><line number="136" hits="109"/><line number="139" hits="49"/><line number="142" hits="66"/><line number="143" hits="36"/><line number="144" hits="30"/><line number="145" hits="35"/><line number="149" hits="140"/><line number="152" hits="52"/><line number="153" hits="20"/><line number="155" hits="24"/><line number="156" hits="19"/><line number="172" hits="78"/><line number="173" hits="7"/><line number="174" hits="8"/><line number="187" hits="39"/><line number="195" hits="23"/><line number="196" hits="28"/><line number="197" hits="53"/><line number="198" hits="7"/><line number="201" hits="47"/><line number="205" hits="46"/><line number="206" hits="46"/><line number="207" hits="1"/><line number="229" hits="0"/><line number="231" hits="0"/><line number="232" hits="0"/><line number="234" hits="0"/><line number="238" hits="0"/><line number="239" hits="0"/><line number="241" hits="0"/><line number="245" hits="0"/><line number="246" hits="0"/><line number="251" hits="0"/><line number="345" hits="1"/><line number="346" hits="1"/><line number="347" hits="1"/><line number="348" hits="1"/><line number="349" hits="1"/><line number="350" hits="1"/><line number="351" hits="1"/><line number="357" hits="1"/><line number="358" hits="1"/><line number="359" hits="1"/><line number="360" hits="1"/><line number="366" hits="1"/><line number="367" hits="1"/><line number="368" hits="1"/><line number="369" hits="1"/><line number="370" hits="1"/></lines></class><class name="participle" filename="src/morphology/participle.rs" line-rate="1" branch-rate="0" complexity="0"><methods/><lines><line number="60" hits="12"/><line number="61" hits="12"/><line number="472" hits="22"/><line number="473" hits="22"/><line number="474" hits="44"/><line number="475" hits="22"/><line number="476" hits="22"/><line number="477" hits="22"/><line number="481" hits="66"/><line number="483" hits="22"/><line number="502" hits="39"/><line number="503" hits="88"/><line number="504" hits="60"/><line number="506" hits="14"/><line number="510" hits="12"/><line number="511" hits="14"/><line number="512" hits="13"/><line number="513" hits="12"/><line number="514" hits="13"/><line number="515" hits="12"/><line number="516" hits="14"/><line number="522" hits="42"/></lines></class></classes></package><package name="src/semantic" line-rate="0.8615179760319573" branch-rate="0" complexity="0"><classes><class name="assembler" filename="src/semantic/assembler.rs" line-rate="0.9485294117647058" branch-rate="0" complexity="0"><methods/><lines><line number="150" hits="59"/><line number="152" hits="56"/><line number="157" hits="40"/><line number="158" hits="43"/><line number="162" hits="41"/><line number="163" hits="41"/><line number="186" hits="13"/><line number="187" hits="12"/><line number="188" hits="17"/><line number="195" hits="44"/><line number="201" hits="47"/><line number="202" hits="9"/><line number="205" hits="47"/><line number="206" hits="5"/><line number="209" hits="53"/><line number="210" hits="19"/><line number="213" hits="49"/><line number="214" hits="16"/><line number="217" hits="47"/><line number="218" hits="35"/><line number="219" hits="5"/><line number="220" hits="35"/><line number="223" hits="0"/><line number="227" hits="0"/><line number="229" hits="10"/><line number="243" hits="18"/><line number="244" hits="35"/><line number="245" hits="0"/><line number="246" hits="0"/><line number="250" hits="17"/><line number="251" hits="17"/><line number="264" hits="20"/><line number="265" hits="20"/><line number="266" hits="2"/><line number="267" hits="2"/><line number="271" hits="21"/><line number="272" hits="22"/><line number="285" hits="4"/><line number="286" hits="6"/><line number="287" hits="0"/><line number="288" hits="0"/><line number="292" hits="6"/><line number="293" hits="6"/><line number="308" hits="8"/><line number="309" hits="17"/><line number="310" hits="1"/><line number="311" hits="1"/><line number="315" hits="9"/><line number="316" hits="8"/><line number="329" hits="1"/><line number="333" hits="2"/><line number="334" hits="1"/><line number="335" hits="1"/><line number="339" hits="1"/><line number="340" hits="1"/><line number="354" hits="4"/><line number="355" hits="6"/><line number="356" hits="1"/><line number="357" hits="1"/><line number="361" hits="3"/><line number="362" hits="3"/><line number="381" hits="3"/><line number="382" hits="6"/><line number="383" hits="1"/><line number="384" hits="1"/><line number="388" hits="3"/><line number="389" hits="3"/><line number="407" hits="2"/><line number="408" hits="4"/><line number="409" hits="1"/><line number="410" hits="1"/><line number="414" hits="2"/><line number="415" hits="2"/><line number="438" hits="9"/><line number="443" hits="9"/><line number="444" hits="1"/><line number="445" hits="1"/><line number="450" hits="8"/><line number="451" hits="11"/><line number="452" hits="9"/><line number="453" hits="11"/><line number="454" hits="10"/><line number="455" hits="10"/><line number="456" hits="8"/><line number="458" hits="10"/><line number="459" hits="9"/><line number="463" hits="34"/><line number="469" hits="36"/><line number="470" hits="37"/><line number="471" hits="34"/><line number="472" hits="37"/><line number="473" hits="36"/><line number="474" hits="34"/><line number="477" hits="33"/><line number="480" hits="38"/><line number="482" hits="4"/><line number="483" hits="2"/><line number="487" hits="106"/><line number="489" hits="16"/><line number="490" hits="2"/><line number="491" hits="2"/><line number="495" hits="16"/><line number="497" hits="34"/><line number="500" hits="2"/><line number="501" hits="4"/><line number="502" hits="2"/><line number="504" hits="2"/><line number="506" hits="3"/><line number="508" hits="6"/><line number="509" hits="2"/><line number="511" hits="3"/><line number="515" hits="12"/><line number="516" hits="2"/><line number="517" hits="2"/><line number="521" hits="12"/><line number="525" hits="0"/><line number="526" hits="0"/><line number="532" hits="2"/><line number="533" hits="0"/><line number="535" hits="1"/><line number="540" hits="33"/><line number="544" hits="32"/><line number="549" hits="34"/><line number="550" hits="2"/><line number="554" hits="29"/><line number="555" hits="35"/><line number="556" hits="29"/><line number="557" hits="35"/><line number="558" hits="29"/><line number="559" hits="33"/><line number="560" hits="31"/><line number="564" hits="33"/><line number="565" hits="61"/><line number="568" hits="32"/><line number="570" hits="36"/><line number="574" hits="5"/><line number="580" hits="5"/><line number="581" hits="5"/><line number="582" hits="5"/><line number="583" hits="5"/><line number="584" hits="5"/><line number="588" hits="10"/><line number="589" hits="2"/><line number="590" hits="2"/><line number="594" hits="5"/><line number="595" hits="5"/><line number="626" hits="40"/><line number="628" hits="72"/><line number="629" hits="28"/><line number="630" hits="28"/><line number="632" hits="55"/><line number="638" hits="103"/><line number="639" hits="31"/><line number="643" hits="42"/><line number="644" hits="43"/><line number="648" hits="45"/><line number="650" hits="47"/><line number="651" hits="5"/><line number="652" hits="5"/><line number="656" hits="46"/><line number="660" hits="21"/><line number="661" hits="3"/><line number="664" hits="4"/><line number="665" hits="4"/><line number="669" hits="49"/><line number="670" hits="6"/><line number="671" hits="6"/><line number="674" hits="48"/><line number="679" hits="6"/><line number="680" hits="6"/><line number="681" hits="6"/><line number="683" hits="6"/><line number="684" hits="6"/><line number="685" hits="1"/><line number="686" hits="1"/><line number="691" hits="10"/><line number="692" hits="5"/><line number="696" hits="10"/><line number="697" hits="10"/><line number="698" hits="5"/><line number="700" hits="5"/><line number="701" hits="5"/><line number="704" hits="1"/><line number="708" hits="45"/><line number="710" hits="51"/><line number="711" hits="5"/><line number="713" hits="3"/><line number="717" hits="44"/><line number="718" hits="2"/><line number="720" hits="2"/><line number="723" hits="50"/><line number="727" hits="49"/><line number="729" hits="46"/><line number="730" hits="5"/><line number="731" hits="2"/><line number="732" hits="2"/><line number="736" hits="5"/><line number="737" hits="5"/><line number="739" hits="96"/><line number="740" hits="3"/><line number="741" hits="1"/><line number="742" hits="1"/><line number="747" hits="3"/><line number="748" hits="3"/><line number="752" hits="61"/><line number="753" hits="11"/><line number="754" hits="1"/><line number="755" hits="1"/><line number="759" hits="12"/><line number="760" hits="11"/><line number="764" hits="62"/><line number="765" hits="14"/><line number="766" hits="2"/><line number="767" hits="2"/><line number="771" hits="14"/><line number="772" hits="15"/><line number="775" hits="49"/><line number="779" hits="50"/><line number="781" hits="45"/><line number="782" hits="12"/><line number="783" hits="13"/><line number="787" hits="49"/><line number="789" hits="3"/><line number="790" hits="2"/><line number="791" hits="1"/><line number="792" hits="1"/><line number="796" hits="3"/><line number="797" hits="3"/><line number="799" hits="6"/><line number="800" hits="2"/><line number="801" hits="2"/><line number="806" hits="47"/><line number="808" hits="5"/><line number="809" hits="4"/><line number="811" hits="3"/><line number="812" hits="1"/><line number="813" hits="1"/><line number="818" hits="4"/><line number="819" hits="4"/><line number="820" hits="4"/><line number="821" hits="4"/><line number="823" hits="4"/><line number="825" hits="4"/><line number="826" hits="4"/><line number="827" hits="4"/><line number="831" hits="42"/><line number="835" hits="1"/><line number="836" hits="2"/><line number="837" hits="1"/><line number="838" hits="1"/><line number="839" hits="1"/><line number="840" hits="1"/><line number="841" hits="1"/><line number="842" hits="1"/><line number="843" hits="1"/><line number="844" hits="1"/><line number="848" hits="29"/><line number="853" hits="85"/><line number="857" hits="31"/><line number="861" hits="28"/><line number="862" hits="28"/><line number="863" hits="1"/><line number="864" hits="1"/><line number="865" hits="1"/><line number="870" hits="55"/><line number="873" hits="29"/><line number="874" hits="0"/><line number="875" hits="0"/><line number="876" hits="0"/><line number="880" hits="29"/><line number="885" hits="0"/><line number="886" hits="0"/></lines></class><class name="conversion" filename="src/semantic/conversion.rs" line-rate="0.8036912751677853" branch-rate="0" complexity="0"><methods/><lines><line number="60" hits="38"/><line number="64" hits="33"/><line number="70" hits="35"/><line number="74" hits="35"/><line number="75" hits="4"/><line number="77" hits="33"/><line number="78" hits="1"/><line number="80" hits="31"/><line number="81" hits="1"/><line number="83" hits="28"/><line number="84" hits="1"/><line number="86" hits="27"/><line number="87" hits="1"/><line number="89" hits="38"/><line number="90" hits="1"/><line number="92" hits="30"/><line number="93" hits="3"/><line number="95" hits="29"/><line number="96" hits="22"/><line number="98" hits="19"/><line number="99" hits="3"/><line number="101" hits="18"/><line number="102" hits="3"/><line number="104" hits="19"/><line number="105" hits="18"/><line number="107" hits="8"/><line number="108" hits="2"/><line number="111" hits="7"/><line number="119" hits="36"/><line number="123" hits="41"/><line number="124" hits="34"/><line number="125" hits="90"/><line number="126" hits="50"/><line number="128" hits="8"/><line number="131" hits="33"/><line number="132" hits="37"/><line number="133" hits="33"/><line number="134" hits="26"/><line number="136" hits="8"/><line number="139" hits="31"/><line number="143" hits="35"/><line number="147" hits="31"/><line number="148" hits="32"/><line number="150" hits="61"/><line number="151" hits="17"/><line number="152" hits="2"/><line number="155" hits="1"/><line number="158" hits="1"/><line number="161" hits="2"/><line number="162" hits="1"/><line number="166" hits="1"/><line number="176" hits="2"/><line number="180" hits="32"/><line number="184" hits="28"/><line number="188" hits="34"/><line number="189" hits="25"/><line number="192" hits="83"/><line number="194" hits="22"/><line number="195" hits="45"/><line number="196" hits="8"/><line number="197" hits="1"/><line number="202" hits="47"/><line number="203" hits="25"/><line number="204" hits="0"/><line number="206" hits="0"/><line number="209" hits="48"/><line number="210" hits="25"/><line number="211" hits="1"/><line number="212" hits="0"/><line number="219" hits="23"/><line number="220" hits="2"/><line number="222" hits="1"/><line number="225" hits="1"/><line number="228" hits="2"/><line number="229" hits="2"/><line number="230" hits="2"/><line number="231" hits="1"/><line number="235" hits="1"/><line number="236" hits="3"/><line number="237" hits="1"/><line number="240" hits="1"/><line number="244" hits="1"/><line number="247" hits="2"/><line number="248" hits="2"/><line number="250" hits="1"/><line number="251" hits="1"/><line number="252" hits="1"/><line number="258" hits="26"/><line number="262" hits="40"/><line number="266" hits="31"/><line number="267" hits="38"/><line number="269" hits="66"/><line number="270" hits="22"/><line number="271" hits="5"/><line number="272" hits="5"/><line number="273" hits="3"/><line number="275" hits="5"/><line number="277" hits="4"/><line number="278" hits="2"/><line number="282" hits="2"/><line number="287" hits="6"/><line number="288" hits="6"/><line number="289" hits="4"/><line number="291" hits="6"/><line number="294" hits="35"/><line number="298" hits="34"/><line number="302" hits="35"/><line number="303" hits="32"/><line number="305" hits="64"/><line number="306" hits="50"/><line number="307" hits="7"/><line number="309" hits="49"/><line number="310" hits="7"/><line number="311" hits="3"/><line number="312" hits="7"/><line number="313" hits="4"/><line number="314" hits="46"/><line number="315" hits="0"/><line number="316" hits="0"/><line number="318" hits="0"/><line number="319" hits="0"/><line number="320" hits="0"/><line number="321" hits="0"/><line number="322" hits="0"/><line number="324" hits="0"/><line number="326" hits="50"/><line number="327" hits="46"/><line number="328" hits="0"/><line number="329" hits="0"/><line number="330" hits="0"/><line number="331" hits="0"/><line number="332" hits="0"/><line number="334" hits="0"/><line number="337" hits="45"/><line number="339" hits="40"/><line number="341" hits="1"/><line number="342" hits="2"/><line number="345" hits="22"/><line number="348" hits="20"/><line number="349" hits="23"/><line number="350" hits="8"/><line number="352" hits="38"/><line number="355" hits="21"/><line number="356" hits="21"/><line number="357" hits="22"/><line number="362" hits="19"/><line number="366" hits="17"/><line number="370" hits="21"/><line number="371" hits="15"/><line number="373" hits="35"/><line number="374" hits="3"/><line number="375" hits="6"/><line number="377" hits="0"/><line number="380" hits="6"/><line number="381" hits="3"/><line number="383" hits="1"/><line number="388" hits="4"/><line number="390" hits="1"/><line number="391" hits="1"/><line number="394" hits="3"/><line number="395" hits="9"/><line number="396" hits="1"/><line number="397" hits="1"/><line number="398" hits="1"/><line number="399" hits="1"/><line number="400" hits="1"/><line number="401" hits="1"/><line number="403" hits="3"/><line number="404" hits="2"/><line number="410" hits="6"/><line number="411" hits="3"/><line number="412" hits="3"/><line number="413" hits="3"/><line number="414" hits="3"/><line number="420" hits="22"/><line number="424" hits="20"/><line number="428" hits="19"/><line number="429" hits="18"/><line number="432" hits="35"/><line number="433" hits="2"/><line number="436" hits="2"/><line number="444" hits="2"/><line number="452" hits="4"/><line number="456" hits="38"/><line number="457" hits="1"/><line number="460" hits="1"/><line number="467" hits="4"/><line number="468" hits="4"/><line number="469" hits="0"/><line number="471" hits="0"/><line number="479" hits="0"/><line number="485" hits="2"/><line number="493" hits="4"/><line number="497" hits="39"/><line number="498" hits="3"/><line number="500" hits="3"/><line number="502" hits="6"/><line number="504" hits="3"/><line number="507" hits="6"/><line number="508" hits="3"/><line number="511" hits="2"/><line number="513" hits="8"/><line number="514" hits="6"/><line number="515" hits="4"/><line number="516" hits="4"/><line number="518" hits="4"/><line number="519" hits="4"/><line number="520" hits="0"/><line number="521" hits="0"/><line number="522" hits="0"/><line number="524" hits="0"/><line number="525" hits="0"/><line number="526" hits="0"/><line number="529" hits="0"/><line number="532" hits="6"/><line number="533" hits="4"/><line number="535" hits="2"/><line number="538" hits="2"/><line number="546" hits="5"/><line number="549" hits="19"/><line number="555" hits="35"/><line number="559" hits="27"/><line number="560" hits="33"/><line number="562" hits="59"/><line number="567" hits="2"/><line number="568" hits="2"/><line number="571" hits="2"/><line number="573" hits="4"/><line number="575" hits="2"/><line number="577" hits="4"/><line number="578" hits="4"/><line number="581" hits="0"/><line number="586" hits="2"/><line number="587" hits="2"/><line number="590" hits="4"/><line number="591" hits="0"/><line number="594" hits="2"/><line number="603" hits="2"/><line number="615" hits="2"/><line number="621" hits="3"/><line number="625" hits="28"/><line number="631" hits="31"/><line number="635" hits="39"/><line number="636" hits="28"/><line number="638" hits="68"/><line number="640" hits="1"/><line number="641" hits="1"/><line number="644" hits="2"/><line number="645" hits="2"/><line number="647" hits="1"/><line number="648" hits="1"/><line number="649" hits="1"/><line number="654" hits="4"/><line number="655" hits="2"/><line number="658" hits="6"/><line number="660" hits="2"/><line number="667" hits="3"/><line number="671" hits="39"/><line number="675" hits="19"/><line number="679" hits="20"/><line number="680" hits="18"/><line number="682" hits="36"/><line number="684" hits="24"/><line number="685" hits="12"/><line number="686" hits="5"/><line number="687" hits="1"/><line number="688" hits="2"/><line number="691" hits="8"/><line number="694" hits="11"/><line number="696" hits="7"/><line number="697" hits="3"/><line number="698" hits="2"/><line number="699" hits="3"/><line number="704" hits="38"/><line number="705" hits="1"/><line number="706" hits="4"/><line number="708" hits="4"/><line number="709" hits="3"/><line number="711" hits="1"/><line number="712" hits="6"/><line number="713" hits="6"/><line number="714" hits="4"/><line number="715" hits="2"/><line number="718" hits="0"/><line number="721" hits="4"/><line number="723" hits="3"/><line number="724" hits="3"/><line number="725" hits="4"/><line number="726" hits="3"/><line number="727" hits="0"/><line number="729" hits="2"/><line number="730" hits="2"/><line number="731" hits="4"/><line number="732" hits="4"/><line number="733" hits="2"/><line number="735" hits="2"/><line number="738" hits="2"/><line number="742" hits="38"/><line number="743" hits="2"/><line number="744" hits="6"/><line number="745" hits="4"/><line number="746" hits="4"/><line number="747" hits="2"/><line number="748" hits="2"/><line number="749" hits="4"/><line number="750" hits="2"/><line number="752" hits="2"/><line number="755" hits="2"/><line number="759" hits="38"/><line number="760" hits="2"/><line number="761" hits="4"/><line number="762" hits="2"/><line number="763" hits="1"/><line number="764" hits="2"/><line number="765" hits="1"/><line number="768" hits="1"/><line number="772" hits="38"/><line number="775" hits="35"/><line number="776" hits="4"/><line number="777" hits="4"/><line number="778" hits="2"/><line number="781" hits="16"/><line number="782" hits="27"/><line number="784" hits="12"/><line number="786" hits="12"/><line number="787" hits="9"/><line number="788" hits="12"/><line number="793" hits="17"/><line number="794" hits="0"/><line number="796" hits="0"/><line number="797" hits="0"/><line number="798" hits="0"/><line number="802" hits="18"/><line number="805" hits="8"/><line number="809" hits="7"/><line number="813" hits="7"/><line number="815" hits="2"/><line number="816" hits="1"/><line number="818" hits="1"/><line number="820" hits="2"/><line number="822" hits="1"/><line number="825" hits="2"/><line number="826" hits="1"/><line number="829" hits="2"/><line number="830" hits="2"/><line number="833" hits="0"/><line number="838" hits="1"/><line number="839" hits="1"/><line number="842" hits="3"/><line number="843" hits="1"/><line number="846" hits="1"/><line number="855" hits="1"/><line number="863" hits="2"/><line number="867" hits="1"/><line number="868" hits="2"/><line number="869" hits="0"/><line number="871" hits="2"/><line number="873" hits="2"/><line number="875" hits="1"/><line number="876" hits="1"/><line number="877" hits="2"/><line number="878" hits="1"/><line number="881" hits="1"/><line number="883" hits="7"/><line number="887" hits="7"/><line number="888" hits="7"/><line number="893" hits="16"/><line number="894" hits="2"/><line number="896" hits="6"/><line number="897" hits="2"/><line number="898" hits="2"/><line number="902" hits="4"/><line number="903" hits="4"/><line number="904" hits="1"/><line number="905" hits="0"/><line number="906" hits="0"/><line number="907" hits="0"/><line number="910" hits="4"/><line number="911" hits="1"/><line number="912" hits="1"/><line number="916" hits="7"/><line number="917" hits="2"/><line number="918" hits="4"/><line number="923" hits="13"/><line number="924" hits="7"/><line number="925" hits="4"/><line number="926" hits="8"/><line number="927" hits="4"/><line number="929" hits="3"/><line number="930" hits="0"/><line number="931" hits="0"/><line number="932" hits="0"/><line number="937" hits="9"/><line number="938" hits="1"/><line number="940" hits="1"/><line number="941" hits="2"/><line number="943" hits="1"/><line number="946" hits="6"/><line number="951" hits="28"/><line number="955" hits="19"/><line number="956" hits="26"/><line number="957" hits="1"/><line number="958" hits="1"/><line number="960" hits="2"/><line number="961" hits="2"/><line number="963" hits="1"/><line number="964" hits="1"/><line number="967" hits="1"/><line number="968" hits="2"/><line number="969" hits="0"/><line number="972" hits="1"/><line number="973" hits="1"/><line number="974" hits="1"/><line number="975" hits="1"/><line number="976" hits="1"/><line number="977" hits="1"/><line number="979" hits="1"/><line number="981" hits="1"/><line number="987" hits="24"/><line number="991" hits="31"/><line number="995" hits="30"/><line number="996" hits="28"/><line number="997" hits="55"/><line number="998" hits="18"/><line number="1002" hits="23"/><line number="1003" hits="2"/><line number="1006" hits="28"/><line number="1010" hits="22"/><line number="1014" hits="24"/><line number="1015" hits="46"/><line number="1018" hits="45"/><line number="1019" hits="46"/><line number="1021" hits="1"/><line number="1022" hits="1"/><line number="1023" hits="1"/><line number="1024" hits="2"/><line number="1026" hits="2"/><line number="1031" hits="25"/><line number="1032" hits="41"/><line number="1033" hits="2"/><line number="1035" hits="1"/><line number="1036" hits="2"/><line number="1037" hits="1"/><line number="1038" hits="1"/><line number="1039" hits="2"/><line number="1040" hits="2"/><line number="1042" hits="2"/><line number="1047" hits="42"/><line number="1048" hits="42"/><line number="1049" hits="3"/><line number="1051" hits="2"/><line number="1052" hits="2"/><line number="1053" hits="1"/><line number="1054" hits="1"/><line number="1055" hits="2"/><line number="1056" hits="1"/><line number="1057" hits="2"/><line number="1058" hits="1"/><line number="1061" hits="2"/><line number="1066" hits="45"/><line number="1067" hits="42"/><line number="1068" hits="3"/><line number="1070" hits="2"/><line number="1071" hits="3"/><line number="1072" hits="2"/><line number="1073" hits="2"/><line number="1074" hits="3"/><line number="1075" hits="1"/><line number="1076" hits="3"/><line number="1077" hits="3"/><line number="1080" hits="2"/><line number="1084" hits="22"/><line number="1105" hits="23"/><line number="1110" hits="23"/><line number="1111" hits="1"/><line number="1112" hits="1"/><line number="1113" hits="1"/><line number="1114" hits="2"/><line number="1115" hits="1"/><line number="1117" hits="1"/><line number="1122" hits="47"/><line number="1123" hits="22"/><line number="1125" hits="0"/><line number="1129" hits="22"/><line number="1130" hits="0"/><line number="1134" hits="40"/><line number="1135" hits="3"/><line number="1136" hits="2"/><line number="1141" hits="20"/><line number="1143" hits="0"/><line number="1146" hits="0"/><line number="1147" hits="0"/><line number="1148" hits="0"/><line number="1149" hits="0"/><line number="1150" hits="0"/><line number="1151" hits="0"/><line number="1153" hits="0"/><line number="1155" hits="0"/><line number="1160" hits="25"/><line number="1161" hits="1"/><line number="1162" hits="2"/><line number="1163" hits="1"/><line number="1164" hits="1"/><line number="1165" hits="1"/><line number="1166" hits="2"/><line number="1167" hits="1"/><line number="1169" hits="1"/><line number="1171" hits="1"/><line number="1176" hits="27"/><line number="1177" hits="4"/><line number="1178" hits="11"/><line number="1179" hits="10"/><line number="1182" hits="5"/><line number="1184" hits="14"/><line number="1185" hits="5"/><line number="1186" hits="5"/><line number="1187" hits="6"/><line number="1188" hits="4"/><line number="1189" hits="10"/><line number="1191" hits="11"/><line number="1196" hits="19"/><line number="1198" hits="3"/><line number="1199" hits="2"/><line number="1201" hits="4"/><line number="1202" hits="2"/><line number="1203" hits="2"/><line number="1208" hits="1"/><line number="1209" hits="0"/><line number="1213" hits="0"/><line number="1216" hits="0"/><line number="1217" hits="0"/><line number="1218" hits="0"/><line number="1219" hits="0"/><line number="1220" hits="0"/><line number="1225" hits="38"/><line number="1226" hits="18"/><line number="1230" hits="2"/><line number="1232" hits="0"/><line number="1233" hits="0"/><line number="1236" hits="0"/><line number="1237" hits="0"/><line number="1239" hits="0"/><line number="1240" hits="0"/><line number="1241" hits="0"/><line number="1242" hits="0"/><line number="1244" hits="0"/><line number="1249" hits="0"/><line number="1250" hits="0"/><line number="1253" hits="0"/><line number="1254" hits="0"/><line number="1255" hits="0"/><line number="1256" hits="0"/><line number="1257" hits="0"/><line number="1258" hits="0"/><line number="1259" hits="0"/><line number="1261" hits="0"/><line number="1267" hits="0"/><line number="1268" hits="0"/><line number="1271" hits="0"/><line number="1272" hits="0"/><line number="1273" hits="0"/><line number="1275" hits="0"/><line number="1276" hits="0"/><line number="1277" hits="0"/><line number="1278" hits="0"/><line number="1279" hits="0"/><line number="1280" hits="0"/><line number="1283" hits="0"/><line number="1289" hits="0"/><line number="1290" hits="0"/><line number="1293" hits="0"/><line number="1294" hits="0"/><line number="1295" hits="0"/><line number="1297" hits="0"/><line number="1298" hits="0"/><line number="1299" hits="0"/><line number="1300" hits="0"/><line number="1301" hits="0"/><line number="1302" hits="0"/><line number="1305" hits="0"/><line number="1311" hits="0"/><line number="1312" hits="0"/><line number="1313" hits="0"/><line number="1314" hits="0"/><line number="1315" hits="0"/><line number="1317" hits="0"/><line number="1321" hits="0"/><line number="1322" hits="0"/><line number="1323" hits="0"/><line number="1324" hits="0"/><line number="1326" hits="0"/><line number="1331" hits="1"/><line number="1332" hits="1"/><line number="1333" hits="1"/><line number="1334" hits="2"/><line number="1336" hits="1"/></lines></class><class name="expressions" filename="src/semantic/expressions.rs" line-rate="0.8670886075949367" branch-rate="0" complexity="0"><methods/><lines><line number="43" hits="11"/><line number="44" hits="11"/><line number="49" hits="11"/><line number="54" hits="11"/><line number="55" hits="1"/><line number="60" hits="11"/><line number="61" hits="6"/><line number="64" hits="7"/><line number="67" hits="1"/><line number="69" hits="2"/><line number="71" hits="5"/><line number="73" hits="1"/><line number="75" hits="2"/><line number="77" hits="2"/><line number="79" hits="1"/><line number="80" hits="2"/><line number="83" hits="0"/><line number="89" hits="6"/><line number="90" hits="6"/><line number="93" hits="6"/><line number="94" hits="1"/><line number="95" hits="1"/><line number="96" hits="1"/><line number="101" hits="10"/><line number="102" hits="5"/><line number="103" hits="5"/><line number="104" hits="5"/><line number="109" hits="0"/><line number="115" hit
[...]
"136" hits="2"/><line number="139" hits="2"/><line number="140" hits="2"/><line number="141" hits="2"/><line number="142" hits="2"/><line number="144" hits="0"/><line number="147" hits="4"/><line number="148" hits="2"/><line number="149" hits="3"/><line number="150" hits="2"/><line number="151" hits="1"/><line number="155" hits="2"/><line number="156" hits="2"/><line number="158" hits="2"/></lines></class><class name="highlight" filename="src/tools/highlight.rs" line-rate="0.9269662921348315" branch-rate="0" complexity="0"><methods/><lines><line number="43" hits="1"/><line number="44" hits="2"/><line number="45" hits="1"/><line number="46" hits="3"/><line number="47" hits="2"/><line number="56" hits="1"/><line number="58" hits="1"/><line number="59" hits="2"/><line number="63" hits="1"/><line number="64" hits="2"/><line number="65" hits="1"/><line number="66" hits="1"/><line number="68" hits="1"/><line number="70" hits="2"/><line number="73" hits="1"/><line number="74" hits="1"/><line number="75" hits="1"/><line number="80" hits="2"/><line number="81" hits="1"/><line number="82" hits="1"/><line number="84" hits="1"/><line number="87" hits="2"/><line number="88" hits="1"/><line number="89" hits="2"/><line number="90" hits="1"/><line number="92" hits="2"/><line number="95" hits="1"/><line number="96" hits="2"/><line number="97" hits="0"/><line number="98" hits="1"/><line number="100" hits="1"/><line number="103" hits="1"/><line number="104" hits="2"/><line number="105" hits="1"/><line number="106" hits="0"/><line number="108" hits="1"/><line number="110" hits="2"/><line number="113" hits="1"/><line number="114" hits="1"/><line number="115" hits="1"/><line number="116" hits="1"/><line number="118" hits="1"/><line number="119" hits="1"/><line number="121" hits="1"/><line number="122" hits="1"/><line number="123" hits="1"/><line number="125" hits="1"/><line number="126" hits="1"/><line number="127" hits="2"/><line number="128" hits="1"/><line number="129" hits="1"/><line number="131" hits="1"/><line number="134" hits="1"/><line number="135" hits="2"/><line number="136" hits="1"/><line number="137" hits="1"/><line number="139" hits="1"/><line number="141" hits="1"/><line number="143" hits="2"/><line number="144" hits="1"/><line number="145" hits="1"/><line number="148" hits="1"/><line number="149" hits="1"/><line number="150" hits="1"/><line number="151" hits="1"/><line number="152" hits="1"/><line number="153" hits="1"/><line number="155" hits="1"/><line number="156" hits="2"/><line number="157" hits="1"/><line number="158" hits="1"/><line number="159" hits="1"/><line number="160" hits="1"/><line number="162" hits="1"/><line number="163" hits="1"/><line number="165" hits="2"/><line number="166" hits="1"/><line number="169" hits="1"/><line number="170" hits="1"/><line number="171" hits="2"/><line number="174" hits="1"/><line number="175" hits="2"/><line number="179" hits="2"/><line number="180" hits="1"/><line number="181" hits="2"/><line number="182" hits="1"/><line number="183" hits="0"/><line number="185" hits="1"/><line number="187" hits="1"/><line number="189" hits="1"/><line number="190" hits="1"/><line number="191" hits="2"/><line number="192" hits="1"/><line number="193" hits="1"/><line number="195" hits="1"/><line number="197" hits="1"/><line number="199" hits="1"/><line number="200" hits="2"/><line number="201" hits="1"/><line number="202" hits="1"/><line number="203" hits="1"/><line number="206" hits="1"/><line number="209" hits="1"/><line number="211" hits="1"/><line number="212" hits="1"/><line number="213" hits="1"/><line number="214" hits="1"/><line number="218" hits="1"/><line number="219" hits="1"/><line number="221" hits="3"/><line number="222" hits="1"/><line number="223" hits="1"/><line number="227" hits="1"/><line number="228" hits="1"/><line number="231" hits="4"/><line number="232" hits="2"/><line number="235" hits="2"/><line number="239" hits="1"/><line number="240" hits="4"/><line number="241" hits="2"/><line number="242" hits="2"/><line number="243" hits="0"/><line number="244" hits="2"/><line number="245" hits="2"/><line number="246" hits="2"/><line number="247" hits="0"/><line number="249" hits="0"/><line number="250" hits="2"/><line number="251" hits="2"/><line number="252" hits="2"/><line number="253" hits="2"/><line number="256" hits="4"/><line number="257" hits="2"/><line number="260" hits="1"/><line number="261" hits="1"/><line number="262" hits="1"/><line number="263" hits="1"/><line number="264" hits="1"/><line number="265" hits="1"/><line number="266" hits="1"/><line number="267" hits="1"/><line number="268" hits="1"/><line number="269" hits="1"/><line number="270" hits="1"/><line number="271" hits="1"/><line number="272" hits="1"/><line number="273" hits="1"/><line number="274" hits="1"/><line number="276" hits="1"/><line number="281" hits="1"/><line number="282" hits="1"/><line number="285" hits="1"/><line number="286" hits="1"/><line number="287" hits="1"/><line number="290" hits="1"/><line number="293" hits="2"/><line number="294" hits="2"/><line number="297" hits="2"/><line number="298" hits="2"/><line number="299" hits="2"/><line number="302" hits="2"/><line number="305" hits="0"/><line number="306" hits="0"/><line number="309" hits="0"/><line number="310" hits="0"/><line number="311" hits="0"/><line number="312" hits="0"/><line number="316" hits="0"/><line number="319" hits="1"/><line number="320" hits="1"/><line number="323" hits="1"/><line number="324" hits="1"/><line number="328" hits="2"/><line number="329" hits="1"/><line number="330" hits="1"/><line number="331" hits="1"/><line number="334" hits="1"/><line number="335" hits="1"/></lines></class><class name="narrator" filename="src/tools/narrator.rs" line-rate="0.9106145251396648" branch-rate="0" complexity="0"><methods/><lines><line number="9" hits="2"/><line number="10" hits="4"/><line number="11" hits="2"/><line number="13" hits="4"/><line number="14" hits="4"/><line number="15" hits="2"/><line number="18" hits="2"/><line number="19" hits="2"/><line number="22" hits="4"/><line number="23" hits="2"/><line number="26" hits="4"/><line number="27" hits="2"/><line number="28" hits="4"/><line number="29" hits="2"/><line number="34" hits="4"/><line number="35" hits="2"/><line number="40" hits="2"/><line number="43" hits="1"/><line number="44" hits="1"/><line number="48" hits="1"/><line number="51" hits="2"/><line number="52" hits="4"/><line number="53" hits="4"/><line number="55" hits="1"/><line number="56" hits="2"/><line number="57" hits="2"/><line number="59" hits="1"/><line number="60" hits="2"/><line number="61" hits="1"/><line number="64" hits="2"/><line number="67" hits="0"/><line number="72" hits="0"/><line number="75" hits="0"/><line number="77" hits="0"/><line number="78" hits="0"/><line number="79" hits="0"/><line number="81" hits="0"/><line number="82" hits="0"/><line number="83" hits="0"/><line number="84" hits="0"/><line number="85" hits="0"/><line number="88" hits="0"/><line number="90" hits="1"/><line number="91" hits="2"/><line number="92" hits="2"/><line number="93" hits="2"/><line number="94" hits="1"/><line number="96" hits="1"/><line number="98" hits="1"/><line number="103" hits="1"/><line number="107" hits="2"/><line number="109" hits="2"/><line number="110" hits="2"/><line number="111" hits="1"/><line number="113" hits="1"/><line number="115" hits="1"/><line number="116" hits="1"/><line number="119" hits="2"/><line number="121" hits="2"/><line number="122" hits="2"/><line number="123" hits="1"/><line number="124" hits="1"/><line number="125" hits="1"/><line number="128" hits="1"/><line number="130" hits="2"/><line number="131" hits="2"/><line number="132" hits="1"/><line number="133" hits="2"/><line number="134" hits="2"/><line number="136" hits="2"/><line number="139" hits="1"/><line number="145" hits="1"/><line number="147" hits="3"/><line number="148" hits="1"/><line number="149" hits="2"/><line number="152" hits="1"/><line number="154" hits="1"/><line number="155" hits="2"/><line number="156" hits="1"/><line number="160" hits="2"/><line number="163" hits="2"/><line number="164" hits="0"/><line number="165" hits="0"/><line number="167" hits="1"/><line number="169" hits="1"/><line number="170" hits="1"/><line number="172" hits="3"/><line number="174" hits="1"/><line number="178" hits="2"/><line number="181" hits="1"/><line number="182" hits="2"/><line number="184" hits="1"/><line number="189" hits="2"/><line number="194" hits="1"/><line number="195" hits="2"/><line number="196" hits="2"/><line number="197" hits="0"/><line number="198" hits="0"/><line number="200" hits="1"/><line number="205" hits="3"/><line number="206" hits="3"/><line number="207" hits="2"/><line number="208" hits="2"/><line number="209" hits="1"/><line number="210" hits="1"/><line number="211" hits="1"/><line number="212" hits="2"/><line number="214" hits="1"/><line number="215" hits="1"/><line number="216" hits="2"/><line number="218" hits="1"/><line number="219" hits="2"/><line number="221" hits="1"/><line number="222" hits="2"/><line number="224" hits="1"/><line number="229" hits="2"/><line number="230" hits="1"/><line number="232" hits="1"/><line number="233" hits="1"/><line number="234" hits="2"/><line number="236" hits="2"/><line number="237" hits="1"/><line number="238" hits="2"/><line number="239" hits="2"/><line number="240" hits="2"/><line number="241" hits="2"/><line number="242" hits="1"/><line number="243" hits="2"/><line number="245" hits="1"/><line number="246" hits="1"/><line number="247" hits="2"/><line number="249" hits="1"/><line number="254" hits="1"/><line number="255" hits="1"/><line number="258" hits="2"/><line number="259" hits="2"/><line number="262" hits="1"/><line number="268" hits="1"/><line number="269" hits="1"/><line number="273" hits="2"/><line number="274" hits="2"/><line number="277" hits="1"/><line number="282" hits="1"/><line number="283" hits="1"/><line number="286" hits="2"/><line number="287" hits="2"/><line number="290" hits="1"/><line number="295" hits="1"/><line number="296" hits="1"/><line number="297" hits="1"/><line number="298" hits="1"/><line number="300" hits="1"/><line number="303" hits="1"/><line number="304" hits="1"/><line number="307" hits="1"/><line number="308" hits="1"/><line number="310" hits="1"/><line number="311" hits="2"/><line number="313" hits="2"/><line number="315" hits="2"/><line number="316" hits="2"/><line number="321" hits="1"/><line number="322" hits="1"/><line number="323" hits="1"/><line number="324" hits="1"/><line number="325" hits="1"/><line number="326" hits="2"/><line number="327" hits="2"/><line number="328" hits="2"/><line number="329" hits="2"/><line number="330" hits="2"/><line number="331" hits="1"/><line number="332" hits="1"/><line number="333" hits="1"/><line number="334" hits="1"/><line number="336" hits="2"/><line number="337" hits="1"/><line number="340" hits="1"/><line number="341" hits="1"/></lines></class><class name="repl" filename="src/tools/repl.rs" line-rate="0.8129032258064516" branch-rate="0" complexity="0"><methods/><lines><line number="17" hits="0"/><line number="18" hits="0"/><line number="19" hits="0"/><line number="20" hits="0"/><line number="21" hits="0"/><line number="25" hits="1"/><line number="26" hits="1"/><line number="28" hits="0"/><line number="30" hits="2"/><line number="31" hits="1"/><line number="33" hits="1"/><line number="34" hits="2"/><line number="37" hits="1"/><line number="38" hits="2"/><line number="39" hits="0"/><line number="42" hits="2"/><line number="44" hits="1"/><line number="45" hits="0"/><line number="49" hits="0"/><line number="50" hits="3"/><line number="51" hits="2"/><line number="52" hits="0"/><line number="54" hits="2"/><line number="55" hits="2"/><line number="56" hits="0"/><line number="58" hits="2"/><line number="59" hits="2"/><line number="60" hits="1"/><line number="61" hits="0"/><line number="63" hits="2"/><line number="64" hits="2"/><line number="65" hits="0"/><line number="67" hits="0"/><line number="70" hits="1"/><line number="71" hits="1"/><line number="73" hits="2"/><line number="75" hits="0"/><line number="77" hits="0"/><line number="82" hits="1"/><line number="85" hits="1"/><line number="87" hits="1"/><line number="88" hits="2"/><line number="89" hits="1"/><line number="90" hits="1"/><line number="91" hits="1"/><line number="92" hits="1"/><line number="93" hits="1"/><line number="94" hits="1"/><line number="97" hits="1"/><line number="98" hits="1"/><line number="99" hits="3"/><line number="100" hits="2"/><line number="101" hits="2"/><line number="102" hits="1"/><line number="103" hits="2"/><line number="104" hits="2"/><line number="105" hits="1"/><line number="108" hits="1"/><line number="109" hits="0"/><line number="110" hits="0"/><line number="112" hits="1"/><line number="113" hits="1"/><line number="114" hits="0"/><line number="115" hits="0"/><line number="117" hits="1"/><line number="118" hits="0"/><line number="119" hits="0"/><line number="122" hits="1"/><line number="123" hits="1"/><line number="124" hits="1"/><line number="125" hits="1"/><line number="126" hits="1"/><line number="129" hits="1"/><line number="130" hits="1"/><line number="132" hits="1"/><line number="133" hits="4"/><line number="135" hits="1"/><line number="136" hits="0"/><line number="137" hits="0"/><line number="139" hits="0"/><line number="142" hits="0"/><line number="145" hits="1"/><line number="146" hits="5"/><line number="147" hits="4"/><line number="148" hits="4"/><line number="149" hits="2"/><line number="150" hits="4"/><line number="151" hits="4"/><line number="154" hits="3"/><line number="155" hits="2"/><line number="156" hits="1"/><line number="158" hits="1"/><line number="161" hits="1"/><line number="162" hits="2"/><line number="163" hits="2"/><line number="165" hits="2"/><line number="168" hits="3"/><line number="169" hits="2"/><line number="170" hits="1"/><line number="171" hits="1"/><line number="174" hits="1"/><line number="176" hits="2"/><line number="177" hits="0"/><line number="179" hits="1"/><line number="183" hits="1"/><line number="202" hits="1"/><line number="203" hits="1"/><line number="204" hits="1"/><line number="209" hits="2"/><line number="212" hits="1"/><line number="213" hits="1"/><line number="215" hits="1"/><line number="216" hits="1"/><line number="218" hits="1"/><line number="221" hits="1"/><line number="223" hits="1"/><line number="224" hits="1"/><line number="225" hits="1"/><line number="226" hits="1"/><line number="228" hits="1"/><line number="230" hits="1"/><line number="242" hits="1"/><line number="244" hits="1"/><line number="250" hits="1"/><line number="252" hits="1"/><line number="253" hits="1"/><line number="259" hits="1"/><line number="260" hits="6"/><line number="261" hits="3"/><line number="263" hits="3"/><line number="266" hits="3"/><line number="267" hits="2"/><line number="273" hits="6"/><line number="274" hits="5"/><line number="276" hits="4"/><line number="277" hits="2"/><line number="278" hits="0"/><line number="282" hits="6"/><line number="283" hits="3"/><line number="287" hits="3"/><line number="288" hits="3"/><line number="289" hits="2"/><line number="291" hits="1"/><line number="293" hits="3"/><line number="295" hits="2"/><line number="298" hits="3"/><line number="300" hits="2"/><line number="301" hits="1"/><line number="302" hits="2"/><line number="303" hits="1"/><line number="310" hits="2"/><line number="311" hits="1"/><line number="317" hits="0"/><line number="320" hits="1"/><line number="321" hits="1"/></lines></class><class name="runner" filename="src/tools/runner.rs" line-rate="0.956989247311828" branch-rate="0" complexity="0"><methods/><lines><line number="19" hits="1"/><line number="20" hits="3"/><line number="21" hits="2"/><line number="24" hits="1"/><line number="25" hits="1"/><line number="26" hits="2"/><line number="30" hits="2"/><line number="31" hits="2"/><line number="32" hits="2"/><line number="33" hits="1"/><line number="35" hits="1"/><line number="39" hits="2"/><line number="42" hits="2"/><line number="43" hits="2"/><line number="44" hits="0"/><line number="46" hits="3"/><line number="48" hits="2"/><line number="49" hits="2"/><line number="52" hits="4"/><line number="53" hits="2"/><line number="56" hits="2"/><line number="57" hits="1"/><line number="63" hits="1"/><line number="66" hits="1"/><line number="67" hits="1"/><line number="68" hits="4"/><line number="69" hits="3"/><line number="70" hits="2"/><line number="73" hits="1"/><line number="74" hits="1"/><line number="77" hits="1"/><line number="78" hits="3"/><line number="80" hits="2"/><line number="82" hits="1"/><line number="83" hits="1"/><line number="84" hits="1"/><line number="86" hits="1"/><line number="89" hits="1"/><line number="97" hits="2"/><line number="99" hits="1"/><line number="102" hits="2"/><line number="103" hits="2"/><line number="104" hits="0"/><line number="106" hits="3"/><line number="109" hits="2"/><line number="110" hits="4"/><line number="112" hits="2"/><line number="115" hits="9"/><line number="117" hits="2"/><line number="119" hits="1"/><line number="120" hits="0"/><line number="122" hits="1"/><line number="125" hits="3"/><line number="128" hits="6"/><line number="130" hits="2"/><line number="131" hits="1"/><line number="132" hits="1"/><line number="133" hits="1"/><line number="134" hits="1"/><line number="139" hits="2"/><line number="141" hits="1"/><line number="144" hits="2"/><line number="145" hits="1"/><line number="147" hits="1"/><line number="149" hits="1"/><line number="150" hits="1"/><line number="154" hits="1"/><line number="155" hits="2"/><line number="156" hits="1"/><line number="157" hits="1"/><line number="160" hits="1"/><line number="163" hits="1"/><line number="165" hits="1"/><line number="166" hits="0"/><line number="169" hits="1"/><line number="172" hits="1"/><line number="173" hits="1"/><line number="175" hits="2"/><line number="179" hits="1"/><line number="182" hits="1"/><line number="184" hits="2"/><line number="186" hits="1"/><line number="189" hits="1"/><line number="190" hits="1"/><line number="191" hits="2"/><line number="193" hits="2"/><line number="195" hits="1"/><line number="198" hits="1"/><line number="199" hits="1"/><line number="200" hits="2"/><line number="202" hits="1"/><line number="203" hits="2"/><line number="205" hits="1"/></lines></class><class name="ui" filename="src/tools/ui.rs" line-rate="0.9607843137254902" branch-rate="0" complexity="0"><methods/><lines><line number="15" hits="2"/><line number="16" hits="5"/><line number="17" hits="3"/><line number="21" hits="2"/><line number="22" hits="2"/><line number="24" hits="3"/><line number="25" hits="2"/><line number="27" hits="1"/><line number="29" hits="1"/><line number="30" hits="1"/><line number="33" hits="6"/><line number="38" hits="3"/><line number="45" hits="1"/><line number="46" hits="1"/><line number="47" hits="0"/><line number="50" hits="1"/><line number="51" hits="2"/><line number="53" hits="1"/><line number="54" hits="2"/><line number="56" hits="1"/><line number="57" hits="1"/><line number="59" hits="1"/><line number="60" hits="1"/><line number="62" hits="2"/><line number="67" hits="1"/><line number="68" hits="1"/><line number="72" hits="2"/><line number="73" hits="1"/><line number="75" hits="1"/><line number="76" hits="2"/><line number="78" hits="1"/><line number="79" hits="1"/><line number="81" hits="1"/><line number="88" hits="1"/><line number="90" hits="1"/><line number="98" hits="1"/><line number="102" hits="1"/><line number="103" hits="1"/><line number="104" hits="0"/><line number="107" hits="1"/><line number="108" hits="2"/><line number="109" hits="1"/><line number="110" hits="1"/><line number="111" hits="1"/><line number="113" hits="1"/><line number="115" hits="2"/><line number="118" hits="2"/><line number="119" hits="1"/><line number="124" hits="2"/><line number="125" hits="4"/><line number="126" hits="1"/></lines></class></classes></package></packages></coverage>