<?xml version="1.0"?><coverage lines-covered="6599" lines-valid="7087" line-rate="0.9311415267390998" branches-covered="0" branches-valid="0" branch-rate="0" complexity="0" version="1.9" timestamp="1776188116"><sources><source>/app</source></sources><packages><package name="src/semantic" line-rate="0.941651376146789" branch-rate="0" complexity="0"><classes><class name="analyzer" filename="src/semantic/analyzer.rs" line-rate="0.9811320754716981" branch-rate="0" complexity="0"><methods/><lines><line number="72" hits="54"/><line number="76" hits="56"/><line number="79" hits="52"/><line number="84" hits="54"/><line number="85" hits="0"/><line number="91" hits="51"/><line number="92" hits="5"/><line number="95" hits="7"/><line number="96" hits="5"/><line number="97" hits="5"/><line number="98" hits="5"/><line number="102" hits="5"/><line number="104" hits="11"/><line number="106" hits="8"/><line number="108" hits="9"/><line number="112" hits="55"/><line number="113" hits="18"/><line number="117" hits="47"/><line number="118" hits="16"/><line number="122" hits="41"/><line number="123" hits="2"/><line number="127" hits="49"/><line number="128" hits="2"/><line number="131" hits="4"/><line number="132" hits="4"/><line number="133" hits="4"/><line number="135" hits="2"/><line number="140" hits="51"/><line number="141" hits="80"/><line number="142" hits="75"/><line number="145" hits="41"/><line number="146" hits="90"/><line number="147" hits="43"/><line number="148" hits="49"/><line number="149" hits="43"/><line number="151" hits="2"/><line number="153" hits="45"/><line number="160" hits="68"/><line number="161" hits="57"/><line number="163" hits="56"/><line number="165" hits="116"/><line number="167" hits="117"/><line number="169" hits="70"/><line number="170" hits="22"/><line number="175" hits="56"/><line number="176" hits="5"/><line number="181" hits="57"/><line number="182" hits="4"/><line number="187" hits="56"/><line number="188" hits="6"/><line number="193" hits="90"/><line number="201" hits="69"/><line number="203" hits="36"/></lines></class><class name="assembly" filename="src/semantic/assembly.rs" line-rate="0.9844236760124611" branch-rate="0" complexity="0"><methods/><lines><line number="230" hits="3"/><line number="231" hits="6"/><line number="232" hits="3"/><line number="233" hits="3"/><line number="234" hits="3"/><line number="235" hits="3"/><line number="236" hits="3"/><line number="237" hits="3"/><line number="238" hits="3"/><line number="239" hits="3"/><line number="240" hits="3"/><line number="241" hits="3"/><line number="242" hits="3"/><line number="243" hits="3"/><line number="244" hits="3"/><line number="245" hits="3"/><line number="246" hits="3"/><line number="247" hits="3"/><line number="248" hits="3"/><line number="249" hits="3"/><line number="250" hits="3"/><line number="251" hits="3"/><line number="252" hits="3"/><line number="254" hits="3"/><line number="256" hits="3"/><line number="257" hits="3"/><line number="258" hits="3"/><line number="323" hits="3"/><line number="324" hits="6"/><line number="325" hits="3"/><line number="326" hits="3"/><line number="327" hits="3"/><line number="328" hits="3"/><line number="329" hits="3"/><line number="330" hits="3"/><line number="331" hits="3"/><line number="332" hits="3"/><line number="333" hits="3"/><line number="368" hits="2"/><line number="369" hits="4"/><line number="370" hits="2"/><line number="371" hits="2"/><line number="372" hits="2"/><line number="373" hits="2"/><line number="374" hits="2"/><line number="375" hits="2"/><line number="376" hits="2"/><line number="377" hits="2"/><line number="378" hits="2"/><line number="379" hits="2"/><line number="407" hits="2"/><line number="408" hits="4"/><line number="409" hits="2"/><line number="410" hits="2"/><line number="411" hits="2"/><line number="412" hits="2"/><line number="413" hits="2"/><line number="414" hits="2"/><line number="415" hits="2"/><line number="416" hits="2"/><line number="417" hits="2"/><line number="418" hits="2"/><line number="450" hits="2"/><line number="451" hits="6"/><line number="452" hits="1"/><line number="453" hits="1"/><line number="454" hits="2"/><line number="481" hits="44"/><line number="482" hits="90"/><line number="483" hits="7"/><line number="484" hits="7"/><line number="488" hits="44"/><line number="501" hits="54"/><line number="503" hits="49"/><line number="508" hits="50"/><line number="509" hits="46"/><line number="513" hits="52"/><line number="514" hits="51"/><line number="538" hits="5"/><line number="539" hits="5"/><line number="540" hits="12"/><line number="547" hits="50"/><line number="553" hits="52"/><line number="554" hits="6"/><line number="557" hits="60"/><line number="558" hits="3"/><line number="561" hits="61"/><line number="562" hits="18"/><line number="565" hits="51"/><line number="566" hits="18"/><line number="569" hits="51"/><line number="571" hits="35"/><line number="573" hits="4"/><line number="574" hits="34"/><line number="577" hits="1"/><line number="581" hits="2"/><line number="583" hits="12"/><line number="597" hits="16"/><line number="598" hits="32"/><line number="599" hits="16"/><line number="600" hits="16"/><line number="613" hits="23"/><line number="614" hits="23"/><line number="615" hits="25"/><line number="616" hits="24"/><line number="629" hits="3"/><line number="630" hits="5"/><line number="631" hits="5"/><line number="632" hits="5"/><line number="647" hits="12"/><line number="648" hits="24"/><line number="649" hits="12"/><line number="650" hits="14"/><line number="663" hits="5"/><line number="667" hits="10"/><line number="668" hits="5"/><line number="669" hits="5"/><line number="683" hits="6"/><line number="685" hits="6"/><line number="689" hits="6"/><line number="690" hits="6"/><line number="710" hits="4"/><line number="712" hits="4"/><line number="716" hits="4"/><line number="717" hits="4"/><line number="736" hits="4"/><line number="737" hits="8"/><line number="738" hits="4"/><line number="739" hits="4"/><line number="762" hits="11"/><line number="767" hits="11"/><line number="768" hits="11"/><line number="771" hits="22"/><line number="772" hits="11"/><line number="774" hits="11"/><line number="775" hits="11"/><line number="776" hits="11"/><line number="777" hits="11"/><line number="778" hits="11"/><line number="780" hits="11"/><line number="781" hits="11"/><line number="785" hits="45"/><line number="793" hits="36"/><line number="794" hits="43"/><line number="795" hits="39"/><line number="796" hits="44"/><line number="797" hits="38"/><line number="798" hits="47"/><line number="799" hits="39"/><line number="802" hits="45"/><line number="803" hits="42"/><line number="804" hits="2"/><line number="805" hits="2"/><line number="806" hits="10"/><line number="807" hits="1"/><line number="808" hits="2"/><line number="812" hits="45"/><line number="814" hits="46"/><line number="816" hits="4"/><line number="817" hits="2"/><line number="821" hits="88"/><line number="823" hits="23"/><line number="824" hits="10"/><line number="826" hits="46"/><line number="828" hits="43"/><line number="831" hits="2"/><line number="832" hits="4"/><line number="833" hits="2"/><line number="835" hits="2"/><line number="836" hits="2"/><line number="839" hits="2"/><line number="841" hits="4"/><line number="842" hits="2"/><line number="844" hits="2"/><line number="845" hits="2"/><line number="848" hits="9"/><line number="850" hits="17"/><line number="851" hits="8"/><line number="852" hits="9"/><line number="855" hits="1"/><line number="857" hits="3"/><line number="858" hits="1"/><line number="860" hits="1"/><line number="863" hits="2"/><line number="866" hits="9"/><line number="867" hits="2"/><line number="868" hits="2"/><line number="870" hits="2"/><line number="875" hits="37"/><line number="881" hits="35"/><line number="882" hits="2"/><line number="887" hits="36"/><line number="888" hits="36"/><line number="889" hits="35"/><line number="890" hits="36"/><line number="891" hits="32"/><line number="892" hits="38"/><line number="893" hits="34"/><line number="894" hits="38"/><line number="898" hits="36"/><line number="899" hits="61"/><line number="902" hits="40"/><line number="904" hits="35"/><line number="908" hits="5"/><line number="916" hits="4"/><line number="917" hits="4"/><line number="918" hits="4"/><line number="919" hits="4"/><line number="920" hits="4"/><line number="921" hits="4"/><line number="925" hits="8"/><line number="926" hits="4"/><line number="927" hits="4"/><line number="958" hits="39"/><line number="960" hits="80"/><line number="961" hits="32"/><line number="962" hits="31"/><line number="964" hits="61"/><line number="970" hits="116"/><line number="971" hits="39"/><line number="975" hits="32"/><line number="976" hits="9"/><line number="977" hits="6"/><line number="978" hits="3"/><line number="979" hits="1"/><line number="981" hits="1"/><line number="986" hits="45"/><line number="987" hits="40"/><line number="991" hits="51"/><line number="993" hits="56"/><line number="994" hits="5"/><line number="995" hits="5"/><line number="999" hits="48"/><line number="1003" hits="21"/><line number="1004" hits="3"/><line number="1007" hits="4"/><line number="1008" hits="4"/><line number="1012" hits="58"/><line number="1013" hits="3"/><line number="1014" hits="3"/><line number="1017" hits="58"/><line number="1022" hits="3"/><line number="1023" hits="3"/><line number="1024" hits="3"/><line number="1026" hits="3"/><line number="1031" hits="3"/><line number="1032" hits="3"/><line number="1034" hits="2"/><line number="1035" hits="1"/><line number="1037" hits="1"/><line number="1041" hits="6"/><line number="1042" hits="6"/><line number="1043" hits="3"/><line number="1045" hits="3"/><line number="1046" hits="3"/><line number="1049" hits="2"/><line number="1053" hits="59"/><line number="1055" hits="57"/><line number="1056" hits="3"/><line number="1058" hits="3"/><line number="1062" hits="58"/><line number="1063" hits="2"/><line number="1065" hits="2"/><line number="1068" hits="56"/><line number="1072" hits="56"/><line number="1074" hits="56"/><line number="1075" hits="5"/><line number="1076" hits="3"/><line number="1077" hits="3"/><line number="1079" hits="110"/><line number="1080" hits="3"/><line number="1082" hits="2"/><line number="1083" hits="2"/><line number="1087" hits="62"/><line number="1088" hits="13"/><line number="1089" hits="12"/><line number="1090" hits="12"/><line number="1094" hits="66"/><line number="1095" hits="15"/><line number="1096" hits="12"/><line number="1097" hits="14"/><line number="1100" hits="50"/><line number="1104" hits="48"/><line number="1106" hits="47"/><line number="1107" hits="15"/><line number="1108" hits="16"/><line number="1112" hits="49"/><line number="1114" hits="5"/><line number="1116" hits="5"/><line number="1121" hits="5"/><line number="1123" hits="5"/><line number="1124" hits="5"/><line number="1125" hits="5"/><line number="1130" hits="47"/><line number="1132" hits="4"/><line number="1133" hits="4"/><line number="1136" hits="3"/><line number="1142" hits="3"/><line number="1143" hits="3"/><line number="1144" hits="3"/><line number="1146" hits="3"/><line number="1148" hits="3"/><line number="1149" hits="3"/><line number="1150" hits="3"/><line number="1154" hits="43"/><line number="1158" hits="36"/><line number="1163" hits="97"/><line number="1167" hits="36"/><line number="1171" hits="30"/><line number="1172" hits="36"/><line number="1173" hits="1"/><line number="1174" hits="1"/><line number="1175" hits="1"/><line number="1180" hits="67"/><line number="1183" hits="30"/><line number="1184" hits="0"/><line number="1185" hits="0"/><line number="1186" hits="0"/><line number="1190" hits="37"/><line number="1195" hits="0"/><line number="1196" hits="0"/></lines></class><class name="classification_tests" filename="src/semantic/classification_tests.rs" line-rate="1" branch-rate="0" complexity="0"><methods/><lines><line number="12" hits="2"/><line number="14" hits="2"/><line number="15" hits="2"/><line number="16" hits="2"/><line number="24" hits="1"/><line number="26" hits="1"/><line number="27" hits="1"/><line number="28" hits="1"/></lines></class><class name="control_flow" filename="src/semantic/control_flow.rs" line-rate="0.7852564102564102" branch-rate="0" complexity="0"><methods/><lines><line number="55" hits="54"/><line number="63" hits="47"/><line number="64" hits="45"/><line number="65" hits="30"/><line number="69" hits="89"/><line number="70" hits="7"/><line number="74" hits="85"/><line number="75" hits="6"/><line number="79" hits="83"/><line number="80" hits="8"/><line number="84" hits="83"/><line number="85" hits="6"/><line number="88" hits="79"/><line number="90" hits="0"/><line number="93" hits="79"/><line number="94" hits="7"/><line number="98" hits="78"/><line number="99" hits="8"/><line number="103" hits="74"/><line number="104" hits="1"/><line number="108" hits="73"/><line number="109" hits="1"/><line number="113" hits="36"/><line number="118" hits="3"/><line number="122" hits="3"/><line number="123" hits="1"/><line number="129" hits="6"/><line number="130" hits="3"/><line number="133" hits="6"/><line number="136" hits="3"/><line number="142" hits="6"/><line number="144" hits="3"/><line number="145" hits="3"/><line number="146" hits="3"/><line number="150" hits="3"/><line number="155" hits="5"/><line number="157" hits="9"/><line number="158" hits="2"/><line number="159" hits="2"/><line number="160" hits="2"/><line number="164" hits="1"/><line number="165" hits="2"/><line number="167" hits="4"/><line number="168" hits="1"/><line number="169" hits="1"/><line number="173" hits="1"/><line number="182" hits="5"/><line number="186" hits="4"/><line number="187" hits="1"/><line number="193" hits="9"/><line number="195" hits="5"/><line number="196" hits="0"/><line number="200" hits="9"/><line number="203" hits="1"/><line number="208" hits="4"/><line number="209" hits="1"/><line number="215" hits="5"/><line number="218" hits="6"/><line number="219" hits="6"/><line number="221" hits="0"/><line number="225" hits="4"/><line number="228" hits="3"/><line number="237" hits="6"/><line number="239" hits="3"/><line number="240" hits="0"/><line number="244" hits="6"/><line number="245" hits="5"/><line number="246" hits="7"/><line number="247" hits="3"/><line number="249" hits="0"/><line number="251" hits="3"/><line number="252" hits="2"/><line number="254" hits="0"/><line number="257" hits="0"/><line number="261" hits="3"/><line number="267" hits="10"/><line number="268" hits="4"/><line number="269" hits="4"/><line number="272" hits="3"/><line number="273" hits="3"/><line number="274" hits="3"/><line number="275" hits="3"/><line number="282" hits="3"/><line number="286" hits="4"/><line number="287" hits="0"/><line number="293" hits="8"/><line number="295" hits="4"/><line number="296" hits="0"/><line number="299" hits="6"/><line number="302" hits="4"/><line number="303" hits="1"/><line number="305" hits="5"/><line number="307" hits="2"/><line number="308" hits="3"/><line number="310" hits="1"/><line number="313" hits="2"/><line number="317" hits="3"/><line number="318" hits="6"/><line number="320" hits="3"/><line number="322" hits="4"/><line number="327" hits="4"/><line number="330" hits="2"/><line number="331" hits="4"/><line number="332" hits="9"/><line number="333" hits="2"/><line number="335" hits="0"/><line number="337" hits="0"/><line number="338" hits="0"/><line number="340" hits="0"/><line number="343" hits="0"/><line number="347" hits="2"/><line number="353" hits="6"/><line number="355" hits="2"/><line number="356" hits="2"/><line number="359" hits="2"/><line number="360" hits="2"/><line number="361" hits="2"/><line number="362" hits="2"/><line number="369" hits="3"/><line number="373" hits="3"/><line number="374" hits="0"/><line number="380" hits="6"/><line number="383" hits="5"/><line number="385" hits="10"/><line number="388" hits="6"/><line number="390" hits="6"/><line number="391" hits="6"/><line number="394" hits="8"/><line number="395" hits="3"/><line number="398" hits="3"/><line number="401" hits="6"/><line number="402" hits="0"/><line number="405" hits="5"/><line number="406" hits="4"/><line number="407" hits="0"/><line number="412" hits="4"/><line number="415" hits="4"/><line number="419" hits="4"/><line number="421" hits="2"/><line number="425" hits="2"/><line number="426" hits="0"/><line number="431" hits="3"/><line number="432" hits="3"/><line number="433" hits="3"/><line number="438" hits="3"/><line number="443" hits="3"/><line number="444" hits="0"/><line number="447" hits="6"/><line number="450" hits="7"/><line number="452" hits="4"/><line number="453" hits="4"/><line number="458" hits="3"/><line number="467" hits="4"/><line number="468" hits="3"/><line number="470" hits="1"/><line number="473" hits="3"/><line number="474" hits="1"/><line number="475" hits="1"/><line number="476" hits="1"/><line number="481" hits="3"/><line number="482" hits="2"/><line number="483" hits="2"/><line number="484" hits="2"/><line number="487" hits="3"/><line number="488" hits="1"/><line number="489" hits="1"/><line number="490" hits="1"/><line number="496" hits="1"/><line number="498" hits="1"/><line number="499" hits="1"/><line number="500" hits="2"/><line number="501" hits="1"/><line number="504" hits="1"/><line number="505" hits="1"/><line number="506" hits="1"/><line number="507" hits="1"/><line number="510" hits="0"/><line number="511" hits="0"/><line number="512" hits="0"/><line number="513" hits="0"/><line number="516" hits="0"/><line number="517" hits="0"/><line number="518" hits="0"/><line number="519" hits="0"/><line number="528" hits="3"/><line number="529" hits="3"/><line number="530" hits="3"/><line number="535" hits="3"/><line number="537" hits="3"/><line number="538" hits="3"/><line number="539" hits="0"/><line number="543" hits="6"/><line number="544" hits="3"/><line number="547" hits="3"/><line number="548" hits="2"/><line number="549" hits="1"/><line number="550" hits="2"/><line number="555" hits="6"/><line number="556" hits="3"/><line number="557" hits="3"/><line number="558" hits="3"/><line number="564" hits="0"/><line number="566" hits="0"/><line number="567" hits="0"/><line number="568" hits="0"/><line number="570" hits="0"/><line number="571" hits="0"/><line number="572" hits="0"/><line number="575" hits="0"/><line number="576" hits="0"/><line number="579" hits="0"/><line number="580" hits="0"/><line number="581" hits="0"/><line number="582" hits="0"/><line number="587" hits="0"/><line number="588" hits="0"/><line number="589" hits="0"/><line number="590" hits="0"/><line number="595" hits="0"/><line number="597" hits="0"/><line number="598" hits="0"/><line number="599" hits="0"/><line number="602" hits="0"/><line number="603" hits="0"/><line number="604" hits="0"/><line number="608" hits="0"/><line number="612" hits="3"/><line number="617" hits="3"/><line number="618" hits="2"/><line number="619" hits="2"/><line number="624" hits="3"/><line number="625" hits="1"/><line number="631" hits="10"/><line number="632" hits="6"/><line number="635" hits="7"/><line number="636" hits="7"/><line number="637" hits="0"/><line number="641" hits="7"/><line number="644" hits="7"/><line number="648" hits="7"/><line number="652" hits="9"/><line number="653" hits="6"/><line number="656" hits="3"/><line number="658" hits="4"/><line number="662" hits="4"/><line number="665" hits="8"/><line number="667" hits="3"/><line number="670" hits="3"/><line number="671" hits="6"/><line number="675" hits="3"/><line number="684" hits="6"/><line number="685" hits="6"/><line number="687" hits="0"/><line number="690" hits="2"/><line number="693" hits="3"/><line number="694" hits="2"/><line number="695" hits="2"/><line number="696" hits="2"/><line number="701" hits="6"/><line number="706" hits="6"/><line number="709" hits="12"/><line number="710" hits="13"/><line number="711" hits="7"/><line number="713" hits="7"/><line number="718" hits="12"/><line number="722" hits="12"/><line number="726" hits="10"/><line number="728" hits="4"/><line number="733" hits="0"/><line number="735" hits="0"/><line number="738" hits="0"/><line number="739" hits="0"/><line number="741" hits="0"/><line number="744" hits="0"/><line number="746" hits="0"/><line number="749" hits="0"/><line number="753" hits="4"/><line number="754" hits="4"/><line number="755" hits="12"/><line number="756" hits="9"/><line number="758" hits="3"/><line number="761" hits="1"/><line number="764" hits="1"/><line number="765" hits="1"/><line number="767" hits="1"/><line number="768" hits="1"/><line number="769" hits="2"/><line number="771" hits="1"/><line number="773" hits="1"/><line number="778" hits="0"/><line number="788" hits="3"/><line number="789" hits="4"/><line number="790" hits="6"/><line number="791" hits="6"/><line number="792" hits="3"/><line number="794" hits="1"/><line number="798" hits="6"/><line number="799" hits="3"/><line number="800" hits="2"/><line number="802" hits="1"/><line number="807" hits="3"/><line number="809" hits="3"/><line number="810" hits="6"/><line number="811" hits="6"/><line number="812" hits="3"/><line number="814" hits="0"/><line number="817" hits="3"/><line number="818" hits="1"/><line number="820" hits="0"/><line number="823" hits="6"/><line number="824" hits="7"/><line number="826" hits="0"/></lines></class><class name="conversion" filename="src/semantic/conversion.rs" line-rate="0.9591240875912409" branch-rate="0" complexity="0"><methods/><lines><line number="93" hits="37"/><line number="97" hits="41"/><line number="137" hits="38"/><line number="141" hits="44"/><line number="142" hits="4"/><line number="144" hits="40"/><line number="145" hits="2"/><line number="147" hits="39"/><line number="148" hits="1"/><line number="150" hits="38"/><line number="151" hits="1"/><line number="153" hits="38"/><line number="154" hits="1"/><line number="156" hits="39"/><line number="157" hits="4"/><line number="159" hits="41"/><line number="160" hits="3"/><line number="162" hits="36"/><line number="163" hits="30"/><line number="165" hits="27"/><line number="166" hits="4"/><line number="168" hits="25"/><line number="169" hits="3"/><line number="171" hits="25"/><line number="172" hits="17"/><line number="174" hits="14"/><line number="175" hits="2"/><line number="178" hits="15"/><line number="186" hits="38"/><line number="190" hits="54"/><line number="191" hits="35"/><line number="192" hits="60"/><line number="193" hits="33"/><line number="195" hits="14"/><line number="198" hits="43"/><line number="199" hits="39"/><line number="200" hits="44"/><line number="201" hits="23"/><line number="203" hits="8"/><line number="206" hits="43"/><line number="210" hits="45"/><line number="214" hits="39"/><line number="215" hits="14"/><line number="218" hits="38"/><line number="219" hits="32"/><line number="222" hits="19"/><line number="223" hits="16"/><line number="226" hits="5"/><line number="227" hits="1"/><line number="231" hits="2"/><line number="234" hits="2"/><line number="237" hits="3"/><line number="238" hits="0"/><line number="241" hits="2"/><line number="242" hits="0"/><line number="247" hits="2"/><line number="257" hits="4"/><line number="261" hits="42"/><line number="265" hits="37"/><line number="266" hits="14"/><line number="270" hits="32"/><line number="271" hits="21"/><line number="274" hits="59"/><line number="275" hits="6"/><line number="279" hits="31"/><line number="280" hits="28"/><line number="283" hits="1"/><line number="286" hits="1"/><line number="289" hits="2"/><line number="290" hits="2"/><line number="291" hits="2"/><line number="292" hits="1"/><line number="296" hits="1"/><line number="297" hits="3"/><line number="298" hits="1"/><line number="301" hits="1"/><line number="305" hits="1"/><line number="308" hits="1"/><line number="309" hits="2"/><line number="311" hits="1"/><line number="312" hits="1"/><line number="313" hits="1"/><line number="319" hits="27"/><line number="323" hits="56"/><line number="324" hits="3"/><line number="325" hits="1"/><line number="329" hits="25"/><line number="330" hits="1"/><line number="332" hits="0"/><line number="335" hits="55"/><line number="336" hits="1"/><line number="337" hits="0"/><line number="341" hits="32"/><line number="345" hits="41"/><line number="349" hits="44"/><line number="350" hits="14"/><line number="353" hits="38"/><line number="354" hits="32"/><line number="355" hits="6"/><line number="356" hits="6"/><line number="358" hits="39"/><line number="361" hits="3"/><line number="362" hits="0"/><line number="365" hits="7"/><line number="367" hits="3"/><line number="368" hits="3"/><line number="372" hits="1"/><line number="377" hits="6"/><line number="378" hits="6"/><line number="379" hits="7"/><line number="381" hits="6"/><line number="390" hits="27"/><line number="395" hits="56"/><line number="396" hits="7"/><line number="398" hits="27"/><line number="399" hits="6"/><line number="400" hits="6"/><line number="401" hits="12"/><line number="402" hits="5"/><line number="403" hits="6"/><line number="404" hits="6"/><line number="409" hits="57"/><line number="410" hits="1"/><line number="411" hits="1"/><line number="413" hits="2"/><line number="414" hits="1"/><line number="415" hits="2"/><line number="416" hits="1"/><line number="417" hits="1"/><line number="419" hits="1"/><line number="420" hits="1"/><line number="421" hits="1"/><line number="427" hits="56"/><line number="428" hits="28"/><line number="429" hits="28"/><line number="430" hits="26"/><line number="435" hits="2"/><line number="436" hits="1"/><line number="437" hits="1"/><line number="438" hits="2"/><line number="439" hits="1"/><line number="440" hits="1"/><line number="441" hits="1"/><line number="445" hits="2"/><line number="449" hits="46"/><line number="453" hits="42"/><line number="454" hits="14"/><line number="457" hits="40"/><line number="458" hits="20"/><line number="461" hits="31"/><line number="462" hits="61"/><line number="464" hits="62"/><line number="466" hits="2"/><line number="467" hits="4"/><line number="470" hits="26"/><line number="473" hits="26"/><line number="474" hits="33"/><line number="475" hits="8"/><line number="477" hits="52"/><line number="480" hits="33"/><line number="481" hits="28"/><line number="482" hits="31"/><line number="488" hits="27"/><line number="492" hits="27"/><line number="493" hits="14"/><line number="496" hits="20"/><line number="497" hits="22"/><line number="500" hits="10"/><line number="501" hits="0"/><line number="504" hits="5"/><line number="506" hits="11"/><line number="507" hits="3"/><line number="511" hits="10"/><line number="513" hits="2"/><line number="516" hits="12"/><line number="517" hits="2"/><line number="518" hits="2"/><line number="519" hits="2"/><line number="520" hits="2"/><line number="521" hits="2"/><line number="522" hits="2"/><line number="524" hits="4"/><line number="525" hits="4"/><line number="531" hits="8"/><line number="532" hits="4"/><line number="533" hits="4"/><line number="534" hits="4"/><line number="535" hits="4"/><line number="542" hits="28"/><line number="546" hits="25"/><line number="547" hits="13"/><line number="550" hits="22"/><line number="552" hits="19"/><line number="553" hits="2"/><line number="555" hits="20"/><line number="556" hits="2"/><line number="558" hits="18"/><line number="559" hits="3"/><line number="562" hits="19"/><line number="565" hits="23"/><line number="570" hits="20"/><line number="571" hits="23"/><line number="574" hits="4"/><line number="575" hits="0"/><line number="579" hits="2"/><line number="587" hits="2"/><line number="595" hits="4"/><line number="598" hits="23"/><line number="603" hits="19"/><line number="604" hits="23"/><line number="607" hits="4"/><line number="608" hits="0"/><line number="612" hits="2"/><line number="619" hits="4"/><line number="620" hits="4"/><line number="621" hits="4"/><line number="623" hits="2"/><line number="631" hits="1"/><line number="637" hits="2"/><line number="645" hits="4"/><line number="648" hits="21"/><line number="653" hits="18"/><line number="654" hits="22"/><line number="657" hits="6"/><line number="658" hits="0"/><line number="661" hits="3"/><line number="663" hits="3"/><line number="665" hits="3"/><line number="668" hits="6"/><line number="669" hits="3"/><line number="672" hits="4"/><line number="674" hits="13"/><line number="675" hits="9"/><line number="676" hits="6"/><line number="677" hits="6"/><line number="679" hits="6"/><line number="680" hits="6"/><line number="681" hits="3"/><line number="682" hits="3"/><line number="683" hits="2"/><line number="685" hits="2"/><line number="686" hits="1"/><line number="687" hits="1"/><line number="690" hits="2"/><line number="693" hits="10"/><line number="694" hits="6"/><line number="696" hits="3"/><line number="699" hits="3"/><line number="707" hits="6"/><line number="713" hits="42"/><line number="717" hits="40"/><line number="718" hits="14"/><line number="721" hits="38"/><line number="722" hits="38"/><line number="723" hits="41"/><line number="730" hits="1"/><line number="731" hits="0"/><line number="734" hits="1"/><line number="735" hits="0"/><line number="739" hits="1"/><line number="741" hits="1"/><line number="743" hits="1"/><line number="745" hits="2"/><line number="746" hits="3"/><line number="749" hits="0"/><line number="754" hits="1"/><line number="755" hits="1"/><line number="758" hits="1"/><line number="759" hits="0"/><line number="762" hits="1"/><line number="771" hits="1"/><line number="783" hits="1"/><line number="789" hits="2"/><line number="795" hits="47"/><line number="799" hits="38"/><line number="800" hits="14"/><line number="803" hits="41"/><line number="804" hits="36"/><line number="805" hits="38"/><line number="809" hits="4"/><line number="810" hits="4"/><line number="813" hits="13"/><line number="814" hits="8"/><line number="816" hits="3"/><line number="817" hits="4"/><line number="818" hits="4"/><line number="823" hits="9"/><line number="824" hits="6"/><line number="827" hits="9"/><line number="828" hits="0"/><line number="832" hits="4"/><line number="839" hits="8"/><line number="842" hits="23"/><line number="846" hits="24"/><line number="847" hits="6"/><line number="848" hits="10"/><line number="849" hits="4"/><line number="850" hits="4"/><line number="853" hits="4"/><line number="856" hits="7"/><line number="858" hits="8"/><line number="859" hits="8"/><line number="860" hits="8"/><line number="861" hits="8"/><line number="864" hits="21"/><line number="867" hits="21"/><line number="871" hits="19"/><line number="872" hits="3"/><line number="873" hits="9"/><line number="875" hits="6"/><line number="876" hits="6"/><line number="878" hits="3"/><line number="879" hits="3"/><line number="880" hits="3"/><line number="881" hits="2"/><line number="882" hits="1"/><line number="885" hits="0"/><line number="888" hits="6"/><line number="890" hits="6"/><line number="891" hits="5"/><line number="892" hits="6"/><line number="893" hits="5"/><line number="894" hits="1"/><line number="896" hits="3"/><line number="897" hits="3"/><line number="898" hits="6"/><line number="899" hits="6"/><line number="900" hits="3"/><line number="902" hits="3"/><line number="905" hits="3"/><line number="907" hits="22"/><line number="910" hits="23"/><line number="914" hits="20"/><line number="915" hits="3"/><line number="916" hits="9"/><line number="917" hits="6"/><line number="918" hits="6"/><line number="919" hits="3"/><line number="920" hits="3"/><line number="921" hits="6"/><line number="922" hits="3"/><line number="924" hits="3"/><line number="927" hits="3"/><line number="929" hits="22"/><line number="932" hits="23"/><line number="936" hits="22"/><line number="937" hits="2"/><line number="938" hits="7"/><line number="939" hits="6"/><line number="940" hits="2"/><line number="941" hits="4"/><line number="942" hits="2"/><line number="945" hits="2"/><line number="947" hits="19"/><line number="950" hits="19"/><line number="954" hits="18"/><line number="957" hits="18"/><line number="958" hits="28"/><line number="960" hits="10"/><line number="962" hits="9"/><line number="963" hits="10"/><line number="964" hits="10"/><line number="969" hits="18"/><line number="970" hits="0"/><line number="972" hits="0"/><line number="973" hits="0"/><line number="974" hits="0"/><line number="978" hits="18"/><line number="982" hits="22"/><line number="986" hits="27"/><line number="987" hits="20"/><line number="989" hits="23"/><line number="990" hits="22"/><line number="991" hits="4"/><line number="994" hits="22"/><line number="995" hits="3"/><line number="998" hits="20"/><line number="999" hits="3"/><line number="1002" hits="21"/><line number="1003" hits="2"/><line number="1006" hits="18"/><line number="1007" hits="18"/><line number="1010" hits="14"/><line number="1014" hits="13"/><line number="1018" hits="14"/><line number="1019" hits="16"/><line number="1022" hits="3"/><line number="1023" hits="2"/><line number="1027" hits="1"/><line number="1028" hits="2"/><line number="1029" hits="0"/><line number="1031" hits="2"/><line number="1033" hits="2"/><line number="1035" hits="1"/><line number="1036" hits="1"/><line number="1037" hits="2"/><line number="1038" hits="1"/><line number="1041" hits="1"/><line number="1045" hits="3"/><line number="1049" hits="3"/><line number="1050" hits="1"/><line number="1053" hits="4"/><line number="1054" hits="0"/><line number="1057" hits="2"/><line number="1059" hits="2"/><line number="1061" hits="2"/><line number="1064" hits="4"/><line number="1065" hits="2"/><line number="1068" hits="5"/><line number="1069" hits="2"/><line number="1072" hits="1"/><line number="1077" hits="2"/><line number="1078" hits="2"/><line number="1081" hits="3"/><line number="1082" hits="1"/><line number="1085" hits="2"/><line number="1094" hits="2"/><line number="1102" hits="4"/><line number="1106" hits="15"/><line number="1115" hits="39"/><line number="1116" hits="6"/><line number="1119" hits="3"/><line number="1121" hits="13"/><line number="1124" hits="15"/><line number="1128" hits="35"/><line number="1129" hits="3"/><line number="1131" hits="9"/><line number="1132" hits="3"/><line number="1133" hits="3"/><line number="1137" hits="6"/><line number="1138" hits="6"/><line number="1139" hits="2"/><line number="1140" hits="0"/><line number="1141" hits="0"/><line number="1142" hits="0"/><line number="1145" hits="8"/><line number="1146" hits="2"/><line number="1147" hits="2"/><line number="1151" hits="13"/><line number="1152" hits="3"/><line number="1153" hits="6"/><line number="1158" hits="27"/><line number="1159" hits="14"/><line number="1160" hits="7"/><line number="1161" hits="14"/><line number="1162" hits="7"/><line number="1164" hits="7"/><line number="1165" hits="0"/><line number="1166" hits="0"/><line number="1167" hits="0"/><line number="1172" hits="16"/><line number="1174" hits="2"/><line number="1176" hits="1"/><line number="1177" hits="2"/><line number="1179" hits="1"/><line number="1189" hits="35"/><line number="1192" hits="12"/><line number="1193" hits="16"/><line number="1197" hits="8"/><line number="1199" hits="5"/><line number="1202" hits="5"/><line number="1203" hits="1"/><line number="1204" hits="1"/><line number="1211" hits="11"/><line number="1215" hits="35"/><line number="1219" hits="33"/><line number="1221" hits="31"/><line number="1222" hits="27"/><line number="1225" hits="2"/><line number="1226" hits="2"/><line number="1228" hits="3"/><line number="1230" hits="2"/><line number="1231" hits="1"/><line number="1235" hits="2"/><line number="1236" hits="2"/><line number="1239" hits="4"/><line number="1240" hits="4"/><line number="1241" hits="0"/><line number="1244" hits="2"/><line number="1245" hits="2"/><line number="1246" hits="2"/><line number="1247" hits="2"/><line number="1248" hits="2"/><line number="1249" hits="2"/><line number="1251" hits="2"/><line number="1253" hits="2"/><line number="1258" hits="37"/><line number="1262" hits="37"/><line number="1263" hits="34"/><line number="1264" hits="34"/><line number="1265" hits="19"/><line number="1269" hits="34"/><line number="1270" hits="2"/><line number="1273" hits="37"/><line number="1277" hits="27"/><line number="1281" hits="31"/><line number="1282" hits="26"/><line number="1285" hits="79"/><line number="1288" hits="26"/><line number="1289" hits="2"/><line number="1290" hits="2"/><line number="1291" hits="2"/><line number="1292" hits="4"/><line number="1294" hits="4"/><line number="1298" hits="73"/><line number="1299" hits="26"/><line number="1300" hits="48"/><line number="1303" hits="45"/><line number="1304" hits="2"/><line number="1305" hits="2"/><line number="1306" hits="4"/><line number="1307" hits="4"/><line number="1309" hits="4"/><line number="1314" hits="51"/><line number="1315" hits="3"/><line number="1316" hits="2"/><line number="1317" hits="5"/><line number="1318" hits="2"/><line number="1319" hits="5"/><line number="1320" hits="2"/><line number="1323" hits="4"/><line number="1328" hits="48"/><line number="1329" hits="2"/><line number="1330" hits="3"/><line number="1331" hits="5"/><line number="1332" hits="2"/><line number="1333" hits="5"/><line number="1334" hits="5"/><line number="1337" hits="5"/><line number="1342" hits="24"/><line number="1349" hits="29"/><line number="1353" hits="27"/><line number="1354" hits="2"/><line number="1355" hits="2"/><line number="1356" hits="2"/><line number="1357" hits="4"/><line number="1358" hits="2"/><line number="1360" hits="2"/><line number="1363" hits="25"/><line number="1366" hits="27"/><line number="1370" hits="29"/><line number="1371" hits="31"/><line number="1373" hits="1"/><line number="1375" hits="23"/><line number="1378" hits="22"/><line number="1382" hits="24"/><line number="1383" hits="1"/><line number="1385" hits="22"/><line number="1388" hits="22"/><line number="1392" hits="47"/><line number="1393" hits="6"/><line number="1394" hits="1"/><line number="1397" hits="25"/><line number="1400" hits="23"/><line number="1404" hits="23"/><line number="1406" hits="1"/><line number="1409" hits="1"/><line number="1410" hits="1"/><line number="1411" hits="1"/><line number="1412" hits="1"/><line number="1413" hits="2"/><line number="1414" hits="1"/><line number="1416" hits="1"/><line number="1418" hits="1"/><line number="1421" hits="24"/><line number="1424" hits="24"/><line number="1428" hits="26"/><line number="1429" hits="2"/><line number="1430" hits="4"/><line number="1431" hits="2"/><line number="1432" hits="2"/><line number="1433" hits="2"/><line number="1434" hits="4"/><line number="1435" hits="2"/><line number="1437" hits="2"/><line number="1439" hits="2"/><line number="1442" hits="25"/><line number="1445" hits="25"/><line number="1449" hits="24"/><line number="1450" hits="7"/><line number="1451" hits="15"/><line number="1452" hits="14"/><line number="1455" hits="6"/><line number="1457" hits="25"/><line number="1458" hits="8"/><line number="1459" hits="8"/><line number="1460" hits="8"/><line number="1461" hits="8"/><line number="1462" hits="16"/><line number="1464" hits="16"/><line number="1467" hits="25"/><line number="1470" hits="24"/><line number="1474" hits="22"/><line number="1475" hits="23"/><line number="1479" hits="4"/><line number="1480" hits="3"/><line number="1482" hits="9"/><line number="1483" hits="3"/><line number="1484" hits="3"/><line number="1489" hits="1"/><line number="1490" hits="2"/><line number="1493" hits="2"/><line number="1496" hits="4"/><line number="1497" hits="1"/><line number="1499" hits="1"/><line number="1500" hits="2"/><line number="1501" hits="1"/><line number="1502" hits="1"/><line number="1503" hits="1"/><line number="1507" hits="2"/><line number="1508" hits="1"/><line number="1509" hits="1"/><line number="1510" hits="1"/><line number="1511" hits="1"/><line number="1512" hits="1"/><line number="1517" hits="2"/><line number="1518" hits="1"/><line number="1519" hits="2"/><line number="1520" hits="1"/><line number="1521" hits="1"/><line number="1522" hits="1"/><line number="1525" hits="1"/><line number="1528" hits="26"/><line number="1532" hits="25"/><line number="1533" hits="25"/><line number="1535" hits="2"/><line number="1538" hits="24"/><line number="1542" hits="23"/><line number="1543" hits="1"/><line number="1545" hits="23"/><line number="1548" hits="2"/><line number="1552" hits="3"/><line number="1553" hits="1"/><line number="1556" hits="2"/><line number="1557" hits="1"/><line number="1558" hits="1"/><line number="1559" hits="1"/><line number="1560" hits="1"/><line number="1562" hits="1"/><line number="1566" hits="1"/><line number="1567" hits="1"/><line number="1568" hits="1"/><line number="1569" hits="1"/><line number="1571" hits="1"/><line number="1574" hits="2"/><line number="1630" hits="31"/><line number="1634" hits="32"/><line number="1637" hits="4"/><line number="1638" hits="2"/><line number="1640" hits="5"/><line number="1641" hits="2"/><line number="1642" hits="2"/><line number="1646" hits="31"/><line number="1648" hits="4"/><line number="1649" hits="2"/><line number="1652" hits="5"/><line number="1653" hits="2"/><line number="1654" hits="2"/><line number="1658" hits="29"/><line number="1659" hits="2"/><line number="1661" hits="27"/><line number="1662" hits="1"/><line number="1664" hits="24"/><line number="1665" hits="1"/><line number="1667" hits="24"/><line number="1668" hits="2"/><line number="1670" hits="24"/><line number="1671" hits="1"/><line number="1673" hits="24"/><line number="1674" hits="2"/><line number="1676" hits="25"/><line number="1677" hits="9"/><line number="1679" hits="23"/><line number="1680" hits="4"/><line number="1683" hits="23"/><line number="1684" hits="1"/><line number="1686" hits="26"/><line number="1687" hits="27"/><line number="1689" hits="3"/><line number="1690" hits="1"/><line number="1694" hits="3"/><line number="1695" hits="3"/><line number="1696" hits="3"/><line number="1697" hits="2"/><line number="1699" hits="2"/></lines></class><class name="conversion_tests" filename="src/semantic/conversion_tests.rs" line-rate="1" branch-rate="0" complexity="0"><methods/><lines><line number="11" hits="3"/><line number="13" hits="3"/><line number="14" hits="3"/><line number="15" hits="3"/><line number="23" hits="1"/><line number="25" hits="2"/><line number="26" hits="2"/><line number="27" hits="3"/></lines></class><class name="declarations" filename="src/semantic/declarations.rs" line-rate="0.9719626168224299" branch-rate="0" complexity="0"><methods/><lines><line number="35" hits="9"/><line number="40" hits="9"/><line number="43" hits="9"/><line number="44" hits="18"/><line number="45" hits="9"/><line number="46" hits="9"/><line number="48" hits="9"/><line number="53" hits="11"/><line number="54" hits="31"/><line number="55" hits="21"/><line number="56" hits="11"/><line number="59" hits="25"/><line number="62" hits="19"/><line number="63" hits="2"/><line number="69" hits="8"/><line number="74" hits="9"/><line number="76" hits="10"/><line number="80" hits="20"/><line number="82" hits="8"/><line number="83" hits="8"/><line number="84" hits="11"/><line number="89" hits="9"/><line number="90" hits="8"/><line number="91" hits="2"/><line number="92" hits="2"/><line number="93" hits="1"/><line number="94" hits="2"/><line number="97" hits="8"/><line number="114" hits="2"/><line number="119" hits="2"/><line number="122" hits="4"/><line number="123" hits="2"/><line number="130" hits="4"/><line number="132" hits="6"/><line number="133" hits="4"/><line number="136" hits="4"/><line number="137" hits="4"/><line number="138" hits="2"/><line number="141" hits="2"/><line number="144" hits="3"/><line number="146" hits="2"/><line number="147" hits="3"/><line number="148" hits="1"/><line number="150" hits="3"/><line number="151" hits="2"/><line number="154" hits="1"/><line number="155" hits="2"/><line number="157" hits="1"/><line number="159" hits="1"/><line number="161" hits="0"/><line number="164" hits="2"/><line number="165" hits="2"/><line number="167" hits="0"/><line number="170" hits="1"/><line number="171" hits="1"/><line number="172" hits="1"/><line number="173" hits="1"/><line number="174" hits="1"/><line number="177" hits="4"/><line number="178" hits="2"/><line number="179" hits="2"/><line number="180" hits="2"/><line number="181" hits="2"/><line number="188" hits="2"/><line number="189" hits="2"/><line number="193" hits="4"/><line number="195" hits="2"/><line number="196" hits="2"/><line number="197" hits="2"/><line number="213" hits="3"/><line number="218" hits="2"/><line number="219" hits="5"/><line number="222" hits="4"/><line number="223" hits="5"/><line number="225" hits="6"/><line number="228" hits="4"/><line number="229" hits="5"/><line number="231" hits="6"/><line number="234" hits="5"/><line number="235" hits="5"/><line number="237" hits="7"/><line number="238" hits="5"/><line number="241" hits="5"/><line number="242" hits="5"/><line number="243" hits="3"/><line number="245" hits="2"/><line number="249" hits="6"/><line number="250" hits="2"/><line number="251" hits="7"/><line number="254" hits="5"/><line number="255" hits="5"/><line number="259" hits="2"/><line number="260" hits="4"/><line number="262" hits="2"/><line number="265" hits="4"/><line number="267" hits="4"/><line number="268" hits="2"/><line number="269" hits="2"/><line number="270" hits="2"/><line number="271" hits="2"/><line number="272" hits="2"/><line number="277" hits="2"/><line number="278" hits="4"/><line number="279" hits="1"/><line number="288" hits="2"/><line number="289" hits="2"/><line number="293" hits="2"/><line number="295" hits="2"/><line number="296" hits="2"/><line number="297" hits="2"/><line number="298" hits="2"/><line number="303" hits="11"/><line number="306" hits="19"/><line number="308" hits="13"/><line number="310" hits="4"/><line number="315" hits="8"/><line number="316" hits="2"/><line number="318" hits="2"/><line number="343" hits="5"/><line number="351" hits="5"/><line number="352" hits="0"/><line number="355" hits="10"/><line number="358" hits="5"/><line number="359" hits="0"/><line number="365" hits="5"/><line number="366" hits="5"/><line number="369" hits="10"/><line number="373" hits="15"/><line number="374" hits="5"/><line number="375" hits="13"/><line number="376" hits="6"/><line number="377" hits="6"/><line number="381" hits="5"/><line number="384" hits="9"/><line number="386" hits="4"/><line number="387" hits="8"/><line number="390" hits="4"/><line number="391" hits="8"/><line number="397" hits="9"/><line number="399" hits="5"/><line number="403" hits="10"/><line number="405" hits="5"/><line number="406" hits="5"/><line number="407" hits="5"/><line number="408" hits="5"/><line number="414" hits="5"/><line number="416" hits="5"/><line number="418" hits="5"/><line number="420" hits="10"/><line number="421" hits="5"/><line number="424" hits="10"/><line number="425" hits="12"/><line number="426" hits="7"/><line number="433" hits="10"/><line number="434" hits="17"/><line number="435" hits="5"/><line number="438" hits="7"/><line number="442" hits="0"/><line number="447" hits="7"/><line number="451" hits="5"/><line number="454" hits="7"/><line number="457" hits="5"/><line number="458" hits="12"/><line number="459" hits="7"/><line number="460" hits="12"/><line number="461" hits="5"/><line number="466" hits="12"/><line number="467" hits="7"/><line number="469" hits="5"/><line number="470" hits="8"/><line number="471" hits="4"/><line number="474" hits="7"/><line number="475" hits="3"/><line number="478" hits="6"/><line number="479" hits="3"/><line number="480" hits="3"/><line number="483" hits="3"/><line number="484" hits="6"/><line number="485" hits="2"/><line number="486" hits="2"/><line number="487" hits="6"/><line number="489" hits="2"/><line number="491" hits="2"/><line number="492" hits="2"/><line number="496" hits="3"/><line number="497" hits="3"/><line number="501" hits="6"/><line number="504" hits="5"/><line number="508" hits="5"/><line number="509" hits="5"/><line number="510" hits="5"/><line number="511" hits="5"/><line number="514" hits="5"/><line number="515" hits="5"/><line number="516" hits="5"/><line number="517" hits="5"/><line number="518" hits="10"/><line number="519" hits="6"/><line number="522" hits="0"/><line number="527" hits="6"/><line number="528" hits="12"/><line number="529" hits="9"/><line number="530" hits="3"/><line number="532" hits="3"/><line number="535" hits="7"/><line number="539" hits="4"/><line number="543" hits="3"/><line number="546" hits="12"/><line number="548" hits="3"/><line number="550" hits="8"/><line number="551" hits="9"/><line number="553" hits="3"/><line number="556" hits="3"/><line number="557" hits="3"/></lines></class><class name="expressions" filename="src/semantic/expressions.rs" line-rate="0.968421052631579" branch-rate="0" complexity="0"><methods/><lines><line number="53" hits="11"/><line number="57" hits="11"/><line number="60" hits="12"/><line number="65" hits="12"/><line number="66" hits="1"/><line number="71" hits="12"/><line number="72" hits="5"/><line number="75" hits="9"/><line number="78" hits="1"/><line number="80" hits="2"/><line number="82" hits="3"/><line number="84" hits="3"/><line number="86" hits="2"/><line number="88" hits="2"/><line number="90" hits="1"/><line number="91" hits="2"/><line number="94" hits="0"/><line number="100" hits="5"/><line number="101" hits="5"/><line number="104" hits="5"/><line number="105" hits="1"/><line number="106" hits="1"/><line number="107" hits="1"/><line number="112" hits="8"/><line number="113" hits="5"/><line number="114" hits="4"/><line number="115" hits="4"/><line number="120" hits="0"/><line number="126" hits="9"/><line number="127" hits="10"/><line number="128" hits="20"/><line number="129" hits="9"/><line number="130" hits="9"/><line number="132" hits="2"/><line number="133" hits="1"/><line number="134" hits="1"/><line number="136" hits="2"/><line number="137" hits="1"/><line number="138" hits="1"/><line number="140" hits="0"/><line number="144" hits="1"/><line number="149" hits="1"/><line number="150" hits="2"/><line number="151" hits="2"/><line number="154" hits="1"/><line number="156" hits="3"/><line number="157" hits="1"/><line number="159" hits="1"/><line number="160" hits="1"/><line number="161" hits="2"/><line number="165" hits="1"/><line number="171" hits="1"/><line number="172" hits="2"/><line number="174" hits="1"/><line number="175" hits="1"/><line number="176" hits="2"/><line number="177" hits="1"/><line number="179" hits="1"/><line number="183" hits="1"/><line number="193" hits="2"/><line number="194" hits="2"/><line number="195" hits="1"/><line number="196" hits="1"/><line number="197" hits="2"/><line number="198" hits="1"/><line number="200" hits="1"/><line number="203" hits="2"/><line number="207" hits="3"/><line number="213" hits="3"/><line number="214" hits="1"/><line number="218" hits="6"/><line number="219" hits="3"/><line number="221" hits="3"/><line number="223" hits="3"/><line number="224" hits="6"/><line number="225" hits="6"/><line number="229" hits="3"/><line number="230" hits="9"/><line number="231" hits="3"/><line number="233" hits="3"/><line number="234" hits="3"/><line number="235" hits="3"/><line number="236" hits="3"/><line number="238" hits="3"/><line number="245" hits="2"/><line number="246" hits="2"/><line number="250" hits="2"/><line number="253" hits="3"/><line number="261" hits="3"/><line number="262" hits="2"/><line number="267" hits="4"/><line number="268" hits="2"/><line number="269" hits="2"/><line number="270" hits="1"/><line number="275" hits="4"/><line number="276" hits="2"/><line number="277" hits="1"/><line number="282" hits="2"/><line number="283" hits="4"/><line number="286" hits="1"/><line number="293" hits="1"/><line number="294" hits="2"/><line number="296" hits="1"/><line number="297" hits="1"/><line number="298" hits="1"/><line number="299" hits="1"/><line number="300" hits="1"/><line number="301" hits="1"/><line number="302" hits="1"/><line number="303" hits="1"/><line number="304" hits="1"/><line number="305" hits="1"/><line number="306" hits="1"/><line number="307" hits="1"/><line number="308" hits="1"/><line number="309" hits="1"/><line number="312" hits="2"/><line number="315" hits="1"/><line number="321" hits="1"/><line number="323" hits="3"/><line number="324" hits="1"/><line number="325" hits="2"/><line number="326" hits="1"/><line number="330" hits="0"/><line number="367" hits="53"/><line number="368" hits="54"/><line number="369" hits="111"/><line number="371" hits="58"/><line number="372" hits="112"/><line number="373" hits="57"/><line number="375" hits="46"/><line number="377" hits="17"/><line number="378" hits="7"/><line number="381" hits="29"/><line number="412" hits="55"/><line number="413" hits="100"/><line number="414" hits="102"/><line number="415" hits="50"/><line number="416" hits="5"/><line number="420" hits="46"/><line number="446" hits="51"/><line number="447" hits="50"/><line number="448" hits="50"/><line number="449" hits="154"/><line number="450" hits="41"/><line number="465" hits="52"/><line number="470" hits="51"/><line number="473" hits="52"/><line number="479" hits="48"/><line number="480" hits="0"/><line number="485" hits="53"/><line number="486" hits="13"/><line number="487" hits="14"/><line number="489" hits="23"/><line number="490" hits="24"/><line number="492" hits="3"/><line number="493" hits="3"/><line number="495" hits="43"/><line number="496" hits="57"/><line number="498" hits="46"/><line number="501" hits="99"/><line number="502" hits="51"/><line number="505" hits="8"/><line number="506" hits="4"/><line number="509" hits="98"/><line number="520" hits="3"/><line number="522" hits="2"/><line number="524" hits="1"/><line number="526" hits="1"/><line number="527" hits="1"/><line number="530" hits="2"/><line number="532" hits="1"/><line number="533" hits="0"/><line number="537" hits="2"/><line number="538" hits="2"/><line number="541" hits="1"/><line number="543" hits="1"/><line number="544" hits="1"/><line number="546" hits="2"/><line number="547" hits="0"/><line number="549" hits="2"/><line number="551" hits="1"/><line number="553" hits="2"/><line number="554" hits="1"/><line number="556" hits="4"/><line number="558" hits="4"/><line number="560" hits="4"/><line number="563" hits="2"/><line number="566" hits="3"/><line number="569" hits="4"/><line number="571" hits="10"/><line number="573" hits="12"/><line number="575" hits="3"/><line number="577" hits="3"/><line number="580" hits="46"/><line number="584" hits="2"/><line number="585" hits="2"/><line number="586" hits="1"/><line number="591" hits="6"/><line number="592" hits="3"/><line number="593" hits="6"/><line number="594" hits="2"/><line number="596" hits="2"/><line number="597" hits="2"/><line number="598" hits="1"/><line number="601" hits="1"/><line number="602" hits="2"/><line number="603" hits="1"/><line number="605" hits="1"/><line number="606" hits="2"/><line number="607" hits="1"/><line number="609" hits="2"/><line number="610" hits="2"/><line number="612" hits="1"/><line number="613" hits="2"/><line number="614" hits="1"/><line number="625" hits="2"/><line number="632" hits="28"/><line number="633" hits="27"/><line number="635" hits="12"/><line number="639" hits="25"/><line number="643" hits="3"/><line number="650" hits="27"/><line number="651" hits="28"/><line number="652" hits="4"/><line number="653" hits="26"/><line number="654" hits="0"/><line number="662" hits="8"/><line number="667" hits="8"/><line number="669" hits="7"/><line number="689" hits="28"/><line number="694" hits="26"/><line number="695" hits="26"/><line number="701" hits="11"/><line number="702" hits="2"/><line number="704" hits="2"/><line number="705" hits="2"/><line number="706" hits="4"/><line number="711" hits="9"/><line number="713" hits="14"/><line number="715" hits="9"/><line number="716" hits="4"/><line number="717" hits="4"/><line number="718" hits="4"/><line number="719" hits="9"/><line number="720" hits="4"/><line number="721" hits="5"/><line number="723" hits="5"/><line number="727" hits="4"/><line number="731" hits="4"/><line number="733" hits="9"/><line number="734" hits="2"/><line number="737" hits="5"/><line number="745" hits="6"/><line number="748" hits="5"/><line number="751" hits="5"/><line number="755" hits="5"/><line number="758" hits="2"/><line number="762" hits="47"/><line number="769" hits="51"/><line number="770" hits="42"/><line number="771" hits="3"/><line number="773" hits="3"/><line number="779" hits="52"/><line number="780" hits="83"/><line number="782" hits="106"/><line number="783" hits="44"/><line number="784" hits="53"/><line number="785" hits="23"/><line number="786" hits="11"/><line number="791" hits="50"/><line number="795" hits="58"/><line number="800" hits="50"/><line number="801" hits="44"/><line number="803" hits="143"/><line number="804" hits="93"/><line number="806" hits="49"/><line number="809" hits="5"/><line number="811" hits="10"/><line number="816" hits="49"/><line number="817" hits="10"/><line number="818" hits="13"/><line number="820" hits="0"/><line number="825" hits="99"/><line number="827" hits="52"/></lines></class><class name="mod" filename="src/semantic/mod.rs" line-rate="1" branch-rate="0" complexity="0"><methods/><lines><line number="98" hits="50"/><line number="99" hits="48"/><line number="100" hits="99"/><line number="101" hits="53"/><line number="104" hits="52"/><line number="108" hits="52"/><line number="109" hits="101"/><line number="110" hits="46"/><line number="115" hits="42"/></lines></class><class name="model" filename="src/semantic/model.rs" line-rate="1" branch-rate="0" complexity="0"><methods/><lines><line number="284" hits="3"/><line number="285" hits="9"/><line number="287" hits="2"/><line number="288" hits="2"/><line number="289" hits="2"/><line number="291" hits="2"/><line number="292" hits="2"/><line number="293" hits="2"/><line number="294" hits="2"/><line number="295" hits="2"/><line number="296" hits="1"/><line number="297" hits="1"/><line number="298" hits="1"/><line number="299" hits="1"/><line number="300" hits="1"/><line number="301" hits="1"/><line number="302" hits="1"/><line number="303" hits="1"/><line number="305" hits="1"/><line number="307" hits="1"/><line number="308" hits="1"/><line number="309" hits="1"/><line number="311" hits="1"/><line number="312" hits="1"/><line number="313" hits="1"/><line number="314" hits="1"/><line number="315" hits="1"/><line number="316" hits="1"/><line number="317" hits="1"/><line number="318" hits="1"/><line number="319" hits="1"/><line number="320" hits="1"/><line number="322" hits="1"/><line number="323" hits="1"/><line number="324" hits="1"/><line number="326" hits="1"/><line number="327" hits="1"/><line number="328" hits="1"/><line number="329" hits="1"/><line number="330" hits="1"/><line number="331" hits="1"/><line number="332" hits="1"/><line number="333" hits="1"/><line number="334" hits="1"/><line number="335" hits="1"/><line number="336" hits="1"/><line number="337" hits="1"/><line number="338" hits="2"/><line number="339" hits="2"/><line number="342" hits="1"/><line number="343" hits="1"/><line number="344" hits="1"/><line number="345" hits="1"/><line number="347" hits="1"/><line number="348" hits="1"/><line number="349" hits="1"/><line number="350" hits="1"/><line number="351" hits="1"/><line number="352" hits="1"/><line number="353" hits="2"/><line number="354" hits="2"/><line number="355" hits="2"/><line number="356" hits="2"/><line number="357" hits="2"/><line number="358" hits="1"/><line number="359" hits="1"/><line number="360" hits="1"/><line number="361" hits="1"/><line number="362" hits="1"/><line number="364" hits="1"/><line number="365" hits="1"/><line number="366" hits="1"/><line number="368" hits="1"/><line number="369" hits="1"/><line number="370" hits="1"/><line number="371" hits="1"/><line number="372" hits="1"/><line number="373" hits="1"/><line number="374" hits="1"/><line number="375" hits="1"/><line number="376" hits="1"/><line number="377" hits="1"/><line number="426" hits="1"/><line number="427" hits="2"/><line number="428" hits="1"/><line number="429" hits="1"/><line number="430" hits="1"/><line number="431" hits="1"/><line number="432" hits="1"/><line number="433" hits="1"/><line number="472" hits="2"/><line number="473" hits="4"/><line number="474" hits="2"/><line number="475" hits="2"/><line number="476" hits="2"/><line number="477" hits="3"/><line number="714" hits="4"/><line number="715" hits="12"/><line number="716" hits="1"/><line number="717" hits="2"/><line number="718" hits="1"/><line number="719" hits="1"/><line number="721" hits="2"/><line number="722" hits="1"/><line number="723" hits="1"/><line number="724" hits="1"/><line number="725" hits="1"/><line number="726" hits="1"/><line number="727" hits="1"/><line number="728" hits="1"/><line number="729" hits="1"/><line number="730" hits="1"/><line number="731" hits="1"/><line number="732" hits="1"/><line number="733" hits="1"/><line number="734" hits="1"/><line number="735" hits="1"/><line number="736" hits="1"/><line number="737" hits="1"/><line number="738" hits="1"/><line number="739" hits="1"/><line number="740" hits="1"/><line number="741" hits="1"/><line number="742" hits="1"/><line number="744" hits="1"/><line number="745" hits="1"/><line number="746" hits="1"/><line number="748" hits="1"/><line number="749" hits="1"/><line number="750" hits="1"/><line number="751" hits="1"/><line number="752" hits="1"/><line number="753" hits="1"/><line number="754" hits="1"/><line number="755" hits="1"/><line number="756" hits="1"/><line number="757" hits="1"/><line number="758" hits="1"/><line number="759" hits="1"/><line number="760" hits="1"/><line number="761" hits="1"/><line number="762" hits="1"/><line number="763" hits="1"/><line number="764" hits="1"/><line number="765" hits="1"/><line number="766" hits="1"/><line number="767" hits="1"/><line number="768" hits="1"/><line number="769" hits="1"/><line number="771" hits="1"/><line number="772" hits="1"/><line number="773" hits="1"/><line number="775" hits="1"/><line number="776" hits="1"/><line number="777" hits="1"/><line number="778" hits="1"/><line number="779" hits="1"/><line number="781" hits="3"/><line number="782" hits="3"/><line number="783" hits="3"/><line number="785" hits="3"/><line number="786" hits="3"/><line number="787" hits="3"/><line number="788" hits="3"/><line number="789" hits="3"/><line number="791" hits="1"/><line number="792" hits="1"/><line number="793" hits="1"/><line number="795" hits="1"/><line number="796" hits="1"/><line number="797" hits="1"/><line number="798" hits="1"/><line number="799" hits="1"/><line number="800" hits="1"/><line number="801" hits="1"/><line number="802" hits="1"/><line number="803" hits="1"/><line number="804" hits="1"/><line number="805" hits="1"/><line number="806" hits="1"/><line number="807" hits="1"/><line number="808" hits="1"/><line number="809" hits="1"/><line number="810" hits="1"/><line number="811" hits="1"/><line number="812" hits="1"/><line number="874" hits="1"/><line number="875" hits="2"/><line number="876" hits="1"/><line number="877" hits="1"/><line number="878" hits="1"/><line number="879" hits="1"/><line number="905" hits="1"/><line number="906" hits="2"/><line number="907" hits="1"/><line number="908" hits="1"/><line number="909" hits="1"/><line number="910" hits="1"/></lines></class><class name="patterns" filename="src/semantic/patterns.rs" line-rate="0.9120521172638436" branch-rate="0" complexity="0"><methods/><lines><line number="64" hits="46"/><line number="69" hits="45"/><line number="70" hits="0"/><line number="74" hits="92"/><line number="75" hits="2"/><line number="79" hits="46"/><line number="80" hits="7"/><line number="83" hits="44"/><line number="84" hits="39"/><line number="88" hits="43"/><line number="89" hits="14"/><line number="92" hits="13"/><line number="93" hits="15"/><line number="96" hits="15"/><line number="97" hits="15"/><line number="100" hits="1"/><line number="101" hits="1"/><line number="104" hits="0"/><line number="109" hits="1"/><line number="110" hits="0"/><line number="114" hits="1"/><line number="115" hits="1"/><line number="119" hits="1"/><line number="127" hits="2"/><line number="146" hits="46"/><line number="151" hits="45"/><line number="152" hits="0"/><line number="156" hits="46"/><line number="157" hits="2"/><line number="160" hits="45"/><line number="161" hits="47"/><line number="162" hits="0"/><line number="166" hits="88"/><line number="167" hits="8"/><line number="170" hits="40"/><line number="171" hits="35"/><line number="175" hits="44"/><line number="176" hits="12"/><line number="178" hits="38"/><line number="179" hits="4"/><line number="181" hits="41"/><line number="182" hits="7"/><line number="184" hits="54"/><line number="185" hits="1"/><line number="190" hits="19"/><line number="191" hits="7"/><line number="195" hits="14"/><line number="197" hits="34"/><line number="198" hits="6"/><line number="202" hits="10"/><line number="203" hits="10"/><line number="206" hits="12"/><line number="210" hits="3"/><line number="213" hits="3"/><line number="217" hits="6"/><line number="219" hits="4"/><line number="220" hits="3"/><line number="221" hits="3"/><line number="227" hits="12"/><line number="230" hits="4"/><line number="235" hits="8"/><line number="237" hits="7"/><line number="239" hits="0"/><line number="242" hits="12"/><line number="245" hits="8"/><line number="246" hits="0"/><line number="251" hits="5"/><line number="256" hits="3"/><line number="260" hits="8"/><line number="262" hits="5"/><line number="263" hits="5"/><line number="264" hits="3"/><line number="269" hits="4"/><line number="274" hits="3"/><line number="275" hits="8"/><line number="276" hits="8"/><line number="277" hits="7"/><line number="279" hits="0"/><line number="282" hits="4"/><line number="283" hits="4"/><line number="285" hits="8"/><line number="288" hits="0"/><line number="291" hits="9"/><line number="296" hits="3"/><line number="302" hits="1"/><line number="304" hits="1"/><line number="306" hits="2"/><line number="311" hits="1"/><line number="313" hits="2"/><line number="317" hits="3"/><line number="320" hits="1"/><line number="328" hits="1"/><line number="332" hits="2"/><line number="336" hits="1"/><line number="339" hits="0"/><line number="341" hits="8"/><line number="343" hits="3"/><line number="373" hits="25"/><line number="378" hits="24"/><line number="379" hits="26"/><line number="380" hits="0"/><line number="384" hits="23"/><line number="385" hits="48"/><line number="386" hits="27"/><line number="388" hits="25"/><line number="389" hits="8"/><line number="393" hits="49"/><line number="394" hits="23"/><line number="395" hits="15"/><line number="399" hits="41"/><line number="404" hits="22"/><line number="413" hits="22"/><line number="416" hits="48"/><line number="417" hits="3"/><line number="421" hits="43"/><line number="422" hits="25"/><line number="423" hits="3"/><line number="427" hits="43"/><line number="429" hits="23"/><line number="430" hits="3"/><line number="434" hits="21"/><line number="435" hits="3"/><line number="441" hits="3"/><line number="442" hits="4"/><line number="446" hits="21"/><line number="447" hits="2"/><line number="452" hits="19"/><line number="453" hits="1"/><line number="458" hits="36"/><line number="459" hits="4"/><line number="460" hits="4"/><line number="462" hits="14"/><line number="471" hits="24"/><line number="472" hits="25"/><line number="474" hits="3"/><line number="476" hits="9"/><line number="477" hits="6"/><line number="478" hits="3"/><line number="479" hits="3"/><line number="481" hits="0"/><line number="482" hits="0"/><line number="483" hits="0"/><line number="488" hits="3"/><line number="489" hits="3"/><line number="490" hits="6"/><line number="492" hits="80"/><line number="494" hits="20"/><line number="495" hits="40"/><line number="496" hits="42"/><line number="498" hits="21"/><line number="499" hits="22"/><line number="500" hits="41"/><line number="503" hits="0"/><line number="506" hits="17"/><line number="511" hits="21"/><line number="512" hits="20"/><line number="513" hits="22"/><line number="515" hits="20"/><line number="516" hits="21"/><line number="517" hits="36"/><line number="518" hits="18"/><line number="522" hits="40"/><line number="523" hits="3"/><line number="524" hits="9"/><line number="525" hits="3"/><line number="527" hits="6"/><line number="528" hits="0"/><line number="532" hits="20"/><line number="537" hits="21"/><line number="546" hits="23"/><line number="547" hits="21"/><line number="550" hits="3"/><line number="552" hits="6"/><line number="555" hits="6"/><line number="556" hits="6"/><line number="557" hits="3"/><line number="558" hits="4"/><line number="561" hits="6"/><line number="564" hits="7"/><line number="565" hits="3"/><line number="567" hits="1"/><line number="571" hits="3"/><line number="574" hits="3"/><line number="575" hits="0"/><line number="576" hits="9"/><line number="577" hits="1"/><line number="579" hits="3"/><line number="584" hits="3"/><line number="589" hits="4"/><line number="595" hits="3"/><line number="596" hits="3"/><line number="599" hits="3"/><line number="602" hits="4"/><line number="608" hits="8"/><line number="610" hits="4"/><line number="611" hits="2"/><line number="612" hits="1"/><line number="617" hits="3"/><line number="618" hits="0"/><line number="620" hits="1"/><line number="621" hits="2"/><line number="626" hits="3"/><line number="641" hits="3"/><line number="646" hits="3"/><line number="653" hits="3"/><line number="658" hits="3"/><line number="665" hits="3"/><line number="667" hits="3"/><line number="669" hits="1"/><line number="672" hits="3"/><line number="679" hits="4"/><line number="680" hits="2"/><line number="683" hits="4"/><line number="686" hits="1"/><line number="702" hits="1"/><line number="707" hits="2"/><line number="708" hits="0"/><line number="711" hits="1"/><line number="712" hits="1"/><line number="716" hits="2"/><line number="721" hits="2"/><line number="728" hits="2"/><line number="735" hits="2"/><line number="736" hits="2"/><line number="738" hits="2"/><line number="743" hits="23"/><line number="747" hits="23"/><line number="748" hits="23"/><line number="750" hits="46"/><line number="751" hits="5"/><line number="754" hits="12"/><line number="755" hits="3"/><line number="757" hits="2"/><line number="758" hits="2"/><line number="762" hits="5"/><line number="766" hits="9"/><line number="767" hits="2"/><line number="770" hits="22"/><line number="775" hits="21"/><line number="782" hits="23"/><line number="783" hits="21"/><line number="787" hits="6"/><line number="788" hits="3"/><line number="792" hits="3"/><line number="793" hits="3"/><line number="795" hits="3"/><line number="798" hits="3"/><line number="805" hits="3"/><line number="806" hits="3"/><line number="809" hits="0"/><line number="813" hits="3"/><line number="815" hits="4"/><line number="817" hits="3"/><line number="819" hits="6"/><line number="820" hits="3"/><line number="824" hits="3"/><line number="825" hits="3"/><line number="828" hits="3"/><line number="835" hits="3"/><line number="836" hits="3"/><line number="843" hits="4"/><line number="847" hits="1"/><line number="852" hits="1"/><line number="857" hits="1"/><line number="864" hits="1"/><line number="871" hits="1"/><line number="876" hits="4"/><line number="879" hits="4"/><line number="884" hits="8"/><line number="886" hits="4"/><line number="890" hits="4"/><line number="891" hits="6"/><line number="893" hits="6"/><line number="894" hits="12"/><line number="895" hits="4"/><line number="896" hits="4"/><line number="897" hits="4"/><line number="902" hits="7"/><line number="903" hits="8"/><line number="905" hits="8"/><line number="906" hits="2"/><line number="908" hits="0"/><line number="909" hits="3"/><line number="911" hits="0"/><line number="914" hits="2"/><line number="918" hits="7"/><line number="919" hits="4"/><line number="920" hits="7"/><line number="921" hits="3"/><line number="926" hits="2"/><line number="927" hits="0"/><line number="928" hits="0"/><line number="929" hits="0"/><line number="935" hits="3"/><line number="936" hits="1"/><line number="938" hits="0"/><line number="942" hits="1"/><line number="945" hits="23"/><line number="947" hits="1"/><line number="948" hits="1"/><line number="949" hits="0"/><line number="952" hits="1"/><line number="958" hits="2"/><line number="965" hits="3"/><line number="970" hits="3"/><line number="982" hits="3"/><line number="987" hits="3"/></lines></class><class name="recursion_safety_tests" filename="src/semantic/recursion_safety_tests.rs" line-rate="1" branch-rate="0" complexity="0"><methods/><lines><line number="7" hits="9"/><line number="8" hits="18"/><line number="9" hits="27"/><line number="10" hits="18"/><line number="14" hits="9"/><line number="15" hits="18"/></lines></class><class name="resolver" filename="src/semantic/resolver.rs" line-rate="0.8782608695652174" branch-rate="0" complexity="0"><methods/><lines><line number="57" hits="71"/><line number="58" hits="69"/><line number="128" hits="73"/><line number="130" hits="72"/><line number="135" hits="13"/><line number="136" hits="15"/><line number="163" hits="22"/><line number="167" hits="24"/><line number="168" hits="22"/><line number="169" hits="22"/><line number="170" hits="18"/><line number="174" hits="13"/><line number="175" hits="13"/><line number="176" hits="14"/><line number="180" hits="37"/><line number="181" hits="34"/><line number="187" hits="8"/><line number="193" hits="16"/><line number="194" hits="24"/><line number="195" hits="8"/><line number="196" hits="8"/><line number="197" hits="8"/><line number="198" hits="8"/><line number="199" hits="8"/><line number="205" hits="7"/><line number="206" hits="5"/><line number="210" hits="11"/><line number="211" hits="19"/><line number="212" hits="11"/><line number="213" hits="3"/><line number="216" hits="8"/><line number="220" hits="11"/><line number="221" hits="22"/><line number="225" hits="15"/><line number="226" hits="26"/><line number="227" hits="19"/><line number="228" hits="6"/><line number="231" hits="9"/><line number="235" hits="4"/><line number="240" hits="8"/><line number="244" hits="6"/><line number="245" hits="11"/><line number="246" hits="8"/><line number="247" hits="2"/><line number="250" hits="6"/><line number="254" hits="2"/><line number="255" hits="4"/><line number="259" hits="0"/><line number="264" hits="0"/><line number="265" hits="0"/><line number="266" hits="0"/><line number="267" hits="0"/><line number="271" hits="0"/><line number="310" hits="1"/><line number="313" hits="2"/><line number="314" hits="2"/><line number="315" hits="1"/><line number="319" hits="1"/><line number="320" hits="3"/><line number="321" hits="1"/><line number="322" hits="1"/><line number="327" hits="0"/><line number="331" hits="42"/><line number="332" hits="84"/><line number="333" hits="129"/><line number="334" hits="39"/><line number="335" hits="43"/><line number="336" hits="44"/><line number="337" hits="42"/><line number="338" hits="0"/><line number="339" hits="0"/><line number="348" hits="9"/><line number="349" hits="18"/><line number="350" hits="27"/><line number="351" hits="8"/><line number="352" hits="9"/><line number="353" hits="9"/><line number="354" hits="8"/><line number="355" hits="0"/><line number="356" hits="0"/><line number="362" hits="30"/><line number="363" hits="62"/><line number="364" hits="55"/><line number="365" hits="25"/><line number="368" hits="19"/><line number="388" hits="28"/><line number="389" hits="71"/><line number="409" hits="5"/><line number="410" hits="5"/><line number="433" hits="0"/><line number="434" hits="0"/><line number="436" hits="0"/><line number="456" hits="9"/><line number="457" hits="16"/><line number="458" hits="6"/><line number="459" hits="6"/><line number="460" hits="5"/><line number="480" hits="1"/><line number="481" hits="3"/><line number="485" hits="4"/><line number="486" hits="8"/><line number="487" hits="8"/><line number="488" hits="4"/><line number="513" hits="1"/><line number="514" hits="1"/><line number="516" hits="3"/><line number="517" hits="3"/><line number="535" hits="1"/><line number="536" hits="3"/><line number="554" hits="1"/><line number="555" hits="3"/><line number="574" hits="1"/><line number="575" hits="3"/><line number="580" hits="1"/><line number="581" hits="1"/></lines></class><class name="sentry_conversion_tests" filename="src/semantic/sentry_conversion_tests.rs" line-rate="1" branch-rate="0" complexity="0"><methods/><lines><line number="10" hits="1"/><line number="12" hits="1"/><line number="13" hits="1"/><line number="14" hits="2"/><line number="22" hits="1"/><line number="24" hits="1"/><line number="25" hits="1"/><line number="26" hits="1"/></lines></class><class name="types" filename="src/semantic/types.rs" line-rate="1" branch-rate="0" complexity="0"><methods/><lines><line number="141" hits="3"/><line number="142" hits="11"/><line number="143" hits="2"/><line number="144" hits="1"/><line number="145" hits="2"/><line number="146" hits="1"/><line number="147" hits="1"/><line number="148" hits="1"/><line number="149" hits="1"/><line number="150" hits="1"/><line number="152" hits="2"/><line number="153" hits="2"/><line number="154" hits="2"/><line number="156" hits="2"/><line number="157" hits="2"/><line number="158" hits="2"/><line number="159" hits="2"/><line number="160" hits="2"/><line number="161" hits="1"/><line number="162" hits="1"/><line number="163" hits="1"/><line number="164" hits="1"/><line number="165" hits="1"/><line number="166" hits="1"/><line number="167" hits="3"/><line number="187" hits="1"/><line number="188" hits="1"/><line number="189" hits="1"/><line number="190" hits="1"/><line number="191" hits="1"/><line number="192" hits="1"/><line number="193" hits="1"/><line number="194" hits="1"/><line number="195" hits="1"/><line number="196" hits="1"/><line number="197" hits="1"/><line number="198" hits="1"/><line number="199" hits="1"/><line number="200" hits="2"/><line number="201" hits="1"/><line number="202" hits="1"/><line number="204" hits="1"/><line number="206" hits="1"/><line number="208" hits="1"/><line number="209" hits="1"/><line number="216" hits="1"/><line number="217" hits="1"/><line number="218" hits="1"/><line number="219" hits="1"/><line number="220" hits="1"/><line number="221" hits="1"/><line number="222" hits="1"/><line number="223" hits="1"/><line number="224" hits="1"/><line number="225" hits="1"/><line number="226" hits="1"/><line number="227" hits="1"/><line number="228" hits="1"/><line number="229" hits="1"/><line number="234" hits="2"/><line number="235" hits="5"/><line number="236" hits="2"/><line number="237" hits="1"/><line number="238" hits="1"/><line number="239" hits="1"/><line number="240" hits="1"/><line number="242" hits="2"/><line number="243" hits="2"/><line number="244" hits="2"/><line number="246" hits="1"/><line number="265" hits="10"/><line number="267" hits="16"/><line number="268" hits="11"/><line number="270" hits="4"/><line number="272" hits="8"/></lines></class><class name="validation" filename="src/semantic/validation.rs" line-rate="0.9834710743801653" branch-rate="0" complexity="0"><methods/><lines><line number="13" hits="67"/><line number="14" hits="119"/><line number="15" hits="59"/><line number="17" hits="58"/><line number="20" hits="60"/><line number="21" hits="54"/><line number="22" hits="0"/><line number="27" hits="58"/><line number="28" hits="51"/><line number="29" hits="105"/><line number="30" hits="54"/><line number="38" hits="52"/><line number="41" hits="51"/><line number="42" hits="52"/><line number="43" hits="0"/><line number="48" hits="101"/><line number="49" hits="100"/><line number="51" hits="51"/><line number="54" hits="50"/><line number="55" hits="53"/><line number="56" hits="5"/><line number="61" hits="107"/><line number="62" hits="56"/><line number="63" hits="96"/><line number="64" hits="52"/
[...]
number="1009" hits="1"/><line number="1015" hits="4"/><line number="1016" hits="2"/><line number="1017" hits="2"/><line number="1023" hits="4"/><line number="1024" hits="2"/><line number="1025" hits="2"/><line number="1031" hits="2"/><line number="1032" hits="1"/><line number="1033" hits="1"/><line number="1042" hits="7"/><line number="1043" hits="0"/><line number="1044" hits="0"/><line number="1045" hits="0"/><line number="1046" hits="0"/><line number="1047" hits="0"/><line number="1048" hits="4"/><line number="1049" hits="0"/><line number="1050" hits="6"/><line number="1051" hits="2"/><line number="1052" hits="13"/><line number="1053" hits="2"/><line number="1054" hits="2"/><line number="1055" hits="2"/><line number="1059" hits="8"/><line number="1065" hits="13"/><line number="1066" hits="13"/><line number="1069" hits="3"/><line number="1075" hits="5"/><line number="1077" hits="2"/><line number="1081" hits="2"/><line number="1085" hits="8"/><line number="1086" hits="2"/><line number="1087" hits="3"/><line number="1088" hits="5"/><line number="1091" hits="4"/><line number="1094" hits="3"/><line number="1102" hits="6"/><line number="1103" hits="5"/><line number="1111" hits="2"/><line number="1126" hits="10"/><line number="1131" hits="9"/><line number="1132" hits="33"/><line number="1134" hits="10"/><line number="1136" hits="0"/><line number="1139" hits="14"/><line number="1141" hits="3"/><line number="1146" hits="2"/><line number="1147" hits="4"/><line number="1148" hits="1"/><line number="1150" hits="2"/><line number="1152" hits="10"/><line number="1153" hits="0"/><line number="1154" hits="0"/><line number="1155" hits="0"/><line number="1159" hits="10"/><line number="1160" hits="8"/><line number="1193" hits="8"/><line number="1194" hits="7"/><line number="1195" hits="8"/><line number="1213" hits="13"/><line number="1214" hits="13"/><line number="1217" hits="30"/><line number="1218" hits="29"/><line number="1221" hits="6"/><line number="1222" hits="7"/><line number="1225" hits="24"/><line number="1226" hits="28"/><line number="1227" hits="56"/><line number="1230" hits="1"/><line number="1231" hits="1"/><line number="1232" hits="2"/><line number="1233" hits="4"/><line number="1236" hits="6"/><line number="1237" hits="6"/><line number="1239" hits="0"/><line number="1240" hits="0"/><line number="1243" hits="4"/><line number="1244" hits="6"/><line number="1245" hits="6"/><line number="1247" hits="2"/><line number="1251" hits="2"/><line number="1252" hits="4"/><line number="1257" hits="1"/><line number="1258" hits="1"/><line number="1259" hits="1"/><line number="1260" hits="2"/><line number="1261" hits="2"/><line number="1263" hits="2"/><line number="1271" hits="11"/><line number="1273" hits="11"/><line number="1274" hits="17"/><line number="1277" hits="4"/><line number="1279" hits="4"/><line number="1280" hits="7"/><line number="1283" hits="4"/><line number="1284" hits="6"/><line number="1285" hits="4"/><line number="1287" hits="10"/><line number="1299" hits="10"/><line number="1304" hits="10"/><line number="1307" hits="27"/><line number="1309" hits="15"/><line number="1312" hits="6"/><line number="1316" hits="19"/><line number="1317" hits="14"/><line number="1320" hits="2"/><line number="1321" hits="2"/><line number="1323" hits="4"/><line number="1324" hits="2"/><line number="1331" hits="1"/><line number="1332" hits="2"/><line number="1333" hits="2"/><line number="1336" hits="4"/><line number="1337" hits="5"/><line number="1338" hits="4"/><line number="1339" hits="7"/></lines></class><class name="main" filename="src/main.rs" line-rate="0" branch-rate="0" complexity="0"><methods/><lines><line number="16" hits="0"/><line number="17" hits="0"/><line number="20" hits="0"/><line number="21" hits="0"/><line number="24" hits="0"/><line number="25" hits="0"/><line number="26" hits="0"/><line number="31" hits="0"/><line number="39" hits="0"/><line number="40" hits="0"/><line number="43" hits="0"/><line number="44" hits="0"/><line number="47" hits="0"/><line number="48" hits="0"/><line number="51" hits="0"/><line number="52" hits="0"/><line number="55" hits="0"/><line number="56" hits="0"/><line number="59" hits="0"/><line number="60" hits="0"/><line number="63" hits="0"/><line number="64" hits="0"/><line number="67" hits="0"/><line number="69" hits="0"/><line number="80" hits="0"/><line number="82" hits="0"/><line number="93" hits="0"/><line number="95" hits="0"/><line number="106" hits="0"/><line number="108" hits="0"/><line number="119" hits="0"/><line number="121" hits="0"/><line number="132" hits="0"/><line number="134" hits="0"/><line number="145" hits="0"/><line number="147" hits="0"/><line number="159" hits="0"/><line number="163" hits="0"/></lines></class><class name="text" filename="src/text.rs" line-rate="0.9" branch-rate="0" complexity="0"><methods/><lines><line number="46" hits="84"/><line number="47" hits="78"/><line number="51" hits="180"/><line number="52" hits="189"/><line number="55" hits="63"/><line number="56" hits="135"/><line number="58" hits="64"/><line number="59" hits="69"/><line number="61" hits="273"/><line number="63" hits="84"/><line number="64" hits="89"/><line number="68" hits="165"/><line number="69" hits="77"/><line number="75" hits="71"/><line number="92" hits="0"/><line number="93" hits="0"/><line number="96" hits="63"/><line number="98" hits="73"/><line number="101" hits="65"/><line number="103" hits="80"/><line number="104" hits="78"/><line number="111" hits="83"/><line number="113" hits="85"/><line number="114" hits="0"/><line number="118" hits="159"/><line number="119" hits="75"/><line number="121" hits="81"/><line number="122" hits="12"/><line number="123" hits="3"/><line number="126" hits="3"/><line number="127" hits="6"/><line number="128" hits="3"/><line number="129" hits="0"/><line number="132" hits="6"/><line number="133" hits="3"/><line number="135" hits="0"/><line number="138" hits="9"/><line number="139" hits="3"/><line number="141" hits="3"/><line number="144" hits="6"/><line number="150" hits="152"/><line number="151" hits="99"/><line number="154" hits="160"/><line number="155" hits="84"/><line number="168" hits="96"/><line number="169" hits="109"/><line number="170" hits="21"/><line number="174" hits="133"/><line number="179" hits="91"/><line number="180" hits="188"/></lines></class></classes></package><package name="src/parser" line-rate="0.9411764705882353" branch-rate="0" complexity="0"><classes><class name="common" filename="src/parser/common.rs" line-rate="1" branch-rate="0" complexity="0"><methods/><lines><line number="6" hits="35"/><line number="7" hits="70"/><line number="8" hits="36"/><line number="10" hits="2"/><line number="11" hits="6"/></lines></class><class name="declarations" filename="src/parser/declarations.rs" line-rate="0.8918918918918919" branch-rate="0" complexity="0"><methods/><lines><line number="20" hits="9"/><line number="21" hits="9"/><line number="22" hits="19"/><line number="23" hits="19"/><line number="25" hits="39"/><line number="26" hits="20"/><line number="27" hits="11"/><line number="29" hits="9"/><line number="30" hits="20"/><line number="31" hits="20"/><line number="35" hits="35"/><line number="36" hits="20"/><line number="37" hits="8"/><line number="45" hits="12"/><line number="46" hits="0"/><line number="47" hits="0"/><line number="51" hits="10"/><line number="56" hits="10"/><line number="57" hits="10"/><line number="58" hits="20"/><line number="60" hits="28"/><line number="61" hits="18"/><line number="62" hits="8"/><line number="63" hits="9"/><line number="64" hits="20"/><line number="70" hits="8"/><line number="71" hits="0"/><line number="73" hits="0"/><line number="77" hits="11"/><line number="78" hits="18"/><line number="79" hits="20"/><line number="85" hits="5"/><line number="86" hits="5"/><line number="87" hits="10"/><line number="88" hits="10"/><line number="90" hits="12"/><line number="91" hits="6"/><line number="92" hits="2"/><line number="94" hits="2"/><line number="95" hits="6"/><line number="96" hits="6"/><line number="100" hits="12"/><line number="101" hits="6"/><line number="102" hits="2"/><line number="110" hits="2"/><line number="111" hits="0"/><line number="112" hits="0"/><line number="116" hits="3"/><line number="121" hits="4"/><line number="122" hits="2"/><line number="123" hits="6"/><line number="124" hits="4"/><line number="126" hits="6"/><line number="130" hits="6"/><line number="132" hits="2"/><line number="133" hits="2"/><line number="134" hits="4"/><line number="138" hits="4"/><line number="143" hits="4"/><line number="144" hits="4"/><line number="145" hits="6"/><line number="146" hits="6"/><line number="147" hits="2"/><line number="148" hits="4"/><line number="150" hits="12"/><line number="151" hits="6"/><line number="152" hits="2"/><line number="153" hits="4"/><line number="155" hits="1"/><line number="156" hits="1"/><line number="159" hits="4"/><line number="160" hits="6"/><line number="161" hits="6"/><line number="165" hits="1"/><line number="166" hits="2"/><line number="174" hits="5"/><line number="175" hits="0"/><line number="176" hits="0"/><line number="180" hits="10"/><line number="183" hits="6"/><line number="185" hits="3"/><line number="186" hits="3"/><line number="188" hits="3"/><line number="189" hits="6"/><line number="190" hits="1"/><line number="192" hits="3"/><line number="199" hits="2"/><line number="200" hits="2"/><line number="201" hits="2"/><line number="202" hits="4"/><line number="203" hits="4"/><line number="205" hits="8"/><line number="206" hits="4"/><line number="209" hits="6"/><line number="210" hits="2"/><line number="211" hits="4"/><line number="212" hits="4"/><line number="214" hits="6"/><line number="215" hits="2"/><line number="216" hits="2"/><line number="217" hits="4"/><line number="222" hits="9"/><line number="223" hits="4"/><line number="224" hits="2"/><line number="232" hits="5"/><line number="233" hits="0"/><line number="234" hits="0"/><line number="238" hits="3"/><line number="241" hits="2"/><line number="247" hits="7"/><line number="248" hits="11"/><line number="249" hits="18"/><line number="250" hits="18"/><line number="252" hits="37"/><line number="253" hits="18"/><line number="256" hits="30"/><line number="257" hits="26"/><line number="258" hits="10"/><line number="264" hits="34"/><line number="265" hits="16"/><line number="266" hits="8"/><line number="272" hits="0"/><line number="283" hits="6"/><line number="284" hits="0"/><line number="285" hits="0"/><line number="289" hits="5"/><line number="294" hits="2"/><line number="295" hits="2"/><line number="296" hits="4"/><line number="297" hits="2"/><line number="299" hits="8"/><line number="300" hits="4"/><line number="302" hits="2"/><line number="303" hits="4"/><line number="304" hits="4"/><line number="307" hits="2"/><line number="309" hits="4"/><line number="317" hits="2"/><line number="318" hits="0"/><line number="319" hits="0"/><line number="323" hits="4"/><line number="326" hits="5"/><line number="328" hits="2"/><line number="329" hits="3"/><line number="330" hits="2"/><line number="331" hits="3"/><line number="332" hits="5"/><line number="334" hits="0"/></lines></class><class name="expressions" filename="src/parser/expressions.rs" line-rate="0.9397590361445783" branch-rate="0" complexity="0"><methods/><lines><line number="12" hits="52"/><line number="13" hits="56"/><line number="14" hits="109"/><line number="16" hits="216"/><line number="17" hits="107"/><line number="18" hits="50"/><line number="23" hits="123"/><line number="24" hits="21"/><line number="27" hits="61"/><line number="31" hits="56"/><line number="32" hits="52"/><line number="34" hits="49"/><line number="35" hits="12"/><line number="36" hits="26"/><line number="37" hits="10"/><line number="40" hits="12"/><line number="41" hits="6"/><line number="43" hits="6"/><line number="46" hits="102"/><line number="48" hits="2"/><line number="56" hits="5"/><line number="57" hits="5"/><line number="58" hits="13"/><line number="59" hits="28"/><line number="60" hits="14"/><line number="61" hits="7"/><line number="64" hits="7"/><line number="71" hits="14"/><line number="72" hits="27"/><line number="73" hits="25"/><line number="74" hits="25"/><line number="75" hits="25"/><line number="76" hits="53"/><line number="77" hits="28"/><line number="78" hits="14"/><line number="81" hits="15"/><line number="84" hits="1"/><line number="87" hits="5"/><line number="88" hits="5"/><line number="90" hits="10"/><line number="91" hits="5"/><line number="92" hits="10"/><line number="93" hits="10"/><line number="96" hits="11"/><line number="97" hits="12"/><line number="100" hits="6"/><line number="101" hits="6"/><line number="103" hits="11"/><line number="104" hits="5"/><line number="106" hits="0"/><line number="107" hits="0"/><line number="108" hits="0"/><line number="111" hits="0"/><line number="113" hits="0"/><line number="117" hits="5"/><line number="118" hits="10"/><line number="119" hits="5"/><line number="123" hits="3"/><line number="125" hits="3"/><line number="126" hits="3"/><line number="127" hits="3"/><line number="128" hits="6"/><line number="130" hits="3"/><line number="132" hits="3"/><line number="136" hits="14"/><line number="137" hits="14"/><line number="138" hits="14"/><line number="141" hits="50"/><line number="142" hits="105"/><line number="144" hits="15"/><line number="146" hits="45"/><line number="147" hits="45"/><line number="149" hits="15"/><line number="152" hits="69"/><line number="153" hits="37"/><line number="156" hits="6"/><line number="157" hits="6"/><line number="158" hits="4"/><line number="160" hits="50"/><line number="161" hits="103"/><line number="162" hits="103"/><line number="164" hits="1"/><line number="166" hits="2"/></lines></class><class name="grammar" filename="src/parser/grammar.rs" line-rate="1" branch-rate="0" complexity="0"><methods/><lines><line number="116" hits="69"/><line number="117" hits="65"/></lines></class><class name="mod" filename="src/parser/mod.rs" line-rate="0.9411764705882353" branch-rate="0" complexity="0"><methods/><lines><line number="43" hits="16"/><line number="44" hits="34"/><line number="61" hits="98"/><line number="62" hits="95"/><line number="66" hits="95"/><line number="68" hits="93"/><line number="70" hits="89"/><line number="72" hits="84"/><line number="74" hits="281"/><line number="75" hits="211"/><line number="76" hits="77"/><line number="79" hits="154"/><line number="80" hits="228"/><line number="81" hits="165"/><line number="82" hits="70"/><line number="88" hits="61"/><line number="91" hits="74"/><line number="92" hits="63"/><line number="93" hits="120"/><line number="95" hits="143"/><line number="97" hits="125"/><line number="98" hits="5"/><line number="99" hits="17"/><line number="103" hits="20"/><line number="104" hits="12"/><line number="105" hits="10"/><line number="110" hits="6"/><line number="111" hits="2"/><line number="112" hits="5"/><line number="117" hits="4"/><line number="118" hits="2"/><line number="120" hits="112"/><line number="121" hits="0"/><line number="123" hits="0"/></lines></class><class name="numerals" filename="src/parser/numerals.rs" line-rate="1" branch-rate="0" complexity="0"><methods/><lines><line number="36" hits="6"/><line number="37" hits="4"/><line number="38" hits="4"/><line number="44" hits="5"/><line number="46" hits="18"/><line number="48" hits="17"/><line number="49" hits="6"/><line number="57" hits="3"/><line number="58" hits="3"/><line number="63" hits="5"/><line number="64" hits="3"/><line number="65" hits="3"/><line number="66" hits="3"/><line number="67" hits="3"/><line number="68" hits="2"/><line number="69" hits="2"/><line number="70" hits="2"/><line number="71" hits="2"/><line number="72" hits="2"/><line number="73" hits="3"/><line number="74" hits="3"/><line number="75" hits="2"/><line number="76" hits="2"/><line number="77" hits="2"/><line number="78" hits="2"/><line number="79" hits="2"/><line number="80" hits="2"/><line number="81" hits="2"/><line number="82" hits="2"/><line number="83" hits="2"/><line number="84" hits="2"/><line number="85" hits="2"/><line number="86" hits="2"/><line number="87" hits="2"/><line number="88" hits="2"/><line number="89" hits="2"/><line number="90" hits="2"/><line number="92" hits="6"/><line number="94" hits="3"/><line number="99" hits="8"/><line number="100" hits="4"/><line number="101" hits="4"/><line number="103" hits="10"/><line number="104" hits="4"/><line number="105" hits="4"/><line number="108" hits="5"/><line number="113" hits="4"/><line number="114" hits="2"/><line number="117" hits="3"/></lines></class><class name="recursion" filename="src/parser/recursion.rs" line-rate="1" branch-rate="0" complexity="0"><methods/><lines><line number="9" hits="86"/><line number="11" hits="92"/><line number="12" hits="80"/><line number="13" hits="84"/><line number="14" hits="78"/><line number="21" hits="87"/><line number="22" hits="163"/><line number="23" hits="78"/><line number="25" hits="115"/><line number="26" hits="25"/><line number="27" hits="49"/><line number="29" hits="62"/><line number="37" hits="146"/><line number="39" hits="23"/><line number="40" hits="11"/><line number="41" hits="2"/><line number="44" hits="23"/><line number="49" hits="127"/><line number="51" hits="11"/><line number="53" hits="18"/><line number="57" hits="77"/><line number="59" hits="98"/><line number="60" hits="28"/><line number="61" hits="31"/><line number="63" hits="44"/><line number="64" hits="85"/><line number="65" hits="42"/><line number="66" hits="5"/><line number="68" hits="88"/><line number="70" hits="42"/><line number="71" hits="39"/><line number="72" hits="79"/><line number="74" hits="24"/><line number="76" hits="12"/><line number="77" hits="24"/><line number="78" hits="12"/><line number="79" hits="24"/><line number="80" hits="24"/><line number="85" hits="76"/><line number="86" hits="154"/><line number="91" hits="70"/></lines></class><class name="statements" filename="src/parser/statements.rs" line-rate="1" branch-rate="0" complexity="0"><methods/><lines><line number="7" hits="57"/><line number="11" hits="125"/><line number="12" hits="122"/><line number="14" hits="102"/><line number="15" hits="114"/><line number="16" hits="62"/><line number="17" hits="47"/><line number="27" hits="56"/><line number="28" hits="54"/><line number="29" hits="107"/><line number="30" hits="222"/><line number="31" hits="104"/><line number="32" hits="54"/><line number="35" hits="54"/><line number="42" hits="51"/><line number="43" hits="53"/><line number="44" hits="106"/><line number="46" hits="221"/><line number="47" hits="104"/><line number="48" hits="51"/><line number="51" hits="55"/><line number="54" hits="62"/><line number="55" hits="53"/><line number="56" hits="62"/><line number="57" hits="117"/><line number="58" hits="118"/><line number="59" hits="5"/><line number="60" hits="4"/><line number="64" hits="47"/></lines></class></classes></package><package name="src/errors" line-rate="1" branch-rate="0" complexity="0"><classes><class name="mod" filename="src/errors/mod.rs" line-rate="1" branch-rate="0" complexity="0"><methods/><lines><line number="166" hits="18"/><line number="168" hits="18"/><line number="169" hits="18"/><line number="193" hits="1"/><line number="199" hits="1"/><line number="200" hits="1"/><line number="201" hits="1"/><line number="218" hits="45"/><line number="220" hits="44"/><line number="239" hits="4"/><line number="240" hits="4"/><line number="257" hits="1"/><line number="259" hits="1"/><line number="278" hits="1"/><line number="280" hits="1"/><line number="285" hits="2"/><line number="286" hits="2"/><line number="287" hits="1"/><line number="288" hits="2"/><line number="289" hits="1"/><line number="290" hits="1"/><line number="291" hits="1"/><line number="292" hits="1"/><line number="293" hits="1"/></lines></class></classes></package><package name="fuzz/fuzz_targets" line-rate="0" branch-rate="0" complexity="0"><classes></classes></package></packages></coverage>