SF:/app/src/ast.rs
FN:560,_RNvXs5_NtCs9KblgwEcMZ8_6glossa3astNtB5_4ExprNtNtNtCs4kUJL3MZFFz_4core3ops4drop4Drop4drop
FN:255,_RNvMs1_NtCs9KblgwEcMZ8_6glossa3astNtB5_9Statement12is_propagate
FN:266,_RNvMs1_NtCs9KblgwEcMZ8_6glossa3astNtB5_9Statement7clauses
FN:244,_RNvMs1_NtCs9KblgwEcMZ8_6glossa3astNtB5_9Statement8is_query
FN:51,_RNvXNtCs9KblgwEcMZ8_6glossa3astNtB2_7ProgramNtNtCs4kUJL3MZFFz_4core3fmt5Debug3fmt
FN:222,_RNvXs0_NtCs9KblgwEcMZ8_6glossa3astNtB5_9StatementNtNtCs4kUJL3MZFFz_4core3fmt5Debug3fmt
FN:397,_RNvXs2_NtCs9KblgwEcMZ8_6glossa3astNtB5_4ExprNtNtCs4kUJL3MZFFz_4core3fmt5Debug3fmt
FN:442,_RNvXs3_NtCs9KblgwEcMZ8_6glossa3astNtB5_4ExprNtNtCs4kUJL3MZFFz_4core5clone5Clone5clone
FN:482,_RNvXs4_NtCs9KblgwEcMZ8_6glossa3astNtB5_4ExprNtNtCs4kUJL3MZFFz_4core3cmp9PartialEq2eq
FN:212,_RNvXs_NtCs9KblgwEcMZ8_6glossa3astNtB4_6ClauseNtNtCs4kUJL3MZFFz_4core3fmt5Debug3fmt
FN:752,_RINvMs6_NtCs9KblgwEcMZ8_6glossa3astNtB6_4Word3newReEB8_
FN:52,_RNCNvXNtCs9KblgwEcMZ8_6glossa3astNtB4_7ProgramNtNtCs4kUJL3MZFFz_4core3fmt5Debug3fmt0B6_
FN:223,_RNCNvXs0_NtCs9KblgwEcMZ8_6glossa3astNtB7_9StatementNtNtCs4kUJL3MZFFz_4core3fmt5Debug3fmt0B9_
FN:398,_RNCNvXs2_NtCs9KblgwEcMZ8_6glossa3astNtB7_4ExprNtNtCs4kUJL3MZFFz_4core3fmt5Debug3fmt0B9_
FN:444,_RNCNvXs3_NtCs9KblgwEcMZ8_6glossa3astNtB7_4ExprNtNtCs4kUJL3MZFFz_4core5clone5Clone5clone0B9_
FN:484,_RNCNvXs4_NtCs9KblgwEcMZ8_6glossa3astNtB7_4ExprNtNtCs4kUJL3MZFFz_4core3cmp9PartialEq2eq0B9_
FN:562,_RNCNvXs5_NtCs9KblgwEcMZ8_6glossa3astNtB7_4ExprNtNtNtCs4kUJL3MZFFz_4core3ops4drop4Drop4drop0B9_
FN:213,_RNCNvXs_NtCs9KblgwEcMZ8_6glossa3astNtB6_6ClauseNtNtCs4kUJL3MZFFz_4core3fmt5Debug3fmt0B8_
FNDA:8,_RNvXs5_NtCs9KblgwEcMZ8_6glossa3astNtB5_4ExprNtNtNtCs4kUJL3MZFFz_4core3ops4drop4Drop4drop
FNDA:2,_RNvMs1_NtCs9KblgwEcMZ8_6glossa3astNtB5_9Statement12is_propagate
FNDA:6,_RNvMs1_NtCs9KblgwEcMZ8_6glossa3astNtB5_9Statement7clauses
FNDA:2,_RNvMs1_NtCs9KblgwEcMZ8_6glossa3astNtB5_9Statement8is_query
FNDA:0,_RNvXNtCs9KblgwEcMZ8_6glossa3astNtB2_7ProgramNtNtCs4kUJL3MZFFz_4core3fmt5Debug3fmt
FNDA:0,_RNvXs0_NtCs9KblgwEcMZ8_6glossa3astNtB5_9StatementNtNtCs4kUJL3MZFFz_4core3fmt5Debug3fmt
FNDA:0,_RNvXs2_NtCs9KblgwEcMZ8_6glossa3astNtB5_4ExprNtNtCs4kUJL3MZFFz_4core3fmt5Debug3fmt
FNDA:0,_RNvXs3_NtCs9KblgwEcMZ8_6glossa3astNtB5_4ExprNtNtCs4kUJL3MZFFz_4core5clone5Clone5clone
FNDA:0,_RNvXs4_NtCs9KblgwEcMZ8_6glossa3astNtB5_4ExprNtNtCs4kUJL3MZFFz_4core3cmp9PartialEq2eq
FNDA:0,_RNvXs_NtCs9KblgwEcMZ8_6glossa3astNtB4_6ClauseNtNtCs4kUJL3MZFFz_4core3fmt5Debug3fmt
FNDA:0,_RINvMs6_NtCs9KblgwEcMZ8_6glossa3astNtB6_4Word3newReEB8_
FNDA:0,_RNCNvXNtCs9KblgwEcMZ8_6glossa3astNtB4_7ProgramNtNtCs4kUJL3MZFFz_4core3fmt5Debug3fmt0B6_
FNDA:0,_RNCNvXs0_NtCs9KblgwEcMZ8_6glossa3astNtB7_9StatementNtNtCs4kUJL3MZFFz_4core3fmt5Debug3fmt0B9_
FNDA:0,_RNCNvXs2_NtCs9KblgwEcMZ8_6glossa3astNtB7_4ExprNtNtCs4kUJL3MZFFz_4core3fmt5Debug3fmt0B9_
FNDA:0,_RNCNvXs3_NtCs9KblgwEcMZ8_6glossa3astNtB7_4ExprNtNtCs4kUJL3MZFFz_4core5clone5Clone5clone0B9_
FNDA:0,_RNCNvXs4_NtCs9KblgwEcMZ8_6glossa3astNtB7_4ExprNtNtCs4kUJL3MZFFz_4core3cmp9PartialEq2eq0B9_
FNDA:8,_RNCNvXs5_NtCs9KblgwEcMZ8_6glossa3astNtB7_4ExprNtNtNtCs4kUJL3MZFFz_4core3ops4drop4Drop4drop0B9_
FNDA:0,_RNCNvXs_NtCs9KblgwEcMZ8_6glossa3astNtB6_6ClauseNtNtCs4kUJL3MZFFz_4core3fmt5Debug3fmt0B8_
FNF:18
FNH:5
DA:51,0
DA:52,0
DA:53,0
DA:54,0
DA:55,0
DA:56,0
DA:57,0
DA:212,0
DA:213,0
DA:214,0
DA:215,0
DA:216,0
DA:217,0
DA:218,0
DA:222,0
DA:223,0
DA:225,0
DA:226,0
DA:227,0
DA:228,0
DA:229,0
DA:230,0
DA:231,0
DA:232,0
DA:233,0
DA:234,0
DA:235,0
DA:236,0
DA:237,0
DA:238,0
DA:239,0
DA:244,2
DA:245,2
DA:246,2
DA:247,0
DA:248,0
DA:249,0
DA:250,0
DA:252,2
DA:255,2
DA:256,2
DA:257,2
DA:258,0
DA:259,0
DA:260,0
DA:261,0
DA:263,2
DA:266,6
DA:267,6
DA:268,6
DA:269,0
DA:270,0
DA:271,0
DA:272,0
DA:274,6
DA:397,0
DA:398,0
DA:399,0
DA:400,0
DA:401,0
DA:402,0
DA:403,0
DA:404,0
DA:405,0
DA:406,0
DA:407,0
DA:408,0
DA:409,0
DA:410,0
DA:411,0
DA:412,0
DA:413,0
DA:414,0
DA:415,0
DA:416,0
DA:417,0
DA:418,0
DA:419,0
DA:420,0
DA:421,0
DA:422,0
DA:423,0
DA:424,0
DA:425,0
DA:426,0
DA:427,0
DA:428,0
DA:429,0
DA:430,0
DA:431,0
DA:432,0
DA:433,0
DA:434,0
DA:435,0
DA:436,0
DA:437,0
DA:438,0
DA:442,0
DA:444,0
DA:445,0
DA:446,0
DA:447,0
DA:448,0
DA:449,0
DA:450,0
DA:451,0
DA:452,0
DA:453,0
DA:454,0
DA:455,0
DA:456,0
DA:457,0
DA:458,0
DA:459,0
DA:460,0
DA:461,0
DA:462,0
DA:463,0
DA:464,0
DA:465,0
DA:466,0
DA:467,0
DA:468,0
DA:469,0
DA:470,0
DA:471,0
DA:472,0
DA:473,0
DA:474,0
DA:475,0
DA:476,0
DA:477,0
DA:478,0
DA:482,0
DA:484,0
DA:485,0
DA:486,0
DA:487,0
DA:488,0
DA:491,0
DA:492,0
DA:495,0
DA:496,0
DA:498,0
DA:499,0
DA:500,0
DA:503,0
DA:504,0
DA:507,0
DA:508,0
DA:510,0
DA:513,0
DA:514,0
DA:517,0
DA:518,0
DA:520,0
DA:523,0
DA:524,0
DA:527,0
DA:528,0
DA:530,0
DA:533,0
DA:534,0
DA:535,0
DA:538,0
DA:539,0
DA:540,0
DA:542,0
DA:545,0
DA:546,0
DA:549,0
DA:550,0
DA:552,0
DA:553,0
DA:554,0
DA:555,0
DA:556,0
DA:560,8
DA:562,8
DA:564,8
DA:568,6
DA:569,2
DA:578,2
DA:579,2
DA:580,2
DA:581,2
DA:582,0
DA:583,0
DA:584,0
DA:585,0
DA:586,0
DA:587,0
DA:588,0
DA:589,0
DA:590,0
DA:591,0
DA:592,0
DA:593,0
DA:594,0
DA:595,0
DA:596,0
DA:597,0
DA:598,0
DA:599,0
DA:600,0
DA:601,0
DA:602,0
DA:603,0
DA:604,0
DA:605,0
DA:606,0
DA:607,0
DA:608,0
DA:609,0
DA:610,0
DA:611,0
DA:613,0
DA:615,8
DA:616,8
DA:752,0
DA:753,0
DA:754,0
DA:755,0
DA:756,0
DA:757,0
DA:758,0
DA:759,0
BRF:0
BRH:0
LF:234
LH:24
end_of_record
SF:/app/src/codegen.rs
FN:231,_RINvNtCs9KblgwEcMZ8_6glossa7codegen17transliterate_fmtNtNtCs4kUJL3MZFFz_4core3fmt9FormatterEB4_
FN:231,_RINvNtCs9KblgwEcMZ8_6glossa7codegen17transliterate_fmtNtNtCsauO83Ko6oyK_5alloc6string6StringEB4_
FN:215,_RNCNvNtCs9KblgwEcMZ8_6glossa7codegen13transliterate0B5_
FN:653,_RNCNvNtCs9KblgwEcMZ8_6glossa7codegen14generate_match0B5_
FN:682,_RNCNvNtCs9KblgwEcMZ8_6glossa7codegen15generate_fn_def0B5_
FN:1132,_RNCNvNtCs9KblgwEcMZ8_6glossa7codegen16generate_closure0B5_
FN:779,_RNCNvNtCs9KblgwEcMZ8_6glossa7codegen18generate_trait_def0B5_
FN:721,_RNCNvNtCs9KblgwEcMZ8_6glossa7codegen19generate_struct_def0B5_
FN:1085,_RNCNvNtCs9KblgwEcMZ8_6glossa7codegen19generate_struct_lit0B5_
FN:842,_RNCNvNtCs9KblgwEcMZ8_6glossa7codegen19generate_trait_impl0B5_
FN:748,_RNCNvNtCs9KblgwEcMZ8_6glossa7codegen27generate_trait_method_parts0B5_
FN:546,_RNCNvNtCs9KblgwEcMZ8_6glossa7codegen29generate_statement_expression0B5_
FN:594,_RNvNtCs9KblgwEcMZ8_6glossa7codegen11generate_if
FN:1193,_RNvNtCs9KblgwEcMZ8_6glossa7codegen11is_std_type
FN:633,_RNvNtCs9KblgwEcMZ8_6glossa7codegen12generate_for
FN:563,_RNvNtCs9KblgwEcMZ8_6glossa7codegen12generate_let
FN:276,_RNvNtCs9KblgwEcMZ8_6glossa7codegen12to_rust_type
FN:903,_RNvNtCs9KblgwEcMZ8_6glossa7codegen13generate_expr
FN:357,_RNvNtCs9KblgwEcMZ8_6glossa7codegen13generate_rust
FN:876,_RNvNtCs9KblgwEcMZ8_6glossa7codegen13generate_test
FN:1159,_RNvNtCs9KblgwEcMZ8_6glossa7codegen13is_std_method
FN:174,_RNvNtCs9KblgwEcMZ8_6glossa7codegen13sanitize_name
FN:207,_RNvNtCs9KblgwEcMZ8_6glossa7codegen13transliterate
FN:648,_RNvNtCs9KblgwEcMZ8_6glossa7codegen14generate_match
FN:574,_RNvNtCs9KblgwEcMZ8_6glossa7codegen14generate_print
FN:1257,_RNvNtCs9KblgwEcMZ8_6glossa7codegen14generate_range
FN:623,_RNvNtCs9KblgwEcMZ8_6glossa7codegen14generate_while
FN:110,_RNvNtCs9KblgwEcMZ8_6glossa7codegen14sanitize_ident
FN:989,_RNvNtCs9KblgwEcMZ8_6glossa7codegen15generate_bin_op
FN:672,_RNvNtCs9KblgwEcMZ8_6glossa7codegen15generate_fn_def
FN:1126,_RNvNtCs9KblgwEcMZ8_6glossa7codegen16generate_closure
FN:1236,_RNvNtCs9KblgwEcMZ8_6glossa7codegen17generate_unary_op
FN:1225,_RNvNtCs9KblgwEcMZ8_6glossa7codegen17generate_variable
FN:1146,_RNvNtCs9KblgwEcMZ8_6glossa7codegen17is_self_parameter
FN:443,_RNvNtCs9KblgwEcMZ8_6glossa7codegen18generate_rust_file
FN:490,_RNvNtCs9KblgwEcMZ8_6glossa7codegen18generate_statement
FN:767,_RNvNtCs9KblgwEcMZ8_6glossa7codegen18generate_trait_def
FN:1059,_RNvNtCs9KblgwEcMZ8_6glossa7codegen19generate_checked_op
FN:410,_RNvNtCs9KblgwEcMZ8_6glossa7codegen19generate_panic_hook
FN:486,_RNvNtCs9KblgwEcMZ8_6glossa7codegen19generate_statements
FN:709,_RNvNtCs9KblgwEcMZ8_6glossa7codegen19generate_struct_def
FN:1069,_RNvNtCs9KblgwEcMZ8_6glossa7codegen19generate_struct_lit
FN:818,_RNvNtCs9KblgwEcMZ8_6glossa7codegen19generate_trait_impl
FN:1299,_RNvNtCs9KblgwEcMZ8_6glossa7codegen20generate_method_call
FN:306,_RNvNtCs9KblgwEcMZ8_6glossa7codegen20generate_type_tokens
FN:1320,_RNvNtCs9KblgwEcMZ8_6glossa7codegen22generate_function_call
FN:1277,_RNvNtCs9KblgwEcMZ8_6glossa7codegen23generate_collection_new
FN:1331,_RNvNtCs9KblgwEcMZ8_6glossa7codegen23generate_control_assert
FN:1217,_RNvNtCs9KblgwEcMZ8_6glossa7codegen23generate_literal_number
FN:1213,_RNvNtCs9KblgwEcMZ8_6glossa7codegen23generate_literal_string
FN:482,_RNvNtCs9KblgwEcMZ8_6glossa7codegen23generate_statement_code
FN:1221,_RNvNtCs9KblgwEcMZ8_6glossa7codegen24generate_literal_boolean
FN:1230,_RNvNtCs9KblgwEcMZ8_6glossa7codegen24generate_property_access
FN:1271,_RNvNtCs9KblgwEcMZ8_6glossa7codegen25generate_collection_array
FN:1283,_RNvNtCs9KblgwEcMZ8_6glossa7codegen25generate_collection_index
FN:1094,_RNvNtCs9KblgwEcMZ8_6glossa7codegen25generate_memoized_closure
FN:553,_RNvNtCs9KblgwEcMZ8_6glossa7codegen25generate_statement_return
FN:1336,_RNvNtCs9KblgwEcMZ8_6glossa7codegen26generate_control_assert_eq
FN:532,_RNvNtCs9KblgwEcMZ8_6glossa7codegen26generate_statement_binding
FN:741,_RNvNtCs9KblgwEcMZ8_6glossa7codegen27generate_trait_method_parts
FN:538,_RNvNtCs9KblgwEcMZ8_6glossa7codegen29generate_statement_assignment
FN:544,_RNvNtCs9KblgwEcMZ8_6glossa7codegen29generate_statement_expression
FN:128,_RNvXNtCs9KblgwEcMZ8_6glossa7codegenNtB2_9SanitizerNtNtCs4kUJL3MZFFz_4core3fmt7Display3fmt
FNDA:0,_RINvNtCs9KblgwEcMZ8_6glossa7codegen17transliterate_fmtNtNtCs4kUJL3MZFFz_4core3fmt9FormatterEB4_
FNDA:0,_RINvNtCs9KblgwEcMZ8_6glossa7codegen17transliterate_fmtNtNtCsauO83Ko6oyK_5alloc6string6StringEB4_
FNDA:0,_RNCNvNtCs9KblgwEcMZ8_6glossa7codegen13transliterate0B5_
FNDA:0,_RNCNvNtCs9KblgwEcMZ8_6glossa7codegen14generate_match0B5_
FNDA:0,_RNCNvNtCs9KblgwEcMZ8_6glossa7codegen15generate_fn_def0B5_
FNDA:0,_RNCNvNtCs9KblgwEcMZ8_6glossa7codegen16generate_closure0B5_
FNDA:0,_RNCNvNtCs9KblgwEcMZ8_6glossa7codegen18generate_trait_def0B5_
FNDA:0,_RNCNvNtCs9KblgwEcMZ8_6glossa7codegen19generate_struct_def0B5_
FNDA:0,_RNCNvNtCs9KblgwEcMZ8_6glossa7codegen19generate_struct_lit0B5_
FNDA:0,_RNCNvNtCs9KblgwEcMZ8_6glossa7codegen19generate_trait_impl0B5_
FNDA:0,_RNCNvNtCs9KblgwEcMZ8_6glossa7codegen27generate_trait_method_parts0B5_
FNDA:0,_RNCNvNtCs9KblgwEcMZ8_6glossa7codegen29generate_statement_expression0B5_
FNDA:0,_RNvNtCs9KblgwEcMZ8_6glossa7codegen11generate_if
FNDA:0,_RNvNtCs9KblgwEcMZ8_6glossa7codegen11is_std_type
FNDA:0,_RNvNtCs9KblgwEcMZ8_6glossa7codegen12generate_for
FNDA:0,_RNvNtCs9KblgwEcMZ8_6glossa7codegen12generate_let
FNDA:0,_RNvNtCs9KblgwEcMZ8_6glossa7codegen12to_rust_type
FNDA:0,_RNvNtCs9KblgwEcMZ8_6glossa7codegen13generate_expr
FNDA:0,_RNvNtCs9KblgwEcMZ8_6glossa7codegen13generate_rust
FNDA:0,_RNvNtCs9KblgwEcMZ8_6glossa7codegen13generate_test
FNDA:0,_RNvNtCs9KblgwEcMZ8_6glossa7codegen13is_std_method
FNDA:0,_RNvNtCs9KblgwEcMZ8_6glossa7codegen13sanitize_name
FNDA:0,_RNvNtCs9KblgwEcMZ8_6glossa7codegen13transliterate
FNDA:0,_RNvNtCs9KblgwEcMZ8_6glossa7codegen14generate_match
FNDA:0,_RNvNtCs9KblgwEcMZ8_6glossa7codegen14generate_print
FNDA:0,_RNvNtCs9KblgwEcMZ8_6glossa7codegen14generate_range
FNDA:0,_RNvNtCs9KblgwEcMZ8_6glossa7codegen14generate_while
FNDA:0,_RNvNtCs9KblgwEcMZ8_6glossa7codegen14sanitize_ident
FNDA:0,_RNvNtCs9KblgwEcMZ8_6glossa7codegen15generate_bin_op
FNDA:0,_RNvNtCs9KblgwEcMZ8_6glossa7codegen15generate_fn_def
FNDA:0,_RNvNtCs9KblgwEcMZ8_6glossa7codegen16generate_closure
FNDA:0,_RNvNtCs9KblgwEcMZ8_6glossa7codegen17generate_unary_op
FNDA:0,_RNvNtCs9KblgwEcMZ8_6glossa7codegen17generate_variable
FNDA:0,_RNvNtCs9KblgwEcMZ8_6glossa7codegen17is_self_parameter
FNDA:0,_RNvNtCs9KblgwEcMZ8_6glossa7codegen18generate_rust_file
FNDA:0,_RNvNtCs9KblgwEcMZ8_6glossa7codegen18generate_statement
FNDA:0,_RNvNtCs9KblgwEcMZ8_6glossa7codegen18generate_trait_def
FNDA:0,_RNvNtCs9KblgwEcMZ8_6glossa7codegen19generate_checked_op
FNDA:0,_RNvNtCs9KblgwEcMZ8_6glossa7codegen19generate_panic_hook
FNDA:0,_RNvNtCs9KblgwEcMZ8_6glossa7codegen19generate_statements
FNDA:0,_RNvNtCs9KblgwEcMZ8_6glossa7codegen19generate_struct_def
FNDA:0,_RNvNtCs9KblgwEcMZ8_6glossa7codegen19generate_struct_lit
FNDA:0,_RNvNtCs9KblgwEcMZ8_6glossa7codegen19generate_trait_impl
FNDA:0,_RNvNtCs9KblgwEcMZ8_6glossa7codegen20generate_method_call
FNDA:0,_RNvNtCs9KblgwEcMZ8_6glossa7codegen20generate_type_tokens
FNDA:0,_RNvNtCs9KblgwEcMZ8_6glossa7codegen22generate_function_call
FNDA:0,_RNvNtCs9KblgwEcMZ8_6glossa7codegen23generate_collection_new
FNDA:0,_RNvNtCs9KblgwEcMZ8_6glossa7codegen23generate_control_assert
FNDA:0,_RNvNtCs9KblgwEcMZ8_6glossa7codegen23generate_literal_number
FNDA:0,_RNvNtCs9KblgwEcMZ8_6glossa7codegen23generate_literal_string
FNDA:0,_RNvNtCs9KblgwEcMZ8_6glossa7codegen23generate_statement_code
FNDA:0,_RNvNtCs9KblgwEcMZ8_6glossa7codegen24generate_literal_boolean
FNDA:0,_RNvNtCs9KblgwEcMZ8_6glossa7codegen24generate_property_access
FNDA:0,_RNvNtCs9KblgwEcMZ8_6glossa7codegen25generate_collection_array
FNDA:0,_RNvNtCs9KblgwEcMZ8_6glossa7codegen25generate_collection_index
FNDA:0,_RNvNtCs9KblgwEcMZ8_6glossa7codegen25generate_memoized_closure
FNDA:0,_RNvNtCs9KblgwEcMZ8_6glossa7codegen25generate_statement_return
FNDA:0,_RNvNtCs9KblgwEcMZ8_6glossa7codegen26generate_control_assert_eq
FNDA:0,_RNvNtCs9KblgwEcMZ8_6glossa7codegen26generate_statement_binding
FNDA:0,_RNvNtCs9KblgwEcMZ8_6glossa7codegen27generate_trait_method_parts
FNDA:0,_RNvNtCs9KblgwEcMZ8_6glossa7codegen29generate_statement_assignment
FNDA:0,_RNvNtCs9KblgwEcMZ8_6glossa7codegen29generate_statement_expression
FNDA:0,_RNvXNtCs9KblgwEcMZ8_6glossa7codegenNtB2_9SanitizerNtNtCs4kUJL3MZFFz_4core3fmt7Display3fmt
FNF:62
FNH:0
DA:110,0
DA:111,0
DA:113,0
DA:114,0
DA:115,0
DA:116,0
DA:117,0
DA:119,0
DA:128,0
DA:129,0
DA:130,0
DA:132,0
DA:135,0
DA:137,0
DA:138,0
DA:139,0
DA:141,0
DA:142,0
DA:174,0
DA:176,0
DA:177,0
DA:178,0
DA:179,0
DA:180,0
DA:181,0
DA:207,0
DA:208,0
DA:209,0
DA:210,0
DA:215,0
DA:217,0
DA:219,0
DA:220,0
DA:221,0
DA:224,0
DA:226,0
DA:227,0
DA:231,0
DA:232,0
DA:236,0
DA:237,0
DA:240,0
DA:243,0
DA:244,0
DA:276,0
DA:277,0
DA:278,0
DA:279,0
DA:280,0
DA:281,0
DA:282,0
DA:283,0
DA:284,0
DA:286,0
DA:287,0
DA:288,0
DA:290,0
DA:291,0
DA:292,0
DA:293,0
DA:294,0
DA:295,0
DA:297,0
DA:298,0
DA:300,0
DA:306,0
DA:307,0
DA:308,0
DA:309,0
DA:310,0
DA:311,0
DA:312,0
DA:313,0
DA:315,0
DA:316,0
DA:317,0
DA:319,0
DA:320,0
DA:321,0
DA:322,0
DA:324,0
DA:325,0
DA:326,0
DA:328,0
DA:329,0
DA:330,0
DA:331,0
DA:333,0
DA:334,0
DA:336,0
DA:338,0
DA:339,0
DA:340,0
DA:341,0
DA:342,0
DA:344,0
DA:347,0
DA:348,0
DA:350,0
DA:357,0
DA:359,0
DA:360,0
DA:361,0
DA:362,0
DA:363,0
DA:364,0
DA:366,0
DA:367,0
DA:368,0
DA:369,0
DA:371,0
DA:373,0
DA:374,0
DA:375,0
DA:383,0
DA:385,0
DA:387,0
DA:407,0
DA:408,0
DA:410,0
DA:411,0
DA:440,0
DA:443,0
DA:444,0
DA:447,0
DA:451,0
DA:482,0
DA:483,0
DA:484,0
DA:486,0
DA:487,0
DA:488,0
DA:490,0
DA:491,0
DA:493,0
DA:494,0
DA:495,0
DA:496,0
DA:497,0
DA:498,0
DA:499,0
DA:501,0
DA:502,0
DA:503,0
DA:504,0
DA:505,0
DA:507,0
DA:508,0
DA:509,0
DA:510,0
DA:511,0
DA:512,0
DA:513,0
DA:514,0
DA:516,0
DA:517,0
DA:518,0
DA:519,0
DA:520,0
DA:521,0
DA:522,0
DA:524,0
DA:525,0
DA:526,0
DA:527,0
DA:528,0
DA:530,0
DA:532,0
DA:534,0
DA:535,0
DA:536,0
DA:538,0
DA:539,0
DA:540,0
DA:541,0
DA:542,0
DA:544,0
DA:546,0
DA:547,0
DA:548,0
DA:549,0
DA:550,0
DA:551,0
DA:553,0
DA:554,0
DA:555,0
DA:556,0
DA:557,0
DA:559,0
DA:561,0
DA:563,0
DA:564,0
DA:565,0
DA:567,0
DA:568,0
DA:570,0
DA:572,0
DA:574,0
DA:575,0
DA:576,0
DA:580,0
DA:581,0
DA:582,0
DA:583,0
DA:584,0
DA:585,0
DA:589,0
DA:590,0
DA:592,0
DA:594,0
DA:595,0
DA:596,0
DA:597,0
DA:598,0
DA:599,0
DA:600,0
DA:602,0
DA:603,0
DA:604,0
DA:605,0
DA:614,0
DA:621,0
DA:623,0
DA:624,0
DA:625,0
DA:626,0
DA:631,0
DA:633,0
DA:634,0
DA:635,0
DA:636,0
DA:637,0
DA:638,0
DA:639,0
DA:640,0
DA:641,0
DA:646,0
DA:648,0
DA:649,0
DA:650,0
DA:651,0
DA:652,0
DA:653,0
DA:655,0
DA:657,0
DA:659,0
DA:661,0
DA:662,0
DA:663,0
DA:665,0
DA:670,0
DA:672,0
DA:673,0
DA:674,0
DA:675,0
DA:676,0
DA:677,0
DA:678,0
DA:679,0
DA:682,0
DA:683,0
DA:684,0
DA:685,0
DA:686,0
DA:688,0
DA:690,0
DA:693,0
DA:694,0
DA:695,0
DA:701,0
DA:707,0
DA:709,0
DA:711,0
DA:713,0
DA:714,0
DA:715,0
DA:716,0
DA:717,0
DA:721,0
DA:722,0
DA:723,0
DA:724,0
DA:725,0
DA:727,0
DA:733,0
DA:741,0
DA:742,0
DA:744,0
DA:745,0
DA:746,0
DA:747,0
DA:748,0
DA:749,0
DA:750,0
DA:752,0
DA:753,0
DA:754,0
DA:756,0
DA:758,0
DA:760,0
DA:761,0
DA:762,0
DA:763,0
DA:764,0
DA:765,0
DA:767,0
DA:769,0
DA:771,0
DA:772,0
DA:773,0
DA:774,0
DA:775,0
DA:779,0
DA:780,0
DA:781,0
DA:782,0
DA:784,0
DA:785,0
DA:786,0
DA:787,0
DA:793,0
DA:797,0
DA:798,0
DA:799,0
DA:805,0
DA:809,0
DA:811,0
DA:816,0
DA:818,0
DA:819,0
DA:820,0
DA:821,0
DA:822,0
DA:824,0
DA:826,0
DA:827,0
DA:828,0
DA:829,0
DA:830,0
DA:832,0
DA:834,0
DA:835,0
DA:836,0
DA:837,0
DA:838,0
DA:842,0
DA:843,0
DA:844,0
DA:845,0
DA:848,0
DA:849,0
DA:851,0
DA:854,0
DA:855,0
DA:861,0
DA:867,0
DA:869,0
DA:874,0
DA:876,0
DA:879,0
DA:880,0
DA:881,0
DA:882,0
DA:883,0
DA:884,0
DA:885,0
DA:886,0
DA:887,0
DA:890,0
DA:893,0
DA:895,0
DA:901,0
DA:903,0
DA:904,0
DA:905,0
DA:907,0
DA:909,0
DA:911,0
DA:913,0
DA:914,0
DA:915,0
DA:918,0
DA:920,0
DA:921,0
DA:922,0
DA:925,0
DA:926,0
DA:927,0
DA:930,0
DA:931,0
DA:932,0
DA:935,0
DA:936,0
DA:937,0
DA:940,0
DA:942,0
DA:944,0
DA:945,0
DA:949,0
DA:950,0
DA:951,0
DA:952,0
DA:954,0
DA:955,0
DA:957,0
DA:959,0
DA:962,0
DA:963,0
DA:964,0
DA:965,0
DA:968,0
DA:969,0
DA:970,0
DA:971,0
DA:974,0
DA:975,0
DA:976,0
DA:977,0
DA:979,0
DA:980,0
DA:983,0
DA:985,0
DA:987,0
DA:989,0
DA:990,0
DA:991,0
DA:994,0
DA:996,0
DA:997,0
DA:999,0
DA:1000,0
DA:1001,0
DA:1002,0
DA:1003,0
DA:1007,0
DA:1008,0
DA:1009,0
DA:1010,0
DA:1011,0
DA:1015,0
DA:1016,0
DA:1017,0
DA:1018,0
DA:1019,0
DA:1023,0
DA:1024,0
DA:1025,0
DA:1026,0
DA:1027,0
DA:1031,0
DA:1032,0
DA:1033,0
DA:1034,0
DA:1035,0
DA:1038,0
DA:1040,0
DA:1042,0
DA:1043,0
DA:1044,0
DA:1045,0
DA:1046,0
DA:1047,0
DA:1048,0
DA:1049,0
DA:1050,0
DA:1051,0
DA:1052,0
DA:1053,0
DA:1054,0
DA:1055,0
DA:1057,0
DA:1059,0
DA:1060,0
DA:1061,0
DA:1062,0
DA:1063,0
DA:1064,0
DA:1065,0
DA:1066,0
DA:1067,0
DA:1069,0
DA:1070,0
DA:1071,0
DA:1072,0
DA:1073,0
DA:1075,0
DA:1077,0
DA:1078,0
DA:1079,0
DA:1080,0
DA:1081,0
DA:1085,0
DA:1086,0
DA:1087,0
DA:1088,0
DA:1089,0
DA:1091,0
DA:1092,0
DA:1094,0
DA:1095,0
DA:1096,0
DA:1097,0
DA:1098,0
DA:1102,0
DA:1103,0
DA:1108,0
DA:1111,0
DA:1124,0
DA:1126,0
DA:1127,0
DA:1128,0
DA:1129,0
DA:1130,0
DA:1131,0
DA:1132,0
DA:1134,0
DA:1136,0
DA:1139,0
DA:1141,0
DA:1143,0
DA:1146,0
DA:1147,0
DA:1148,0
DA:1149,0
DA:1150,0
DA:1152,0
DA:1153,0
DA:1154,0
DA:1155,0
DA:1156,0
DA:1159,0
DA:1160,0
DA:1161,0
DA:1162,0
DA:1163,0
DA:1164,0
DA:1165,0
DA:1166,0
DA:1167,0
DA:1168,0
DA:1169,0
DA:1170,0
DA:1171,0
DA:1172,0
DA:1173,0
DA:1174,0
DA:1175,0
DA:1176,0
DA:1177,0
DA:1178,0
DA:1179,0
DA:1180,0
DA:1181,0
DA:1182,0
DA:1183,0
DA:1184,0
DA:1185,0
DA:1186,0
DA:1187,0
DA:1188,0
DA:1190,0
DA:1193,0
DA:1194,0
DA:1195,0
DA:1207,0
DA:1213,0
DA:1214,0
DA:1215,0
DA:1217,0
DA:1218,0
DA:1219,0
DA:1221,0
DA:1222,0
DA:1223,0
DA:1225,0
DA:1226,0
DA:1227,0
DA:1228,0
DA:1230,0
DA:1231,0
DA:1232,0
DA:1233,0
DA:1234,0
DA:1236,0
DA:1237,0
DA:1239,0
DA:1240,0
DA:1243,0
DA:1244,0
DA:1245,0
DA:1247,0
DA:1251,0
DA:1252,0
DA:1255,0
DA:1257,0
DA:1258,0
DA:1259,0
DA:1260,0
DA:1261,0
DA:1263,0
DA:1265,0
DA:1271,0
DA:1273,0
DA:1274,0
DA:1275,0
DA:1277,0
DA:1279,0
DA:1280,0
DA:1281,0
DA:1283,0
DA:1284,0
DA:1285,0
DA:1287,0
DA:1297,0
DA:1299,0
DA:1300,0
DA:1301,0
DA:1302,0
DA:1303,0
DA:1304,0
DA:1307,0
DA:1309,0
DA:1312,0
DA:1316,0
DA:1317,0
DA:1318,0
DA:1320,0
DA:1321,0
DA:1323,0
DA:1324,0
DA:1325,0
DA:1331,0
DA:1332,0
DA:1333,0
DA:1334,0
DA:1336,0
DA:1337,0
DA:1338,0
DA:1339,0
DA:1340,0
BRF:0
BRH:0
LF:650
LH:0
end_of_record
SF:/app/src/errors/mod.rs
FN:285,_RNvMNtCs9KblgwEcMZ8_6glossa6errorsNtB2_11GlossaError14category_greek
FN:193,_RINvMNtCs9KblgwEcMZ8_6glossa6errorsNtB3_11GlossaError17parse_with_sourceppEB5_
FN:278,_RINvMNtCs9KblgwEcMZ8_6glossa6errorsNtB3_11GlossaError7codegenpEB5_
FN:257,_RINvMNtCs9KblgwEcMZ8_6glossa6errorsNtB3_11GlossaError9agreementpEB5_
FN:166,_RINvMNtCs9KblgwEcMZ8_6glossa6errorsNtB3_11GlossaError5parseNtNtCsauO83Ko6oyK_5alloc6string6StringEB5_
FN:218,_RINvMNtCs9KblgwEcMZ8_6glossa6errorsNtB3_11GlossaError8semanticNtNtCsauO83Ko6oyK_5alloc6string6StringEB5_
FN:218,_RINvMNtCs9KblgwEcMZ8_6glossa6errorsNtB3_11GlossaError8semanticReEB5_
FN:239,_RINvMNtCs9KblgwEcMZ8_6glossa6errorsNtB3_11GlossaError9undefinedNtCs36B3dAHZGhW_8smol_str7SmolStrEB5_
FN:239,_RINvMNtCs9KblgwEcMZ8_6glossa6errorsNtB3_11GlossaError9undefinedNtNtCsauO83Ko6oyK_5alloc6string6StringEB5_
FNDA:0,_RNvMNtCs9KblgwEcMZ8_6glossa6errorsNtB2_11GlossaError14category_greek
FNDA:0,_RINvMNtCs9KblgwEcMZ8_6glossa6errorsNtB3_11GlossaError17parse_with_sourceppEB5_
FNDA:0,_RINvMNtCs9KblgwEcMZ8_6glossa6errorsNtB3_11GlossaError7codegenpEB5_
FNDA:0,_RINvMNtCs9KblgwEcMZ8_6glossa6errorsNtB3_11GlossaError9agreementpEB5_
FNDA:0,_RINvMNtCs9KblgwEcMZ8_6glossa6errorsNtB3_11GlossaError5parseNtNtCsauO83Ko6oyK_5alloc6string6StringEB5_
FNDA:0,_RINvMNtCs9KblgwEcMZ8_6glossa6errorsNtB3_11GlossaError8semanticNtNtCsauO83Ko6oyK_5alloc6string6StringEB5_
FNDA:0,_RINvMNtCs9KblgwEcMZ8_6glossa6errorsNtB3_11GlossaError8semanticReEB5_
FNDA:0,_RINvMNtCs9KblgwEcMZ8_6glossa6errorsNtB3_11GlossaError9undefinedNtCs36B3dAHZGhW_8smol_str7SmolStrEB5_
FNDA:0,_RINvMNtCs9KblgwEcMZ8_6glossa6errorsNtB3_11GlossaError9undefinedNtNtCsauO83Ko6oyK_5alloc6string6StringEB5_
FNF:7
FNH:0
DA:166,0
DA:167,0
DA:168,0
DA:169,0
DA:170,0
DA:171,0
DA:172,0
DA:193,0
DA:194,0
DA:195,0
DA:196,0
DA:197,0
DA:198,0
DA:199,0
DA:200,0
DA:201,0
DA:202,0
DA:203,0
DA:218,0
DA:219,0
DA:220,0
DA:221,0
DA:222,0
DA:239,0
DA:240,0
DA:241,0
DA:257,0
DA:258,0
DA:259,0
DA:260,0
DA:261,0
DA:278,0
DA:279,0
DA:280,0
DA:281,0
DA:282,0
DA:285,0
DA:286,0
DA:287,0
DA:288,0
DA:289,0
DA:290,0
DA:291,0
DA:292,0
DA:293,0
DA:295,0
BRF:0
BRH:0
LF:46
LH:0
end_of_record
SF:/app/src/main.rs
FN:16,_RNvCsfj67Rmb5ckF_6glossa4main
FNDA:0,_RNvCsfj67Rmb5ckF_6glossa4main
FNF:1
FNH:0
DA:16,0
DA:17,0
DA:20,0
DA:21,0
DA:22,0
DA:24,0
DA:25,0
DA:26,0
DA:31,0
DA:39,0
DA:40,0
DA:43,0
DA:44,0
DA:47,0
DA:48,0
DA:51,0
DA:52,0
DA:55,0
DA:56,0
DA:59,0
DA:60,0
DA:63,0
DA:64,0
DA:67,0
DA:69,0
DA:80,0
DA:82,0
DA:93,0
DA:95,0
DA:106,0
DA:108,0
DA:119,0
DA:121,0
DA:132,0
DA:134,0
DA:145,0
DA:147,0
DA:159,0
DA:163,0
DA:164,0
BRF:0
BRH:0
LF:40
LH:0
end_of_record
SF:/app/src/morphology/conjugation.rs
FN:507,_RINvNtNtCs9KblgwEcMZ8_6glossa10morphology11conjugation22match_verb_endings_allNCNvB2_27try_conjugation_pattern_all0EB6_
FN:515,_RNCINvNtNtCs9KblgwEcMZ8_6glossa10morphology11conjugation22match_verb_endings_allNCNvB4_27try_conjugation_pattern_all0Es_0B8_
FN:494,_RNCNvNtNtCs9KblgwEcMZ8_6glossa10morphology11conjugation18match_verb_endingss_0B7_
FN:605,_RNCNvNtNtCs9KblgwEcMZ8_6glossa10morphology11conjugation21analyze_verb_all_into0B7_
FN:406,_RNCNvNtNtCs9KblgwEcMZ8_6glossa10morphology11conjugation27try_conjugation_pattern_all0B7_
FN:699,_RNvNtNtCs9KblgwEcMZ8_6glossa10morphology11conjugation10infinitive
FN:332,_RNvNtNtCs9KblgwEcMZ8_6glossa10morphology11conjugation12analyze_verb
FN:152,_RNvNtNtCs9KblgwEcMZ8_6glossa10morphology11conjugation13strip_augment
FN:528,_RNvNtNtCs9KblgwEcMZ8_6glossa10morphology11conjugation16analyze_verb_all
FN:485,_RNvNtNtCs9KblgwEcMZ8_6glossa10morphology11conjugation18match_verb_endings
FN:575,_RNvNtNtCs9KblgwEcMZ8_6glossa10morphology11conjugation21analyze_verb_all_into
FN:537,_RNvNtNtCs9KblgwEcMZ8_6glossa10morphology11conjugation22try_analyze_infinitive
FN:444,_RNvNtNtCs9KblgwEcMZ8_6glossa10morphology11conjugation23try_conjugation_pattern
FN:401,_RNvNtNtCs9KblgwEcMZ8_6glossa10morphology11conjugation27try_conjugation_pattern_all
FN:656,_RNvNtNtCs9KblgwEcMZ8_6glossa10morphology11conjugation9conjugate
FNDA:32,_RINvNtNtCs9KblgwEcMZ8_6glossa10morphology11conjugation22match_verb_endings_allNCNvB2_27try_conjugation_pattern_all0EB6_
FNDA:4,_RNCINvNtNtCs9KblgwEcMZ8_6glossa10morphology11conjugation22match_verb_endings_allNCNvB4_27try_conjugation_pattern_all0Es_0B8_
FNDA:0,_RNCNvNtNtCs9KblgwEcMZ8_6glossa10morphology11conjugation18match_verb_endingss_0B7_
FNDA:2,_RNCNvNtNtCs9KblgwEcMZ8_6glossa10morphology11conjugation21analyze_verb_all_into0B7_
FNDA:4,_RNCNvNtNtCs9KblgwEcMZ8_6glossa10morphology11conjugation27try_conjugation_pattern_all0B7_
FNDA:0,_RNvNtNtCs9KblgwEcMZ8_6glossa10morphology11conjugation10infinitive
FNDA:0,_RNvNtNtCs9KblgwEcMZ8_6glossa10morphology11conjugation12analyze_verb
FNDA:0,_RNvNtNtCs9KblgwEcMZ8_6glossa10morphology11conjugation13strip_augment
FNDA:0,_RNvNtNtCs9KblgwEcMZ8_6glossa10morphology11conjugation16analyze_verb_all
FNDA:0,_RNvNtNtCs9KblgwEcMZ8_6glossa10morphology11conjugation18match_verb_endings
FNDA:4,_RNvNtNtCs9KblgwEcMZ8_6glossa10morphology11conjugation21analyze_verb_all_into
FNDA:8,_RNvNtNtCs9KblgwEcMZ8_6glossa10morphology11conjugation22try_analyze_infinitive
FNDA:0,_RNvNtNtCs9KblgwEcMZ8_6glossa10morphology11conjugation23try_conjugation_pattern
FNDA:32,_RNvNtNtCs9KblgwEcMZ8_6glossa10morphology11conjugation27try_conjugation_pattern_all
FNDA:0,_RNvNtNtCs9KblgwEcMZ8_6glossa10morphology11conjugation9conjugate
FNF:15
FNH:7
DA:152,0
DA:154,0
DA:155,0
DA:156,0
DA:157,0
DA:158,0
DA:162,0
DA:163,0
DA:164,0
DA:165,0
DA:170,0
DA:173,0
DA:174,0
DA:175,0
DA:176,0
DA:180,0
DA:183,0
DA:184,0
DA:185,0
DA:186,0
DA:189,0
DA:190,0
DA:192,0
DA:193,0
DA:200,0
DA:201,0
DA:332,0
DA:333,0
DA:334,0
DA:338,0
DA:339,0
DA:340,0
DA:341,0
DA:342,0
DA:343,0
DA:344,0
DA:345,0
DA:346,0
DA:347,0
DA:348,0
DA:349,0
DA:350,0
DA:351,0
DA:352,0
DA:356,0
DA:357,0
DA:358,0
DA:359,0
DA:363,0
DA:364,0
DA:366,0
DA:367,0
DA:368,0
DA:369,0
DA:370,0
DA:371,0
DA:372,0
DA:373,0
DA:374,0
DA:375,0
DA:376,0
DA:377,0
DA:378,0
DA:381,0
DA:382,0
DA:384,0
DA:385,0
DA:386,0
DA:387,0
DA:388,0
DA:389,0
DA:390,0
DA:391,0
DA:392,0
DA:393,0
DA:394,0
DA:395,0
DA:396,0
DA:398,0
DA:399,0
DA:401,32
DA:402,32
DA:403,32
DA:404,32
DA:405,32
DA:406,32
DA:408,4
DA:409,4
DA:410,0
DA:411,0
DA:415,4
DA:416,4
DA:417,4
DA:420,4
DA:421,4
DA:422,4
DA:424,4
DA:426,0
DA:429,4
DA:430,4
DA:431,4
DA:432,4
DA:433,4
DA:434,4
DA:435,4
DA:436,4
DA:437,4
DA:438,4
DA:439,4
DA:440,4
DA:441,4
DA:442,32
DA:444,0
DA:445,0
DA:447,0
DA:450,0
DA:451,0
DA:453,0
DA:457,0
DA:458,0
DA:463,0
DA:464,0
DA:468,0
DA:469,0
DA:470,0
DA:471,0
DA:472,0
DA:473,0
DA:474,0
DA:475,0
DA:476,0
DA:477,0
DA:478,0
DA:479,0
DA:480,0
DA:485,0
DA:486,0
DA:487,0
DA:488,0
DA:489,0
DA:490,0
DA:491,0
DA:492,0
DA:494,0
DA:495,0
DA:496,0
DA:497,0
DA:499,0
DA:501,0
DA:503,0
DA:504,0
DA:507,32
DA:508,32
DA:509,32
DA:511,32
DA:512,32
DA:513,32
DA:515,4
DA:516,4
DA:517,4
DA:518,4
DA:520,32
DA:528,0
DA:529,0
DA:530,0
DA:531,0
DA:532,0
DA:537,8
DA:538,8
DA:539,8
DA:540,8
DA:541,8
DA:542,8
DA:543,8
DA:544,0
DA:545,0
DA:546,0
DA:547,0
DA:548,0
DA:549,0
DA:550,0
DA:551,0
DA:552,0
DA:553,0
DA:554,0
DA:555,0
DA:556,0
DA:557,0
DA:558,8
DA:559,8
DA:575,4
DA:576,4
DA:580,28
DA:581,28
DA:582,0
DA:583,0
DA:584,0
DA:585,0
DA:586,0
DA:587,0
DA:588,0
DA:589,0
DA:590,0
DA:591,0
DA:592,0
DA:593,0
DA:594,28
DA:597,32
DA:598,32
DA:599,32
DA:601,4
DA:602,4
DA:605,4
DA:606,2
DA:607,2
DA:608,2
DA:609,2
DA:612,4
DA:613,4
DA:614,2
DA:615,2
DA:616,2
DA:617,2
DA:618,2
DA:619,2
DA:620,2
DA:621,0
DA:622,0
DA:623,0
DA:626,2
DA:627,2
DA:628,0
DA:629,2
DA:630,2
DA:631,0
DA:633,2
DA:634,2
DA:635,4
DA:656,0
DA:657,0
DA:658,0
DA:659,0
DA:660,0
DA:661,0
DA:662,0
DA:663,0
DA:664,0
DA:665,0
DA:666,0
DA:667,0
DA:668,0
DA:669,0
DA:672,0
DA:673,0
DA:674,0
DA:675,0
DA:678,0
DA:679,0
DA:699,0
DA:700,0
DA:701,0
DA:702,0
DA:703,0
DA:705,0
BRF:0
BRH:0
LF:266
LH:82
end_of_record
SF:/app/src/morphology/declension.rs
FN:184,_RINvNtNtCs9KblgwEcMZ8_6glossa10morphology10declension17match_endings_allNCNvB2_21analyze_noun_all_into0EB6_
FN:192,_RNCINvNtNtCs9KblgwEcMZ8_6glossa10morphology10declension17match_endings_allNCNvB4_21analyze_noun_all_into0Es_0B8_
FN:178,_RNCNvNtNtCs9KblgwEcMZ8_6glossa10morphology10declension12analyze_noun0B7_
FN:219,_RNCNvNtNtCs9KblgwEcMZ8_6glossa10morphology10declension21analyze_noun_all_into0B7_
FN:256,_RNCNvNtNtCs9KblgwEcMZ8_6glossa10morphology10declension21analyze_noun_all_intos_0B7_
FN:171,_RNvNtNtCs9KblgwEcMZ8_6glossa10morphology10declension12analyze_noun
FN:206,_RNvNtNtCs9KblgwEcMZ8_6glossa10morphology10declension16analyze_noun_all
FN:215,_RNvNtNtCs9KblgwEcMZ8_6glossa10morphology10declension21analyze_noun_all_into
FN:348,_RNvNtNtCs9KblgwEcMZ8_6glossa10morphology10declension7decline
FN:300,_RNvNtNtCs9KblgwEcMZ8_6glossa10morphology10declension8get_stem
FNDA:20,_RINvNtNtCs9KblgwEcMZ8_6glossa10morphology10declension17match_endings_allNCNvB2_21analyze_noun_all_into0EB6_
FNDA:4,_RNCINvNtNtCs9KblgwEcMZ8_6glossa10morphology10declension17match_endings_allNCNvB4_21analyze_noun_all_into0Es_0B8_
FNDA:0,_RNCNvNtNtCs9KblgwEcMZ8_6glossa10morphology10declension12analyze_noun0B7_
FNDA:4,_RNCNvNtNtCs9KblgwEcMZ8_6glossa10morphology10declension21analyze_noun_all_into0B7_
FNDA:2,_RNCNvNtNtCs9KblgwEcMZ8_6glossa10morphology10declension21analyze_noun_all_intos_0B7_
FNDA:0,_RNvNtNtCs9KblgwEcMZ8_6glossa10morphology10declension12analyze_noun
FNDA:0,_RNvNtNtCs9KblgwEcMZ8_6glossa10morphology10declension16analyze_noun_all
FNDA:4,_RNvNtNtCs9KblgwEcMZ8_6glossa10morphology10declension21analyze_noun_all_into
FNDA:0,_RNvNtNtCs9KblgwEcMZ8_6glossa10morphology10declension7decline
FNDA:0,_RNvNtNtCs9KblgwEcMZ8_6glossa10morphology10declension8get_stem
FNF:10
FNH:5
DA:171,0
DA:172,0
DA:178,0
DA:180,0
DA:181,0
DA:184,20
DA:185,20
DA:186,20
DA:188,20
DA:189,20
DA:190,20
DA:192,4
DA:193,4
DA:194,4
DA:195,4
DA:197,20
DA:206,0
DA:207,0
DA:208,0
DA:209,0
DA:210,0
DA:215,4
DA:216,4
DA:218,20
DA:219,20
DA:221,4
DA:222,4
DA:229,4
DA:232,4
DA:233,0
DA:235,0
DA:237,4
DA:240,4
DA:241,4
DA:242,4
DA:243,4
DA:244,4
DA:245,4
DA:246,4
DA:247,4
DA:248,4
DA:249,4
DA:250,4
DA:251,4
DA:252,4
DA:256,4
DA:257,2
DA:258,2
DA:259,2
DA:260,2
DA:263,4
DA:264,4
DA:265,2
DA:266,2
DA:267,2
DA:268,2
DA:269,2
DA:270,2
DA:271,2
DA:272,2
DA:273,0
DA:276,2
DA:277,2
DA:278,0
DA:279,2
DA:280,2
DA:281,0
DA:283,2
DA:284,2
DA:285,4
DA:300,0
DA:301,0
DA:303,0
DA:304,0
DA:305,0
DA:306,0
DA:308,0
DA:312,0
DA:313,0
DA:314,0
DA:315,0
DA:317,0
DA:321,0
DA:322,0
DA:324,0
DA:328,0
DA:348,0
DA:349,0
DA:350,0
DA:351,0
DA:352,0
DA:353,0
DA:354,0
DA:355,0
DA:356,0
DA:357,0
DA:362,0
DA:363,0
DA:366,0
DA:369,0
DA:370,0
DA:373,0
DA:374,0
DA:375,0
DA:376,0
DA:379,0
DA:380,0
BRF:0
BRH:0
LF:110
LH:57
end_of_record
SF:/app/src/morphology/disambiguation.rs
FN:57,_RNvMNtNtCs9KblgwEcMZ8_6glossa10morphology14disambiguationNtB2_21DisambiguationContext12from_article
FN:95,_RNvMNtNtCs9KblgwEcMZ8_6glossa10morphology14disambiguationNtB2_21DisambiguationContext14expecting_case
FN:41,_RNvMNtNtCs9KblgwEcMZ8_6glossa10morphology14disambiguationNtB2_21DisambiguationContext3new
FN:78,_RNvMNtNtCs9KblgwEcMZ8_6glossa10morphology14disambiguationNtB2_21DisambiguationContext9from_verb
FN:121,_RNvNtNtCs9KblgwEcMZ8_6glossa10morphology14disambiguation12disambiguate
FN:223,_RNvNtNtCs9KblgwEcMZ8_6glossa10morphology14disambiguation12resolve_best
FN:164,_RNvNtNtCs9KblgwEcMZ8_6glossa10morphology14disambiguation14score_analysis
FN:248,_RNvNtNtCs9KblgwEcMZ8_6glossa10morphology14disambiguation15analyze_article
FN:141,_RNCNvNtNtCs9KblgwEcMZ8_6glossa10morphology14disambiguation12disambiguate0B7_
FNDA:0,_RNvMNtNtCs9KblgwEcMZ8_6glossa10morphology14disambiguationNtB2_21DisambiguationContext12from_article
FNDA:0,_RNvMNtNtCs9KblgwEcMZ8_6glossa10morphology14disambiguationNtB2_21DisambiguationContext14expecting_case
FNDA:6,_RNvMNtNtCs9KblgwEcMZ8_6glossa10morphology14disambiguationNtB2_21DisambiguationContext3new
FNDA:0,_RNvMNtNtCs9KblgwEcMZ8_6glossa10morphology14disambiguationNtB2_21DisambiguationContext9from_verb
FNDA:4,_RNvNtNtCs9KblgwEcMZ8_6glossa10morphology14disambiguation12disambiguate
FNDA:0,_RNvNtNtCs9KblgwEcMZ8_6glossa10morphology14disambiguation12resolve_best
FNDA:0,_RNvNtNtCs9KblgwEcMZ8_6glossa10morphology14disambiguation14score_analysis
FNDA:4,_RNvNtNtCs9KblgwEcMZ8_6glossa10morphology14disambiguation15analyze_article
FNDA:0,_RNCNvNtNtCs9KblgwEcMZ8_6glossa10morphology14disambiguation12disambiguate0B7_
FNF:9
FNH:3
DA:41,6
DA:42,6
DA:43,6
DA:57,0
DA:58,0
DA:59,0
DA:60,0
DA:61,0
DA:62,0
DA:63,0
DA:64,0
DA:78,0
DA:79,0
DA:80,0
DA:81,0
DA:82,0
DA:83,0
DA:84,0
DA:85,0
DA:95,0
DA:96,0
DA:97,0
DA:98,0
DA:99,0
DA:100,0
DA:101,0
DA:102,0
DA:121,4
DA:122,4
DA:123,4
DA:124,4
DA:125,4
DA:126,0
DA:127,4
DA:130,4
DA:131,4
DA:132,4
DA:133,4
DA:135,4
DA:136,0
DA:141,0
DA:142,0
DA:143,0
DA:145,0
DA:147,0
DA:148,0
DA:150,0
DA:152,0
DA:155,0
DA:156,0
DA:157,0
DA:158,0
DA:160,0
DA:161,4
DA:164,0
DA:165,0
DA:168,0
DA:169,0
DA:170,0
DA:171,0
DA:172,0
DA:173,0
DA:174,0
DA:177,0
DA:178,0
DA:179,0
DA:180,0
DA:181,0
DA:182,0
DA:183,0
DA:186,0
DA:187,0
DA:188,0
DA:189,0
DA:190,0
DA:191,0
DA:192,0
DA:195,0
DA:196,0
DA:197,0
DA:198,0
DA:199,0
DA:200,0
DA:201,0
DA:204,0
DA:205,0
DA:223,0
DA:224,0
DA:225,0
DA:226,0
DA:227,0
DA:228,0
DA:229,0
DA:232,0
DA:234,0
DA:248,4
DA:250,4
DA:252,4
DA:253,0
DA:254,0
DA:255,0
DA:256,0
DA:257,0
DA:258,4
DA:259,0
DA:260,0
DA:261,0
DA:262,0
DA:263,0
DA:264,4
DA:265,0
DA:266,0
DA:267,0
DA:268,0
DA:269,0
DA:270,4
DA:271,0
DA:272,0
DA:273,0
DA:274,0
DA:275,0
DA:276,4
DA:277,0
DA:278,0
DA:279,0
DA:280,0
DA:281,0
DA:282,4
DA:283,0
DA:284,0
DA:285,0
DA:286,0
DA:287,0
DA:288,4
DA:289,0
DA:290,0
DA:291,0
DA:292,0
DA:293,0
DA:294,4
DA:295,0
DA:296,0
DA:297,0
DA:298,0
DA:299,0
DA:302,4
DA:303,0
DA:304,0
DA:305,0
DA:306,0
DA:307,0
DA:308,4
DA:309,0
DA:310,0
DA:311,0
DA:312,0
DA:313,0
DA:314,4
DA:315,0
DA:316,0
DA:317,0
DA:318,0
DA:319,0
DA:320,4
DA:321,0
DA:322,0
DA:323,0
DA:324,0
DA:325,0
DA:326,4
DA:327,0
DA:328,0
DA:329,0
DA:330,0
DA:331,0
DA:332,4
DA:333,0
DA:334,0
DA:335,0
DA:336,0
DA:337,0
DA:338,4
DA:339,0
DA:340,0
DA:341,0
DA:342,0
DA:343,0
DA:349,4
DA:350,0
DA:351,0
DA:352,0
DA:353,0
DA:354,0
DA:355,4
DA:356,0
DA:357,0
DA:358,0
DA:359,0
DA:360,0
DA:362,4
DA:364,4
BRF:0
BRH:0
LF:202
LH:36
end_of_record
SF:/app/src/morphology/lexicon.rs
FN:2425,_RNCNvNtNtCs9KblgwEcMZ8_6glossa10morphology7lexicon19get_binary_operator0B7_
FN:2426,_RNCNvNtNtCs9KblgwEcMZ8_6glossa10morphology7lexicon19get_binary_operators_0B7_
FN:136,_RNCNvNtNtCs9KblgwEcMZ8_6glossa10morphology7lexicon7LEXICON0B7_
FN:2213,_RNCNvNtNtCs9KblgwEcMZ8_6glossa10morphology7lexicon7is_verb0B7_
FN:119,_RNvMNtNtCs9KblgwEcMZ8_6glossa10morphology7lexiconNtB2_12LexiconEntry11to_analysis
FN:2563,_RNvNtNtCs9KblgwEcMZ8_6glossa10morphology7lexicon10is_ok_word
FN:2506,_RNvNtNtCs9KblgwEcMZ8_6glossa10morphology7lexicon10is_ordinal
FN:2568,_RNvNtNtCs9KblgwEcMZ8_6glossa10morphology7lexicon11is_err_word
FN:2399,_RNvNtNtCs9KblgwEcMZ8_6glossa10morphology7lexicon11is_negation
FN:2496,_RNvNtNtCs9KblgwEcMZ8_6glossa10morphology7lexicon11is_pop_verb
FN:2232,_RNvNtNtCs9KblgwEcMZ8_6glossa10morphology7lexicon12is_find_verb
FN:2590,_RNvNtNtCs9KblgwEcMZ8_6glossa10morphology7lexicon12is_join_verb
FN:2553,_RNvNtNtCs9KblgwEcMZ8_6glossa10morphology7lexicon12is_none_word
FN:2491,_RNvNtNtCs9KblgwEcMZ8_6glossa10morphology7lexicon12is_push_verb
FN:2558,_RNvNtNtCs9KblgwEcMZ8_6glossa10morphology7lexicon12is_some_word
FN:2472,_RNvNtNtCs9KblgwEcMZ8_6glossa10morphology7lexicon13is_break_verb
FN:2227,_RNvNtNtCs9KblgwEcMZ8_6glossa10morphology7lexicon13is_print_verb
FN:2584,_RNvNtNtCs9KblgwEcMZ8_6glossa10morphology7lexicon13is_split_verb
FN:2268,_RNvNtNtCs9KblgwEcMZ8_6glossa10morphology7lexicon13numeral_value
FN:2237,_RNvNtNtCs9KblgwEcMZ8_6glossa10morphology7lexicon14is_assert_verb
FN:2242,_RNvNtNtCs9KblgwEcMZ8_6glossa10morphology7lexicon14is_equals_verb
FN:2578,_RNvNtNtCs9KblgwEcMZ8_6glossa10morphology7lexicon14is_insert_verb
FN:2219,_RNvNtNtCs9KblgwEcMZ8_6glossa10morphology7lexicon15is_binding_verb
FN:2457,_RNvNtNtCs9KblgwEcMZ8_6glossa10morphology7lexicon15is_else_pattern
FN:2390,_RNvNtNtCs9KblgwEcMZ8_6glossa10morphology7lexicon16boolean_operator
FN:2477,_RNvNtNtCs9KblgwEcMZ8_6glossa10morphology7lexicon16is_continue_verb
FN:2462,_RNvNtNtCs9KblgwEcMZ8_6glossa10morphology7lexicon16is_loop_particle
FN:2416,_RNvNtNtCs9KblgwEcMZ8_6glossa10morphology7lexicon16is_operator_word
FN:2524,_RNvNtNtCs9KblgwEcMZ8_6glossa10morphology7lexicon16ordinal_to_index
FN:2252,_RNvNtNtCs9KblgwEcMZ8_6glossa10morphology7lexicon17is_all_quantifier
FN:2247,_RNvNtNtCs9KblgwEcMZ8_6glossa10morphology7lexicon17is_any_quantifier
FN:2482,_RNvNtNtCs9KblgwEcMZ8_6glossa10morphology7lexicon17is_match_particle
FN:2257,_RNvNtNtCs9KblgwEcMZ8_6glossa10morphology7lexicon17is_mutable_marker
FN:2467,_RNvNtNtCs9KblgwEcMZ8_6glossa10morphology7lexicon17is_range_particle
FN:2262,_RNvNtNtCs9KblgwEcMZ8_6glossa10morphology7lexicon18is_assignment_verb
FN:2501,_RNvNtNtCs9KblgwEcMZ8_6glossa10morphology7lexicon18is_length_property
FN:2404,_RNvNtNtCs9KblgwEcMZ8_6glossa10morphology7lexicon19arithmetic_operator
FN:2379,_RNvNtNtCs9KblgwEcMZ8_6glossa10morphology7lexicon19comparison_operator
FN:2423,_RNvNtNtCs9KblgwEcMZ8_6glossa10morphology7lexicon19get_binary_operator
FN:2548,_RNvNtNtCs9KblgwEcMZ8_6glossa10morphology7lexicon21is_consequence_marker
FN:2537,_RNvNtNtCs9KblgwEcMZ8_6glossa10morphology7lexicon21is_necessity_particle
FN:2543,_RNvNtNtCs9KblgwEcMZ8_6glossa10morphology7lexicon22is_obligation_particle
FN:2434,_RNvNtNtCs9KblgwEcMZ8_6glossa10morphology7lexicon23is_conditional_particle
FN:2602,_RNvNtNtCs9KblgwEcMZ8_6glossa10morphology7lexicon24is_delimiter_preposition
FN:2596,_RNvNtNtCs9KblgwEcMZ8_6glossa10morphology7lexicon26is_containment_preposition
FN:2206,_RNvNtNtCs9KblgwEcMZ8_6glossa10morphology7lexicon6lookup
FN:2211,_RNvNtNtCs9KblgwEcMZ8_6glossa10morphology7lexicon7is_verb
FNDA:0,_RNCNvNtNtCs9KblgwEcMZ8_6glossa10morphology7lexicon19get_binary_operator0B7_
FNDA:0,_RNCNvNtNtCs9KblgwEcMZ8_6glossa10morphology7lexicon19get_binary_operators_0B7_
FNDA:1,_RNCNvNtNtCs9KblgwEcMZ8_6glossa10morphology7lexicon7LEXICON0B7_
FNDA:0,_RNCNvNtNtCs9KblgwEcMZ8_6glossa10morphology7lexicon7is_verb0B7_
FNDA:2,_RNvMNtNtCs9KblgwEcMZ8_6glossa10morphology7lexiconNtB2_12LexiconEntry11to_analysis
FNDA:4,_RNvNtNtCs9KblgwEcMZ8_6glossa10morphology7lexicon10is_ok_word
FNDA:4,_RNvNtNtCs9KblgwEcMZ8_6glossa10morphology7lexicon10is_ordinal
FNDA:4,_RNvNtNtCs9KblgwEcMZ8_6glossa10morphology7lexicon11is_err_word
FNDA:0,_RNvNtNtCs9KblgwEcMZ8_6glossa10morphology7lexicon11is_negation
FNDA:0,_RNvNtNtCs9KblgwEcMZ8_6glossa10morphology7lexicon11is_pop_verb
FNDA:2,_RNvNtNtCs9KblgwEcMZ8_6glossa10morphology7lexicon12is_find_verb
FNDA:4,_RNvNtNtCs9KblgwEcMZ8_6glossa10morphology7lexicon12is_join_verb
FNDA:4,_RNvNtNtCs9KblgwEcMZ8_6glossa10morphology7lexicon12is_none_word
FNDA:0,_RNvNtNtCs9KblgwEcMZ8_6glossa10morphology7lexicon12is_push_verb
FNDA:4,_RNvNtNtCs9KblgwEcMZ8_6glossa10morphology7lexicon12is_some_word
FNDA:2,_RNvNtNtCs9KblgwEcMZ8_6glossa10morphology7lexicon13is_break_verb
FNDA:6,_RNvNtNtCs9KblgwEcMZ8_6glossa10morphology7lexicon13is_print_verb
FNDA:4,_RNvNtNtCs9KblgwEcMZ8_6glossa10morphology7lexicon13is_split_verb
FNDA:8,_RNvNtNtCs9KblgwEcMZ8_6glossa10morphology7lexicon13numeral_value
FNDA:2,_RNvNtNtCs9KblgwEcMZ8_6glossa10morphology7lexicon14is_assert_verb
FNDA:2,_RNvNtNtCs9KblgwEcMZ8_6glossa10morphology7lexicon14is_equals_verb
FNDA:0,_RNvNtNtCs9KblgwEcMZ8_6glossa10morphology7lexicon14is_insert_verb
FNDA:6,_RNvNtNtCs9KblgwEcMZ8_6glossa10morphology7lexicon15is_binding_verb
FNDA:0,_RNvNtNtCs9KblgwEcMZ8_6glossa10morphology7lexicon15is_else_pattern
FNDA:0,_RNvNtNtCs9KblgwEcMZ8_6glossa10morphology7lexicon16boolean_operator
FNDA:2,_RNvNtNtCs9KblgwEcMZ8_6glossa10morphology7lexicon16is_continue_verb
FNDA:2,_RNvNtNtCs9KblgwEcMZ8_6glossa10morphology7lexicon16is_loop_particle
FNDA:0,_RNvNtNtCs9KblgwEcMZ8_6glossa10morphology7lexicon16is_operator_word
FNDA:0,_RNvNtNtCs9KblgwEcMZ8_6glossa10morphology7lexicon16ordinal_to_index
FNDA:0,_RNvNtNtCs9KblgwEcMZ8_6glossa10morphology7lexicon17is_all_quantifier
FNDA:0,_RNvNtNtCs9KblgwEcMZ8_6glossa10morphology7lexicon17is_any_quantifier
FNDA:2,_RNvNtNtCs9KblgwEcMZ8_6glossa10morphology7lexicon17is_match_particle
FNDA:4,_RNvNtNtCs9KblgwEcMZ8_6glossa10morphology7lexicon17is_mutable_marker
FNDA:0,_RNvNtNtCs9KblgwEcMZ8_6glossa10morphology7lexicon17is_range_particle
FNDA:0,_RNvNtNtCs9KblgwEcMZ8_6glossa10morphology7lexicon18is_assignment_verb
FNDA:4,_RNvNtNtCs9KblgwEcMZ8_6glossa10morphology7lexicon18is_length_property
FNDA:4,_RNvNtNtCs9KblgwEcMZ8_6glossa10morphology7lexicon19arithmetic_operator
FNDA:4,_RNvNtNtCs9KblgwEcMZ8_6glossa10morphology7lexicon19comparison_operator
FNDA:0,_RNvNtNtCs9KblgwEcMZ8_6glossa10morphology7lexicon19get_binary_operator
FNDA:0,_RNvNtNtCs9KblgwEcMZ8_6glossa10morphology7lexicon21is_consequence_marker
FNDA:0,_RNvNtNtCs9KblgwEcMZ8_6glossa10morphology7lexicon21is_necessity_particle
FNDA:0,_RNvNtNtCs9KblgwEcMZ8_6glossa10morphology7lexicon22is_obligation_particle
FNDA:2,_RNvNtNtCs9KblgwEcMZ8_6glossa10morphology7lexicon23is_conditional_particle
FNDA:4,_RNvNtNtCs9KblgwEcMZ8_6glossa10morphology7lexicon24is_delimiter_preposition
FNDA:4,_RNvNtNtCs9KblgwEcMZ8_6glossa10morphology7lexicon26is_containment_preposition
FNDA:8,_RNvNtNtCs9KblgwEcMZ8_6glossa10morphology7lexicon6lookup
FNDA:0,_RNvNtNtCs9KblgwEcMZ8_6glossa10morphology7lexicon7is_verb
FNF:47
FNH:27
DA:119,2
DA:120,2
DA:121,2
DA:122,2
DA:123,2
DA:124,2
DA:125,2
DA:126,2
DA:127,2
DA:128,2
DA:129,2
DA:130,2
DA:131,2
DA:132,2
DA:136,1
DA:137,1
DA:144,1
DA:146,1
DA:147,1
DA:148,1
DA:149,1
DA:150,1
DA:151,1
DA:152,1
DA:153,1
DA:154,1
DA:155,1
DA:156,1
DA:157,1
DA:158,1
DA:161,1
DA:162,1
DA:163,1
DA:164,1
DA:165,1
DA:166,1
DA:167,1
DA:168,1
DA:169,1
DA:170,1
DA:171,1
DA:172,1
DA:173,1
DA:174,1
DA:175,1
DA:179,1
DA:180,1
DA:181,1
DA:182,1
DA:183,1
DA:184,1
DA:185,1
DA:186,1
DA:187,1
DA:188,1
DA:189,1
DA:190,1
DA:191,1
DA:192,1
DA:193,1
DA:197,1
DA:198,1
DA:199,1
DA:200,1
DA:201,1
DA:202,1
DA:203,1
DA:204,1
DA:205,1
DA:206,1
DA:207,1
DA:208,1
DA:209,1
DA:210,1
DA:211,1
DA:215,1
DA:216,1
DA:217,1
DA:218,1
DA:219,1
DA:220,1
DA:221,1
DA:222,1
DA:223,1
DA:224,1
DA:225,1
DA:226,1
DA:227,1
DA:228,1
DA:229,1
DA:233,1
DA:234,1
DA:235,1
DA:236,1
DA:237,1
DA:238,1
DA:239,1
DA:240,1
DA:241,1
DA:242,1
DA:243,1
DA:244,1
DA:245,1
DA:246,1
DA:247,1
DA:251,1
DA:252,1
DA:253,1
DA:254,1
DA:255,1
DA:256,1
DA:257,1
DA:258,1
DA:259,1
DA:260,1
DA:261,1
DA:262,1
DA:263,1
DA:264,1
DA:265,1
DA:269,1
DA:270,1
DA:271,1
DA:272,1
DA:273,1
DA:274,1
DA:275,1
DA:276,1
DA:277,1
DA:278,1
DA:279,1
DA:280,1
DA:281,1
DA:282,1
DA:283,1
DA:286,1
DA:287,1
DA:288,1
DA:289,1
DA:290,1
DA:291,1
DA:292,1
DA:293,1
DA:294,1
DA:295,1
DA:296,1
DA:297,1
DA:298,1
DA:299,1
DA:300,1
DA:304,1
DA:305,1
DA:306,1
DA:307,1
DA:308,1
DA:309,1
DA:310,1
DA:311,1
DA:312,1
DA:313,1
DA:314,1
DA:315,1
DA:316,1
DA:317,1
DA:318,1
DA:322,1
DA:323,1
DA:324,1
DA:325,1
DA:326,1
DA:327,1
DA:328,1
DA:329,1
DA:330,1
DA:331,1
DA:332,1
DA:333,1
DA:334,1
DA:335,1
DA:336,1
DA:340,1
DA:341,1
DA:342,1
DA:343,1
DA:344,1
DA:345,1
DA:346,1
DA:347,1
DA:348,1
DA:349,1
DA:350,1
DA:351,1
DA:352,1
DA:353,1
DA:354,1
DA:362,1
DA:363,1
DA:364,1
DA:365,1
DA:366,1
DA:367,1
DA:368,1
DA:369,1
DA:370,1
DA:371,1
DA:372,1
DA:373,1
DA:374,1
DA:375,1
DA:376,1
DA:380,1
DA:381,1
DA:382,1
DA:383,1
DA:384,1
DA:385,1
DA:386,1
DA:387,1
DA:388,1
DA:389,1
DA:390,1
DA:391,1
DA:392,1
DA:393,1
DA:394,1
DA:398,1
DA:399,1
DA:400,1
DA:401,1
DA:402,1
DA:403,1
DA:404,1
DA:405,1
DA:406,1
DA:407,1
DA:408,1
DA:409,1
DA:410,1
DA:411,1
DA:412,1
DA:416,1
DA:417,1
DA:418,1
DA:419,1
DA:420,1
DA:421,1
DA:422,1
DA:423,1
DA:424,1
DA:425,1
DA:426,1
DA:427,1
DA:428,1
DA:429,1
DA:430,1
DA:433,1
DA:434,1
DA:435,1
DA:436,1
DA:437,1
DA:438,1
DA:439,1
DA:440,1
DA:441,1
DA:442,1
DA:443,1
DA:444,1
DA:445,1
DA:446,1
DA:447,1
DA:451,1
DA:452,1
DA:453,1
DA:454,1
DA:455,1
DA:456,1
DA:457,1
DA:458,1
DA:459,1
DA:460,1
DA:461,1
DA:462,1
DA:463,1
DA:464,1
DA:465,1
DA:469,1
DA:470,1
DA:471,1
DA:472,1
DA:473,1
DA:474,1
DA:475,1
DA:476,1
DA:477,1
DA:478,1
DA:479,1
DA:480,1
DA:481,1
DA:482,1
DA:483,1
DA:487,1
DA:488,1
DA:489,1
DA:490,1
DA:491,1
DA:492,1
DA:493,1
DA:494,1
DA:495,1
DA:496,1
DA:497,1
DA:498,1
DA:499,1
DA:500,1
DA:501,1
DA:505,1
DA:506,1
DA:507,1
DA:508,1
DA:509,1
DA:510,1
DA:511,1
DA:512,1
DA:513,1
DA:514,1
DA:515,1
DA:516,1
DA:517,1
DA:518,1
DA:519,1
DA:523,1
DA:524,1
DA:525,1
DA:526,1
DA:527,1
DA:528,1
DA:529,1
DA:530,1
DA:531,1
DA:532,1
DA:533,1
DA:534,1
DA:535,1
DA:536,1
DA:537,1
DA:541,1
DA:542,1
DA:543,1
DA:544,1
DA:545,1
DA:546,1
DA:547,1
DA:548,1
DA:549,1
DA:550,1
DA:551,1
DA:552,1
DA:553,1
DA:554,1
DA:555,1
DA:559,1
DA:560,1
DA:561,1
DA:562,1
DA:563,1
DA:564,1
DA:565,1
DA:566,1
DA:567,1
DA:568,1
DA:569,1
DA:570,1
DA:571,1
DA:572,1
DA:573,1
DA:577,1
DA:578,1
DA:579,1
DA:580,1
DA:581,1
DA:582,1
DA:583,1
DA:584,1
DA:585,1
DA:586,1
DA:587,1
DA:588,1
DA:589,1
DA:590,1
DA:591,1
DA:595,1
DA:596,1
DA:597,1
DA:598,1
DA:599,1
DA:600,1
DA:601,1
DA:602,1
DA:603,1
DA:604,1
DA:605,1
DA:606,1
DA:607,1
DA:608,1
DA:609,1
DA:617,1
DA:618,1
DA:619,1
DA:620,1
DA:621,1
DA:622,1
DA:623,1
DA:624,1
DA:625,1
DA:626,1
DA:627,1
DA:628,1
DA:629,1
DA:630,1
DA:631,1
DA:635,1
DA:636,1
DA:637,1
DA:638,1
DA:639,1
DA:640,1
DA:641,1
DA:642,1
DA:643,1
DA:644,1
DA:645,1
DA:646,1
DA:647,1
DA:648,1
DA:649,1
DA:653,1
DA:654,1
DA:655,1
DA:656,1
DA:657,1
DA:658,1
DA:659,1
DA:660,1
DA:661,1
DA:662,1
DA:663,1
DA:664,1
DA:665,1
DA:666,1
DA:667,1
DA:671,1
DA:672,1
DA:673,1
DA:674,1
DA:675,1
DA:676,1
DA:677,1
DA:678,1
DA:679,1
DA:680,1
DA:681,1
DA:682,1
DA:683,1
DA:684,1
DA:685,1
DA:693,1
DA:694,1
DA:695,1
DA:696,1
DA:697,1
DA:698,1
DA:699,1
DA:700,1
DA:701,1
DA:702,1
DA:703,1
DA:704,1
DA:705,1
DA:706,1
DA:707,1
DA:710,1
DA:711,1
DA:712,1
DA:713,1
DA:714,1
DA:715,1
DA:716,1
DA:717,1
DA:718,1
DA:719,1
DA:720,1
DA:721,1
DA:722,1
DA:723,1
DA:724,1
DA:728,1
DA:729,1
DA:730,1
DA:731,1
DA:732,1
DA:733,1
DA:734,1
DA:735,1
DA:736,1
DA:737,1
DA:738,1
DA:739,1
DA:740,1
DA:741,1
DA:742,1
DA:745,1
DA:746,1
DA:747,1
DA:748,1
DA:749,1
DA:750,1
DA:751,1
DA:752,1
DA:753,1
DA:754,1
DA:755,1
DA:756,1
DA:757,1
DA:758,1
DA:759,1
DA:763,1
DA:764,1
DA:765,1
DA:766,1
DA:767,1
DA:768,1
DA:769,1
DA:770,1
DA:771,1
DA:772,1
DA:773,1
DA:774,1
DA:775,1
DA:776,1
DA:777,1
DA:781,1
DA:782,1
DA:783,1
DA:784,1
DA:785,1
DA:786,1
DA:787,1
DA:788,1
DA:789,1
DA:790,1
DA:791,1
DA:792,1
DA:793,1
DA:794,1
DA:795,1
DA:799,1
DA:800,1
DA:801,1
DA:802,1
DA:803,1
DA:804,1
DA:805,1
DA:806,1
DA:807,1
DA:808,1
DA:809,1
DA:810,1
DA:811,1
DA:812,1
DA:813,1
DA:821,1
DA:822,1
DA:823,1
DA:824,1
DA:825,1
DA:826,1
DA:827,1
DA:828,1
DA:829,1
DA:830,1
DA:831,1
DA:832,1
DA:833,1
DA:834,1
DA:835,1
DA:838,1
DA:839,1
DA:840,1
DA:841,1
DA:842,1
DA:843,1
DA:844,1
DA:845,1
DA:846,1
DA:847,1
DA:848,1
DA:849,1
DA:850,1
DA:851,1
DA:852,1
DA:855,1
DA:856,1
DA:857,1
DA:858,1
DA:859,1
DA:860,1
DA:861,1
DA:862,1
DA:863,1
DA:864,1
DA:865,1
DA:866,1
DA:867,1
DA:868,1
DA:869,1
DA:873,1
DA:874,1
DA:875,1
DA:876,1
DA:877,1
DA:878,1
DA:879,1
DA:880,1
DA:881,1
DA:882,1
DA:883,1
DA:884,1
DA:885,1
DA:886,1
DA:887,1
DA:890,1
DA:891,1
DA:892,1
DA:893,1
DA:894,1
DA:895,1
DA:896,1
DA:897,1
DA:898,1
DA:899,1
DA:900,1
DA:901,1
DA:902,1
DA:903,1
DA:904,1
DA:907,1
DA:908,1
DA:909,1
DA:910,1
DA:911,1
DA:912,1
DA:913,1
DA:914,1
DA:915,1
DA:916,1
DA:917,1
DA:918,1
DA:919,1
DA:920,1
DA:921,1
DA:925,1
DA:926,1
DA:927,1
DA:928,1
DA:929,1
DA:930,1
DA:931,1
DA:932,1
DA:933,1
DA:934,1
DA:935,1
DA:936,1
DA:937,1
DA:938,1
DA:939,1
DA:942,1
DA:943,1
DA:944,1
DA:945,1
DA:946,1
DA:947,1
DA:948,1
DA:949,1
DA:950,1
DA:951,1
DA:952,1
DA:953,1
DA:954,1
DA:955,1
DA:956,1
DA:959,1
DA:960,1
DA:961,1
DA:962,1
DA:963,1
DA:964,1
DA:965,1
DA:966,1
DA:967,1
DA:968,1
DA:969,1
DA:970,1
DA:971,1
DA:972,1
DA:973,1
DA:981,1
DA:982,1
DA:983,1
DA:984,1
DA:985,1
DA:986,1
DA:987,1
DA:988,1
DA:989,1
DA:990,1
DA:991,1
DA:992,1
DA:993,1
DA:994,1
DA:995,1
DA:998,1
DA:999,1
DA:1000,1
DA:1001,1
DA:1002,1
DA:1003,1
DA:1004,1
DA:1005,1
DA:1006,1
DA:1007,1
DA:1008,1
DA:1009,1
DA:1010,1
DA:1011,1
DA:1012,1
DA:1016,1
DA:1017,1
DA:1018,1
DA:1019,1
DA:1020,1
DA:1021,1
DA:1022,1
DA:1023,1
DA:1024,1
DA:1025,1
DA:1026,1
DA:1027,1
DA:1028,1
DA:1029,1
DA:1030,1
DA:1033,1
DA:1034,1
DA:1035,1
DA:1036,1
DA:1037,1
DA:1038,1
DA:1039,1
DA:1040,1
DA:1041,1
DA:1042,1
DA:1043,1
DA:1044,1
DA:1045,1
DA:1046,1
DA:1047,1
DA:1051,1
DA:1052,1
DA:1053,1
DA:1054,1
DA:1055,1
DA:1056,1
DA:1057,1
DA:1058,1
DA:1059,1
DA:1060,1
DA:1061,1
DA:1062,1
DA:1063,1
DA:1064,1
DA:1065,1
DA:1068,1
DA:1069,1
DA:1070,1
DA:1071,1
DA:1072,1
DA:1073,1
DA:1074,1
DA:1075,1
DA:1076,1
DA:1077,1
DA:1078,1
DA:1079,1
DA:1080,1
DA:1081,1
DA:1082,1
DA:1085,1
DA:1086,1
DA:1087,1
DA:1088,1
DA:1089,1
DA:1090,1
DA:1091,1
DA:1092,1
DA:1093,1
DA:1094,1
DA:1095,1
DA:1096,1
DA:1097,1
DA:1098,1
DA:1099,1
DA:1107,1
DA:1108,1
DA:1109,1
DA:1110,1
DA:1111,1
DA:1112,1
DA:1113,1
DA:1114,1
DA:1115,1
DA:1116,1
DA:1117,1
DA:1118,1
DA:1119,1
DA:1120,1
DA:1121,1
DA:1124,1
DA:1125,1
DA:1126,1
DA:1127,1
DA:1128,1
DA:1129,1
DA:1130,1
DA:1131,1
DA:1132,1
DA:1133,1
DA:1134,1
DA:1135,1
DA:1136,1
DA:1137,1
DA:1138,1
DA:1142,1
DA:1143,1
DA:1144,1
DA:1145,1
DA:1146,1
DA:1147,1
DA:1148,1
DA:1149,1
DA:1150,1
DA:1151,1
DA:1152,1
DA:1153,1
DA:1154,1
DA:1155,1
DA:1156,1
DA:1159,1
DA:1160,1
DA:1161,1
DA:1162,1
DA:1163,1
DA:1164,1
DA:1165,1
DA:1166,1
DA:1167,1
DA:1168,1
DA:1169,1
DA:1170,1
DA:1171,1
DA:1172,1
DA:1173,1
DA:1177,1
DA:1178,1
DA:1179,1
DA:1180,1
DA:1181,1
DA:1182,1
DA:1183,1
DA:1184,1
DA:1185,1
DA:1186,1
DA:1187,1
DA:1188,1
DA:1189,1
DA:1190,1
DA:1191,1
DA:1194,1
DA:1195,1
DA:1196,1
DA:1197,1
DA:1198,1
DA:1199,1
DA:1200,1
DA:1201,1
DA:1202,1
DA:1203,1
DA:1204,1
DA:1205,1
DA:1206,1
DA:1207,1
DA:1208,1
DA:1212,1
DA:1213,1
DA:1214,1
DA:1215,1
DA:1216,1
DA:1217,1
DA:1218,1
DA:1219,1
DA:1220,1
DA:1221,1
DA:1222,1
DA:1223,1
DA:1224,1
DA:1225,1
DA:1226,1
DA:1230,1
DA:1231,1
DA:1232,1
DA:1233,1
DA:1234,1
DA:1235,1
DA:1236,1
DA:1237,1
DA:1238,1
DA:1239,1
DA:1240,1
DA:1241,1
DA:1242,1
DA:1243,1
DA:1244,1
DA:1248,1
DA:1249,1
DA:1250,1
DA:1251,1
DA:1252,1
DA:1253,1
DA:1254,1
DA:1255,1
DA:1256,1
DA:1257,1
DA:1258,1
DA:1259,1
DA:1260,1
DA:1261,1
DA:1262,1
DA:1265,1
DA:1266,1
DA:1267,1
DA:1268,1
DA:1269,1
DA:1270,1
DA:1271,1
DA:1272,1
DA:1273,1
DA:1274,1
DA:1275,1
DA:1276,1
DA:1277,1
DA:1278,1
DA:1279,1
DA:1283,1
DA:1284,1
DA:1285,1
DA:1286,1
DA:1287,1
DA:1288,1
DA:1289,1
DA:1290,1
DA:1291,1
DA:1292,1
DA:1293,1
DA:1294,1
DA:1295,1
DA:1296,1
DA:1297,1
DA:1301,1
DA:1302,1
DA:1303,1
DA:1304,1
DA:1305,1
DA:1306,1
DA:1307,1
DA:1308,1
DA:1309,1
DA:1310,1
DA:1311,1
DA:1312,1
DA:1313,1
DA:1314,1
DA:1315,1
DA:1319,1
DA:1320,1
DA:1321,1
DA:1322,1
DA:1323,1
DA:1324,1
DA:1325,1
DA:1326,1
DA:1327,1
DA:1328,1
DA:1329,1
DA:1330,1
DA:1331,1
DA:1332,1
DA:1333,1
DA:1337,1
DA:1338,1
DA:1339,1
DA:1340,1
DA:1341,1
DA:1342,1
DA:1343,1
DA:1344,1
DA:1345,1
DA:1346,1
DA:1347,1
DA:1348,1
DA:1349,1
DA:1350,1
DA:1351,1
DA:1355,1
DA:1356,1
DA:1357,1
DA:1358,1
DA:1359,1
DA:1360,1
DA:1361,1
DA:1362,1
DA:1363,1
DA:1364,1
DA:1365,1
DA:1366,1
DA:1367,1
DA:1368,1
DA:1369,1
DA:1373,1
DA:1374,1
DA:1375,1
DA:1376,1
DA:1377,1
DA:1378,1
DA:1379,1
DA:1380,1
DA:1381,1
DA:1382,1
DA:1383,1
DA:1384,1
DA:1385,1
DA:1386,1
DA:1387,1
DA:1390,1
DA:1391,1
DA:1392,1
DA:1393,1
DA:1394,1
DA:1395,1
DA:1396,1
DA:1397,1
DA:1398,1
DA:1399,1
DA:1400,1
DA:1401,1
DA:1402,1
DA:1403,1
DA:1404,1
DA:1408,1
DA:1409,1
DA:1410,1
DA:1411,1
DA:1412,1
DA:1413,1
DA:1414,1
DA:1415,1
DA:1416,1
DA:1417,1
DA:1418,1
DA:1419,1
DA:1420,1
DA:1421,1
DA:1422,1
DA:1426,1
DA:1427,1
DA:1428,1
DA:1429,1
DA:1430,1
DA:1431,1
DA:1432,1
DA:1433,1
DA:1434,1
DA:1435,1
DA:1436,1
DA:1437,1
DA:1438,1
DA:1439,1
DA:1440,1
DA:1444,1
DA:1445,1
DA:1446,1
DA:1447,1
DA:1448,1
DA:1449,1
DA:1450,1
DA:1451,1
DA:1452,1
DA:1453,1
DA:1454,1
DA:1455,1
DA:1456,1
DA:1457,1
DA:1458,1
DA:1462,1
DA:1463,1
DA:1464,1
DA:1465,1
DA:1466,1
DA:1467,1
DA:1468,1
DA:1469,1
DA:1470,1
DA:1471,1
DA:1472,1
DA:1473,1
DA:1474,1
DA:1475,1
DA:1476,1
DA:1480,1
DA:1481,1
DA:1482,1
DA:1483,1
DA:1484,1
DA:1485,1
DA:1486,1
DA:1487,1
DA:1488,1
DA:1489,1
DA:1490,1
DA:1491,1
DA:1492,1
DA:1493,1
DA:1494,1
DA:1498,1
DA:1499,1
DA:1500,1
DA:1501,1
DA:1502,1
DA:1503,1
DA:1504,1
DA:1505,1
DA:1506,1
DA:1507,1
DA:1508,1
DA:1509,1
DA:1510,1
DA:1511,1
DA:1512,1
DA:1516,1
DA:1517,1
DA:1518,1
DA:1519,1
DA:1520,1
DA:1521,1
DA:1522,1
DA:1523,1
DA:1524,1
DA:1525,1
DA:1526,1
DA:1527,1
DA:1528,1
DA:1529,1
DA:1530,1
DA:1541,1
DA:1542,1
DA:1543,1
DA:1544,1
DA:1545,1
DA:1546,1
DA:1547,1
DA:1548,1
DA:1549,1
DA:1550,1
DA:1551,1
DA:1552,1
DA:1553,1
DA:1554,1
DA:1555,1
DA:1559,1
DA:1560,1
DA:1561,1
DA:1562,1
DA:1563,1
DA:1564,1
DA:1565,1
DA:1566,1
DA:1567,1
DA:1568,1
DA:1569,1
DA:1570,1
DA:1571,1
DA:1572,1
DA:1573,1
DA:1581,1
DA:1582,1
DA:1583,1
DA:1584,1
DA:1585,1
DA:1586,1
DA:1587,1
DA:1588,1
DA:1589,1
DA:1590,1
DA:1591,1
DA:1592,1
DA:1593,1
DA:1594,1
DA:1595,1
DA:1598,1
DA:1599,1
DA:1600,1
DA:1601,1
DA:1602,1
DA:1603,1
DA:1604,1
DA:1605,1
DA:1606,1
DA:1607,1
DA:1608,1
DA:1609,1
DA:1610,1
DA:1611,1
DA:1612,1
DA:1620,1
DA:1621,1
DA:1622,1
DA:1623,1
DA:1624,1
DA:1625,1
DA:1626,1
DA:1627,1
DA:1628,1
DA:1629,1
DA:1630,1
DA:1631,1
DA:1632,1
DA:1633,1
DA:1634,1
DA:1638,1
DA:1639,1
DA:1640,1
DA:1641,1
DA:1642,1
DA:1643,1
DA:1644,1
DA:1645,1
DA:1646,1
DA:1647,1
DA:1648,1
DA:1649,1
DA:1650,1
DA:1651,1
DA:1652,1
DA:1656,1
DA:1657,1
DA:1658,1
DA:1659,1
DA:1660,1
DA:1661,1
DA:1662,1
DA:1663,1
DA:1664,1
DA:1665,1
DA:1666,1
DA:1667,1
DA:1668,1
DA:1669,1
DA:1670,1
DA:1674,1
DA:1675,1
DA:1676,1
DA:1677,1
DA:1678,1
DA:1679,1
DA:1680,1
DA:1681,1
DA:1682,1
DA:1683,1
DA:1684,1
DA:1685,1
DA:1686,1
DA:1687,1
DA:1688,1
DA:1692,1
DA:1693,1
DA:1694,1
DA:1695,1
DA:1696,1
DA:1697,1
DA:1698,1
DA:1699,1
DA:1700,1
DA:1701,1
DA:1702,1
DA:1703,1
DA:1704,1
DA:1705,1
DA:1706,1
DA:1713,1
DA:1714,1
DA:1715,1
DA:1716,1
DA:1717,1
DA:1718,1
DA:1719,1
DA:1720,1
DA:1721,1
DA:1722,1
DA:1723,1
DA:1724,1
DA:1725,1
DA:1726,1
DA:1727,1
DA:1730,1
DA:1731,1
DA:1732,1
DA:1733,1
DA:1734,1
DA:1735,1
DA:1736,1
DA:1737,1
DA:1738,1
DA:1739,1
DA:1740,1
DA:1741,1
DA:1742,1
DA:1743,1
DA:1744,1
DA:1753,1
DA:1754,1
DA:1755,1
DA:1756,1
DA:1757,1
DA:1758,1
DA:1759,1
DA:1760,1
DA:1761,1
DA:1762,1
DA:1763,1
DA:1764,1
DA:1765,1
DA:1766,1
DA:1767,1
DA:1772,1
DA:1773,1
DA:1774,1
DA:1775,1
DA:1776,1
DA:1777,1
DA:1778,1
DA:1779,1
DA:1780,1
DA:1781,1
DA:1782,1
DA:1783,1
DA:1784,1
DA:1785,1
DA:1786,1
DA:1791,1
DA:1792,1
DA:1793,1
DA:1794,1
DA:1795,1
DA:1796,1
DA:1797,1
DA:1798,1
DA:1799,1
DA:1800,1
DA:1801,1
DA:1802,1
DA:1803,1
DA:1804,1
DA:1805,1
DA:1810,1
DA:1811,1
DA:1812,1
DA:1813,1
DA:1814,1
DA:1815,1
DA:1816,1
DA:1817,1
DA:1818,1
DA:1819,1
DA:1820,1
DA:1821,1
DA:1822,1
DA:1823,1
DA:1824,1
DA:1832,1
DA:1833,1
DA:1834,1
DA:1835,1
DA:1836,1
DA:1837,1
DA:1838,1
DA:1839,1
DA:1840,1
DA:1841,1
DA:1842,1
DA:1843,1
DA:1844,1
DA:1845,1
DA:1846,1
DA:1850,1
DA:1851,1
DA:1852,1
DA:1853,1
DA:1854,1
DA:1855,1
DA:1856,1
DA:1857,1
DA:1858,1
DA:1859,1
DA:1860,1
DA:1861,1
DA:1862,1
DA:1863,1
DA:1864,1
DA:1868,1
DA:1869,1
DA:1870,1
DA:1871,1
DA:1872,1
DA:1873,1
DA:1874,1
DA:1875,1
DA:1876,1
DA:1877,1
DA:1878,1
DA:1879,1
DA:1880,1
DA:1881,1
DA:1882,1
DA:1890,1
DA:1891,1
DA:1892,1
DA:1893,1
DA:1894,1
DA:1895,1
DA:1896,1
DA:1897,1
DA:1898,1
DA:1899,1
DA:1900,1
DA:1901,1
DA:1902,1
DA:1903,1
DA:1904,1
DA:1912,1
DA:1913,1
DA:1914,1
DA:1915,1
DA:1916,1
DA:1917,1
DA:1918,1
DA:1919,1
DA:1920,1
DA:1921,1
DA:1922,1
DA:1923,1
DA:1924,1
DA:1925,1
DA:1926,1
DA:1930,1
DA:1931,1
DA:1932,1
DA:1933,1
DA:1934,1
DA:1935,1
DA:1936,1
DA:1937,1
DA:1938,1
DA:1939,1
DA:1940,1
DA:1941,1
DA:1942,1
DA:1943,1
DA:1944,1
DA:1948,1
DA:1949,1
DA:1950,1
DA:1951,1
DA:1952,1
DA:1953,1
DA:1954,1
DA:1955,1
DA:1956,1
DA:1957,1
DA:1958,1
DA:1959,1
DA:1960,1
DA:1961,1
DA:1962,1
DA:1966,1
DA:1967,1
DA:1968,1
DA:1969,1
DA:1970,1
DA:1971,1
DA:1972,1
DA:1973,1
DA:1974,1
DA:1975,1
DA:1976,1
DA:1977,1
DA:1978,1
DA:1979,1
DA:1980,1
DA:1988,1
DA:1989,1
DA:1990,1
DA:1991,1
DA:1992,1
DA:1993,1
DA:1994,1
DA:1995,1
DA:1996,1
DA:1997,1
DA:1998,1
DA:1999,1
DA:2000,1
DA:2001,1
DA:2002,1
DA:2010,1
DA:2011,1
DA:2012,1
DA:2013,1
DA:2014,1
DA:2015,1
DA:2016,1
DA:2017,1
DA:2018,1
DA:2019,1
DA:2020,1
DA:2021,1
DA:2022,1
DA:2023,1
DA:2024,1
DA:2031,3
DA:2032,3
DA:2033,3
DA:2034,3
DA:2035,3
DA:2036,3
DA:2037,3
DA:2038,3
DA:2039,3
DA:2040,3
DA:2041,3
DA:2042,3
DA:2043,3
DA:2044,3
DA:2045,3
DA:2046,3
DA:2047,3
DA:2048,3
DA:2055,1
DA:2056,1
DA:2057,1
DA:2058,1
DA:2059,1
DA:2060,1
DA:2061,1
DA:2062,1
DA:2063,1
DA:2064,1
DA:2065,1
DA:2066,1
DA:2067,1
DA:2068,1
DA:2069,1
DA:2073,1
DA:2074,1
DA:2075,1
DA:2076,1
DA:2077,1
DA:2078,1
DA:2079,1
DA:2080,1
DA:2081,1
DA:2082,1
DA:2083,1
DA:2084,1
DA:2085,1
DA:2086,1
DA:2087,1
DA:2091,1
DA:2092,1
DA:2093,1
DA:2094,1
DA:2095,1
DA:2096,1
DA:2097,1
DA:2098,1
DA:2099,1
DA:2100,1
DA:2101,1
DA:2102,1
DA:2103,1
DA:2104,1
DA:2105,1
DA:2109,1
DA:2110,1
DA:2111,1
DA:2112,1
DA:2113,1
DA:2114,1
DA:2115,1
DA:2116,1
DA:2117,1
DA:2118,1
DA:2119,1
DA:2120,1
DA:2121,1
DA:2122,1
DA:2123,1
DA:2127,1
DA:2128,1
DA:2129,1
DA:2130,1
DA:2131,1
DA:2132,1
DA:2133,1
DA:2134,1
DA:2135,1
DA:2136,1
DA:2137,1
DA:2138,1
DA:2139,1
DA:2140,1
DA:2141,1
DA:2148,16
DA:2149,1
DA:2150,1
DA:2151,1
DA:2152,1
DA:2153,1
DA:2154,1
DA:2155,1
DA:2156,1
DA:2157,1
DA:2158,1
DA:2159,1
DA:2160,1
DA:2161,1
DA:2162,1
DA:2163,1
DA:2164,1
DA:2165,16
DA:2166,16
DA:2167,16
DA:2168,16
DA:2169,16
DA:2170,16
DA:2171,16
DA:2172,16
DA:2173,16
DA:2174,16
DA:2175,16
DA:2176,16
DA:2177,16
DA:2178,16
DA:2179,16
DA:2180,16
DA:2181,16
DA:2182,16
DA:2185,1
DA:2186,1
DA:2187,1
DA:2188,1
DA:2189,1
DA:2190,1
DA:2191,1
DA:2192,1
DA:2193,1
DA:2194,1
DA:2195,1
DA:2196,1
DA:2197,1
DA:2198,1
DA:2199,1
DA:2202,1
DA:2203,1
DA:2206,8
DA:2207,8
DA:2208,8
DA:2211,0
DA:2212,0
DA:2213,0
DA:2214,0
DA:2215,0
DA:2219,6
DA:2220,6
DA:2221,6
DA:2222,6
DA:2224,6
DA:2227,6
DA:2228,6
DA:2229,6
DA:2232,2
DA:2233,2
DA:2234,2
DA:2237,2
DA:2238,2
DA:2239,2
DA:2242,2
DA:2243,2
DA:2244,2
DA:2247,0
DA:2248,0
DA:2249,0
DA:2252,0
DA:2253,0
DA:2254,0
DA:2257,4
DA:2258,4
DA:2259,4
DA:2262,0
DA:2263,0
DA:2264,0
DA:2268,8
DA:2269,8
DA:2271,8
DA:2273,8
DA:2275,8
DA:2277,8
DA:2279,8
DA:2280,0
DA:2283,8
DA:2285,8
DA:2287,8
DA:2289,8
DA:2291,8
DA:2293,8
DA:2295,8
DA:2297,8
DA:2298,8
DA:2300,8
DA:2379,4
DA:2380,4
DA:2381,4
DA:2382,4
DA:2383,4
DA:2384,4
DA:2385,4
DA:2387,4
DA:2390,0
DA:2391,0
DA:2392,0
DA:2393,0
DA:2394,0
DA:2396,0
DA:2399,0
DA:2400,0
DA:2401,0
DA:2404,4
DA:2405,4
DA:2406,4
DA:2407,4
DA:2408,4
DA:2409,4
DA:2410,4
DA:2411,4
DA:2413,4
DA:2416,0
DA:2417,0
DA:2418,0
DA:2419,0
DA:2420,0
DA:2423,0
DA:2424,0
DA:2425,0
DA:2426,0
DA:2427,0
DA:2434,2
DA:2435,2
DA:2436,2
DA:2457,0
DA:2458,0
DA:2459,0
DA:2462,2
DA:2463,2
DA:2464,2
DA:2467,0
DA:2468,0
DA:2469,0
DA:2472,2
DA:2473,2
DA:2474,2
DA:2477,2
DA:2478,2
DA:2479,2
DA:2482,2
DA:2483,2
DA:2484,2
DA:2491,0
DA:2492,0
DA:2493,0
DA:2496,0
DA:2497,0
DA:2498,0
DA:2501,4
DA:2502,4
DA:2503,4
DA:2506,4
DA:2507,0
DA:2508,4
DA:2509,4
DA:2510,4
DA:2511,4
DA:2512,4
DA:2513,4
DA:2514,4
DA:2515,4
DA:2516,4
DA:2517,4
DA:2518,4
DA:2520,4
DA:2524,0
DA:2525,0
DA:2526,0
DA:2527,0
DA:2528,0
DA:2529,0
DA:2530,0
DA:2531,0
DA:2533,0
DA:2537,0
DA:2538,0
DA:2539,0
DA:2543,0
DA:2544,0
DA:2545,0
DA:2548,0
DA:2549,0
DA:2550,0
DA:2553,4
DA:2554,4
DA:2555,4
DA:2558,4
DA:2559,4
DA:2560,4
DA:2563,4
DA:2564,4
DA:2565,4
DA:2568,4
DA:2569,4
DA:2570,4
DA:2578,0
DA:2579,0
DA:2580,0
DA:2584,4
DA:2585,4
DA:2586,4
DA:2590,4
DA:2591,4
DA:2592,4
DA:2596,4
DA:2597,4
DA:2598,4
DA:2602,4
DA:2603,4
DA:2604,4
BRF:0
BRH:0
LF:1873
LH:1802
end_of_record
SF:/app/src/morphology/matcher.rs
FN:20,_RINvNtNtCs9KblgwEcMZ8_6glossa10morphology7matcher12match_suffixRNtNtB4_10participle17ParticiplePatternNCNvB12_18analyze_participle0NCB1E_s_0EB6_
FN:20,_RINvNtNtCs9KblgwEcMZ8_6glossa10morphology7matcher12match_suffixTReNtNtB4_6models4CaseNtB14_6NumberENCINvNtB4_10declension17match_endings_allNCNvB1E_21analyze_noun_all_into0E0NCB1B_s_0EB6_
FN:20,_RINvNtNtCs9KblgwEcMZ8_6glossa10morphology7matcher12match_suffixTReNtNtB4_6models6PersonNtB14_6NumberENCINvNtB4_11conjugation22match_verb_endings_allNCNvB1G_27try_conjugation_pattern_all0E0NCB1D_s_0EB6_
FN:20,_RINvNtNtCs9KblgwEcMZ8_6glossa10morphology7matcher12match_suffixTReNtNtB4_6models6PersonNtB14_6NumberENCNvNtB4_11conjugation18match_verb_endings0NCB1D_s_0EB6_
FNDA:2,_RINvNtNtCs9KblgwEcMZ8_6glossa10morphology7matcher12match_suffixRNtNtB4_10participle17ParticiplePatternNCNvB12_18analyze_participle0NCB1E_s_0EB6_
FNDA:20,_RINvNtNtCs9KblgwEcMZ8_6glossa10morphology7matcher12match_suffixTReNtNtB4_6models4CaseNtB14_6NumberENCINvNtB4_10declension17match_endings_allNCNvB1E_21analyze_noun_all_into0E0NCB1B_s_0EB6_
FNDA:32,_RINvNtNtCs9KblgwEcMZ8_6glossa10morphology7matcher12match_suffixTReNtNtB4_6models6PersonNtB14_6NumberENCINvNtB4_11conjugation22match_verb_endings_allNCNvB1G_27try_conjugation_pattern_all0E0NCB1D_s_0EB6_
FNDA:0,_RINvNtNtCs9KblgwEcMZ8_6glossa10morphology7matcher12match_suffixTReNtNtB4_6models6PersonNtB14_6NumberENCNvNtB4_11conjugation18match_verb_endings0NCB1D_s_0EB6_
FNF:1
FNH:1
DA:20,54
DA:21,54
DA:22,54
DA:23,54
DA:24,54
DA:25,54
DA:26,54
DA:27,54
DA:29,460
DA:30,460
DA:31,460
DA:34,8
DA:35,0
DA:36,8
DA:37,452
DA:39,54
BRF:0
BRH:0
LF:16
LH:15
end_of_record
SF:/app/src/morphology/mod.rs
FN:85,_RNvNtCs9KblgwEcMZ8_6glossa10morphology11analyze_all
FN:44,_RNvNtCs9KblgwEcMZ8_6glossa10morphology18compare_confidenceB3_
FN:159,_RNvNtCs9KblgwEcMZ8_6glossa10morphology22is_single_greek_letter
FN:91,_RNvNtCs9KblgwEcMZ8_6glossa10morphology27analyze_all_from_normalized
FN:51,_RNvNtCs9KblgwEcMZ8_6glossa10morphology7analyze
FN:110,_RNCNvNtCs9KblgwEcMZ8_6glossa10morphology27analyze_all_from_normalized0B5_
FN:113,_RNCNvNtCs9KblgwEcMZ8_6glossa10morphology27analyze_all_from_normalizeds_0B5_
FNDA:4,_RNvNtCs9KblgwEcMZ8_6glossa10morphology11analyze_all
FNDA:10,_RNvNtCs9KblgwEcMZ8_6glossa10morphology18compare_confidenceB3_
FNDA:2,_RNvNtCs9KblgwEcMZ8_6glossa10morphology22is_single_greek_letter
FNDA:4,_RNvNtCs9KblgwEcMZ8_6glossa10morphology27analyze_all_from_normalized
FNDA:0,_RNvNtCs9KblgwEcMZ8_6glossa10morphology7analyze
FNDA:10,_RNCNvNtCs9KblgwEcMZ8_6glossa10morphology27analyze_all_from_normalized0B5_
FNDA:2,_RNCNvNtCs9KblgwEcMZ8_6glossa10morphology27analyze_all_from_normalizeds_0B5_
FNF:7
FNH:6
DA:44,10
DA:47,10
DA:48,10
DA:51,0
DA:52,0
DA:57,0
DA:58,0
DA:59,0
DA:60,0
DA:61,0
DA:64,0
DA:65,0
DA:66,0
DA:67,0
DA:68,0
DA:85,4
DA:86,4
DA:87,4
DA:88,4
DA:91,4
DA:94,4
DA:97,4
DA:98,2
DA:99,2
DA:100,2
DA:101,2
DA:104,4
DA:107,4
DA:110,10
DA:113,4
DA:116,2
DA:117,2
DA:118,2
DA:119,2
DA:120,2
DA:121,2
DA:122,2
DA:123,2
DA:124,2
DA:125,2
DA:126,2
DA:127,2
DA:128,2
DA:129,2
DA:130,2
DA:131,2
DA:132,2
DA:133,2
DA:136,4
DA:137,0
DA:138,0
DA:139,0
DA:140,0
DA:141,0
DA:142,0
DA:143,0
DA:144,0
DA:145,0
DA:146,0
DA:147,0
DA:148,0
DA:149,4
DA:151,4
DA:152,4
DA:159,2
DA:160,2
DA:161,2
DA:165,2
DA:166,2
DA:167,0
DA:168,0
DA:169,0
DA:170,2
BRF:0
BRH:0
LF:75
LH:48
end_of_record
SF:/app/src/morphology/models.rs
FN:74,_RNvMNtNtCs9KblgwEcMZ8_6glossa10morphology6modelsNtB2_13MorphAnalysis15with_confidence
FN:58,_RNvMNtNtCs9KblgwEcMZ8_6glossa10morphology6modelsNtB2_13MorphAnalysis3new
FN:302,_RNvNtNtCs9KblgwEcMZ8_6glossa10morphology6models19analyses_compatible
FN:265,_RNvXs0_NtNtCs9KblgwEcMZ8_6glossa10morphology6modelsNtB5_6NumberNtNtCs4kUJL3MZFFz_4core3fmt7Display3fmt
FN:274,_RNvXs1_NtNtCs9KblgwEcMZ8_6glossa10morphology6modelsNtB5_6GenderNtNtCs4kUJL3MZFFz_4core3fmt7Display3fmt
FN:253,_RNvXs_NtNtCs9KblgwEcMZ8_6glossa10morphology6modelsNtB4_4CaseNtNtCs4kUJL3MZFFz_4core3fmt7Display3fmt
FNDA:0,_RNvMNtNtCs9KblgwEcMZ8_6glossa10morphology6modelsNtB2_13MorphAnalysis15with_confidence
FNDA:0,_RNvMNtNtCs9KblgwEcMZ8_6glossa10morphology6modelsNtB2_13MorphAnalysis3new
FNDA:0,_RNvNtNtCs9KblgwEcMZ8_6glossa10morphology6models19analyses_compatible
FNDA:0,_RNvXs0_NtNtCs9KblgwEcMZ8_6glossa10morphology6modelsNtB5_6NumberNtNtCs4kUJL3MZFFz_4core3fmt7Display3fmt
FNDA:0,_RNvXs1_NtNtCs9KblgwEcMZ8_6glossa10morphology6modelsNtB5_6GenderNtNtCs4kUJL3MZFFz_4core3fmt7Display3fmt
FNDA:0,_RNvXs_NtNtCs9KblgwEcMZ8_6glossa10morphology6modelsNtB4_4CaseNtNtCs4kUJL3MZFFz_4core3fmt7Display3fmt
FNF:6
FNH:0
DA:58,0
DA:59,0
DA:60,0
DA:61,0
DA:62,0
DA:63,0
DA:64,0
DA:65,0
DA:66,0
DA:67,0
DA:68,0
DA:69,0
DA:70,0
DA:71,0
DA:74,0
DA:75,0
DA:76,0
DA:77,0
DA:253,0
DA:254,0
DA:255,0
DA:256,0
DA:257,0
DA:258,0
DA:259,0
DA:261,0
DA:265,0
DA:266,0
DA:267,0
DA:268,0
DA:270,0
DA:274,0
DA:275,0
DA:276,0
DA:277,0
DA:278,0
DA:280,0
DA:302,0
DA:304,0
DA:305,0
DA:307,0
DA:308,0
DA:311,0
DA:312,0
DA:314,0
DA:315,0
DA:318,0
DA:319,0
DA:321,0
DA:322,0
DA:324,0
DA:325,0
BRF:0
BRH:0
LF:52
LH:0
end_of_record
SF:/app/src/morphology/participle.rs
FN:487,_RNCNCNvNtNtCs9KblgwEcMZ8_6glossa10morphology10participle12ALL_PATTERNS00B9_
FN:473,_RNCNvNtNtCs9KblgwEcMZ8_6glossa10morphology10participle12ALL_PATTERNS0B7_
FN:514,_RNCNvNtNtCs9KblgwEcMZ8_6glossa10morphology10participle18analyze_participles_0B7_
FN:61,_RNvMNtNtCs9KblgwEcMZ8_6glossa10morphology10participleNtB2_18ParticipleAnalysis10verb_lemma
FN:508,_RNvNtNtCs9KblgwEcMZ8_6glossa10morphology10participle18analyze_participle
FNDA:396,_RNCNCNvNtNtCs9KblgwEcMZ8_6glossa10morphology10participle12ALL_PATTERNS00B9_
FNDA:1,_RNCNvNtNtCs9KblgwEcMZ8_6glossa10morphology10participle12ALL_PATTERNS0B7_
FNDA:0,_RNCNvNtNtCs9KblgwEcMZ8_6glossa10morphology10participle18analyze_participles_0B7_
FNDA:0,_RNvMNtNtCs9KblgwEcMZ8_6glossa10morphology10participleNtB2_18ParticipleAnalysis10verb_lemma
FNDA:2,_RNvNtNtCs9KblgwEcMZ8_6glossa10morphology10participle18analyze_participle
FNF:5
FNH:3
DA:61,0
DA:62,0
DA:63,0
DA:473,1
DA:474,1
DA:475,1
DA:476,1
DA:477,1
DA:478,1
DA:480,1
DA:481,1
DA:482,1
DA:483,1
DA:487,396
DA:489,1
DA:490,1
DA:508,2
DA:509,2
DA:510,2
DA:511,2
DA:512,2
DA:514,0
DA:515,0
DA:516,0
DA:517,0
DA:518,0
DA:519,0
DA:520,0
DA:521,0
DA:522,0
DA:523,0
DA:524,0
DA:525,0
DA:527,0
DA:529,0
DA:531,2
DA:532,2
BRF:0
BRH:0
LF:38
LH:21
end_of_record
SF:/app/src/parser/common.rs
FN:11,_RNCNvNtNtCs9KblgwEcMZ8_6glossa6parser6common20parse_number_literal0B7_
FN:6,_RNvNtNtCs9KblgwEcMZ8_6glossa6parser6common20parse_number_literal
FNDA:0,_RNCNvNtNtCs9KblgwEcMZ8_6glossa6parser6common20parse_number_literal0B7_
FNDA:2,_RNvNtNtCs9KblgwEcMZ8_6glossa6parser6common20parse_number_literal
FNF:2
FNH:1
DA:6,2
DA:7,2
DA:8,2
DA:10,0
DA:11,0
DA:13,2
BRF:0
BRH:0
LF:7
LH:4
end_of_record
SF:/app/src/parser/declarations.rs
FN:199,_RNvNtNtCs9KblgwEcMZ8_6glossa6parser12declarations16build_trait_impl
FN:294,_RNvNtNtCs9KblgwEcMZ8_6glossa6parser12declarations17build_impl_method
FN:143,_RNvNtNtCs9KblgwEcMZ8_6glossa6parser12declarations18build_trait_method
FN:20,_RNvNtNtCs9KblgwEcMZ8_6glossa6parser12declarations21build_type_definition
FN:247,_RNvNtNtCs9KblgwEcMZ8_6glossa6parser12declarations22build_test_declaration
FN:85,_RNvNtNtCs9KblgwEcMZ8_6glossa6parser12declarations22build_trait_definition
FN:56,_RNvNtNtCs9KblgwEcMZ8_6glossa6parser12declarations23build_field_declaration
FN:121,_RNvNtNtCs9KblgwEcMZ8_6glossa6parser12declarations23parse_method_parameters
FNDA:0,_RNvNtNtCs9KblgwEcMZ8_6glossa6parser12declarations16build_trait_impl
FNDA:0,_RNvNtNtCs9KblgwEcMZ8_6glossa6parser12declarations17build_impl_method
FNDA:0,_RNvNtNtCs9KblgwEcMZ8_6glossa6parser12declarations18build_trait_method
FNDA:0,_RNvNtNtCs9KblgwEcMZ8_6glossa6parser12declarations21build_type_definition
FNDA:0,_RNvNtNtCs9KblgwEcMZ8_6glossa6parser12declarations22build_test_declaration
FNDA:0,_RNvNtNtCs9KblgwEcMZ8_6glossa6parser12declarations22build_trait_definition
FNDA:0,_RNvNtNtCs9KblgwEcMZ8_6glossa6parser12declarations23build_field_declaration
FNDA:0,_RNvNtNtCs9KblgwEcMZ8_6glossa6parser12declarations23parse_method_parameters
FNF:8
FNH:0
DA:20,0
DA:21,0
DA:22,0
DA:23,0
DA:25,0
DA:26,0
DA:27,0
DA:28,0
DA:29,0
DA:30,0
DA:31,0
DA:32,0
DA:33,0
DA:35,0
DA:36,0
DA:37,0
DA:38,0
DA:41,0
DA:45,0
DA:46,0
DA:47,0
DA:48,0
DA:51,0
DA:52,0
DA:56,0
DA:57,0
DA:58,0
DA:60,0
DA:61,0
DA:62,0
DA:63,0
DA:64,0
DA:65,0
DA:66,0
DA:70,0
DA:71,0
DA:72,0
DA:73,0
DA:74,0
DA:75,0
DA:77,0
DA:78,0
DA:79,0
DA:80,0
DA:81,0
DA:85,0
DA:86,0
DA:87,0
DA:88,0
DA:90,0
DA:91,0
DA:92,0
DA:93,0
DA:94,0
DA:95,0
DA:96,0
DA:97,0
DA:98,0
DA:100,0
DA:101,0
DA:102,0
DA:103,0
DA:106,0
DA:110,0
DA:111,0
DA:112,0
DA:113,0
DA:116,0
DA:117,0
DA:121,0
DA:122,0
DA:123,0
DA:124,0
DA:126,0
DA:127,0
DA:128,0
DA:130,0
DA:131,0
DA:132,0
DA:133,0
DA:134,0
DA:135,0
DA:136,0
DA:138,0
DA:139,0
DA:143,0
DA:144,0
DA:145,0
DA:146,0
DA:147,0
DA:148,0
DA:150,0
DA:151,0
DA:152,0
DA:153,0
DA:154,0
DA:155,0
DA:156,0
DA:157,0
DA:158,0
DA:159,0
DA:160,0
DA:161,0
DA:162,0
DA:163,0
DA:165,0
DA:166,0
DA:168,0
DA:174,0
DA:175,0
DA:176,0
DA:177,0
DA:178,0
DA:180,0
DA:183,0
DA:186,0
DA:187,0
DA:188,0
DA:189,0
DA:190,0
DA:192,0
DA:195,0
DA:199,0
DA:200,0
DA:201,0
DA:202,0
DA:203,0
DA:205,0
DA:206,0
DA:209,0
DA:210,0
DA:211,0
DA:212,0
DA:213,0
DA:214,0
DA:215,0
DA:216,0
DA:217,0
DA:218,0
DA:219,0
DA:222,0
DA:223,0
DA:224,0
DA:225,0
DA:228,0
DA:232,0
DA:233,0
DA:234,0
DA:235,0
DA:238,0
DA:239,0
DA:240,0
DA:241,0
DA:242,0
DA:243,0
DA:247,0
DA:248,0
DA:249,0
DA:250,0
DA:252,0
DA:253,0
DA:256,0
DA:257,0
DA:258,0
DA:259,0
DA:264,0
DA:265,0
DA:266,0
DA:267,0
DA:272,0
DA:274,0
DA:275,0
DA:276,0
DA:277,0
DA:278,0
DA:279,0
DA:283,0
DA:284,0
DA:285,0
DA:286,0
DA:289,0
DA:290,0
DA:294,0
DA:295,0
DA:296,0
DA:297,0
DA:299,0
DA:300,0
DA:301,0
DA:302,0
DA:303,0
DA:304,0
DA:305,0
DA:306,0
DA:309,0
DA:311,0
DA:317,0
DA:318,0
DA:319,0
DA:320,0
DA:321,0
DA:323,0
DA:326,0
DA:329,0
DA:330,0
DA:331,0
DA:332,0
DA:334,0
DA:337,0
BRF:0
BRH:0
LF:209
LH:0
end_of_record
SF:/app/src/parser/expressions.rs
FN:146,_RNCNvNtNtCs9KblgwEcMZ8_6glossa6parser11expressions13build_literal0B7_
FN:147,_RNCNvNtNtCs9KblgwEcMZ8_6glossa6parser11expressions13build_literals_0B7_
FN:31,_RNvNtNtCs9KblgwEcMZ8_6glossa6parser11expressions10build_term
FN:141,_RNvNtNtCs9KblgwEcMZ8_6glossa6parser11expressions13build_literal
FN:56,_RNvNtNtCs9KblgwEcMZ8_6glossa6parser11expressions16build_block_expr
FN:12,_RNvNtNtCs9KblgwEcMZ8_6glossa6parser11expressions16build_expression
FN:123,_RNvNtNtCs9KblgwEcMZ8_6glossa6parser11expressions17build_unwrap_expr
FN:136,_RNvNtNtCs9KblgwEcMZ8_6glossa6parser11expressions19build_array_element
FN:87,_RNvNtNtCs9KblgwEcMZ8_6glossa6parser11expressions23build_indexed_word_expr
FN:71,_RNvNtNtCs9KblgwEcMZ8_6glossa6parser11expressions24build_array_literal_expr
FNDA:0,_RNCNvNtNtCs9KblgwEcMZ8_6glossa6parser11expressions13build_literal0B7_
FNDA:0,_RNCNvNtNtCs9KblgwEcMZ8_6glossa6parser11expressions13build_literals_0B7_
FNDA:6,_RNvNtNtCs9KblgwEcMZ8_6glossa6parser11expressions10build_term
FNDA:6,_RNvNtNtCs9KblgwEcMZ8_6glossa6parser11expressions13build_literal
FNDA:0,_RNvNtNtCs9KblgwEcMZ8_6glossa6parser11expressions16build_block_expr
FNDA:2,_RNvNtNtCs9KblgwEcMZ8_6glossa6parser11expressions16build_expression
FNDA:0,_RNvNtNtCs9KblgwEcMZ8_6glossa6parser11expressions17build_unwrap_expr
FNDA:0,_RNvNtNtCs9KblgwEcMZ8_6glossa6parser11expressions19build_array_element
FNDA:0,_RNvNtNtCs9KblgwEcMZ8_6glossa6parser11expressions23build_indexed_word_expr
FNDA:0,_RNvNtNtCs9KblgwEcMZ8_6glossa6parser11expressions24build_array_literal_expr
FNF:10
FNH:3
DA:12,2
DA:13,2
DA:14,2
DA:16,6
DA:17,6
DA:18,6
DA:19,0
DA:23,2
DA:24,0
DA:27,2
DA:29,2
DA:31,6
DA:32,6
DA:34,6
DA:35,0
DA:36,0
DA:37,0
DA:40,0
DA:41,0
DA:43,0
DA:46,6
DA:48,0
DA:50,6
DA:56,0
DA:57,0
DA:58,0
DA:59,0
DA:60,0
DA:61,0
DA:62,0
DA:64,0
DA:65,0
DA:71,0
DA:72,0
DA:73,0
DA:74,0
DA:75,0
DA:76,0
DA:77,0
DA:78,0
DA:79,0
DA:81,0
DA:82,0
DA:84,0
DA:85,0
DA:87,0
DA:88,0
DA:90,0
DA:91,0
DA:92,0
DA:93,0
DA:94,0
DA:96,0
DA:97,0
DA:98,0
DA:99,0
DA:100,0
DA:101,0
DA:103,0
DA:104,0
DA:106,0
DA:107,0
DA:108,0
DA:109,0
DA:111,0
DA:112,0
DA:113,0
DA:114,0
DA:117,0
DA:118,0
DA:119,0
DA:120,0
DA:121,0
DA:123,0
DA:125,0
DA:126,0
DA:127,0
DA:128,0
DA:129,0
DA:130,0
DA:131,0
DA:132,0
DA:133,0
DA:134,0
DA:136,0
DA:137,0
DA:138,0
DA:139,0
DA:141,6
DA:142,6
DA:144,0
DA:145,0
DA:146,0
DA:147,0
DA:148,0
DA:149,0
DA:152,2
DA:153,2
DA:156,0
DA:157,0
DA:158,0
DA:160,4
DA:161,4
DA:162,4
DA:163,4
DA:164,0
DA:165,0
DA:166,0
DA:167,0
DA:169,6
BRF:0
BRH:0
LF:112
LH:23
end_of_record
SF:/app/src/parser/grammar.rs
FN:116,_RNvNtNtCs9KblgwEcMZ8_6glossa6parser7grammar5parse
FNDA:3,_RNvNtNtCs9KblgwEcMZ8_6glossa6parser7grammar5parse
FNF:1
FNH:1
DA:116,3
DA:117,3
DA:118,3
BRF:0
BRH:0
LF:3
LH:3
end_of_record
SF:/app/src/parser/mod.rs
FN:70,_RNCNvNtCs9KblgwEcMZ8_6glossa6parser12parse_source0B5_
FN:43,_RNvXNtCs9KblgwEcMZ8_6glossa6parserNtNtB4_6errors11GlossaErrorINtNtCs4kUJL3MZFFz_4core7convert4FromNtNtB2_6common10ParseErrorE4from
FN:66,_RNvNtCs9KblgwEcMZ8_6glossa6parser12parse_source
FN:91,_RNvNtCs9KblgwEcMZ8_6glossa6parser15build_statement
FN:61,_RNvNtCs9KblgwEcMZ8_6glossa6parser5parse
FNDA:0,_RNCNvNtCs9KblgwEcMZ8_6glossa6parser12parse_source0B5_
FNDA:0,_RNvXNtCs9KblgwEcMZ8_6glossa6parserNtNtB4_6errors11GlossaErrorINtNtCs4kUJL3MZFFz_4core7convert4FromNtNtB2_6common10ParseErrorE4from
FNDA:3,_RNvNtCs9KblgwEcMZ8_6glossa6parser12parse_source
FNDA:2,_RNvNtCs9KblgwEcMZ8_6glossa6parser15build_statement
FNDA:3,_RNvNtCs9KblgwEcMZ8_6glossa6parser5parse
FNF:5
FNH:3
DA:43,0
DA:44,0
DA:45,0
DA:61,3
DA:62,3
DA:63,3
DA:66,3
DA:68,3
DA:70,3
DA:72,3
DA:74,3
DA:75,3
DA:76,3
DA:79,3
DA:80,5
DA:81,5
DA:82,2
DA:83,3
DA:85,0
DA:88,3
DA:89,3
DA:91,2
DA:92,2
DA:93,2
DA:94,2
DA:95,2
DA:97,2
DA:99,0
DA:103,0
DA:105,0
DA:110,0
DA:112,0
DA:117,0
DA:118,0
DA:120,2
DA:121,0
DA:122,0
DA:123,0
DA:124,0
DA:126,2
BRF:0
BRH:0
LF:41
LH:25
end_of_record
SF:/app/src/parser/numerals.rs
FN:36,_RNvNtNtCs9KblgwEcMZ8_6glossa6parser8numerals19parse_greek_numeral
FN:46,_RNCNvNtNtCs9KblgwEcMZ8_6glossa6parser8numerals19parse_greek_numeral0B7_
FN:105,_RNCNvNtNtCs9KblgwEcMZ8_6glossa6parser8numerals19parse_greek_numerals0_0B7_
FN:101,_RNCNvNtNtCs9KblgwEcMZ8_6glossa6parser8numerals19parse_greek_numerals_0B7_
FNDA:0,_RNvNtNtCs9KblgwEcMZ8_6glossa6parser8numerals19parse_greek_numeral
FNDA:0,_RNCNvNtNtCs9KblgwEcMZ8_6glossa6parser8numerals19parse_greek_numeral0B7_
FNDA:0,_RNCNvNtNtCs9KblgwEcMZ8_6glossa6parser8numerals19parse_greek_numerals0_0B7_
FNDA:0,_RNCNvNtNtCs9KblgwEcMZ8_6glossa6parser8numerals19parse_greek_numerals_0B7_
FNF:4
FNH:0
DA:36,0
DA:37,0
DA:38,0
DA:42,0
DA:43,0
DA:44,0
DA:45,0
DA:46,0
DA:48,0
DA:49,0
DA:53,0
DA:57,0
DA:58,0
DA:63,0
DA:64,0
DA:65,0
DA:66,0
DA:67,0
DA:68,0
DA:69,0
DA:70,0
DA:71,0
DA:72,0
DA:73,0
DA:74,0
DA:75,0
DA:76,0
DA:77,0
DA:78,0
DA:79,0
DA:80,0
DA:81,0
DA:82,0
DA:83,0
DA:84,0
DA:85,0
DA:86,0
DA:87,0
DA:88,0
DA:89,0
DA:90,0
DA:92,0
DA:93,0
DA:94,0
DA:95,0
DA:99,0
DA:100,0
DA:101,0
DA:103,0
DA:104,0
DA:105,0
DA:108,0
DA:113,0
DA:114,0
DA:115,0
DA:117,0
DA:118,0
BRF:0
BRH:0
LF:60
LH:0
end_of_record
SF:/app/src/parser/recursion.rs
FN:9,_RNvNtNtCs9KblgwEcMZ8_6glossa6parser9recursion21check_recursion_depth
FNDA:3,_RNvNtNtCs9KblgwEcMZ8_6glossa6parser9recursion21check_recursion_depth
FNF:1
FNH:1
DA:9,3
DA:11,3
DA:12,3
DA:13,3
DA:14,3
DA:21,37
DA:22,34
DA:23,34
DA:25,0
DA:26,0
DA:27,0
DA:28,0
DA:29,0
DA:30,0
DA:37,34
DA:39,0
DA:40,0
DA:41,0
DA:42,0
DA:44,0
DA:45,0
DA:46,34
DA:49,34
DA:51,0
DA:53,0
DA:54,0
DA:55,34
DA:57,0
DA:59,0
DA:60,0
DA:61,0
DA:62,0
DA:64,0
DA:65,0
DA:66,0
DA:67,0
DA:68,0
DA:70,0
DA:71,0
DA:72,0
DA:73,0
DA:74,0
DA:76,0
DA:77,0
DA:78,0
DA:79,0
DA:80,0
DA:81,0
DA:82,0
DA:85,34
DA:86,34
DA:87,34
DA:91,3
DA:92,3
BRF:0
BRH:0
LF:54
LH:17
end_of_record
SF:/app/src/parser/statements.rs
FN:42,_RNvNtNtCs9KblgwEcMZ8_6glossa6parser10statements12build_clause
FN:27,_RNvNtNtCs9KblgwEcMZ8_6glossa6parser10statements13build_clauses
FN:54,_RNvNtNtCs9KblgwEcMZ8_6glossa6parser10statements19parse_statement_end
FN:7,_RNvNtNtCs9KblgwEcMZ8_6glossa6parser10statements23build_regular_statement
FNDA:2,_RNvNtNtCs9KblgwEcMZ8_6glossa6parser10statements12build_clause
FNDA:2,_RNvNtNtCs9KblgwEcMZ8_6glossa6parser10statements13build_clauses
FNDA:2,_RNvNtNtCs9KblgwEcMZ8_6glossa6parser10statements19parse_statement_end
FNDA:2,_RNvNtNtCs9KblgwEcMZ8_6glossa6parser10statements23build_regular_statement
FNF:4
FNH:4
DA:7,2
DA:8,2
DA:9,2
DA:10,2
DA:11,2
DA:12,2
DA:13,2
DA:14,2
DA:15,2
DA:16,2
DA:17,2
DA:18,2
DA:19,2
DA:20,2
DA:21,2
DA:27,2
DA:28,2
DA:29,2
DA:30,2
DA:31,2
DA:32,2
DA:33,0
DA:35,2
DA:36,2
DA:42,2
DA:43,2
DA:44,2
DA:46,2
DA:47,2
DA:48,2
DA:49,0
DA:51,2
DA:52,2
DA:54,2
DA:55,2
DA:56,2
DA:57,2
DA:58,2
DA:59,0
DA:60,0
DA:61,2
DA:64,2
DA:65,2
BRF:0
BRH:0
LF:43
LH:39
end_of_record
SF:/app/src/semantic/analyzer.rs
FN:160,_RNvNtNtCs9KblgwEcMZ8_6glossa8semantic8analyzer15analyze_program
FN:72,_RNvNtNtCs9KblgwEcMZ8_6glossa8semantic8analyzer17analyze_statement
FN:145,_RNvNtNtCs9KblgwEcMZ8_6glossa8semantic8analyzer24extract_block_statements
FN:79,_RNvNtNtCs9KblgwEcMZ8_6glossa8semantic8analyzer27analyze_statement_recursive
FN:104,_RNCNvNtNtCs9KblgwEcMZ8_6glossa8semantic8analyzer27analyze_statement_recursive0B7_
FN:131,_RNCNvNtNtCs9KblgwEcMZ8_6glossa8semantic8analyzer27analyze_statement_recursives_0B7_
FNDA:3,_RNvNtNtCs9KblgwEcMZ8_6glossa8semantic8analyzer15analyze_program
FNDA:2,_RNvNtNtCs9KblgwEcMZ8_6glossa8semantic8analyzer17analyze_statement
FNDA:2,_RNvNtNtCs9KblgwEcMZ8_6glossa8semantic8analyzer24extract_block_statements
FNDA:2,_RNvNtNtCs9KblgwEcMZ8_6glossa8semantic8analyzer27analyze_statement_recursive
FNDA:0,_RNCNvNtNtCs9KblgwEcMZ8_6glossa8semantic8analyzer27analyze_statement_recursive0B7_
FNDA:0,_RNCNvNtNtCs9KblgwEcMZ8_6glossa8semantic8analyzer27analyze_statement_recursives_0B7_
FNF:6
FNH:4
DA:72,2
DA:73,2
DA:74,2
DA:75,2
DA:76,2
DA:77,2
DA:79,2
DA:80,2
DA:81,2
DA:82,2
DA:83,2
DA:84,2
DA:85,0
DA:86,0
DA:87,0
DA:88,2
DA:91,2
DA:92,0
DA:96,0
DA:97,0
DA:98,0
DA:100,0
DA:102,0
DA:103,0
DA:104,0
DA:105,0
DA:106,0
DA:107,0
DA:108,0
DA:109,2
DA:112,2
DA:113,0
DA:114,2
DA:117,2
DA:118,0
DA:119,2
DA:122,2
DA:123,0
DA:124,2
DA:127,2
DA:128,0
DA:131,0
DA:132,0
DA:133,0
DA:135,0
DA:136,0
DA:137,2
DA:140,2
DA:141,2
DA:142,2
DA:143,2
DA:145,2
DA:146,2
DA:147,2
DA:148,2
DA:149,2
DA:151,0
DA:153,2
DA:155,2
DA:160,3
DA:161,3
DA:163,3
DA:165,3
DA:167,3
DA:169,2
DA:170,0
DA:171,0
DA:172,2
DA:175,2
DA:176,0
DA:177,0
DA:178,2
DA:181,2
DA:182,0
DA:183,0
DA:184,2
DA:187,2
DA:188,0
DA:189,0
DA:190,2
DA:193,2
DA:196,3
DA:197,3
DA:198,3
DA:199,3
DA:201,3
DA:203,3
DA:204,3
BRF:0
BRH:0
LF:90
LH:55
end_of_record
SF:/app/src/semantic/assembly.rs
FN:1003,_RNCNvMs3_NtNtCs9KblgwEcMZ8_6glossa8semantic8assemblyNtB7_9Assembler21check_special_markers0Bb_
FN:231,_RNCNvXNtNtCs9KblgwEcMZ8_6glossa8semantic8assemblyNtB4_18AssembledStatementNtNtCs4kUJL3MZFFz_4core3fmt5Debug3fmt0B8_
FN:369,_RNCNvXs0_NtNtCs9KblgwEcMZ8_6glossa8semantic8assemblyNtB7_15VerbConstituentNtNtCs4kUJL3MZFFz_4core3fmt5Debug3fmt0Bb_
FN:408,_RNCNvXs1_NtNtCs9KblgwEcMZ8_6glossa8semantic8assemblyNtB7_21ParticipleConstituentNtNtCs4kUJL3MZFFz_4core3fmt5Debug3fmt0Bb_
FN:451,_RNCNvXs2_NtNtCs9KblgwEcMZ8_6glossa8semantic8assemblyNtB7_7LiteralNtNtCs4kUJL3MZFFz_4core3fmt5Debug3fmt0Bb_
FN:324,_RNCNvXs_NtNtCs9KblgwEcMZ8_6glossa8semantic8assemblyNtB6_11ConstituentNtNtCs4kUJL3MZFFz_4core3fmt5Debug3fmt0Ba_
FN:647,_RNvMs3_NtNtCs9KblgwEcMZ8_6glossa8semantic8assemblyNtB5_9Assembler10feed_array
FN:663,_RNvMs3_NtNtCs9KblgwEcMZ8_6glossa8semantic8assemblyNtB5_9Assembler10feed_block
FN:481,_RNvMs3_NtNtCs9KblgwEcMZ8_6glossa8semantic8assemblyNtB5_9Assembler11check_limit
FN:613,_RNvMs3_NtNtCs9KblgwEcMZ8_6glossa8semantic8assemblyNtB5_9Assembler11feed_number
FN:597,_RNvMs3_NtNtCs9KblgwEcMZ8_6glossa8semantic8assemblyNtB5_9Assembler11feed_string
FN:736,_RNvMs3_NtNtCs9KblgwEcMZ8_6glossa8semantic8assemblyNtB5_9Assembler11feed_unwrap
FN:875,_RNvMs3_NtNtCs9KblgwEcMZ8_6glossa8semantic8assemblyNtB5_9Assembler11handle_verb
FN:629,_RNvMs3_NtNtCs9KblgwEcMZ8_6glossa8semantic8assemblyNtB5_9Assembler12feed_boolean
FN:839,_RNvMs3_NtNtCs9KblgwEcMZ8_6glossa8semantic8assemblyNtB5_9Assembler13handle_dative
FN:513,_RNvMs3_NtNtCs9KblgwEcMZ8_6glossa8semantic8assemblyNtB5_9Assembler13set_propagate
FN:785,_RNvMs3_NtNtCs9KblgwEcMZ8_6glossa8semantic8assemblyNtB5_9Assembler14handle_nominal
FN:1158,_RNvMs3_NtNtCs9KblgwEcMZ8_6glossa8semantic8assemblyNtB5_9Assembler15check_agreement
FN:1072,_RNvMs3_NtNtCs9KblgwEcMZ8_6glossa8semantic8assemblyNtB5_9Assembler15check_operators
FN:762,_RNvMs3_NtNtCs9KblgwEcMZ8_6glossa8semantic8assemblyNtB5_9Assembler15feed_participle
FN:848,_RNvMs3_NtNtCs9KblgwEcMZ8_6glossa8semantic8assemblyNtB5_9Assembler15handle_genitive
FN:855,_RNvMs3_NtNtCs9KblgwEcMZ8_6glossa8semantic8assemblyNtB5_9Assembler15handle_vocative
FN:908,_RNvMs3_NtNtCs9KblgwEcMZ8_6glossa8semantic8assemblyNtB5_9Assembler16handle_adjective
[...]
FN:305,_RNvMs_NtNtCs9KblgwEcMZ8_6glossa5tools4replNtB4_11ReplContext7execute
FN:130,_RNvNtNtCs9KblgwEcMZ8_6glossa5tools4repl12print_banner
FN:60,_RNvNtNtCs9KblgwEcMZ8_6glossa5tools4repl8run_repl
FN:257,_RNvXNtNtCs9KblgwEcMZ8_6glossa5tools4replNtB2_10ReplOutputNtNtCs4kUJL3MZFFz_4core3fmt7Display3fmt
FN:142,_RINvNtNtCs9KblgwEcMZ8_6glossa5tools4repl10print_helpNtNtNtCsaa59N1qzrfe_3std2io5stdio6StdoutEB6_
FN:68,_RINvNtNtCs9KblgwEcMZ8_6glossa5tools4repl14run_repl_innerNtNtNtCsaa59N1qzrfe_3std2io5stdio9StdinLockNtBU_6StdoutEB6_
FN:174,_RINvNtNtCs9KblgwEcMZ8_6glossa5tools4repl9print_envNtNtNtCsaa59N1qzrfe_3std2io5stdio6StdoutEB6_
FN:178,_RNCINvNtNtCs9KblgwEcMZ8_6glossa5tools4repl9print_envNtNtNtCsaa59N1qzrfe_3std2io5stdio6StdoutE0B8_
FNDA:0,_RNvMs_NtNtCs9KblgwEcMZ8_6glossa5tools4replNtB4_11ReplContext3new
FNDA:0,_RNvMs_NtNtCs9KblgwEcMZ8_6glossa5tools4replNtB4_11ReplContext7execute
FNDA:0,_RNvNtNtCs9KblgwEcMZ8_6glossa5tools4repl12print_banner
FNDA:0,_RNvNtNtCs9KblgwEcMZ8_6glossa5tools4repl8run_repl
FNDA:0,_RNvXNtNtCs9KblgwEcMZ8_6glossa5tools4replNtB2_10ReplOutputNtNtCs4kUJL3MZFFz_4core3fmt7Display3fmt
FNDA:0,_RINvNtNtCs9KblgwEcMZ8_6glossa5tools4repl10print_helpNtNtNtCsaa59N1qzrfe_3std2io5stdio6StdoutEB6_
FNDA:0,_RINvNtNtCs9KblgwEcMZ8_6glossa5tools4repl14run_repl_innerNtNtNtCsaa59N1qzrfe_3std2io5stdio9StdinLockNtBU_6StdoutEB6_
FNDA:0,_RINvNtNtCs9KblgwEcMZ8_6glossa5tools4repl9print_envNtNtNtCsaa59N1qzrfe_3std2io5stdio6StdoutEB6_
FNDA:0,_RNCINvNtNtCs9KblgwEcMZ8_6glossa5tools4repl9print_envNtNtNtCsaa59N1qzrfe_3std2io5stdio6StdoutE0B8_
FNF:9
FNH:0
DA:60,0
DA:61,0
DA:62,0
DA:63,0
DA:64,0
DA:65,0
DA:68,0
DA:69,0
DA:73,0
DA:74,0
DA:76,0
DA:77,0
DA:80,0
DA:81,0
DA:82,0
DA:83,0
DA:85,0
DA:87,0
DA:88,0
DA:89,0
DA:92,0
DA:93,0
DA:94,0
DA:95,0
DA:97,0
DA:98,0
DA:99,0
DA:101,0
DA:102,0
DA:103,0
DA:104,0
DA:106,0
DA:107,0
DA:108,0
DA:110,0
DA:113,0
DA:114,0
DA:116,0
DA:118,0
DA:122,0
DA:127,0
DA:128,0
DA:130,0
DA:132,0
DA:133,0
DA:134,0
DA:135,0
DA:136,0
DA:137,0
DA:138,0
DA:139,0
DA:140,0
DA:142,0
DA:143,0
DA:144,0
DA:145,0
DA:146,0
DA:147,0
DA:148,0
DA:149,0
DA:150,0
DA:153,0
DA:155,0
DA:157,0
DA:158,0
DA:160,0
DA:162,0
DA:164,0
DA:167,0
DA:168,0
DA:169,0
DA:170,0
DA:171,0
DA:172,0
DA:174,0
DA:175,0
DA:177,0
DA:178,0
DA:180,0
DA:181,0
DA:182,0
DA:183,0
DA:184,0
DA:185,0
DA:186,0
DA:188,0
DA:189,0
DA:190,0
DA:192,0
DA:193,0
DA:194,0
DA:195,0
DA:196,0
DA:197,0
DA:198,0
DA:201,0
DA:202,0
DA:203,0
DA:205,0
DA:208,0
DA:209,0
DA:210,0
DA:212,0
DA:215,0
DA:216,0
DA:217,0
DA:218,0
DA:221,0
DA:223,0
DA:224,0
DA:225,0
DA:226,0
DA:227,0
DA:228,0
DA:230,0
DA:232,0
DA:233,0
DA:257,0
DA:258,0
DA:260,0
DA:261,0
DA:262,0
DA:264,0
DA:265,0
DA:267,0
DA:268,0
DA:270,0
DA:271,0
DA:273,0
DA:275,0
DA:276,0
DA:278,0
DA:279,0
DA:280,0
DA:281,0
DA:282,0
DA:283,0
DA:285,0
DA:287,0
DA:297,0
DA:298,0
DA:299,0
DA:300,0
DA:301,0
DA:302,0
DA:303,0
DA:305,0
DA:308,0
DA:309,0
DA:310,0
DA:311,0
DA:312,0
DA:317,0
DA:318,0
DA:319,0
DA:320,0
DA:321,0
DA:324,0
DA:325,0
DA:326,0
DA:327,0
DA:328,0
DA:332,0
DA:333,0
DA:338,0
DA:339,0
DA:340,0
DA:341,0
DA:345,0
DA:346,0
DA:351,0
DA:352,0
DA:353,0
DA:355,0
DA:356,0
DA:357,0
DA:358,0
DA:359,0
DA:363,0
DA:365,0
DA:366,0
DA:367,0
DA:368,0
DA:369,0
DA:376,0
DA:377,0
DA:382,0
DA:383,0
DA:384,0
DA:386,0
DA:387,0
DA:388,0
DA:391,0
BRF:0
BRH:0
LF:194
LH:0
end_of_record
SF:/app/src/tools/report.rs
FN:384,_RNCNvXs0_NtNtCs9KblgwEcMZ8_6glossa5tools6reportNtB7_12GlossaReportNtNtCs4kUJL3MZFFz_4core3fmt7Display3fmt0Bb_
FN:385,_RNCNvXs0_NtNtCs9KblgwEcMZ8_6glossa5tools6reportNtB7_12GlossaReportNtNtCs4kUJL3MZFFz_4core3fmt7Display3fmts_0Bb_
FN:206,_RNvMNtNtCs9KblgwEcMZ8_6glossa5tools6reportNtB2_12ProgramStats10visit_expr
FN:200,_RNvMNtNtCs9KblgwEcMZ8_6glossa5tools6reportNtB2_12ProgramStats11visit_exprs
FN:116,_RNvMNtNtCs9KblgwEcMZ8_6glossa5tools6reportNtB2_12ProgramStats15visit_loop_body
FN:129,_RNvMNtNtCs9KblgwEcMZ8_6glossa5tools6reportNtB2_12ProgramStats15visit_statement
FN:81,_RNvMNtNtCs9KblgwEcMZ8_6glossa5tools6reportNtB2_12ProgramStats18visit_if_statement
FN:100,_RNvMNtNtCs9KblgwEcMZ8_6glossa5tools6reportNtB2_12ProgramStats21visit_match_statement
FN:66,_RNvMNtNtCs9KblgwEcMZ8_6glossa5tools6reportNtB2_12ProgramStats3new
FN:288,_RNvMs_NtNtCs9KblgwEcMZ8_6glossa5tools6reportNtB4_12GlossaReport3new
FN:299,_RNvXs0_NtNtCs9KblgwEcMZ8_6glossa5tools6reportNtB5_12GlossaReportNtNtCs4kUJL3MZFFz_4core3fmt7Display3fmt
FN:445,_RNvXs1_NtNtCs9KblgwEcMZ8_6glossa5tools6reportNtB5_17CompilationReportNtNtCs4kUJL3MZFFz_4core3fmt7Display3fmt
FNDA:0,_RNCNvXs0_NtNtCs9KblgwEcMZ8_6glossa5tools6reportNtB7_12GlossaReportNtNtCs4kUJL3MZFFz_4core3fmt7Display3fmt0Bb_
FNDA:0,_RNCNvXs0_NtNtCs9KblgwEcMZ8_6glossa5tools6reportNtB7_12GlossaReportNtNtCs4kUJL3MZFFz_4core3fmt7Display3fmts_0Bb_
FNDA:0,_RNvMNtNtCs9KblgwEcMZ8_6glossa5tools6reportNtB2_12ProgramStats10visit_expr
FNDA:0,_RNvMNtNtCs9KblgwEcMZ8_6glossa5tools6reportNtB2_12ProgramStats11visit_exprs
FNDA:0,_RNvMNtNtCs9KblgwEcMZ8_6glossa5tools6reportNtB2_12ProgramStats15visit_loop_body
FNDA:0,_RNvMNtNtCs9KblgwEcMZ8_6glossa5tools6reportNtB2_12ProgramStats15visit_statement
FNDA:0,_RNvMNtNtCs9KblgwEcMZ8_6glossa5tools6reportNtB2_12ProgramStats18visit_if_statement
FNDA:0,_RNvMNtNtCs9KblgwEcMZ8_6glossa5tools6reportNtB2_12ProgramStats21visit_match_statement
FNDA:0,_RNvMNtNtCs9KblgwEcMZ8_6glossa5tools6reportNtB2_12ProgramStats3new
FNDA:0,_RNvMs_NtNtCs9KblgwEcMZ8_6glossa5tools6reportNtB4_12GlossaReport3new
FNDA:0,_RNvXs0_NtNtCs9KblgwEcMZ8_6glossa5tools6reportNtB5_12GlossaReportNtNtCs4kUJL3MZFFz_4core3fmt7Display3fmt
FNDA:0,_RNvXs1_NtNtCs9KblgwEcMZ8_6glossa5tools6reportNtB5_17CompilationReportNtNtCs4kUJL3MZFFz_4core3fmt7Display3fmt
FNF:12
FNH:0
DA:66,0
DA:67,0
DA:68,0
DA:69,0
DA:70,0
DA:71,0
DA:74,0
DA:75,0
DA:76,0
DA:78,0
DA:79,0
DA:81,0
DA:82,0
DA:83,0
DA:84,0
DA:85,0
DA:86,0
DA:87,0
DA:88,0
DA:89,0
DA:90,0
DA:91,0
DA:92,0
DA:93,0
DA:94,0
DA:95,0
DA:96,0
DA:97,0
DA:98,0
DA:100,0
DA:101,0
DA:102,0
DA:103,0
DA:104,0
DA:105,0
DA:106,0
DA:107,0
DA:108,0
DA:109,0
DA:110,0
DA:111,0
DA:112,0
DA:114,0
DA:116,0
DA:117,0
DA:118,0
DA:119,0
DA:120,0
DA:121,0
DA:122,0
DA:123,0
DA:124,0
DA:125,0
DA:126,0
DA:127,0
DA:129,0
DA:130,0
DA:131,0
DA:133,0
DA:134,0
DA:135,0
DA:136,0
DA:137,0
DA:138,0
DA:139,0
DA:140,0
DA:141,0
DA:142,0
DA:143,0
DA:144,0
DA:145,0
DA:146,0
DA:149,0
DA:150,0
DA:151,0
DA:152,0
DA:153,0
DA:154,0
DA:155,0
DA:156,0
DA:157,0
DA:158,0
DA:159,0
DA:160,0
DA:161,0
DA:162,0
DA:163,0
DA:164,0
DA:170,0
DA:171,0
DA:172,0
DA:174,0
DA:175,0
DA:176,0
DA:177,0
DA:179,0
DA:180,0
DA:181,0
DA:182,0
DA:184,0
DA:185,0
DA:186,0
DA:187,0
DA:189,0
DA:190,0
DA:191,0
DA:192,0
DA:193,0
DA:194,0
DA:198,0
DA:200,0
DA:201,0
DA:202,0
DA:203,0
DA:204,0
DA:206,0
DA:207,0
DA:208,0
DA:209,0
DA:210,0
DA:211,0
DA:212,0
DA:213,0
DA:214,0
DA:215,0
DA:216,0
DA:217,0
DA:218,0
DA:219,0
DA:220,0
DA:221,0
DA:222,0
DA:223,0
DA:224,0
DA:225,0
DA:226,0
DA:227,0
DA:228,0
DA:229,0
DA:230,0
DA:231,0
DA:232,0
DA:233,0
DA:234,0
DA:235,0
DA:236,0
DA:237,0
DA:238,0
DA:239,0
DA:240,0
DA:241,0
DA:242,0
DA:243,0
DA:244,0
DA:245,0
DA:246,0
DA:247,0
DA:248,0
DA:249,0
DA:250,0
DA:251,0
DA:257,0
DA:259,0
DA:288,0
DA:289,0
DA:290,0
DA:291,0
DA:292,0
DA:293,0
DA:294,0
DA:295,0
DA:299,0
DA:300,0
DA:301,0
DA:302,0
DA:303,0
DA:304,0
DA:305,0
DA:308,0
DA:309,0
DA:310,0
DA:312,0
DA:313,0
DA:314,0
DA:316,0
DA:317,0
DA:318,0
DA:320,0
DA:321,0
DA:322,0
DA:325,0
DA:326,0
DA:327,0
DA:328,0
DA:329,0
DA:330,0
DA:332,0
DA:333,0
DA:334,0
DA:335,0
DA:336,0
DA:337,0
DA:339,0
DA:340,0
DA:341,0
DA:342,0
DA:343,0
DA:344,0
DA:346,0
DA:347,0
DA:348,0
DA:349,0
DA:350,0
DA:351,0
DA:353,0
DA:354,0
DA:355,0
DA:356,0
DA:357,0
DA:360,0
DA:361,0
DA:362,0
DA:363,0
DA:364,0
DA:366,0
DA:367,0
DA:370,0
DA:373,0
DA:374,0
DA:375,0
DA:376,0
DA:377,0
DA:378,0
DA:381,0
DA:382,0
DA:383,0
DA:384,0
DA:385,0
DA:387,0
DA:388,0
DA:389,0
DA:390,0
DA:393,0
DA:394,0
DA:396,0
DA:397,0
DA:445,0
DA:446,0
DA:447,0
DA:448,0
DA:449,0
DA:450,0
DA:451,0
DA:455,0
DA:456,0
DA:457,0
DA:461,0
DA:462,0
DA:463,0
DA:467,0
DA:468,0
DA:469,0
DA:473,0
DA:474,0
DA:475,0
DA:477,0
DA:478,0
DA:479,0
DA:483,0
DA:484,0
DA:485,0
DA:487,0
DA:488,0
DA:489,0
DA:492,0
DA:493,0
DA:494,0
DA:495,0
DA:496,0
DA:498,0
DA:499,0
BRF:0
BRH:0
LF:283
LH:0
end_of_record
SF:/app/src/tools/runner.rs
FN:148,_RNCNvNtNtCs9KblgwEcMZ8_6glossa5tools6runner10build_file0B7_
FN:160,_RNCNvNtNtCs9KblgwEcMZ8_6glossa5tools6runner10build_files0_0B7_
FN:149,_RNCNvNtNtCs9KblgwEcMZ8_6glossa5tools6runner10build_files_0B7_
FN:73,_RNCNvNtNtCs9KblgwEcMZ8_6glossa5tools6runner11load_source0B7_
FN:273,_RNCNvNtNtCs9KblgwEcMZ8_6glossa5tools6runner12invoke_rustc0B7_
FN:284,_RNCNvNtNtCs9KblgwEcMZ8_6glossa5tools6runner12invoke_rustcs_0B7_
FN:25,_RNCNvNtNtCs9KblgwEcMZ8_6glossa5tools6runner14analyze_source0B7_
FN:26,_RNCNvNtNtCs9KblgwEcMZ8_6glossa5tools6runner14analyze_sources_0B7_
FN:131,_RNvNtNtCs9KblgwEcMZ8_6glossa5tools6runner10build_file
FN:359,_RNvNtNtCs9KblgwEcMZ8_6glossa5tools6runner10check_file
FN:66,_RNvNtNtCs9KblgwEcMZ8_6glossa5tools6runner11load_source
FN:385,_RNvNtNtCs9KblgwEcMZ8_6glossa5tools6runner11report_file
FN:271,_RNvNtNtCs9KblgwEcMZ8_6glossa5tools6runner12invoke_rustc
FN:24,_RNvNtNtCs9KblgwEcMZ8_6glossa5tools6runner14analyze_source
FN:313,_RNvNtNtCs9KblgwEcMZ8_6glossa5tools6runner14execute_binary
FN:438,_RNvNtNtCs9KblgwEcMZ8_6glossa5tools6runner14highlight_file
FN:39,_RNvNtNtCs9KblgwEcMZ8_6glossa5tools6runner15check_file_size
FN:245,_RNvNtNtCs9KblgwEcMZ8_6glossa5tools6runner17compile_and_build
FN:33,_RNvNtNtCs9KblgwEcMZ8_6glossa5tools6runner7compile
FN:219,_RNvNtNtCs9KblgwEcMZ8_6glossa5tools6runner8run_file
FN:487,_RNvNtNtCs9KblgwEcMZ8_6glossa5tools6runner9bard_file
FNDA:0,_RNCNvNtNtCs9KblgwEcMZ8_6glossa5tools6runner10build_file0B7_
FNDA:0,_RNCNvNtNtCs9KblgwEcMZ8_6glossa5tools6runner10build_files0_0B7_
FNDA:0,_RNCNvNtNtCs9KblgwEcMZ8_6glossa5tools6runner10build_files_0B7_
FNDA:0,_RNCNvNtNtCs9KblgwEcMZ8_6glossa5tools6runner11load_source0B7_
FNDA:0,_RNCNvNtNtCs9KblgwEcMZ8_6glossa5tools6runner12invoke_rustc0B7_
FNDA:0,_RNCNvNtNtCs9KblgwEcMZ8_6glossa5tools6runner12invoke_rustcs_0B7_
FNDA:0,_RNCNvNtNtCs9KblgwEcMZ8_6glossa5tools6runner14analyze_source0B7_
FNDA:0,_RNCNvNtNtCs9KblgwEcMZ8_6glossa5tools6runner14analyze_sources_0B7_
FNDA:0,_RNvNtNtCs9KblgwEcMZ8_6glossa5tools6runner10build_file
FNDA:0,_RNvNtNtCs9KblgwEcMZ8_6glossa5tools6runner10check_file
FNDA:1,_RNvNtNtCs9KblgwEcMZ8_6glossa5tools6runner11load_source
FNDA:0,_RNvNtNtCs9KblgwEcMZ8_6glossa5tools6runner11report_file
FNDA:0,_RNvNtNtCs9KblgwEcMZ8_6glossa5tools6runner12invoke_rustc
FNDA:3,_RNvNtNtCs9KblgwEcMZ8_6glossa5tools6runner14analyze_source
FNDA:0,_RNvNtNtCs9KblgwEcMZ8_6glossa5tools6runner14execute_binary
FNDA:0,_RNvNtNtCs9KblgwEcMZ8_6glossa5tools6runner14highlight_file
FNDA:1,_RNvNtNtCs9KblgwEcMZ8_6glossa5tools6runner15check_file_size
FNDA:0,_RNvNtNtCs9KblgwEcMZ8_6glossa5tools6runner17compile_and_build
FNDA:0,_RNvNtNtCs9KblgwEcMZ8_6glossa5tools6runner7compile
FNDA:0,_RNvNtNtCs9KblgwEcMZ8_6glossa5tools6runner8run_file
FNDA:0,_RNvNtNtCs9KblgwEcMZ8_6glossa5tools6runner9bard_file
FNF:21
FNH:3
DA:24,3
DA:25,3
DA:26,3
DA:27,3
DA:33,0
DA:34,0
DA:35,0
DA:36,0
DA:39,1
DA:42,1
DA:43,1
DA:44,0
DA:45,0
DA:46,0
DA:47,0
DA:48,0
DA:49,1
DA:50,1
DA:51,1
DA:66,1
DA:67,1
DA:68,0
DA:69,1
DA:70,1
DA:72,1
DA:73,1
DA:74,1
DA:77,1
DA:78,1
DA:79,1
DA:81,1
DA:82,0
DA:83,0
DA:84,0
DA:85,0
DA:86,1
DA:88,1
DA:89,1
DA:131,0
DA:132,0
DA:133,0
DA:134,0
DA:135,0
DA:138,0
DA:139,0
DA:140,0
DA:141,0
DA:142,0
DA:145,0
DA:147,0
DA:148,0
DA:149,0
DA:151,0
DA:152,0
DA:153,0
DA:154,0
DA:155,0
DA:156,0
DA:157,0
DA:158,0
DA:160,0
DA:161,0
DA:162,0
DA:164,0
DA:166,0
DA:167,0
DA:168,0
DA:169,0
DA:170,0
DA:171,0
DA:172,0
DA:173,0
DA:175,0
DA:177,0
DA:178,0
DA:219,0
DA:220,0
DA:221,0
DA:222,0
DA:223,0
DA:226,0
DA:227,0
DA:229,0
DA:232,0
DA:233,0
DA:234,0
DA:237,0
DA:238,0
DA:241,0
DA:242,0
DA:245,0
DA:246,0
DA:248,0
DA:249,0
DA:250,0
DA:251,0
DA:252,0
DA:257,0
DA:259,0
DA:261,0
DA:262,0
DA:263,0
DA:264,0
DA:266,0
DA:267,0
DA:268,0
DA:271,0
DA:273,0
DA:275,0
DA:276,0
DA:277,0
DA:278,0
DA:279,0
DA:280,0
DA:281,0
DA:282,0
DA:283,0
DA:284,0
DA:286,0
DA:287,0
DA:290,0
DA:292,0
DA:293,0
DA:294,0
DA:295,0
DA:296,0
DA:299,0
DA:304,0
DA:306,0
DA:307,0
DA:309,0
DA:310,0
DA:313,0
DA:314,0
DA:315,0
DA:316,0
DA:317,0
DA:319,0
DA:321,0
DA:322,0
DA:324,0
DA:325,0
DA:326,0
DA:328,0
DA:329,0
DA:359,0
DA:360,0
DA:361,0
DA:363,0
DA:364,0
DA:365,0
DA:366,0
DA:367,0
DA:371,0
DA:372,0
DA:373,0
DA:385,0
DA:386,0
DA:387,0
DA:389,0
DA:390,0
DA:391,0
DA:392,0
DA:393,0
DA:397,0
DA:398,0
DA:399,0
DA:400,0
DA:401,0
DA:402,0
DA:404,0
DA:405,0
DA:407,0
DA:408,0
DA:438,0
DA:439,0
DA:440,0
DA:441,0
DA:442,0
DA:443,0
DA:444,0
DA:445,0
DA:449,0
DA:451,0
DA:452,0
DA:453,0
DA:454,0
DA:455,0
DA:457,0
DA:458,0
DA:487,0
DA:488,0
DA:489,0
DA:490,0
DA:491,0
DA:492,0
DA:493,0
DA:494,0
DA:498,0
DA:499,0
DA:501,0
DA:502,0
DA:503,0
DA:504,0
DA:505,0
DA:507,0
DA:508,0
BRF:0
BRH:0
LF:215
LH:24
end_of_record
SF:/app/src/tools/tester.rs
FN:102,_RNvNtNtCs9KblgwEcMZ8_6glossa5tools6tester16extract_failures
FN:66,_RNvNtNtCs9KblgwEcMZ8_6glossa5tools6tester17parse_test_output
FN:249,_RNvNtNtCs9KblgwEcMZ8_6glossa5tools6tester18print_test_results
FN:236,_RNvNtNtCs9KblgwEcMZ8_6glossa5tools6tester19execute_test_binary
FN:180,_RNvNtNtCs9KblgwEcMZ8_6glossa5tools6tester20compile_test_harness
FN:382,_RNvNtNtCs9KblgwEcMZ8_6glossa5tools6tester9run_tests
FN:181,_RNCNvNtNtCs9KblgwEcMZ8_6glossa5tools6tester20compile_test_harness0B7_
FN:205,_RNCNvNtNtCs9KblgwEcMZ8_6glossa5tools6tester20compile_test_harnesss0_0B7_
FN:189,_RNCNvNtNtCs9KblgwEcMZ8_6glossa5tools6tester20compile_test_harnesss_0B7_
FN:402,_RNCNvNtNtCs9KblgwEcMZ8_6glossa5tools6tester9run_tests0B7_
FN:411,_RNCNvNtNtCs9KblgwEcMZ8_6glossa5tools6tester9run_testss0_0B7_
FN:416,_RNCNvNtNtCs9KblgwEcMZ8_6glossa5tools6tester9run_testss1_0B7_
FN:405,_RNCNvNtNtCs9KblgwEcMZ8_6glossa5tools6tester9run_testss_0B7_
FNDA:0,_RNvNtNtCs9KblgwEcMZ8_6glossa5tools6tester16extract_failures
FNDA:0,_RNvNtNtCs9KblgwEcMZ8_6glossa5tools6tester17parse_test_output
FNDA:0,_RNvNtNtCs9KblgwEcMZ8_6glossa5tools6tester18print_test_results
FNDA:0,_RNvNtNtCs9KblgwEcMZ8_6glossa5tools6tester19execute_test_binary
FNDA:0,_RNvNtNtCs9KblgwEcMZ8_6glossa5tools6tester20compile_test_harness
FNDA:0,_RNvNtNtCs9KblgwEcMZ8_6glossa5tools6tester9run_tests
FNDA:0,_RNCNvNtNtCs9KblgwEcMZ8_6glossa5tools6tester20compile_test_harness0B7_
FNDA:0,_RNCNvNtNtCs9KblgwEcMZ8_6glossa5tools6tester20compile_test_harnesss0_0B7_
FNDA:0,_RNCNvNtNtCs9KblgwEcMZ8_6glossa5tools6tester20compile_test_harnesss_0B7_
FNDA:0,_RNCNvNtNtCs9KblgwEcMZ8_6glossa5tools6tester9run_tests0B7_
FNDA:0,_RNCNvNtNtCs9KblgwEcMZ8_6glossa5tools6tester9run_testss0_0B7_
FNDA:0,_RNCNvNtNtCs9KblgwEcMZ8_6glossa5tools6tester9run_testss1_0B7_
FNDA:0,_RNCNvNtNtCs9KblgwEcMZ8_6glossa5tools6tester9run_testss_0B7_
FNF:13
FNH:0
DA:66,0
DA:67,0
DA:68,0
DA:70,0
DA:72,0
DA:73,0
DA:74,0
DA:75,0
DA:76,0
DA:77,0
DA:78,0
DA:79,0
DA:80,0
DA:81,0
DA:82,0
DA:83,0
DA:84,0
DA:85,0
DA:87,0
DA:88,0
DA:89,0
DA:90,0
DA:91,0
DA:92,0
DA:94,0
DA:95,0
DA:102,0
DA:103,0
DA:104,0
DA:107,0
DA:108,0
DA:109,0
DA:110,0
DA:114,0
DA:115,0
DA:117,0
DA:118,0
DA:119,0
DA:120,0
DA:122,0
DA:123,0
DA:124,0
DA:125,0
DA:126,0
DA:129,0
DA:130,0
DA:131,0
DA:133,0
DA:134,0
DA:135,0
DA:137,0
DA:138,0
DA:141,0
DA:142,0
DA:143,0
DA:145,0
DA:147,0
DA:148,0
DA:149,0
DA:150,0
DA:151,0
DA:152,0
DA:153,0
DA:154,0
DA:155,0
DA:156,0
DA:159,0
DA:160,0
DA:161,0
DA:162,0
DA:164,0
DA:165,0
DA:166,0
DA:168,0
DA:169,0
DA:172,0
DA:173,0
DA:180,0
DA:181,0
DA:183,0
DA:184,0
DA:185,0
DA:186,0
DA:187,0
DA:188,0
DA:189,0
DA:191,0
DA:192,0
DA:194,0
DA:195,0
DA:196,0
DA:198,0
DA:199,0
DA:200,0
DA:202,0
DA:205,0
DA:207,0
DA:208,0
DA:211,0
DA:212,0
DA:213,0
DA:215,0
DA:216,0
DA:217,0
DA:218,0
DA:220,0
DA:221,0
DA:222,0
DA:225,0
DA:226,0
DA:227,0
DA:228,0
DA:229,0
DA:230,0
DA:231,0
DA:233,0
DA:234,0
DA:236,0
DA:237,0
DA:239,0
DA:240,0
DA:241,0
DA:244,0
DA:246,0
DA:247,0
DA:249,0
DA:250,0
DA:251,0
DA:252,0
DA:253,0
DA:255,0
DA:256,0
DA:257,0
DA:258,0
DA:259,0
DA:260,0
DA:261,0
DA:262,0
DA:263,0
DA:264,0
DA:265,0
DA:266,0
DA:267,0
DA:268,0
DA:269,0
DA:270,0
DA:271,0
DA:272,0
DA:273,0
DA:275,0
DA:276,0
DA:277,0
DA:279,0
DA:280,0
DA:281,0
DA:282,0
DA:283,0
DA:286,0
DA:287,0
DA:288,0
DA:289,0
DA:290,0
DA:291,0
DA:292,0
DA:297,0
DA:299,0
DA:301,0
DA:302,0
DA:303,0
DA:304,0
DA:305,0
DA:306,0
DA:307,0
DA:308,0
DA:309,0
DA:310,0
DA:311,0
DA:312,0
DA:313,0
DA:314,0
DA:315,0
DA:316,0
DA:317,0
DA:320,0
DA:321,0
DA:322,0
DA:324,0
DA:326,0
DA:327,0
DA:328,0
DA:330,0
DA:331,0
DA:334,0
DA:335,0
DA:336,0
DA:337,0
DA:339,0
DA:340,0
DA:341,0
DA:342,0
DA:343,0
DA:344,0
DA:345,0
DA:349,0
DA:350,0
DA:351,0
DA:352,0
DA:354,0
DA:355,0
DA:382,0
DA:384,0
DA:386,0
DA:388,0
DA:389,0
DA:390,0
DA:391,0
DA:392,0
DA:395,0
DA:398,0
DA:399,0
DA:400,0
DA:401,0
DA:402,0
DA:404,0
DA:405,0
DA:406,0
DA:409,0
DA:410,0
DA:411,0
DA:412,0
DA:413,0
DA:414,0
DA:415,0
DA:416,0
DA:417,0
DA:418,0
DA:419,0
DA:420,0
DA:422,0
DA:426,0
DA:429,0
DA:432,0
DA:433,0
DA:435,0
DA:436,0
DA:437,0
DA:438,0
DA:439,0
DA:441,0
DA:443,0
DA:444,0
DA:445,0
DA:447,0
DA:448,0
BRF:0
BRH:0
LF:262
LH:0
end_of_record
SF:/app/src/tools/ui.rs
FN:159,_RNvMNtNtCs9KblgwEcMZ8_6glossa5tools2uiNtB2_6Status13print_running
FN:123,_RNvMNtNtCs9KblgwEcMZ8_6glossa5tools2uiNtB2_6Status7success
FN:193,_RNvXs_NtNtCs9KblgwEcMZ8_6glossa5tools2uiNtB4_6StatusNtNtNtCs4kUJL3MZFFz_4core3ops4drop4Drop4drop
FN:59,_RINvMNtNtCs9KblgwEcMZ8_6glossa5tools2uiNtB3_6Status5startpEB7_
FN:179,_RINvMNtNtCs9KblgwEcMZ8_6glossa5tools2uiNtB3_6Status10print_doneINtNtNtCstJ2g9kd0KI_9crossterm5style14styled_content13StyledContentReEEB7_
FN:72,_RINvMNtNtCs9KblgwEcMZ8_6glossa5tools2uiNtB3_6Status17start_with_symbolReB16_EB7_
FN:78,_RINvMNtNtCs9KblgwEcMZ8_6glossa5tools2uiNtB3_6Status3newReBR_EB7_
FN:148,_RINvMNtNtCs9KblgwEcMZ8_6glossa5tools2uiNtB3_6Status5errorReEB7_
FN:103,_RINvMNtNtCs9KblgwEcMZ8_6glossa5tools2uiNtB3_6Status6updateReEB7_
FNDA:3,_RNvMNtNtCs9KblgwEcMZ8_6glossa5tools2uiNtB2_6Status13print_running
FNDA:3,_RNvMNtNtCs9KblgwEcMZ8_6glossa5tools2uiNtB2_6Status7success
FNDA:3,_RNvXs_NtNtCs9KblgwEcMZ8_6glossa5tools2uiNtB4_6StatusNtNtNtCs4kUJL3MZFFz_4core3ops4drop4Drop4drop
FNDA:0,_RINvMNtNtCs9KblgwEcMZ8_6glossa5tools2uiNtB3_6Status5startpEB7_
FNDA:3,_RINvMNtNtCs9KblgwEcMZ8_6glossa5tools2uiNtB3_6Status10print_doneINtNtNtCstJ2g9kd0KI_9crossterm5style14styled_content13StyledContentReEEB7_
FNDA:3,_RINvMNtNtCs9KblgwEcMZ8_6glossa5tools2uiNtB3_6Status17start_with_symbolReB16_EB7_
FNDA:3,_RINvMNtNtCs9KblgwEcMZ8_6glossa5tools2uiNtB3_6Status3newReBR_EB7_
FNDA:0,_RINvMNtNtCs9KblgwEcMZ8_6glossa5tools2uiNtB3_6Status5errorReEB7_
FNDA:0,_RINvMNtNtCs9KblgwEcMZ8_6glossa5tools2uiNtB3_6Status6updateReEB7_
FNF:9
FNH:6
DA:59,0
DA:60,0
DA:61,0
DA:72,3
DA:73,3
DA:74,3
DA:75,3
DA:78,3
DA:79,3
DA:80,3
DA:81,3
DA:82,3
DA:83,3
DA:84,3
DA:85,3
DA:86,3
DA:87,3
DA:88,3
DA:103,0
DA:104,0
DA:105,0
DA:106,0
DA:107,0
DA:108,0
DA:109,0
DA:123,3
DA:124,3
DA:125,0
DA:126,3
DA:128,3
DA:129,3
DA:130,3
DA:132,3
DA:133,3
DA:134,3
DA:148,0
DA:149,0
DA:150,0
DA:151,0
DA:153,0
DA:154,0
DA:155,0
DA:156,0
DA:157,0
DA:159,3
DA:161,3
DA:162,3
DA:164,3
DA:165,0
DA:166,0
DA:167,0
DA:168,0
DA:169,0
DA:170,0
DA:171,0
DA:172,0
DA:173,0
DA:174,3
DA:175,3
DA:176,3
DA:177,3
DA:179,3
DA:180,3
DA:181,0
DA:182,0
DA:183,0
DA:184,0
DA:185,0
DA:186,3
DA:187,3
DA:188,3
DA:189,3
DA:193,3
DA:194,3
DA:195,0
DA:196,3
DA:197,3
BRF:0
BRH:0
LF:77
LH:42
end_of_record
SF:/app/src/tools/weave.rs
FN:25,_RNvNtNtCs9KblgwEcMZ8_6glossa5tools5weave9run_weave
FNDA:0,_RNvNtNtCs9KblgwEcMZ8_6glossa5tools5weave9run_weave
FNF:1
FNH:0
DA:25,0
DA:26,0
DA:27,0
DA:28,0
DA:30,0
DA:32,0
DA:33,0
DA:34,0
DA:35,0
DA:36,0
DA:41,0
DA:42,0
DA:43,0
DA:44,0
DA:45,0
DA:50,0
DA:53,0
DA:54,0
DA:55,0
DA:56,0
DA:57,0
DA:58,0
DA:61,0
DA:63,0
DA:65,0
DA:67,0
DA:68,0
DA:69,0
DA:70,0
DA:71,0
DA:72,0
DA:73,0
DA:75,0
DA:77,0
DA:78,0
DA:80,0
DA:81,0
DA:82,0
DA:83,0
DA:84,0
DA:85,0
DA:86,0
DA:89,0
DA:90,0
DA:91,0
DA:92,0
DA:93,0
DA:95,0
DA:97,0
DA:98,0
DA:99,0
DA:100,0
DA:101,0
DA:103,0
DA:104,0
DA:106,0
DA:108,0
DA:109,0
BRF:0
BRH:0
LF:58
LH:0
end_of_record