SF:/app/src/ast.rs
FN:799,_RNvXs5_NtCs4a0SCptkpqe_6glossa3astNtB5_4ExprNtNtNtCs4kUJL3MZFFz_4core3ops4drop4Drop4drop
FN:1005,_RINvMs6_NtCs4a0SCptkpqe_6glossa3astNtB6_4Word3newReEB8_
FN:69,_RNCNvXNtCs4a0SCptkpqe_6glossa3astNtB4_7ProgramNtNtCs4kUJL3MZFFz_4core3fmt5Debug3fmt0B6_
FN:417,_RNCNvXs0_NtCs4a0SCptkpqe_6glossa3astNtB7_9StatementNtNtCs4kUJL3MZFFz_4core3fmt5Debug3fmt0B9_
FN:637,_RNCNvXs2_NtCs4a0SCptkpqe_6glossa3astNtB7_4ExprNtNtCs4kUJL3MZFFz_4core3fmt5Debug3fmt0B9_
FN:683,_RNCNvXs3_NtCs4a0SCptkpqe_6glossa3astNtB7_4ExprNtNtCs4kUJL3MZFFz_4core5clone5Clone5clone0B9_
FN:723,_RNCNvXs4_NtCs4a0SCptkpqe_6glossa3astNtB7_4ExprNtNtCs4kUJL3MZFFz_4core3cmp9PartialEq2eq0B9_
FN:801,_RNCNvXs5_NtCs4a0SCptkpqe_6glossa3astNtB7_4ExprNtNtNtCs4kUJL3MZFFz_4core3ops4drop4Drop4drop0B9_
FN:407,_RNCNvXs_NtCs4a0SCptkpqe_6glossa3astNtB6_6ClauseNtNtCs4kUJL3MZFFz_4core3fmt5Debug3fmt0B8_
FN:481,_RNvMs1_NtCs4a0SCptkpqe_6glossa3astNtB5_9Statement12is_propagate
FN:505,_RNvMs1_NtCs4a0SCptkpqe_6glossa3astNtB5_9Statement7clauses
FN:454,_RNvMs1_NtCs4a0SCptkpqe_6glossa3astNtB5_9Statement8is_query
FN:68,_RNvXNtCs4a0SCptkpqe_6glossa3astNtB2_7ProgramNtNtCs4kUJL3MZFFz_4core3fmt5Debug3fmt
FN:416,_RNvXs0_NtCs4a0SCptkpqe_6glossa3astNtB5_9StatementNtNtCs4kUJL3MZFFz_4core3fmt5Debug3fmt
FN:636,_RNvXs2_NtCs4a0SCptkpqe_6glossa3astNtB5_4ExprNtNtCs4kUJL3MZFFz_4core3fmt5Debug3fmt
FN:681,_RNvXs3_NtCs4a0SCptkpqe_6glossa3astNtB5_4ExprNtNtCs4kUJL3MZFFz_4core5clone5Clone5clone
FN:721,_RNvXs4_NtCs4a0SCptkpqe_6glossa3astNtB5_4ExprNtNtCs4kUJL3MZFFz_4core3cmp9PartialEq2eq
FN:406,_RNvXs_NtCs4a0SCptkpqe_6glossa3astNtB4_6ClauseNtNtCs4kUJL3MZFFz_4core3fmt5Debug3fmt
FN:69,_RNCNvXNtCs14PW5HJOtOs_6glossa3astNtB4_7ProgramNtNtCs4kUJL3MZFFz_4core3fmt5Debug3fmt0B6_
FN:723,_RNCNvXs4_NtCs14PW5HJOtOs_6glossa3astNtB7_4ExprNtNtCs4kUJL3MZFFz_4core3cmp9PartialEq2eq0B9_
FN:68,_RNvXNtCs14PW5HJOtOs_6glossa3astNtB2_7ProgramNtNtCs4kUJL3MZFFz_4core3fmt5Debug3fmt
FN:721,_RNvXs4_NtCs14PW5HJOtOs_6glossa3astNtB5_4ExprNtNtCs4kUJL3MZFFz_4core3cmp9PartialEq2eq
FN:1005,_RINvMs6_NtCs14PW5HJOtOs_6glossa3astNtB6_4Word3newReEB8_
FN:417,_RNCNvXs0_NtCs14PW5HJOtOs_6glossa3astNtB7_9StatementNtNtCs4kUJL3MZFFz_4core3fmt5Debug3fmt0B9_
FN:637,_RNCNvXs2_NtCs14PW5HJOtOs_6glossa3astNtB7_4ExprNtNtCs4kUJL3MZFFz_4core3fmt5Debug3fmt0B9_
FN:683,_RNCNvXs3_NtCs14PW5HJOtOs_6glossa3astNtB7_4ExprNtNtCs4kUJL3MZFFz_4core5clone5Clone5clone0B9_
FN:801,_RNCNvXs5_NtCs14PW5HJOtOs_6glossa3astNtB7_4ExprNtNtNtCs4kUJL3MZFFz_4core3ops4drop4Drop4drop0B9_
FN:407,_RNCNvXs_NtCs14PW5HJOtOs_6glossa3astNtB6_6ClauseNtNtCs4kUJL3MZFFz_4core3fmt5Debug3fmt0B8_
FN:481,_RNvMs1_NtCs14PW5HJOtOs_6glossa3astNtB5_9Statement12is_propagate
FN:505,_RNvMs1_NtCs14PW5HJOtOs_6glossa3astNtB5_9Statement7clauses
FN:454,_RNvMs1_NtCs14PW5HJOtOs_6glossa3astNtB5_9Statement8is_query
FN:416,_RNvXs0_NtCs14PW5HJOtOs_6glossa3astNtB5_9StatementNtNtCs4kUJL3MZFFz_4core3fmt5Debug3fmt
FN:636,_RNvXs2_NtCs14PW5HJOtOs_6glossa3astNtB5_4ExprNtNtCs4kUJL3MZFFz_4core3fmt5Debug3fmt
FN:681,_RNvXs3_NtCs14PW5HJOtOs_6glossa3astNtB5_4ExprNtNtCs4kUJL3MZFFz_4core5clone5Clone5clone
FN:406,_RNvXs_NtCs14PW5HJOtOs_6glossa3astNtB4_6ClauseNtNtCs4kUJL3MZFFz_4core3fmt5Debug3fmt
FN:799,_RNvXs5_NtCs14PW5HJOtOs_6glossa3astNtB5_4ExprNtNtNtCs4kUJL3MZFFz_4core3ops4drop4Drop4drop
FNDA:19023146,_RNvXs5_NtCs4a0SCptkpqe_6glossa3astNtB5_4ExprNtNtNtCs4kUJL3MZFFz_4core3ops4drop4Drop4drop
FNDA:1977322,_RINvMs6_NtCs4a0SCptkpqe_6glossa3astNtB6_4Word3newReEB8_
FNDA:7,_RNCNvXNtCs4a0SCptkpqe_6glossa3astNtB4_7ProgramNtNtCs4kUJL3MZFFz_4core3fmt5Debug3fmt0B6_
FNDA:15,_RNCNvXs0_NtCs4a0SCptkpqe_6glossa3astNtB7_9StatementNtNtCs4kUJL3MZFFz_4core3fmt5Debug3fmt0B9_
FNDA:50087,_RNCNvXs2_NtCs4a0SCptkpqe_6glossa3astNtB7_4ExprNtNtCs4kUJL3MZFFz_4core3fmt5Debug3fmt0B9_
FNDA:3452015,_RNCNvXs3_NtCs4a0SCptkpqe_6glossa3astNtB7_4ExprNtNtCs4kUJL3MZFFz_4core5clone5Clone5clone0B9_
FNDA:2563276,_RNCNvXs4_NtCs4a0SCptkpqe_6glossa3astNtB7_4ExprNtNtCs4kUJL3MZFFz_4core3cmp9PartialEq2eq0B9_
FNDA:19023146,_RNCNvXs5_NtCs4a0SCptkpqe_6glossa3astNtB7_4ExprNtNtNtCs4kUJL3MZFFz_4core3ops4drop4Drop4drop0B9_
FNDA:9,_RNCNvXs_NtCs4a0SCptkpqe_6glossa3astNtB6_6ClauseNtNtCs4kUJL3MZFFz_4core3fmt5Debug3fmt0B8_
FNDA:829,_RNvMs1_NtCs4a0SCptkpqe_6glossa3astNtB5_9Statement12is_propagate
FNDA:3206,_RNvMs1_NtCs4a0SCptkpqe_6glossa3astNtB5_9Statement7clauses
FNDA:829,_RNvMs1_NtCs4a0SCptkpqe_6glossa3astNtB5_9Statement8is_query
FNDA:7,_RNvXNtCs4a0SCptkpqe_6glossa3astNtB2_7ProgramNtNtCs4kUJL3MZFFz_4core3fmt5Debug3fmt
FNDA:15,_RNvXs0_NtCs4a0SCptkpqe_6glossa3astNtB5_9StatementNtNtCs4kUJL3MZFFz_4core3fmt5Debug3fmt
FNDA:50087,_RNvXs2_NtCs4a0SCptkpqe_6glossa3astNtB5_4ExprNtNtCs4kUJL3MZFFz_4core3fmt5Debug3fmt
FNDA:3452015,_RNvXs3_NtCs4a0SCptkpqe_6glossa3astNtB5_4ExprNtNtCs4kUJL3MZFFz_4core5clone5Clone5clone
FNDA:2563276,_RNvXs4_NtCs4a0SCptkpqe_6glossa3astNtB5_4ExprNtNtCs4kUJL3MZFFz_4core3cmp9PartialEq2eq
FNDA:9,_RNvXs_NtCs4a0SCptkpqe_6glossa3astNtB4_6ClauseNtNtCs4kUJL3MZFFz_4core3fmt5Debug3fmt
FNDA:0,_RNCNvXNtCs14PW5HJOtOs_6glossa3astNtB4_7ProgramNtNtCs4kUJL3MZFFz_4core3fmt5Debug3fmt0B6_
FNDA:0,_RNCNvXs4_NtCs14PW5HJOtOs_6glossa3astNtB7_4ExprNtNtCs4kUJL3MZFFz_4core3cmp9PartialEq2eq0B9_
FNDA:0,_RNvXNtCs14PW5HJOtOs_6glossa3astNtB2_7ProgramNtNtCs4kUJL3MZFFz_4core3fmt5Debug3fmt
FNDA:0,_RNvXs4_NtCs14PW5HJOtOs_6glossa3astNtB5_4ExprNtNtCs4kUJL3MZFFz_4core3cmp9PartialEq2eq
FNDA:236,_RINvMs6_NtCs14PW5HJOtOs_6glossa3astNtB6_4Word3newReEB8_
FNDA:0,_RNCNvXs0_NtCs14PW5HJOtOs_6glossa3astNtB7_9StatementNtNtCs4kUJL3MZFFz_4core3fmt5Debug3fmt0B9_
FNDA:0,_RNCNvXs2_NtCs14PW5HJOtOs_6glossa3astNtB7_4ExprNtNtCs4kUJL3MZFFz_4core3fmt5Debug3fmt0B9_
FNDA:1607,_RNCNvXs3_NtCs14PW5HJOtOs_6glossa3astNtB7_4ExprNtNtCs4kUJL3MZFFz_4core5clone5Clone5clone0B9_
FNDA:10950,_RNCNvXs5_NtCs14PW5HJOtOs_6glossa3astNtB7_4ExprNtNtNtCs4kUJL3MZFFz_4core3ops4drop4Drop4drop0B9_
FNDA:0,_RNCNvXs_NtCs14PW5HJOtOs_6glossa3astNtB6_6ClauseNtNtCs4kUJL3MZFFz_4core3fmt5Debug3fmt0B8_
FNDA:1375,_RNvMs1_NtCs14PW5HJOtOs_6glossa3astNtB5_9Statement12is_propagate
FNDA:4193,_RNvMs1_NtCs14PW5HJOtOs_6glossa3astNtB5_9Statement7clauses
FNDA:1377,_RNvMs1_NtCs14PW5HJOtOs_6glossa3astNtB5_9Statement8is_query
FNDA:0,_RNvXs0_NtCs14PW5HJOtOs_6glossa3astNtB5_9StatementNtNtCs4kUJL3MZFFz_4core3fmt5Debug3fmt
FNDA:0,_RNvXs2_NtCs14PW5HJOtOs_6glossa3astNtB5_4ExprNtNtCs4kUJL3MZFFz_4core3fmt5Debug3fmt
FNDA:1607,_RNvXs3_NtCs14PW5HJOtOs_6glossa3astNtB5_4ExprNtNtCs4kUJL3MZFFz_4core5clone5Clone5clone
FNDA:0,_RNvXs_NtCs14PW5HJOtOs_6glossa3astNtB4_6ClauseNtNtCs4kUJL3MZFFz_4core3fmt5Debug3fmt
FNDA:10950,_RNvXs5_NtCs14PW5HJOtOs_6glossa3astNtB5_4ExprNtNtNtCs4kUJL3MZFFz_4core3ops4drop4Drop4drop
FNF:18
FNH:18
DA:68,7
DA:69,7
DA:70,7
DA:71,7
DA:72,7
DA:73,7
DA:74,7
DA:406,9
DA:407,9
DA:408,9
DA:409,9
DA:410,9
DA:411,9
DA:412,9
DA:416,15
DA:417,15
DA:419,11
DA:420,11
DA:421,11
DA:422,11
DA:423,11
DA:424,11
DA:425,11
DA:426,11
DA:427,11
DA:428,1
DA:429,1
DA:430,1
DA:431,1
DA:432,15
DA:433,15
DA:454,2206
DA:455,2206
DA:456,2202
DA:457,1
DA:458,1
DA:459,1
DA:460,1
DA:462,2206
DA:481,2204
DA:482,2204
DA:483,2200
DA:484,1
DA:485,1
DA:486,1
DA:487,1
DA:489,2204
DA:505,7399
DA:506,7399
DA:507,7395
DA:508,1
DA:509,1
DA:510,1
DA:511,1
DA:513,7399
DA:636,50087
DA:637,50087
DA:638,1
DA:639,30
DA:640,2
DA:641,7
DA:642,1
DA:643,1
DA:644,1
DA:645,1
DA:646,1
DA:647,31
DA:648,50009
DA:649,1
DA:650,1
DA:651,1
DA:652,1
DA:653,1
DA:654,1
DA:655,1
DA:656,1
DA:657,1
DA:658,1
DA:659,1
DA:660,1
DA:661,1
DA:662,1
DA:663,1
DA:664,1
DA:665,1
DA:666,1
DA:667,1
DA:668,1
DA:669,1
DA:670,1
DA:671,1
DA:672,1
DA:673,1
DA:674,1
DA:675,1
DA:676,50087
DA:677,50087
DA:681,3453622
DA:683,3453622
DA:684,29
DA:685,1058568
DA:686,4
DA:687,4
DA:688,598810
DA:689,598810
DA:690,598810
DA:691,598810
DA:692,846601
DA:693,237134
DA:694,50005
DA:695,50005
DA:696,50005
DA:697,50005
DA:698,2
DA:699,2
DA:700,2
DA:701,2
DA:702,2
DA:703,2
DA:704,2
DA:705,2
DA:706,662456
DA:707,662456
DA:708,662456
DA:709,662456
DA:710,662456
DA:711,2
DA:712,2
DA:713,2
DA:714,2
DA:715,5
DA:716,3453622
DA:717,3453622
DA:721,2563276
DA:723,2563276
DA:724,3
DA:725,662736
DA:726,5
DA:727,6
DA:730,598811
DA:731,598811
DA:734,598811
DA:735,598811
DA:737,598811
DA:738,599072
DA:739,40003
DA:742,3
DA:743,3
DA:746,3
DA:747,3
DA:749,3
DA:752,3
DA:753,3
DA:756,3
DA:757,3
DA:759,3
DA:762,3
DA:763,3
DA:766,3
DA:767,3
DA:769,3
DA:772,662457
DA:773,662457
DA:774,662457
DA:777,662457
DA:778,662457
DA:779,662457
DA:781,662457
DA:784,3
DA:785,3
DA:788,3
DA:789,3
DA:791,3
DA:792,3
DA:793,168
DA:794,2563276
DA:795,2563276
DA:799,19034096
DA:801,19034096
DA:803,19034096
DA:807,14707238
DA:808,4326858
DA:817,4326858
DA:818,302541
DA:819,302541
DA:820,302541
DA:821,329
DA:822,329
DA:823,329
DA:824,503
DA:825,503
DA:826,503
DA:827,1873171
DA:828,1873171
DA:829,1873171
DA:830,1873171
DA:831,748746
DA:832,748746
DA:833,748746
DA:834,748746
DA:835,71
DA:836,71
DA:837,71
DA:838,71
DA:839,71
DA:840,71
DA:841,71
DA:842,71
DA:843,71
DA:844,1401043
DA:845,1401043
DA:846,1401043
DA:847,1401043
DA:848,383
DA:849,383
DA:850,383
DA:852,0
DA:854,19034096
DA:855,19034096
DA:1005,1977558
DA:1006,1977558
DA:1007,1977558
DA:1008,1977558
DA:1009,1977558
DA:1010,1977558
DA:1011,1977558
DA:1012,1977558
BRF:0
BRH:0
LF:234
LH:233
end_of_record
SF:/app/src/codegen.rs
FN:231,_RINvNtCs4a0SCptkpqe_6glossa7codegen17transliterate_fmtNtNtCs4kUJL3MZFFz_4core3fmt9FormatterEB4_
FN:231,_RINvNtCs4a0SCptkpqe_6glossa7codegen17transliterate_fmtNtNtCsauO83Ko6oyK_5alloc6string6StringEB4_
FN:215,_RNCNvNtCs4a0SCptkpqe_6glossa7codegen13transliterate0B5_
FN:716,_RNCNvNtCs4a0SCptkpqe_6glossa7codegen14generate_match0B5_
FN:745,_RNCNvNtCs4a0SCptkpqe_6glossa7codegen15generate_fn_def0B5_
FN:1173,_RNCNvNtCs4a0SCptkpqe_6glossa7codegen16generate_closure0B5_
FN:842,_RNCNvNtCs4a0SCptkpqe_6glossa7codegen18generate_trait_def0B5_
FN:784,_RNCNvNtCs4a0SCptkpqe_6glossa7codegen19generate_struct_def0B5_
FN:1158,_RNCNvNtCs4a0SCptkpqe_6glossa7codegen19generate_struct_lit0B5_
FN:905,_RNCNvNtCs4a0SCptkpqe_6glossa7codegen19generate_trait_impl0B5_
FN:811,_RNCNvNtCs4a0SCptkpqe_6glossa7codegen27generate_trait_method_parts0B5_
FN:609,_RNCNvNtCs4a0SCptkpqe_6glossa7codegen29generate_statement_expression0B5_
FN:657,_RNvNtCs4a0SCptkpqe_6glossa7codegen11generate_if
FN:1233,_RNvNtCs4a0SCptkpqe_6glossa7codegen11is_std_type
FN:696,_RNvNtCs4a0SCptkpqe_6glossa7codegen12generate_for
FN:626,_RNvNtCs4a0SCptkpqe_6glossa7codegen12generate_let
FN:278,_RNvNtCs4a0SCptkpqe_6glossa7codegen12to_rust_type
FN:991,_RNvNtCs4a0SCptkpqe_6glossa7codegen13generate_expr
FN:405,_RNvNtCs4a0SCptkpqe_6glossa7codegen13generate_rust
FN:939,_RNvNtCs4a0SCptkpqe_6glossa7codegen13generate_test
FN:1199,_RNvNtCs4a0SCptkpqe_6glossa7codegen13is_std_method
FN:174,_RNvNtCs4a0SCptkpqe_6glossa7codegen13sanitize_name
FN:207,_RNvNtCs4a0SCptkpqe_6glossa7codegen13transliterate
FN:711,_RNvNtCs4a0SCptkpqe_6glossa7codegen14generate_match
FN:637,_RNvNtCs4a0SCptkpqe_6glossa7codegen14generate_print
FN:1297,_RNvNtCs4a0SCptkpqe_6glossa7codegen14generate_range
FN:686,_RNvNtCs4a0SCptkpqe_6glossa7codegen14generate_while
FN:110,_RNvNtCs4a0SCptkpqe_6glossa7codegen14sanitize_ident
FN:1062,_RNvNtCs4a0SCptkpqe_6glossa7codegen15generate_bin_op
FN:735,_RNvNtCs4a0SCptkpqe_6glossa7codegen15generate_fn_def
FN:284,_RNvNtCs4a0SCptkpqe_6glossa7codegen15write_rust_type
FN:1167,_RNvNtCs4a0SCptkpqe_6glossa7codegen16generate_closure
FN:971,_RNvNtCs4a0SCptkpqe_6glossa7codegen16generate_expr_ok
FN:976,_RNvNtCs4a0SCptkpqe_6glossa7codegen17generate_expr_err
FN:981,_RNvNtCs4a0SCptkpqe_6glossa7codegen17generate_expr_try
FN:1276,_RNvNtCs4a0SCptkpqe_6glossa7codegen17generate_unary_op
FN:1265,_RNvNtCs4a0SCptkpqe_6glossa7codegen17generate_variable
FN:1186,_RNvNtCs4a0SCptkpqe_6glossa7codegen17is_self_parameter
FN:966,_RNvNtCs4a0SCptkpqe_6glossa7codegen18generate_expr_some
FN:506,_RNvNtCs4a0SCptkpqe_6glossa7codegen18generate_rust_file
FN:553,_RNvNtCs4a0SCptkpqe_6glossa7codegen18generate_statement
FN:830,_RNvNtCs4a0SCptkpqe_6glossa7codegen18generate_trait_def
FN:1132,_RNvNtCs4a0SCptkpqe_6glossa7codegen19generate_checked_op
FN:461,_RNvNtCs4a0SCptkpqe_6glossa7codegen19generate_panic_hook
FN:549,_RNvNtCs4a0SCptkpqe_6glossa7codegen19generate_statements
FN:772,_RNvNtCs4a0SCptkpqe_6glossa7codegen19generate_struct_def
FN:1142,_RNvNtCs4a0SCptkpqe_6glossa7codegen19generate_struct_lit
FN:881,_RNvNtCs4a0SCptkpqe_6glossa7codegen19generate_trait_impl
FN:986,_RNvNtCs4a0SCptkpqe_6glossa7codegen20generate_expr_unwrap
FN:1339,_RNvNtCs4a0SCptkpqe_6glossa7codegen20generate_method_call
FN:342,_RNvNtCs4a0SCptkpqe_6glossa7codegen20generate_type_tokens
FN:1360,_RNvNtCs4a0SCptkpqe_6glossa7codegen22generate_function_call
FN:1317,_RNvNtCs4a0SCptkpqe_6glossa7codegen23generate_collection_new
FN:1371,_RNvNtCs4a0SCptkpqe_6glossa7codegen23generate_control_assert
FN:1257,_RNvNtCs4a0SCptkpqe_6glossa7codegen23generate_literal_number
FN:1253,_RNvNtCs4a0SCptkpqe_6glossa7codegen23generate_literal_string
FN:545,_RNvNtCs4a0SCptkpqe_6glossa7codegen23generate_statement_code
FN:1261,_RNvNtCs4a0SCptkpqe_6glossa7codegen24generate_literal_boolean
FN:1270,_RNvNtCs4a0SCptkpqe_6glossa7codegen24generate_property_access
FN:1311,_RNvNtCs4a0SCptkpqe_6glossa7codegen25generate_collection_array
FN:1323,_RNvNtCs4a0SCptkpqe_6glossa7codegen25generate_collection_index
FN:616,_RNvNtCs4a0SCptkpqe_6glossa7codegen25generate_statement_return
FN:1376,_RNvNtCs4a0SCptkpqe_6glossa7codegen26generate_control_assert_eq
FN:595,_RNvNtCs4a0SCptkpqe_6glossa7codegen26generate_statement_binding
FN:804,_RNvNtCs4a0SCptkpqe_6glossa7codegen27generate_trait_method_parts
FN:601,_RNvNtCs4a0SCptkpqe_6glossa7codegen29generate_statement_assignment
FN:607,_RNvNtCs4a0SCptkpqe_6glossa7codegen29generate_statement_expression
FN:128,_RNvXNtCs4a0SCptkpqe_6glossa7codegenNtB2_9SanitizerNtNtCs4kUJL3MZFFz_4core3fmt7Display3fmt
FN:657,_RNvNtCs14PW5HJOtOs_6glossa7codegen11generate_if
FN:1233,_RNvNtCs14PW5HJOtOs_6glossa7codegen11is_std_type
FN:696,_RNvNtCs14PW5HJOtOs_6glossa7codegen12generate_for
FN:626,_RNvNtCs14PW5HJOtOs_6glossa7codegen12generate_let
FN:278,_RNvNtCs14PW5HJOtOs_6glossa7codegen12to_rust_type
FN:991,_RNvNtCs14PW5HJOtOs_6glossa7codegen13generate_expr
FN:405,_RNvNtCs14PW5HJOtOs_6glossa7codegen13generate_rust
FN:939,_RNvNtCs14PW5HJOtOs_6glossa7codegen13generate_test
FN:1199,_RNvNtCs14PW5HJOtOs_6glossa7codegen13is_std_method
FN:174,_RNvNtCs14PW5HJOtOs_6glossa7codegen13sanitize_name
FN:207,_RNvNtCs14PW5HJOtOs_6glossa7codegen13transliterate
FN:711,_RNvNtCs14PW5HJOtOs_6glossa7codegen14generate_match
FN:637,_RNvNtCs14PW5HJOtOs_6glossa7codegen14generate_print
FN:1297,_RNvNtCs14PW5HJOtOs_6glossa7codegen14generate_range
FN:686,_RNvNtCs14PW5HJOtOs_6glossa7codegen14generate_while
FN:110,_RNvNtCs14PW5HJOtOs_6glossa7codegen14sanitize_ident
FN:1062,_RNvNtCs14PW5HJOtOs_6glossa7codegen15generate_bin_op
FN:735,_RNvNtCs14PW5HJOtOs_6glossa7codegen15generate_fn_def
FN:284,_RNvNtCs14PW5HJOtOs_6glossa7codegen15write_rust_type
FN:1167,_RNvNtCs14PW5HJOtOs_6glossa7codegen16generate_closure
FN:971,_RNvNtCs14PW5HJOtOs_6glossa7codegen16generate_expr_ok
FN:976,_RNvNtCs14PW5HJOtOs_6glossa7codegen17generate_expr_err
FN:981,_RNvNtCs14PW5HJOtOs_6glossa7codegen17generate_expr_try
FN:1276,_RNvNtCs14PW5HJOtOs_6glossa7codegen17generate_unary_op
FN:1265,_RNvNtCs14PW5HJOtOs_6glossa7codegen17generate_variable
FN:1186,_RNvNtCs14PW5HJOtOs_6glossa7codegen17is_self_parameter
FN:966,_RNvNtCs14PW5HJOtOs_6glossa7codegen18generate_expr_some
FN:506,_RNvNtCs14PW5HJOtOs_6glossa7codegen18generate_rust_file
FN:553,_RNvNtCs14PW5HJOtOs_6glossa7codegen18generate_statement
FN:830,_RNvNtCs14PW5HJOtOs_6glossa7codegen18generate_trait_def
FN:1132,_RNvNtCs14PW5HJOtOs_6glossa7codegen19generate_checked_op
FN:461,_RNvNtCs14PW5HJOtOs_6glossa7codegen19generate_panic_hook
FN:549,_RNvNtCs14PW5HJOtOs_6glossa7codegen19generate_statements
FN:772,_RNvNtCs14PW5HJOtOs_6glossa7codegen19generate_struct_def
FN:1142,_RNvNtCs14PW5HJOtOs_6glossa7codegen19generate_struct_lit
FN:881,_RNvNtCs14PW5HJOtOs_6glossa7codegen19generate_trait_impl
FN:986,_RNvNtCs14PW5HJOtOs_6glossa7codegen20generate_expr_unwrap
FN:1339,_RNvNtCs14PW5HJOtOs_6glossa7codegen20generate_method_call
FN:342,_RNvNtCs14PW5HJOtOs_6glossa7codegen20generate_type_tokens
FN:1360,_RNvNtCs14PW5HJOtOs_6glossa7codegen22generate_function_call
FN:1317,_RNvNtCs14PW5HJOtOs_6glossa7codegen23generate_collection_new
FN:1371,_RNvNtCs14PW5HJOtOs_6glossa7codegen23generate_control_assert
FN:1257,_RNvNtCs14PW5HJOtOs_6glossa7codegen23generate_literal_number
FN:1253,_RNvNtCs14PW5HJOtOs_6glossa7codegen23generate_literal_string
FN:545,_RNvNtCs14PW5HJOtOs_6glossa7codegen23generate_statement_code
FN:1261,_RNvNtCs14PW5HJOtOs_6glossa7codegen24generate_literal_boolean
FN:1270,_RNvNtCs14PW5HJOtOs_6glossa7codegen24generate_property_access
FN:1311,_RNvNtCs14PW5HJOtOs_6glossa7codegen25generate_collection_array
FN:1323,_RNvNtCs14PW5HJOtOs_6glossa7codegen25generate_collection_index
FN:616,_RNvNtCs14PW5HJOtOs_6glossa7codegen25generate_statement_return
FN:1376,_RNvNtCs14PW5HJOtOs_6glossa7codegen26generate_control_assert_eq
FN:595,_RNvNtCs14PW5HJOtOs_6glossa7codegen26generate_statement_binding
FN:804,_RNvNtCs14PW5HJOtOs_6glossa7codegen27generate_trait_method_parts
FN:601,_RNvNtCs14PW5HJOtOs_6glossa7codegen29generate_statement_assignment
FN:607,_RNvNtCs14PW5HJOtOs_6glossa7codegen29generate_statement_expression
FN:128,_RNvXNtCs14PW5HJOtOs_6glossa7codegenNtB2_9SanitizerNtNtCs4kUJL3MZFFz_4core3fmt7Display3fmt
FN:1699,_RNvNtNtNtCs14PW5HJOtOs_6glossa7codegen5tests14refactor_testss_32test_generate_checked_arithmetic
FN:1718,_RNvNtNtNtCs14PW5HJOtOs_6glossa7codegen5tests14refactor_testss_32test_generate_rust_large_program
FN:1670,_RNvNtNtNtCs14PW5HJOtOs_6glossa7codegen5tests14refactor_testss_32test_generate_trait_parts_manual
FN:1687,_RNCNvNtNtNtCs14PW5HJOtOs_6glossa7codegen5tests14refactor_testss_32test_generate_trait_parts_manual0B9_
FN:231,_RINvNtCs14PW5HJOtOs_6glossa7codegen17transliterate_fmtNtNtCs4kUJL3MZFFz_4core3fmt9FormatterEB4_
FN:231,_RINvNtCs14PW5HJOtOs_6glossa7codegen17transliterate_fmtNtNtCsauO83Ko6oyK_5alloc6string6StringEB4_
FN:215,_RNCNvNtCs14PW5HJOtOs_6glossa7codegen13transliterate0B5_
FN:716,_RNCNvNtCs14PW5HJOtOs_6glossa7codegen14generate_match0B5_
FN:745,_RNCNvNtCs14PW5HJOtOs_6glossa7codegen15generate_fn_def0B5_
FN:1173,_RNCNvNtCs14PW5HJOtOs_6glossa7codegen16generate_closure0B5_
FN:842,_RNCNvNtCs14PW5HJOtOs_6glossa7codegen18generate_trait_def0B5_
FN:784,_RNCNvNtCs14PW5HJOtOs_6glossa7codegen19generate_struct_def0B5_
FN:1158,_RNCNvNtCs14PW5HJOtOs_6glossa7codegen19generate_struct_lit0B5_
FN:905,_RNCNvNtCs14PW5HJOtOs_6glossa7codegen19generate_trait_impl0B5_
FN:811,_RNCNvNtCs14PW5HJOtOs_6glossa7codegen27generate_trait_method_parts0B5_
FN:609,_RNCNvNtCs14PW5HJOtOs_6glossa7codegen29generate_statement_expression0B5_
FN:1533,_RNvNtNtCs14PW5HJOtOs_6glossa7codegen5tests7compile
FN:1477,_RNvNtNtCs14PW5HJOtOs_6glossa7codegen5testss_16test_basic_types
FN:1516,_RNvNtNtCs14PW5HJOtOs_6glossa7codegen5testss_16test_struct_type
FN:1399,_RNvNtNtCs14PW5HJOtOs_6glossa7codegen5testss_18test_transliterate
FN:1540,_RNvNtNtCs14PW5HJOtOs_6glossa7codegen5testss_19test_generate_hello
FN:1486,_RNvNtNtCs14PW5HJOtOs_6glossa7codegen5testss_20test_container_types
FN:1556,_RNvNtNtCs14PW5HJOtOs_6glossa7codegen5testss_20test_generate_number
FN:1548,_RNvNtNtCs14PW5HJOtOs_6glossa7codegen5testss_21test_generate_binding
FN:1585,_RNvNtNtCs14PW5HJOtOs_6glossa7codegen5testss_24test_generate_checked_op
FN:1458,_RNvNtNtCs14PW5HJOtOs_6glossa7codegen5testss_24test_sanitize_edge_cases
FN:1417,_RNvNtNtCs14PW5HJOtOs_6glossa7codegen5testss_25test_transliterate_unique
FN:1563,_RNvNtNtCs14PW5HJOtOs_6glossa7codegen5testss_26test_generate_full_program
FN:1392,_RNvNtNtCs14PW5HJOtOs_6glossa7codegen5testss_26test_sanitize_greek_letter
FN:1625,_RNvNtNtCs14PW5HJOtOs_6glossa7codegen5testss_28test_generate_control_unwrap
FN:1575,_RNvNtNtCs14PW5HJOtOs_6glossa7codegen5testss_28test_generate_statement_code
FN:1445,_RNvNtNtCs14PW5HJOtOs_6glossa7codegen5testss_33test_sanitize_keywords_and_prefix
FN:1596,_RNvNtNtCs14PW5HJOtOs_6glossa7codegen5testss_34test_generate_unary_op_neg_checked
FN:1641,_RNvNtNtCs14PW5HJOtOs_6glossa7codegen5testss_35test_generate_unreachable_operators
FN:1434,_RNvNtNtCs14PW5HJOtOs_6glossa7codegen5testss_38test_transliterate_mixed_valid_invalid
FN:1608,_RNvNtNtCs14PW5HJOtOs_6glossa7codegen5testss_43test_generate_collection_index_bounds_check
FNDA:588,_RINvNtCs4a0SCptkpqe_6glossa7codegen17transliterate_fmtNtNtCs4kUJL3MZFFz_4core3fmt9FormatterEB4_
FNDA:245,_RINvNtCs4a0SCptkpqe_6glossa7codegen17transliterate_fmtNtNtCsauO83Ko6oyK_5alloc6string6StringEB4_
FNDA:245,_RNCNvNtCs4a0SCptkpqe_6glossa7codegen13transliterate0B5_
FNDA:5,_RNCNvNtCs4a0SCptkpqe_6glossa7codegen14generate_match0B5_
FNDA:12,_RNCNvNtCs4a0SCptkpqe_6glossa7codegen15generate_fn_def0B5_
FNDA:36,_RNCNvNtCs4a0SCptkpqe_6glossa7codegen16generate_closure0B5_
FNDA:15,_RNCNvNtCs4a0SCptkpqe_6glossa7codegen18generate_trait_def0B5_
FNDA:27,_RNCNvNtCs4a0SCptkpqe_6glossa7codegen19generate_struct_def0B5_
FNDA:16,_RNCNvNtCs4a0SCptkpqe_6glossa7codegen19generate_struct_lit0B5_
FNDA:12,_RNCNvNtCs4a0SCptkpqe_6glossa7codegen19generate_trait_impl0B5_
FNDA:27,_RNCNvNtCs4a0SCptkpqe_6glossa7codegen27generate_trait_method_parts0B5_
FNDA:48,_RNCNvNtCs4a0SCptkpqe_6glossa7codegen29generate_statement_expression0B5_
FNDA:7,_RNvNtCs4a0SCptkpqe_6glossa7codegen11generate_if
FNDA:94,_RNvNtCs4a0SCptkpqe_6glossa7codegen11is_std_type
FNDA:7,_RNvNtCs4a0SCptkpqe_6glossa7codegen12generate_for
FNDA:186,_RNvNtCs4a0SCptkpqe_6glossa7codegen12generate_let
FNDA:4,_RNvNtCs4a0SCptkpqe_6glossa7codegen12to_rust_type
FNDA:978,_RNvNtCs4a0SCptkpqe_6glossa7codegen13generate_expr
FNDA:216,_RNvNtCs4a0SCptkpqe_6glossa7codegen13generate_rust
FNDA:8,_RNvNtCs4a0SCptkpqe_6glossa7codegen13generate_test
FNDA:99,_RNvNtCs4a0SCptkpqe_6glossa7codegen13is_std_method
FNDA:2,_RNvNtCs4a0SCptkpqe_6glossa7codegen13sanitize_name
FNDA:256,_RNvNtCs4a0SCptkpqe_6glossa7codegen13transliterate
FNDA:2,_RNvNtCs4a0SCptkpqe_6glossa7codegen14generate_match
FNDA:133,_RNvNtCs4a0SCptkpqe_6glossa7codegen14generate_print
FNDA:4,_RNvNtCs4a0SCptkpqe_6glossa7codegen14generate_range
FNDA:2,_RNvNtCs4a0SCptkpqe_6glossa7codegen14generate_while
FNDA:509,_RNvNtCs4a0SCptkpqe_6glossa7codegen14sanitize_ident
FNDA:59,_RNvNtCs4a0SCptkpqe_6glossa7codegen15generate_bin_op
FNDA:17,_RNvNtCs4a0SCptkpqe_6glossa7codegen15generate_fn_def
FNDA:9,_RNvNtCs4a0SCptkpqe_6glossa7codegen15write_rust_type
FNDA:32,_RNvNtCs4a0SCptkpqe_6glossa7codegen16generate_closure
FNDA:13,_RNvNtCs4a0SCptkpqe_6glossa7codegen16generate_expr_ok
FNDA:11,_RNvNtCs4a0SCptkpqe_6glossa7codegen17generate_expr_err
FNDA:11,_RNvNtCs4a0SCptkpqe_6glossa7codegen17generate_expr_try
FNDA:7,_RNvNtCs4a0SCptkpqe_6glossa7codegen17generate_unary_op
FNDA:166,_RNvNtCs4a0SCptkpqe_6glossa7codegen17generate_variable
FNDA:27,_RNvNtCs4a0SCptkpqe_6glossa7codegen17is_self_parameter
FNDA:24,_RNvNtCs4a0SCptkpqe_6glossa7codegen18generate_expr_some
FNDA:16,_RNvNtCs4a0SCptkpqe_6glossa7codegen18generate_rust_file
FNDA:489,_RNvNtCs4a0SCptkpqe_6glossa7codegen18generate_statement
FNDA:14,_RNvNtCs4a0SCptkpqe_6glossa7codegen18generate_trait_def
FNDA:18,_RNvNtCs4a0SCptkpqe_6glossa7codegen19generate_checked_op
FNDA:216,_RNvNtCs4a0SCptkpqe_6glossa7codegen19generate_panic_hook
FNDA:64,_RNvNtCs4a0SCptkpqe_6glossa7codegen19generate_statements
FNDA:25,_RNvNtCs4a0SCptkpqe_6glossa7codegen19generate_struct_def
FNDA:12,_RNvNtCs4a0SCptkpqe_6glossa7codegen19generate_struct_lit
FNDA:12,_RNvNtCs4a0SCptkpqe_6glossa7codegen19generate_trait_impl
FNDA:8,_RNvNtCs4a0SCptkpqe_6glossa7codegen20generate_expr_unwrap
FNDA:99,_RNvNtCs4a0SCptkpqe_6glossa7codegen20generate_method_call
FNDA:75,_RNvNtCs4a0SCptkpqe_6glossa7codegen20generate_type_tokens
FNDA:3,_RNvNtCs4a0SCptkpqe_6glossa7codegen22generate_function_call
FNDA:9,_RNvNtCs4a0SCptkpqe_6glossa7codegen23generate_collection_new
FNDA:2,_RNvNtCs4a0SCptkpqe_6glossa7codegen23generate_control_assert
FNDA:381,_RNvNtCs4a0SCptkpqe_6glossa7codegen23generate_literal_number
FNDA:53,_RNvNtCs4a0SCptkpqe_6glossa7codegen23generate_literal_string
FNDA:8,_RNvNtCs4a0SCptkpqe_6glossa7codegen23generate_statement_code
FNDA:10,_RNvNtCs4a0SCptkpqe_6glossa7codegen24generate_literal_boolean
FNDA:3,_RNvNtCs4a0SCptkpqe_6glossa7codegen24generate_property_access
FNDA:52,_RNvNtCs4a0SCptkpqe_6glossa7codegen25generate_collection_array
FNDA:10,_RNvNtCs4a0SCptkpqe_6glossa7codegen25generate_collection_index
FNDA:18,_RNvNtCs4a0SCptkpqe_6glossa7codegen25generate_statement_return
FNDA:5,_RNvNtCs4a0SCptkpqe_6glossa7codegen26generate_control_assert_eq
FNDA:186,_RNvNtCs4a0SCptkpqe_6glossa7codegen26generate_statement_binding
FNDA:27,_RNvNtCs4a0SCptkpqe_6glossa7codegen27generate_trait_method_parts
FNDA:4,_RNvNtCs4a0SCptkpqe_6glossa7codegen29generate_statement_assignment
FNDA:52,_RNvNtCs4a0SCptkpqe_6glossa7codegen29generate_statement_expression
FNDA:588,_RNvXNtCs4a0SCptkpqe_6glossa7codegenNtB2_9SanitizerNtNtCs4kUJL3MZFFz_4core3fmt7Display3fmt
FNDA:0,_RNvNtCs14PW5HJOtOs_6glossa7codegen11generate_if
FNDA:0,_RNvNtCs14PW5HJOtOs_6glossa7codegen11is_std_type
FNDA:0,_RNvNtCs14PW5HJOtOs_6glossa7codegen12generate_for
FNDA:4,_RNvNtCs14PW5HJOtOs_6glossa7codegen12generate_let
FNDA:11,_RNvNtCs14PW5HJOtOs_6glossa7codegen12to_rust_type
FNDA:46,_RNvNtCs14PW5HJOtOs_6glossa7codegen13generate_expr
FNDA:11,_RNvNtCs14PW5HJOtOs_6glossa7codegen13generate_rust
FNDA:20,_RNvNtCs14PW5HJOtOs_6glossa7codegen13generate_test
FNDA:0,_RNvNtCs14PW5HJOtOs_6glossa7codegen13is_std_method
FNDA:9,_RNvNtCs14PW5HJOtOs_6glossa7codegen13sanitize_name
FNDA:9,_RNvNtCs14PW5HJOtOs_6glossa7codegen13transliterate
FNDA:0,_RNvNtCs14PW5HJOtOs_6glossa7codegen14generate_match
FNDA:11,_RNvNtCs14PW5HJOtOs_6glossa7codegen14generate_print
FNDA:0,_RNvNtCs14PW5HJOtOs_6glossa7codegen14generate_range
FNDA:0,_RNvNtCs14PW5HJOtOs_6glossa7codegen14generate_while
FNDA:30,_RNvNtCs14PW5HJOtOs_6glossa7codegen14sanitize_ident
FNDA:3,_RNvNtCs14PW5HJOtOs_6glossa7codegen15generate_bin_op
FNDA:20,_RNvNtCs14PW5HJOtOs_6glossa7codegen15generate_fn_def
FNDA:18,_RNvNtCs14PW5HJOtOs_6glossa7codegen15write_rust_type
FNDA:0,_RNvNtCs14PW5HJOtOs_6glossa7codegen16generate_closure
FNDA:0,_RNvNtCs14PW5HJOtOs_6glossa7codegen16generate_expr_ok
FNDA:0,_RNvNtCs14PW5HJOtOs_6glossa7codegen17generate_expr_err
FNDA:0,_RNvNtCs14PW5HJOtOs_6glossa7codegen17generate_expr_try
FNDA:1,_RNvNtCs14PW5HJOtOs_6glossa7codegen17generate_unary_op
FNDA:4,_RNvNtCs14PW5HJOtOs_6glossa7codegen17generate_variable
FNDA:2,_RNvNtCs14PW5HJOtOs_6glossa7codegen17is_self_parameter
FNDA:0,_RNvNtCs14PW5HJOtOs_6glossa7codegen18generate_expr_some
FNDA:6,_RNvNtCs14PW5HJOtOs_6glossa7codegen18generate_rust_file
FNDA:115,_RNvNtCs14PW5HJOtOs_6glossa7codegen18generate_statement
FNDA:20,_RNvNtCs14PW5HJOtOs_6glossa7codegen18generate_trait_def
FNDA:2,_RNvNtCs14PW5HJOtOs_6glossa7codegen19generate_checked_op
FNDA:11,_RNvNtCs14PW5HJOtOs_6glossa7codegen19generate_panic_hook
FNDA:40,_RNvNtCs14PW5HJOtOs_6glossa7codegen19generate_statements
FNDA:20,_RNvNtCs14PW5HJOtOs_6glossa7codegen19generate_struct_def
FNDA:0,_RNvNtCs14PW5HJOtOs_6glossa7codegen19generate_struct_lit
FNDA:0,_RNvNtCs14PW5HJOtOs_6glossa7codegen19generate_trait_impl
FNDA:1,_RNvNtCs14PW5HJOtOs_6glossa7codegen20generate_expr_unwrap
FNDA:0,_RNvNtCs14PW5HJOtOs_6glossa7codegen20generate_method_call
FNDA:2,_RNvNtCs14PW5HJOtOs_6glossa7codegen20generate_type_tokens
FNDA:0,_RNvNtCs14PW5HJOtOs_6glossa7codegen22generate_function_call
FNDA:0,_RNvNtCs14PW5HJOtOs_6glossa7codegen23generate_collection_new
FNDA:0,_RNvNtCs14PW5HJOtOs_6glossa7codegen23generate_control_assert
FNDA:34,_RNvNtCs14PW5HJOtOs_6glossa7codegen23generate_literal_number
FNDA:7,_RNvNtCs14PW5HJOtOs_6glossa7codegen23generate_literal_string
FNDA:3,_RNvNtCs14PW5HJOtOs_6glossa7codegen23generate_statement_code
FNDA:0,_RNvNtCs14PW5HJOtOs_6glossa7codegen24generate_literal_boolean
FNDA:0,_RNvNtCs14PW5HJOtOs_6glossa7codegen24generate_property_access
FNDA:0,_RNvNtCs14PW5HJOtOs_6glossa7codegen25generate_collection_array
FNDA:1,_RNvNtCs14PW5HJOtOs_6glossa7codegen25generate_collection_index
FNDA:20,_RNvNtCs14PW5HJOtOs_6glossa7codegen25generate_statement_return
FNDA:0,_RNvNtCs14PW5HJOtOs_6glossa7codegen26generate_control_assert_eq
FNDA:4,_RNvNtCs14PW5HJOtOs_6glossa7codegen26generate_statement_binding
FNDA:1,_RNvNtCs14PW5HJOtOs_6glossa7codegen27generate_trait_method_parts
FNDA:0,_RNvNtCs14PW5HJOtOs_6glossa7codegen29generate_statement_assignment
FNDA:0,_RNvNtCs14PW5HJOtOs_6glossa7codegen29generate_statement_expression
FNDA:80,_RNvXNtCs14PW5HJOtOs_6glossa7codegenNtB2_9SanitizerNtNtCs4kUJL3MZFFz_4core3fmt7Display3fmt
FNDA:1,_RNvNtNtNtCs14PW5HJOtOs_6glossa7codegen5tests14refactor_testss_32test_generate_checked_arithmetic
FNDA:1,_RNvNtNtNtCs14PW5HJOtOs_6glossa7codegen5tests14refactor_testss_32test_generate_rust_large_program
FNDA:1,_RNvNtNtNtCs14PW5HJOtOs_6glossa7codegen5tests14refactor_testss_32test_generate_trait_parts_manual
FNDA:2,_RNCNvNtNtNtCs14PW5HJOtOs_6glossa7codegen5tests14refactor_testss_32test_generate_trait_parts_manual0B9_
FNDA:80,_RINvNtCs14PW5HJOtOs_6glossa7codegen17transliterate_fmtNtNtCs4kUJL3MZFFz_4core3fmt9FormatterEB4_
FNDA:8,_RINvNtCs14PW5HJOtOs_6glossa7codegen17transliterate_fmtNtNtCsauO83Ko6oyK_5alloc6string6StringEB4_
FNDA:8,_RNCNvNtCs14PW5HJOtOs_6glossa7codegen13transliterate0B5_
FNDA:0,_RNCNvNtCs14PW5HJOtOs_6glossa7codegen14generate_match0B5_
FNDA:0,_RNCNvNtCs14PW5HJOtOs_6glossa7codegen15generate_fn_def0B5_
FNDA:0,_RNCNvNtCs14PW5HJOtOs_6glossa7codegen16generate_closure0B5_
FNDA:0,_RNCNvNtCs14PW5HJOtOs_6glossa7codegen18generate_trait_def0B5_
FNDA:0,_RNCNvNtCs14PW5HJOtOs_6glossa7codegen19generate_struct_def0B5_
FNDA:0,_RNCNvNtCs14PW5HJOtOs_6glossa7codegen19generate_struct_lit0B5_
FNDA:0,_RNCNvNtCs14PW5HJOtOs_6glossa7codegen19generate_trait_impl0B5_
FNDA:2,_RNCNvNtCs14PW5HJOtOs_6glossa7codegen27generate_trait_method_parts0B5_
FNDA:0,_RNCNvNtCs14PW5HJOtOs_6glossa7codegen29generate_statement_expression0B5_
FNDA:4,_RNvNtNtCs14PW5HJOtOs_6glossa7codegen5tests7compile
FNDA:1,_RNvNtNtCs14PW5HJOtOs_6glossa7codegen5testss_16test_basic_types
FNDA:1,_RNvNtNtCs14PW5HJOtOs_6glossa7codegen5testss_16test_struct_type
FNDA:1,_RNvNtNtCs14PW5HJOtOs_6glossa7codegen5testss_18test_transliterate
FNDA:1,_RNvNtNtCs14PW5HJOtOs_6glossa7codegen5testss_19test_generate_hello
FNDA:1,_RNvNtNtCs14PW5HJOtOs_6glossa7codegen5testss_20test_container_types
FNDA:1,_RNvNtNtCs14PW5HJOtOs_6glossa7codegen5testss_20test_generate_number
FNDA:1,_RNvNtNtCs14PW5HJOtOs_6glossa7codegen5testss_21test_generate_binding
FNDA:1,_RNvNtNtCs14PW5HJOtOs_6glossa7codegen5testss_24test_generate_checked_op
FNDA:1,_RNvNtNtCs14PW5HJOtOs_6glossa7codegen5testss_24test_sanitize_edge_cases
FNDA:1,_RNvNtNtCs14PW5HJOtOs_6glossa7codegen5testss_25test_transliterate_unique
FNDA:1,_RNvNtNtCs14PW5HJOtOs_6glossa7codegen5testss_26test_generate_full_program
FNDA:1,_RNvNtNtCs14PW5HJOtOs_6glossa7codegen5testss_26test_sanitize_greek_letter
FNDA:1,_RNvNtNtCs14PW5HJOtOs_6glossa7codegen5testss_28test_generate_control_unwrap
FNDA:1,_RNvNtNtCs14PW5HJOtOs_6glossa7codegen5testss_28test_generate_statement_code
FNDA:1,_RNvNtNtCs14PW5HJOtOs_6glossa7codegen5testss_33test_sanitize_keywords_and_prefix
FNDA:1,_RNvNtNtCs14PW5HJOtOs_6glossa7codegen5testss_34test_generate_unary_op_neg_checked
FNDA:1,_RNvNtNtCs14PW5HJOtOs_6glossa7codegen5testss_35test_generate_unreachable_operators
FNDA:1,_RNvNtNtCs14PW5HJOtOs_6glossa7codegen5testss_38test_transliterate_mixed_valid_invalid
FNDA:1,_RNvNtNtCs14PW5HJOtOs_6glossa7codegen5testss_43test_generate_collection_index_bounds_check
FNF:91
FNH:91
DA:110,539
DA:111,539
DA:113,539
DA:114,539
DA:115,539
DA:116,539
DA:117,539
DA:119,539
DA:128,668
DA:129,668
DA:130,118
DA:132,550
DA:135,668
DA:137,668
DA:138,3
DA:139,665
DA:141,668
DA:142,668
DA:174,11
DA:176,11
DA:177,11
DA:178,11
DA:179,11
DA:180,11
DA:181,11
DA:207,265
DA:208,265
DA:209,12
DA:210,253
DA:215,253
DA:217,253
DA:219,253
DA:220,8
DA:221,245
DA:224,253
DA:226,253
DA:227,265
DA:231,921
DA:232,6234
DA:236,6234
DA:237,1844
DA:240,4390
DA:243,921
DA:244,921
DA:278,15
DA:279,15
DA:280,15
DA:281,15
DA:282,15
DA:284,27
DA:285,27
DA:286,8
DA:287,5
DA:288,1
DA:289,1
DA:290,1
DA:291,1
DA:292,1
DA:294,1
DA:295,1
DA:296,1
DA:297,1
DA:299,1
DA:300,1
DA:301,1
DA:302,1
DA:303,1
DA:304,1
DA:306,4
DA:307,4
DA:308,4
DA:309,4
DA:311,2
DA:312,2
DA:313,2
DA:314,2
DA:315,2
DA:316,2
DA:318,1
DA:319,2
DA:320,2
DA:321,2
DA:322,2
DA:323,2
DA:324,2
DA:325,2
DA:328,0
DA:329,1
DA:331,27
DA:342,77
DA:343,77
DA:344,55
DA:345,7
DA:346,2
DA:347,2
DA:348,2
DA:349,2
DA:351,1
DA:352,1
DA:353,1
DA:355,2
DA:356,2
DA:357,2
DA:358,2
DA:360,2
DA:361,2
DA:362,2
DA:364,2
DA:365,2
DA:366,2
DA:367,2
DA:369,1
DA:370,1
DA:372,1
DA:374,1
DA:375,1
DA:376,1
DA:377,1
DA:378,1
DA:380,1
DA:383,1
DA:384,1
DA:386,77
DA:405,227
DA:409,227
DA:410,227
DA:411,227
DA:412,227
DA:413,227
DA:414,227
DA:415,227
DA:417,519
DA:418,519
DA:419,34
DA:420,45
DA:422,12
DA:424,37
DA:425,28
DA:426,363
DA:434,227
DA:436,227
DA:438,227
DA:458,227
DA:459,227
DA:461,227
DA:462,227
DA:491,227
DA:506,22
DA:507,22
DA:510,22
DA:514,22
DA:545,11
DA:546,11
DA:547,11
DA:549,104
DA:550,104
DA:551,104
DA:553,604
DA:554,604
DA:556,190
DA:557,190
DA:558,190
DA:559,190
DA:560,4
DA:561,144
DA:562,52
DA:564,7
DA:565,7
DA:566,7
DA:567,7
DA:568,2
DA:570,7
DA:571,7
DA:572,7
DA:573,7
DA:574,2
DA:575,1
DA:576,1
DA:577,38
DA:579,37
DA:580,37
DA:581,37
DA:582,37
DA:583,37
DA:584,45
DA:585,34
DA:587,12
DA:588,12
DA:589,12
DA:590,12
DA:591,28
DA:593,604
DA:595,190
DA:597,190
DA:598,190
DA:599,190
DA:601,4
DA:602,4
DA:603,4
DA:604,4
DA:605,4
DA:607,52
DA:609,52
DA:610,48
DA:611,48
DA:612,48
DA:613,52
DA:614,52
DA:616,38
DA:617,38
DA:618,38
DA:619,38
DA:620,38
DA:622,0
DA:624,38
DA:626,190
DA:627,190
DA:628,190
DA:630,190
DA:631,47
DA:633,143
DA:635,190
DA:637,144
DA:638,144
DA:639,17
DA:643,127
DA:644,129
DA:645,129
DA:646,2
DA:647,127
DA:648,129
DA:652,127
DA:653,127
DA:655,144
DA:657,7
DA:658,7
DA:659,7
DA:660,7
DA:661,7
DA:662,7
DA:663,7
DA:665,7
DA:666,3
DA:667,3
DA:668,3
DA:677,4
DA:684,7
DA:686,2
DA:687,2
DA:688,2
DA:689,2
DA:694,2
DA:696,7
DA:697,7
DA:698,7
DA:699,7
DA:700,7
DA:701,7
DA:702,7
DA:703,7
DA:704,7
DA:709,7
DA:711,2
DA:712,2
DA:713,2
DA:714,2
DA:715,2
DA:716,5
DA:718,5
DA:720,2
DA:722,3
DA:724,5
DA:725,5
DA:726,5
DA:728,2
DA:733,2
DA:735,37
DA:736,37
DA:737,37
DA:738,37
DA:739,37
DA:740,37
DA:741,37
DA:742,37
DA:745,37
DA:746,12
DA:747,12
DA:748,4
DA:749,4
DA:751,8
DA:753,12
DA:756,37
DA:757,16
DA:758,16
DA:764,21
DA:770,37
DA:772,45
DA:774,45
DA:776,45
DA:777,45
DA:778,45
DA:779,45
DA:780,45
DA:784,45
DA:785,27
DA:786,27
DA:787,27
DA:788,27
DA:790,45
DA:796,45
DA:804,28
DA:805,28
DA:807,28
DA:808,28
DA:809,28
DA:810,28
DA:811,29
DA:812,29
DA:813,28
DA:815,1
DA:816,1
DA:817,1
DA:819,29
DA:821,28
DA:823,28
DA:824,28
DA:825,28
DA:826,28
DA:827,28
DA:828,28
DA:830,34
DA:832,34
DA:834,34
DA:835,34
DA:836,34
DA:837,34
DA:838,34
DA:842,34
DA:843,15
DA:844,15
DA:845,15
DA:847,15
DA:848,2
DA:849,2
DA:850,2
DA:856,0
DA:860,13
DA:861,1
DA:862,1
DA:868,12
DA:872,15
DA:874,34
DA:879,34
DA:881,12
DA:882,12
DA:883,12
DA:884,12
DA:885,12
DA:887,12
DA:889,12
DA:890,12
DA:891,12
DA:892,12
DA:893,12
DA:895,12
DA:897,12
DA:898,12
DA:899,12
DA:900,12
DA:901,12
DA:905,12
DA:906,12
DA:907,12
DA:908,12
DA:911,12
DA:912,12
DA:914,0
DA:917,12
DA:918,1
DA:924,11
DA:930,12
DA:932,12
DA:937,12
DA:939,28
DA:942,28
DA:943,259
DA:944,259
DA:945,228
DA:946,228
DA:947,228
DA:948,31
DA:949,31
DA:950,31
DA:953,28
DA:956,28
DA:958,28
DA:964,28
DA:966,24
DA:967,24
DA:968,24
DA:969,24
DA:971,13
DA:972,13
DA:973,13
DA:974,13
DA:976,11
DA:977,11
DA:978,11
DA:979,11
DA:981,11
DA:982,11
DA:983,11
DA:984,11
DA:986,9
DA:987,9
DA:988,9
DA:989,9
DA:991,1024
DA:992,1024
DA:993,60
DA:995,415
DA:997,10
DA:999,52
DA:1001,24
DA:1003,4
DA:1005,13
DA:1007,11
DA:1009,11
DA:1011,9
DA:1013,10
DA:1015,170
DA:1017,3
DA:1018,3
DA:1022,99
DA:1023,99
DA:1024,99
DA:1025,99
DA:1027,0
DA:1028,3
DA:1030,59
DA:1032,7
DA:1035,4
DA:1036,4
DA:1037,4
DA:1038,4
DA:1041,12
DA:1042,12
DA:1043,12
DA:1044,12
DA:1047,32
DA:1048,32
DA:1049,32
DA:1050,32
DA:1052,9
DA:1053,9
DA:1056,2
DA:1058,5
DA:1060,1024
DA:1062,62
DA:1063,62
DA:1064,62
DA:1067,62
DA:1069,62
DA:1070,53
DA:1072,8
DA:1073,8
DA:1074,8
DA:1075,8
DA:1076,8
DA:1080,1
DA:1081,1
DA:1082,1
DA:1083,1
DA:1084,1
DA:1088,6
DA:1089,6
DA:1090,6
DA:1091,6
DA:1092,6
DA:1096,3
DA:1097,3
DA:1098,3
DA:1099,3
DA:1100,3
DA:1104,1
DA:1105,1
DA:1106,1
DA:1107,1
DA:1108,1
DA:1111,34
DA:1113,9
DA:1115,43
DA:1116,0
DA:1117,0
DA:1118,0
DA:1119,0
DA:1120,0
DA:1121,4
DA:1122,0
DA:1123,3
DA:1124,1
DA:1125,32
DA:1126,1
DA:1127,1
DA:1128,1
DA:1130,62
DA:1132,20
DA:1133,20
DA:1134,20
DA:1135,20
DA:1136,20
DA:1137,20
DA:1138,20
DA:1139,20
DA:1140,20
DA:1142,12
DA:1143,12
DA:1144,12
DA:1145,12
DA:1146,12
DA:1148,12
DA:1150,12
DA:1151,12
DA:1152,12
DA:1153,12
DA:1154,12
DA:1158,16
DA:1159,16
DA:1160,16
DA:1161,16
DA:1162,16
DA:1164,12
DA:1165,12
DA:1167,32
DA:1168,32
DA:1169,32
DA:1170,32
DA:1171,32
DA:1172,32
DA:1173,36
DA:1175,32
DA:1177,0
DA:1180,32
DA:1183,32
DA:1186,29
DA:1187,29
DA:1188,1
DA:1189,28
DA:1190,28
DA:1192,28
DA:1193,0
DA:1194,0
DA:1195,0
DA:1196,29
DA:1199,99
DA:1200,94
DA:1201,99
DA:1202,99
DA:1203,96
DA:1204,93
DA:1205,90
DA:1206,90
DA:1207,89
DA:1208,89
DA:1209,89
DA:1210,89
DA:1211,89
DA:1212,89
DA:1213,81
DA:1214,78
DA:1215,76
DA:1216,76
DA:1217,76
DA:1218,47
DA:1219,42
DA:1220,34
DA:1221,23
DA:1222,16
DA:1223,15
DA:1224,11
DA:1225,5
DA:1226,5
DA:1227,5
DA:1228,5
DA:1230,99
DA:1233,94
DA:1234,0
DA:1235,94
DA:1247,94
DA:1253,60
DA:1254,60
DA:1255,60
DA:1257,415
DA:1258,415
DA:1259,415
DA:1261,10
DA:1262,10
DA:1263,10
DA:1265,170
DA:1266,170
DA:1267,170
DA:1268,170
DA:1270,3
DA:1271,3
DA:1272,3
DA:1273,3
DA:1274,3
DA:1276,8
DA:1277,8
DA:1279,0
DA:1280,0
DA:1283,5
DA:1284,5
DA:1285,4
DA:1287,1
DA:1291,3
DA:1292,3
DA:1295,8
DA:1297,4
DA:1298,4
DA:1299,4
DA:1300,4
DA:1301,1
DA:1303,3
DA:1305,4
DA:1311,52
DA:1313,52
DA:1314,52
DA:1315,52
DA:1317,9
DA:1319,9
DA:1320,9
DA:1321,9
DA:1323,11
DA:1324,11
DA:1325,11
DA:1327,11
DA:1337,11
DA:1339,99
DA:1340,99
DA:1341,99
DA:1342,99
DA:1343,99
DA:1344,99
DA:1347,99
DA:1349,94
DA:1352,5
DA:1356,99
DA:1357,99
DA:1358,99
DA:1360,3
DA:1361,3
DA:1363,3
DA:1364,3
DA:1365,3
DA:1371,2
DA:1372,2
DA:1373,2
DA:1374,2
DA:1376,5
DA:1377,5
DA:1378,5
DA:1379,5
DA:1380,5
DA:1392,1
DA:1393,1
DA:1394,1
DA:1395,1
DA:1396,1
DA:1399,1
DA:1405,1
DA:1406,1
DA:1409,1
DA:1410,1
DA:1411,1
DA:1414,1
DA:1417,1
DA:1419,1
DA:1420,1
DA:1422,1
DA:1423,1
DA:1425,1
DA:1429,1
DA:1430,1
DA:1431,1
DA:1434,1
DA:1439,1
DA:1440,1
DA:1441,1
DA:1442,1
DA:1445,1
DA:1448,1
DA:1449,1
DA:1453,1
DA:1454,1
DA:1455,1
DA:1458,1
DA:1460,1
DA:1461,1
DA:1465,1
DA:1468,1
DA:1471,1
DA:1472,1
DA:1477,1
DA:1478,1
DA:1479,1
DA:1480,1
DA:1481,1
DA:1482,1
DA:1483,1
DA:1486,1
DA:1487,1
DA:1488,1
DA:1491,1
DA:1492,1
DA:1495,1
DA:1496,1
DA:1497,1
DA:1498,1
DA:1499,1
DA:1502,1
DA:1503,1
DA:1506,1
DA:1507,1
DA:1508,1
DA:1509,1
DA:1510,1
DA:1513,1
DA:1516,1
DA:1518,1
DA:1519,1
DA:1520,1
DA:1521,1
DA:1522,1
DA:1525,1
DA:1526,1
DA:1529,1
DA:1533,4
DA:1534,4
DA:1535,4
DA:1536,4
DA:1537,4
DA:1540,1
DA:1541,1
DA:1543,1
DA:1544,1
DA:1545,1
DA:1548,1
DA:1549,1
DA:1551,1
DA:1552,1
DA:1553,1
DA:1556,1
DA:1557,1
DA:1558,1
DA:1559,1
DA:1560,1
DA:1563,1
DA:1564,1
DA:1566,1
DA:1567,1
DA:1571,1
DA:1572,1
DA:1575,1
DA:1576,1
DA:1577,1
DA:1578,1
DA:1579,1
DA:1580,1
DA:1581,1
DA:1582,1
DA:1585,1
DA:1586,1
DA:1587,1
DA:1588,1
DA:1589,1
DA:1590,1
DA:1591,1
DA:1592,1
DA:1593,1
DA:1596,1
DA:1597,1
DA:1598,1
DA:1599,1
DA:1600,1
DA:1601,1
DA:1602,1
DA:1603,1
DA:1604,1
DA:1605,1
DA:1608,1
DA:1609,1
DA:1610,1
DA:1611,1
DA:1612,1
DA:1613,1
DA:1614,1
DA:1615,1
DA:1616,1
DA:1617,1
DA:1618,1
DA:1619,1
DA:1620,1
DA:1621,1
DA:1622,1
DA:1625,1
DA:1626,1
DA:1627,1
DA:1628,1
DA:1629,1
DA:1630,1
DA:1631,1
DA:1632,1
DA:1634,1
DA:1635,1
DA:1636,1
DA:1637,1
DA:1638,1
DA:1641,1
DA:1643,1
DA:1644,1
DA:1645,1
DA:1646,1
DA:1647,1
DA:1648,1
DA:1649,1
DA:1650,1
DA:1653,1
DA:1654,1
DA:1655,1
DA:1656,1
DA:1659,1
DA:1660,1
DA:1661,1
DA:1662,1
DA:1663,1
DA:1670,1
DA:1672,1
DA:1673,1
DA:1674,1
DA:1675,1
DA:1676,1
DA:1677,1
DA:1678,1
DA:1679,1
DA:1680,1
DA:1682,1
DA:1684,1
DA:1687,2
DA:1688,1
DA:1689,1
DA:1690,1
DA:1691,1
DA:1694,1
DA:1695,1
DA:1696,1
DA:1699,1
DA:1700,1
DA:1701,1
DA:1702,1
DA:1703,1
DA:1704,1
DA:1705,1
DA:1706,1
DA:1707,1
DA:1709,1
DA:1710,1
DA:1711,1
DA:1713,1
DA:1714,1
DA:1715,1
DA:1718,1
DA:1721,1
DA:1723,20
DA:1724,20
DA:1725,20
DA:1726,20
DA:1727,20
DA:1728,20
DA:1729,20
DA:1730,20
DA:1731,20
DA:1732,20
DA:1733,20
DA:1734,20
DA:1735,20
DA:1736,20
DA:1737,20
DA:1738,20
DA:1739,20
DA:1740,20
DA:1741,20
DA:1742,20
DA:1743,20
DA:1744,20
DA:1745,20
DA:1746,20
DA:1747,20
DA:1748,20
DA:1750,1
DA:1751,1
DA:1752,1
DA:1753,1
DA:1754,1
DA:1757,1
DA:1758,1
DA:1759,1
DA:1760,1
DA:1761,1
BRF:0
BRH:0
LF:920
LH:900
end_of_record
SF:/app/src/errors/mod.rs
FN:297,_RNvMNtCs4a0SCptkpqe_6glossa6errorsNtB2_11GlossaError14category_greek
FN:178,_RINvMNtCs4a0SCptkpqe_6glossa6errorsNtB3_11GlossaError5parseNtNtCsauO83Ko6oyK_5alloc6string6StringEB5_
FN:230,_RINvMNtCs4a0SCptkpqe_6glossa6errorsNtB3_11GlossaError8semanticNtNtCsauO83Ko6oyK_5alloc6string6StringEB5_
FN:230,_RINvMNtCs4a0SCptkpqe_6glossa6errorsNtB3_11GlossaError8semanticReEB5_
FN:251,_RINvMNtCs4a0SCptkpqe_6glossa6errorsNtB3_11GlossaError9undefinedNtCs36B3dAHZGhW_8smol_str7SmolStrEB5_
FN:251,_RINvMNtCs4a0SCptkpqe_6glossa6errorsNtB3_11GlossaError9undefinedNtNtCsauO83Ko6oyK_5alloc6string6StringEB5_
FN:251,_RINvMNtCs4a0SCptkpqe_6glossa6errorsNtB3_11GlossaError9undefinedReEB5_
FN:205,_RINvMNtCs4a0SCptkpqe_6glossa6errorsNtB3_11GlossaError17parse_with_sourceppEB5_
FN:290,_RINvMNtCs4a0SCptkpqe_6glossa6errorsNtB3_11GlossaError7codegenpEB5_
FN:269,_RINvMNtCs4a0SCptkpqe_6glossa6errorsNtB3_11GlossaError9agreementpEB5_
FN:290,_RINvMNtCs14PW5HJOtOs_6glossa6errorsNtB3_11GlossaError7codegenpEB5_
FN:269,_RINvMNtCs14PW5HJOtOs_6glossa6errorsNtB3_11GlossaError9agreementpEB5_
FN:297,_RNvMNtCs14PW5HJOtOs_6glossa6errorsNtB2_11GlossaError14category_greek
FN:321,_RNvNtNtCs14PW5HJOtOs_6glossa6errors5testss_16test_parse_error
FN:334,_RNvNtNtCs14PW5HJOtOs_6glossa6errors5testss_19test_category_greek
FN:327,_RNvNtNtCs14PW5HJOtOs_6glossa6errors5testss_20test_undefined_error
FN:340,_RNvNtNtCs14PW5HJOtOs_6glossa6errors5testss_22test_parse_with_source
FN:205,_RINvMNtCs14PW5HJOtOs_6glossa6errorsNtB3_11GlossaError17parse_with_sourceReB18_EB5_
FN:178,_RINvMNtCs14PW5HJOtOs_6glossa6errorsNtB3_11GlossaError5parseNtNtCsauO83Ko6oyK_5alloc6string6StringEB5_
FN:178,_RINvMNtCs14PW5HJOtOs_6glossa6errorsNtB3_11GlossaError5parseReEB5_
FN:230,_RINvMNtCs14PW5HJOtOs_6glossa6errorsNtB3_11GlossaError8semanticNtNtCsauO83Ko6oyK_5alloc6string6StringEB5_
FN:230,_RINvMNtCs14PW5HJOtOs_6glossa6errorsNtB3_11GlossaError8semanticReEB5_
FN:251,_RINvMNtCs14PW5HJOtOs_6glossa6errorsNtB3_11GlossaError9undefinedNtCs36B3dAHZGhW_8smol_str7SmolStrEB5_
FN:251,_RINvMNtCs14PW5HJOtOs_6glossa6errorsNtB3_11GlossaError9undefinedNtNtCsauO83Ko6oyK_5alloc6string6StringEB5_
FN:251,_RINvMNtCs14PW5HJOtOs_6glossa6errorsNtB3_11GlossaError9undefinedReEB5_
FN:178,_RINvMNtCs4a0SCptkpqe_6glossa6errorsNtB3_11GlossaError5parseReECs1YHKByXDsUn_14razor_coverage
FN:290,_RINvMNtCs4a0SCptkpqe_6glossa6errorsNtB3_11GlossaError7codegenReECs1YHKByXDsUn_14razor_coverage
FN:269,_RINvMNtCs4a0SCptkpqe_6glossa6errorsNtB3_11GlossaError9agreementReECs1YHKByXDsUn_14razor_coverage
FNDA:7,_RNvMNtCs4a0SCptkpqe_6glossa6errorsNtB2_11GlossaError14category_greek
FNDA:2782,_RINvMNtCs4a0SCptkpqe_6glossa6errorsNtB3_11GlossaError5parseNtNtCsauO83Ko6oyK_5alloc6string6StringEB5_
FNDA:13,_RINvMNtCs4a0SCptkpqe_6glossa6errorsNtB3_11GlossaError8semanticNtNtCsauO83Ko6oyK_5alloc6string6StringEB5_
FNDA:943,_RINvMNtCs4a0SCptkpqe_6glossa6errorsNtB3_11GlossaError8semanticReEB5_
FNDA:0,_RINvMNtCs4a0SCptkpqe_6glossa6errorsNtB3_11GlossaError9undefinedNtCs36B3dAHZGhW_8smol_str7SmolStrEB5_
FNDA:1,_RINvMNtCs4a0SCptkpqe_6glossa6errorsNtB3_11GlossaError9undefinedNtNtCsauO83Ko6oyK_5alloc6string6StringEB5_
FNDA:1,_RINvMNtCs4a0SCptkpqe_6glossa6errorsNtB3_11GlossaError9undefinedReEB5_
FNDA:0,_RINvMNtCs4a0SCptkpqe_6glossa6errorsNtB3_11GlossaError17parse_with_sourceppEB5_
FNDA:0,_RINvMNtCs4a0SCptkpqe_6glossa6errorsNtB3_11GlossaError7codegenpEB5_
FNDA:0,_RINvMNtCs4a0SCptkpqe_6glossa6errorsNtB3_11GlossaError9agreementpEB5_
FNDA:0,_RINvMNtCs14PW5HJOtOs_6glossa6errorsNtB3_11GlossaError7codegenpEB5_
FNDA:0,_RINvMNtCs14PW5HJOtOs_6glossa6errorsNtB3_11GlossaError9agreementpEB5_
FNDA:1,_RNvMNtCs14PW5HJOtOs_6glossa6errorsNtB2_11GlossaError14category_greek
FNDA:1,_RNvNtNtCs14PW5HJOtOs_6glossa6errors5testss_16test_parse_error
FNDA:1,_RNvNtNtCs14PW5HJOtOs_6glossa6errors5testss_19test_category_greek
FNDA:1,_RNvNtNtCs14PW5HJOtOs_6glossa6errors5testss_20test_undefined_error
FNDA:1,_RNvNtNtCs14PW5HJOtOs_6glossa6errors5testss_22test_parse_with_source
FNDA:1,_RINvMNtCs14PW5HJOtOs_6glossa6errorsNtB3_11GlossaError17parse_with_sourceReB18_EB5_
FNDA:11,_RINvMNtCs14PW5HJOtOs_6glossa6errorsNtB3_11GlossaError5parseNtNtCsauO83Ko6oyK_5alloc6string6StringEB5_
FNDA:1,_RINvMNtCs14PW5HJOtOs_6glossa6errorsNtB3_11GlossaError5parseReEB5_
FNDA:9,_RINvMNtCs14PW5HJOtOs_6glossa6errorsNtB3_11GlossaError8semanticNtNtCsauO83Ko6oyK_5alloc6string6StringEB5_
FNDA:74,_RINvMNtCs14PW5HJOtOs_6glossa6errorsNtB3_11GlossaError8semanticReEB5_
FNDA:2,_RINvMNtCs14PW5HJOtOs_6glossa6errorsNtB3_11GlossaError9undefinedNtCs36B3dAHZGhW_8smol_str7SmolStrEB5_
FNDA:3,_RINvMNtCs14PW5HJOtOs_6glossa6errorsNtB3_11GlossaError9undefinedNtNtCsauO83Ko6oyK_5alloc6string6StringEB5_
FNDA:1,_RINvMNtCs14PW5HJOtOs_6glossa6errorsNtB3_11GlossaError9undefinedReEB5_
FNDA:1,_RINvMNtCs4a0SCptkpqe_6glossa6errorsNtB3_11GlossaError5parseReECs1YHKByXDsUn_14razor_coverage
FNDA:1,_RINvMNtCs4a0SCptkpqe_6glossa6errorsNtB3_11GlossaError7codegenReECs1YHKByXDsUn_14razor_coverage
FNDA:1,_RINvMNtCs4a0SCptkpqe_6glossa6errorsNtB3_11GlossaError9agreementReECs1YHKByXDsUn_14razor_coverage
FNF:11
FNH:11
DA:178,2795
DA:179,2795
DA:180,2795
DA:181,2795
DA:182,2795
DA:183,2795
DA:184,2795
DA:205,1
DA:206,1
DA:207,1
DA:208,1
DA:209,1
DA:210,1
DA:211,1
DA:212,1
DA:213,1
DA:214,1
DA:215,1
DA:230,1039
DA:231,1039
DA:232,1039
DA:233,1039
DA:234,1039
DA:251,8
DA:252,8
DA:253,8
DA:269,1
DA:270,1
DA:271,1
DA:272,1
DA:273,1
DA:290,1
DA:291,1
DA:292,1
DA:293,1
DA:294,1
DA:297,8
DA:298,8
DA:299,1
DA:300,2
DA:301,1
DA:302,1
DA:303,1
DA:304,1
DA:305,1
DA:307,8
DA:321,1
DA:322,1
DA:323,1
DA:324,1
DA:327,1
DA:328,1
DA:329,1
DA:330,1
DA:331,1
DA:334,1
DA:335,1
DA:336,1
DA:337,1
DA:340,1
DA:342,1
DA:343,1
DA:345,1
DA:346,1
DA:347,1
DA:348,1
DA:350,1
DA:351,1
DA:352,1
DA:354,0
DA:356,1
BRF:0
BRH:0
LF:71
LH:70
end_of_record
SF:/app/src/main.rs
FN:16,_RNvCs105BQx7q4Nu_6glossa4main
FN:16,_RNvCsfRf1y5FmmIS_6glossa4main
FNDA:2,_RNvCs105BQx7q4Nu_6glossa4main
FNDA:0,_RNvCsfRf1y5FmmIS_6glossa4main
FNF:1
FNH:1
DA:16,2
DA:17,2
DA:20,2
DA:21,0
DA:22,2
DA:24,2
DA:25,1
DA:26,1
DA:34,0
DA:39,0
DA:40,0
DA:43,0
DA:44,0
DA:47,0
DA:48,0
DA:51,0
DA:52,0
DA:55,0
DA:56,0
DA:59,0
DA:60,0
DA:63,1
DA:64,1
DA:67,0
DA:73,0
DA:74,0
DA:80,0
DA:86,0
DA:87,0
DA:93,0
DA:99,0
DA:100,0
DA:106,0
DA:112,0
DA:113,0
DA:119,0
DA:125,0
DA:126,0
DA:132,0
DA:138,0
DA:139,0
DA:145,0
DA:151,0
DA:152,0
DA:158,0
DA:164,0
DA:165,0
DA:176,0
DA:181,0
DA:186,0
DA:191,0
DA:197,0
DA:198,0
DA:205,0
DA:209,0
DA:210,2
BRF:0
BRH:0
LF:56
LH:10
end_of_record
SF:/app/src/morphology/conjugation.rs
FN:699,_RNvNtNtCs4a0SCptkpqe_6glossa10morphology11conjugation10infinitive
FN:332,_RNvNtNtCs4a0SCptkpqe_6glossa10morphology11conjugation12analyze_verb
FN:152,_RNvNtNtCs4a0SCptkpqe_6glossa10morphology11conjugation13strip_augment
FN:528,_RNvNtNtCs4a0SCptkpqe_6glossa10morphology11conjugation16analyze_verb_all
FN:485,_RNvNtNtCs4a0SCptkpqe_6glossa10morphology11conjugation18match_verb_endings
FN:575,_RNvNtNtCs4a0SCptkpqe_6glossa10morphology11conjugation21analyze_verb_all_into
FN:537,_RNvNtNtCs4a0SCptkpqe_6glossa10morphology11conjugation22try_analyze_infinitive
FN:444,_RNvNtNtCs4a0SCptkpqe_6glossa10morphology11conjugation23try_conjugation_pattern
FN:401,_RNvNtNtCs4a0SCptkpqe_6glossa10morphology11conjugation27try_conjugation_pattern_all
FN:656,_RNvNtNtCs4a0SCptkpqe_6glossa10morphology11conjugation9conjugate
FN:507,_RINvNtNtCs4a0SCptkpqe_6glossa10morphology11conjugation22match_verb_endings_allNCNvB2_27try_conjugation_pattern_all0EB6_
FN:515,_RNCINvNtNtCs4a0SCptkpqe_6glossa10morphology11conjugation22match_verb_endings_allNCNvB4_27try_conjugation_pattern_all0Es_0B8_
FN:494,_RNCNvNtNtCs4a0SCptkpqe_6glossa10morphology11conjugation18match_verb_endingss_0B7_
FN:605,_RNCNvNtNtCs4a0SCptkpqe_6glossa10morphology11conjugation21analyze_verb_all_into0B7_
FN:406,_RNCNvNtNtCs4a0SCptkpqe_6glossa10morphology11conjugation27try_conjugation_pattern_all0B7_
FN:795,_RNvNtNtNtCs14PW5HJOtOs_6glossa10morphology11conjugation5testss_14test_conjugate
FN:778,_RNvNtNtNtCs14PW5HJOtOs_6glossa10morphology11conjugation5testss_15test_infinitive
FN:734,_RNvNtNtNtCs14PW5HJOtOs_6glossa10morphology11conjugation5testss_18test_aorist_active
FN:821,_RNvNtNtNtCs14PW5HJOtOs_6glossa10morphology11conjugation5testss_20test_infinitive_form
FN:852,_RNvNtNtNtCs14PW5HJOtOs_6glossa10morphology11conjugation5testss_21test_constants_sorted
FN:785,_RNvNtNtNtCs14PW5HJOtOs_6glossa10morphology11conjugation5testss_21test_eimi_subjunctive
FN:744,_RNvNtNtNtCs14PW5HJOtOs_6glossa10morphology11conjugation5testss_22test_augment_stripping
FN:757,_RNvNtNtNtCs14PW5HJOtOs_6glossa10morphology11conjugation5testss_27test_strip_augment_function
FN:725,_RNvNtNtNtCs14PW5HJOtOs_6glossa10morphology11conjugation5testss_30test_present_active_imperative
FN:712,_RNvNtNtNtCs14PW5HJOtOs_6glossa10morphology11conjugation5testss_30test_present_active_indicative
FN:827,_RNvNtNtNtCs14PW5HJOtOs_6glossa10morphology11conjugation5testss_32test_analyze_verb_coverage_forms
FN:888,_RNvNtNtNtCs14PW5HJOtOs_6glossa10morphology11conjugation5testss_35test_analyze_verb_all_discrepancies
FN:894,_RNCNvNtNtNtCs14PW5HJOtOs_6glossa10morphology11conjugation5testss_35test_analyze_verb_all_discrepancies0B9_
FN:919,_RNCNvNtNtNtCs14PW5HJOtOs_6glossa10morphology11conjugation5testss_35test_analyze_verb_all_discrepanciess0_0B9_
FN:913,_RNCNvNtNtNtCs14PW5HJOtOs_6glossa10morphology11conjugation5testss_35test_analyze_verb_all_discrepanciess_0B9_
FN:507,_RINvNtNtCs14PW5HJOtOs_6glossa10morphology11conjugation22match_verb_endings_allNCNvB2_27try_conjugation_pattern_all0EB6_
FN:515,_RNCINvNtNtCs14PW5HJOtOs_6glossa10morphology11conjugation22match_verb_endings_allNCNvB4_27try_conjugation_pattern_all0Es_0B8_
FN:494,_RNCNvNtNtCs14PW5HJOtOs_6glossa10morphology11conjugation18match_verb_endingss_0B7_
FN:605,_RNCNvNtNtCs14PW5HJOtOs_6glossa10morphology11conjugation21analyze_verb_all_into0B7_
FN:406,_RNCNvNtNtCs14PW5HJOtOs_6glossa10morphology11conjugation27try_conjugation_pattern_all0B7_
FN:699,_RNvNtNtCs14PW5HJOtOs_6glossa10morphology11conjugation10infinitive
FN:332,_RNvNtNtCs14PW5HJOtOs_6glossa10morphology11conjugation12analyze_verb
FN:152,_RNvNtNtCs14PW5HJOtOs_6glossa10morphology11conjugation13strip_augment
FN:528,_RNvNtNtCs14PW5HJOtOs_6glossa10morphology11conjugation16analyze_verb_all
FN:485,_RNvNtNtCs14PW5HJOtOs_6glossa10morphology11conjugation18match_verb_endings
FN:575,_RNvNtNtCs14PW5HJOtOs_6glossa10morphology11conjugation21analyze_verb_all_into
FN:537,_RNvNtNtCs14PW5HJOtOs_6glossa10morphology11conjugation22try_analyze_infinitive
FN:444,_RNvNtNtCs14PW5HJOtOs_6glossa10morphology11conjugation23try_conjugation_pattern
FN:401,_RNvNtNtCs14PW5HJOtOs_6glossa10morphology11conjugation27try_conjugation_pattern_all
FN:656,_RNvNtNtCs14PW5HJOtOs_6glossa10morphology11conjugation9conjugate
FNDA:0,_RNvNtNtCs4a0SCptkpqe_6glossa10morphology11conjugation10infinitive
FNDA:259,_RNvNtNtCs4a0SCptkpqe_6glossa10morphology11conjugation12analyze_verb
FNDA:0,_RNvNtNtCs4a0SCptkpqe_6glossa10morphology11conjugation13strip_augment
FNDA:0,_RNvNtNtCs4a0SCptkpqe_6glossa10morphology11conjugation16analyze_verb_all
FNDA:2069,_RNvNtNtCs4a0SCptkpqe_6glossa10morphology11conjugation18match_verb_endings
FNDA:4759,_RNvNtNtCs4a0SCptkpqe_6glossa10morphology11conjugation21analyze_verb_all_into
FNDA:9518,_RNvNtNtCs4a0SCptkpqe_6glossa10morphology11conjugation22try_analyze_infinitive
FNDA:2069,_RNvNtNtCs4a0SCptkpqe_6glossa10morphology11conjugation23try_conjugation_pattern
FNDA:38072,_RNvNtNtCs4a0SCptkpqe_6glossa10morphology11conjugation27try_conjugation_pattern_all
FNDA:0,_RNvNtNtCs4a0SCptkpqe_6glossa10morphology11conjugation9conjugate
FNDA:38072,_RINvNtNtCs4a0SCptkpqe_6glossa10morphology11conjugation22match_verb_endings_allNCNvB2_27try_conjugation_pattern_all0EB6_
FNDA:835,_RNCINvNtNtCs4a0SCptkpqe_6glossa10morphology11conjugation22match_verb_endings_allNCNvB4_27try_conjugation_pattern_all0Es_0B8_
FNDA:1,_RNCNvNtNtCs4a0SCptkpqe_6glossa10morphology11conjugation18match_verb_endingss_0B7_
FNDA:191,_RNCNvNtNtCs4a0SCptkpqe_6glossa10morphology11conjugation21analyze_verb_all_into0B7_
FNDA:835,_RNCNvNtNtCs4a0SCptkpqe_6glossa10morphology11conjugation27try_conjugation_pattern_all0B7_
FNDA:1,_RNvNtNtNtCs14PW5HJOtOs_6glossa10morphology11conjugation5testss_14test_conjugate
FNDA:1,_RNvNtNtNtCs14PW5HJOtOs_6glossa10morphology11conjugation5testss_15test_infinitive
FNDA:1,_RNvNtNtNtCs14PW5HJOtOs_6glossa10morphology11conjugation5testss_18test_aorist_active
FNDA:1,_RNvNtNtNtCs14PW5HJOtOs_6glossa10morphology11conjugation5testss_20test_infinitive_form
FNDA:1,_RNvNtNtNtCs14PW5HJOtOs_6glossa10morphology11conjugation5testss_21test_constants_sorted
FNDA:1,_RNvNtNtNtCs14PW5HJOtOs_6glossa10morphology11conjugation5testss_21test_eimi_subjunctive
FNDA:1,_RNvNtNtNtCs14PW5HJOtOs_6glossa10morphology11conjugation5testss_22test_augment_stripping
FNDA:1,_RNvNtNtNtCs14PW5HJOtOs_6glossa10morphology11conjugation5testss_27test_strip_augment_function
FNDA:1,_RNvNtNtNtCs14PW5HJOtOs_6glossa10morphology11conjugation5testss_30test_present_active_imperative
FNDA:1,_RNvNtNtNtCs14PW5HJOtOs_6glossa10morphology11conjugation5testss_30test_present_active_indicative
FNDA:1,_RNvNtNtNtCs14PW5HJOtOs_6glossa10morphology11conjugation5testss_32test_analyze_verb_coverage_forms
FNDA:1,_RNvNtNtNtCs14PW5HJOtOs_6glossa10morphology11conjugation5testss_35test_analyze_verb_all_discrepancies
FNDA:2,_RNCNvNtNtNtCs14PW5HJOtOs_6glossa10morphology11conjugation5testss_35test_analyze_verb_all_discrepancies0B9_
FNDA:1,_RNCNvNtNtNtCs14PW5HJOtOs_6glossa10morphology11conjugation5testss_35test_analyze_verb_all_discrepanciess0_0B9_
FNDA:1,_RNCNvNtNtNtCs14PW5HJOtOs_6glossa10morphology11conjugation5testss_35test_analyze_verb_all_discrepanciess_0B9_
FNDA:33464,_RINvNtNtCs14PW5HJOtOs_6glossa10morphology11conjugation22match_verb_endings_allNCNvB2_27try_conjugation_pattern_all0EB6_
FNDA:4116,_RNCINvNtNtCs14PW5HJOtOs_6glossa10morphology11conjugation22match_verb_endings_allNCNvB4_27try_conjugation_pattern_all0Es_0B8_
FNDA:9,_RNCNvNtNtCs14PW5HJOtOs_6glossa10morphology11conjugation18match_verb_endingss_0B7_
FNDA:1354,_RNCNvNtNtCs14PW5HJOtOs_6glossa10morphology11conjugation21analyze_verb_all_into0B7_
FNDA:4116,_RNCNvNtNtCs14PW5HJOtOs_6glossa10morphology11conjugation27try_conjugation_pattern_all0B7_
FNDA:2,_RNvNtNtCs14PW5HJOtOs_6glossa10morphology11conjugation10infinitive
FNDA:12,_RNvNtNtCs14PW5HJOtOs_6glossa10morphology11conjugation12analyze_verb
FNDA:14,_RNvNtNtCs14PW5HJOtOs_6glossa10morphology11conjugation13strip_augment
FNDA:2,_RNvNtNtCs14PW5HJOtOs_6glossa10morphology11conjugation16analyze_verb_all
FNDA:48,_RNvNtNtCs14PW5HJOtOs_6glossa10morphology11conjugation18match_verb_endings
FNDA:4183,_RNvNtNtCs14PW5HJOtOs_6glossa10morphology11conjugation21analyze_verb_all_into
FNDA:8366,_RNvNtNtCs14PW5HJOtOs_6glossa10morphology11conjugation22try_analyze_infinitive
FNDA:48,_RNvNtNtCs14PW5HJOtOs_6glossa10morphology11conjugation23try_conjugation_pattern
FNDA:33464,_RNvNtNtCs14PW5HJOtOs_6glossa10morphology11conjugation27try_conjugation_pattern_all
FNDA:2,_RNvNtNtCs14PW5HJOtOs_6glossa10morphology11conjugation9conjugate
FNF:30
FNH:30
DA:152,14
DA:154,53
DA:155,53
DA:156,2
DA:157,2
DA:158,51
DA:162,43
DA:163,43
DA:164,2
DA:165,41
DA:170,10
DA:173,6
DA:174,6
DA:175,0
DA:176,4
DA:180,4
DA:183,1
DA:184,1
DA:185,0
DA:186,3
DA:189,3
DA:190,1
DA:192,1
DA:193,2
DA:200,2
DA:201,14
DA:332,271
DA:333,271
DA:334,271
DA:338,1893
DA:339,1893
DA:340,1
DA:341,1
DA:342,1
DA:343,1
DA:344,1
DA:345,1
DA:346,1
DA:347,1
DA:348,1
DA:349,1
DA:350,1
DA:351,1
DA:352,1892
DA:356,2117
DA:357,2117
DA:358,10
DA:359,2107
DA:363,260
DA:364,1
DA:366,1
DA:367,1
DA:368,1
DA:369,1
DA:370,1
DA:371,1
DA:372,1
DA:373,1
DA:374,1
DA:375,1
DA:376,1
DA:377,1
DA:378,259
DA:381,259
DA:382,1
DA:384,1
DA:385,1
DA:386,1
DA:387,1
DA:388,1
DA:389,1
DA:390,1
DA:391,1
DA:392,1
DA:393,1
DA:394,1
DA:395,1
DA:396,258
DA:398,258
DA:399,271
DA:401,71536
DA:402,71536
DA:403,71536
DA:404,71536
DA:405,71536
DA:406,71536
DA:408,4951
DA:409,4946
DA:410,2
DA:411,3
DA:415,4951
DA:416,4951
DA:417,4951
DA:420,4951
DA:421,4946
DA:422,3084
DA:424,3084
DA:426,1867
DA:429,4951
DA:430,4951
DA:431,4951
DA:432,4951
DA:433,4951
DA:434,4951
DA:435,4951
DA:436,4951
DA:437,4951
DA:438,4951
DA:439,4951
DA:440,4951
DA:441,4951
DA:442,71536
DA:444,2117
DA:445,2117
DA:447,10
DA:450,5
DA:451,1
DA:453,4
DA:457,3
DA:458,3
DA:463,2
DA:464,2
DA:468,10
DA:469,10
DA:470,10
DA:471,10
DA:472,10
DA:473,10
DA:474,10
DA:475,10
DA:476,10
DA:477,10
DA:478,10
DA:479,10
DA:480,2117
DA:485,2117
DA:486,2117
DA:487,2117
DA:488,2117
DA:489,2117
DA:490,2117
DA:491,2117
DA:492,2117
DA:494,10
DA:495,10
DA:496,10
DA:497,10
DA:499,0
DA:501,10
DA:503,2117
DA:504,2117
DA:507,71536
DA:508,71536
DA:509,71536
DA:511,71536
DA:512,71536
DA:513,71536
DA:515,4951
DA:516,4951
DA:517,4951
DA:518,4951
DA:520,71536
DA:528,2
DA:529,2
DA:530,2
DA:531,2
DA:532,2
DA:537,17884
DA:538,17884
DA:539,17884
DA:540,17884
DA:541,17884
DA:542,17884
DA:543,17884
DA:544,3
DA:545,3
DA:546,3
DA:547,3
DA:548,3
DA:549,3
DA:550,3
DA:551,3
DA:552,3
DA:553,3
DA:554,3
DA:555,3
DA:556,3
DA:557,3
DA:558,17881
DA:559,17884
DA:575,8942
DA:576,8942
DA:580,62594
DA:581,62594
DA:582,14
DA:583,14
DA:584,14
DA:585,14
DA:586,14
DA:587,14
DA:588,14
DA:589,14
DA:590,14
DA:591,14
DA:592,14
DA:593,14
DA:594,62580
DA:597,71536
DA:598,71536
DA:599,71536
DA:601,8942
DA:602,8942
DA:605,8942
DA:606,1545
DA:607,1545
DA:608,1545
DA:609,1545
DA:612,8942
DA:613,8942
DA:614,1545
DA:615,1545
DA:616,1545
DA:617,1545
DA:618,1545
DA:619,1545
DA:620,1542
DA:621,0
DA:622,0
DA:623,0
DA:626,1545
DA:627,1545
DA:628,0
DA:629,1545
DA:630,1545
DA:631,0
DA:633,1545
DA:634,7397
DA:635,8942
DA:656,2
DA:657,2
DA:658,2
DA:659,2
DA:660,2
DA:661,2
DA:662,2
DA:663,2
DA:664,2
DA:665,1
DA:666,1
DA:667,0
DA:668,0
DA:669,0
DA:672,11
DA:673,11
DA:674,2
DA:675,9
DA:678,0
DA:679,2
DA:699,2
DA:700,2
DA:701,1
DA:702,1
DA:703,0
DA:705,2
DA:712,1
DA:713,1
DA:714,1
DA:715,1
DA:716,1
DA:717,1
DA:719,1
DA:720,1
DA:721,1
DA:722,1
DA:725,1
DA:726,1
DA:727,1
DA:728,1
DA:729,1
DA:730,1
DA:731,1
DA:734,1
DA:735,1
DA:736,1
DA:737,1
DA:738,1
DA:740,1
DA:741,1
DA:744,1
DA:747,1
DA:748,1
DA:749,1
DA:752,1
DA:753,1
DA:754,1
DA:757,1
DA:758,1
DA:759,1
DA:760,1
DA:761,1
DA:764,1
DA:765,1
DA:768,1
DA:769,1
DA:774,1
DA:775,1
DA:778,1
DA:779,1
DA:780,1
DA:781,1
DA:782,1
DA:785,1
DA:787,1
DA:788,1
DA:789,1
DA:790,1
DA:791,1
DA:792,1
DA:795,1
DA:796,1
DA:797,1
DA:798,1
DA:799,1
DA:800,1
DA:801,1
DA:802,1
DA:803,1
DA:807,1
DA:808,1
DA:809,1
DA:810,1
DA:811,1
DA:812,1
DA:813,1
DA:814,1
DA:818,1
DA:821,1
DA:822,1
DA:823,1
DA:824,1
DA:827,1
DA:829,1
DA:830,1
DA:831,1
DA:832,1
DA:835,1
DA:836,1
DA:837,1
DA:840,1
DA:841,1
DA:842,1
DA:845,1
DA:846,1
DA:847,1
DA:848,1
DA:849,1
DA:852,1
DA:855,1
DA:856,1
DA:857,1
DA:858,1
DA:859,1
DA:860,1
DA:861,1
DA:862,1
DA:863,1
DA:866,8
DA:867,40
DA:868,40
DA:869,40
DA:870,40
DA:871,40
DA:872,40
DA:873,40
DA:879,0
DA:885,1
DA:888,1
DA:890,1
DA:891,1
DA:892,1
DA:893,1
DA:894,2
DA:895,1
DA:896,1
DA:899,1
DA:900,1
DA:904,0
DA:908,1
DA:909,1
DA:910,1
DA:913,1
DA:914,0
DA:915,0
DA:916,0
DA:917,1
DA:919,1
DA:920,1
DA:921,1
BRF:0
BRH:0
LF:403
LH:383
end_of_record
SF:/app/src/morphology/declension.rs
FN:171,_RNvNtNtCs4a0SCptkpqe_6glossa10morphology10declension12analyze_noun
FN:206,_RNvNtNtCs4a0SCptkpqe_6glossa10morphology10declension16analyze_noun_all
FN:215,_RNvNtNtCs4a0SCptkpqe_6glossa10morphology10declension21analyze_noun_all_into
FN:348,_RNvNtNtCs4a0SCptkpqe_6glossa10morphology10declension7decline
FN:300,_RNvNtNtCs4a0SCptkpqe_6glossa10morphology10declension8get_stem
FN:184,_RINvNtNtCs4a0SCptkpqe_6glossa10morphology10declension17match_endings_allNCNvB2_21analyze_noun_all_into0EB6_
FN:192,_RNCINvNtNtCs4a0SCptkpqe_6glossa10morphology10declension17match_endings_allNCNvB4_21analyze_noun_all_into0Es_0B8_
FN:178,_RNCNvNtNtCs4a0SCptkpqe_6glossa10morphology10declension12analyze_noun0B7_
FN:219,_RNCNvNtNtCs4a0SCptkpqe_6glossa10morphology10declension21analyze_noun_all_into0B7_
FN:256,_RNCNvNtNtCs4a0SCptkpqe_6glossa10morphology10declension21analyze_noun_all_intos_0B7_
FN:171,_RNvNtNtCs14PW5HJOtOs_6glossa10morphology10declension12analyze_noun
FN:206,_RNvNtNtCs14PW5HJOtOs_6glossa10morphology10declension16analyze_noun_all
FN:215,_RNvNtNtCs14PW5HJOtOs_6glossa10morphology10declension21analyze_noun_all_into
FN:348,_RNvNtNtCs14PW5HJOtOs_6glossa10morphology10declension7decline
FN:300,_RNvNtNtCs14PW5HJOtOs_6glossa10morphology10declension8get_stem
FN:607,_RNCNvNtNtNtCs14PW5HJOtOs_6glossa10morphology10declension5testss_27test_first_declension_alpha0B9_
FN:581,_RNCNvNtNtNtCs14PW5HJOtOs_6glossa10morphology10declension5testss_31test_analyze_noun_all_ambiguity0B9_
FN:589,_RNCNvNtNtNtCs14PW5HJOtOs_6glossa10morphology10declension5testss_31test_analyze_noun_all_ambiguitys_0B9_
FN:475,_RNCNvNtNtNtCs14PW5HJOtOs_6glossa10morphology10declension5testss_36test_second_declension_neuter_plural0B9_
FN:559,_RNvNtNtNtCs14PW5HJOtOs_6glossa10morphology10declension5testss_13test_get_stem
FN:641,_RNvNtNtNtCs14PW5HJOtOs_6glossa10morphology10declension5testss_18test_decline_table
FN:387,_RNvNtNtNtCs14PW5HJOtOs_6glossa10morphology10declension5testss_21test_constants_sorted
FN:762,_RNvNtNtNtCs14PW5HJOtOs_6glossa10morphology10declension5testss_24test_decline_fallthrough
FN:513,_RNvNtNtNtCs14PW5HJOtOs_6glossa10morphology10declension5testss_24test_third_declension_ma
FN:503,_RNvNtNtNtCs14PW5HJOtOs_6glossa10morphology10declension5testss_25test_first_declension_eta
FN:621,_RNvNtNtNtCs14PW5HJOtOs_6glossa10morphology10declension5testss_27test_decline_alpha_mismatch
FN:601,_RNvNtNtNtCs14PW5HJOtOs_6glossa10morphology10declension5testss_27test_first_declension_alpha
FN:525,_RNvNtNtNtCs14PW5HJOtOs_6glossa10morphology10declension5testss_29test_decline_second_masculine
FN:435,_RNvNtNtNtCs14PW5HJOtOs_6glossa10morphology10declension5testss_29test_second_declension_dative
FN:456,_RNvNtNtNtCs14PW5HJOtOs_6glossa10morphology10declension5testss_29test_second_declension_plural
FN:566,_RNvNtNtNtCs14PW5HJOtOs_6glossa10morphology10declension5testss_31test_analyze_noun_all_ambiguity
FN:427,_RNvNtNtNtCs14PW5HJOtOs_6glossa10morphology10declension5testss_31test_second_declension_genitive
FN:449,_RNvNtNtNtCs14PW5HJOtOs_6glossa10morphology10declension5testss_31test_second_declension_vocative
FN:442,_RNvNtNtNtCs14PW5HJOtOs_6glossa10morphology10declension5testss_33test_second_declension_accusative
FN:419,_RNvNtNtNtCs14PW5HJOtOs_6glossa10morphology10declension5testss_33test_second_declension_nominative
FN:467,_RNvNtNtNtCs14PW5HJOtOs_6glossa10morphology10declension5testss_36test_second_declension_neuter_plural
FN:490,_RNvNtNtNtCs14PW5HJOtOs_6glossa10morphology10declension5testss_38test_analyze_noun_disambiguation_alpha
FN:184,_RINvNtNtCs14PW5HJOtOs_6glossa10morphology10declension17match_endings_allNCNvB2_21analyze_noun_all_into0EB6_
FN:192,_RNCINvNtNtCs14PW5HJOtOs_6glossa10morphology10declension17match_endings_allNCNvB4_21analyze_noun_all_into0Es_0B8_
FN:178,_RNCNvNtNtCs14PW5HJOtOs_6glossa10morphology10declension12analyze_noun0B7_
FN:219,_RNCNvNtNtCs14PW5HJOtOs_6glossa10morphology10declension21analyze_noun_all_into0B7_
FN:256,_RNCNvNtNtCs14PW5HJOtOs_6glossa10morphology10declension21analyze_noun_all_intos_0B7_
FNDA:258,_RNvNtNtCs4a0SCptkpqe_6glossa10morphology10declension12analyze_noun
FNDA:258,_RNvNtNtCs4a0SCptkpqe_6glossa10morphology10declension16analyze_noun_all
FNDA:5017,_RNvNtNtCs4a0SCptkpqe_6glossa10morphology10declension21analyze_noun_all_into
FNDA:0,_RNvNtNtCs4a0SCptkpqe_6glossa10morphology10declension7decline
FNDA:256,_RNvNtNtCs4a0SCptkpqe_6glossa10morphology10declension8get_stem
FNDA:25085,_RINvNtNtCs4a0SCptkpqe_6glossa10morphology10declension17match_endings_allNCNvB2_21analyze_noun_all_into0EB6_
FNDA:11210,_RNCINvNtNtCs4a0SCptkpqe_6glossa10morphology10declension17match_endings_allNCNvB4_21analyze_noun_all_into0Es_0B8_
FNDA:0,_RNCNvNtNtCs4a0SCptkpqe_6glossa10morphology10declension12analyze_noun0B7_
FNDA:11210,_RNCNvNtNtCs4a0SCptkpqe_6glossa10morphology10declension21analyze_noun_all_into0B7_
FNDA:16524,_RNCNvNtNtCs4a0SCptkpqe_6glossa10morphology10declension21analyze_noun_all_intos_0B7_
FNDA:12,_RNvNtNtCs14PW5HJOtOs_6glossa10morphology10declension12analyze_noun
FNDA:15,_RNvNtNtCs14PW5HJOtOs_6glossa10morphology10declension16analyze_noun_all
FNDA:4196,_RNvNtNtCs14PW5HJOtOs_6glossa10morphology10declension21analyze_noun_all_into
FNDA:14,_RNvNtNtCs14PW5HJOtOs_6glossa10morphology10declension7decline
FNDA:3,_RNvNtNtCs14PW5HJOtOs_6glossa10morphology10declension8get_stem
FNDA:1,_RNCNvNtNtNtCs14PW5HJOtOs_6glossa10morphology10declension5testss_27test_first_declension_alpha0B9_
FNDA:2,_RNCNvNtNtNtCs14PW5HJOtOs_6glossa10morphology10declension5testss_31test_analyze_noun_all_ambiguity0B9_
FNDA:1,_RNCNvNtNtNtCs14PW5HJOtOs_6glossa10morphology10declension5testss_31test_analyze_noun_all_ambiguitys_0B9_
FNDA:2,_RNCNvNtNtNtCs14PW5HJOtOs_6glossa10morphology10declension5testss_36test_second_declension_neuter_plural0B9_
FNDA:1,_RNvNtNtNtCs14PW5HJOtOs_6glossa10morphology10declension5testss_13test_get_stem
FNDA:1,_RNvNtNtNtCs14PW5HJOtOs_6glossa10morphology10declension5testss_18test_decline_table
FNDA:1,_RNvNtNtNtCs14PW5HJOtOs_6glossa10morphology10declension5testss_21test_constants_sorted
FNDA:1,_RNvNtNtNtCs14PW5HJOtOs_6glossa10morphology10declension5testss_24test_decline_fallthrough
FNDA:1,_RNvNtNtNtCs14PW5HJOtOs_6glossa10morphology10declension5testss_24test_third_declension_ma
FNDA:1,_RNvNtNtNtCs14PW5HJOtOs_6glossa10morphology10declension5testss_25test_first_declension_eta
FNDA:1,_RNvNtNtNtCs14PW5HJOtOs_6glossa10morphology10declension5testss_27test_decline_alpha_mismatch
FNDA:1,_RNvNtNtNtCs14PW5HJOtOs_6glossa10morphology10declension5testss_27test_first_declension_alpha
FNDA:1,_RNvNtNtNtCs14PW5HJOtOs_6glossa10morphology10declension5testss_29test_decline_second_masculine
FNDA:1,_RNvNtNtNtCs14PW5HJOtOs_6glossa10morphology10declension5testss_29test_second_declension_dative
FNDA:1,_RNvNtNtNtCs14PW5HJOtOs_6glossa10morphology10declension5testss_29test_second_declension_plural
FNDA:1,_RNvNtNtNtCs14PW5HJOtOs_6glossa10morphology10declension5testss_31test_analyze_noun_all_ambiguity
FNDA:1,_RNvNtNtNtCs14PW5HJOtOs_6glossa10morphology10declension5testss_31test_second_declension_genitive
FNDA:1,_RNvNtNtNtCs14PW5HJOtOs_6glossa10morphology10declension5testss_31test_second_declension_vocative
FNDA:1,_RNvNtNtNtCs14PW5HJOtOs_6glossa10morphology10declension5testss_33test_second_declension_accusative
FNDA:1,_RNvNtNtNtCs14PW5HJOtOs_6glossa10morphology10declension5testss_33test_second_declension_nominative
FNDA:1,_RNvNtNtNtCs14PW5HJOtOs_6glossa10morphology10declension5testss_36test_second_declension_neuter_plural
FNDA:1,_RNvNtNtNtCs14PW5HJOtOs_6glossa10morphology10declension5testss_38test_analyze_noun_disambiguation_alpha
FNDA:20980,_RINvNtNtCs14PW5HJOtOs_6glossa10morphology10declension17match_endings_allNCNvB2_21analyze_noun_all_into0EB6_
FNDA:4321,_RNCINvNtNtCs14PW5HJOtOs_6glossa10morphology10declension17match_endings_allNCNvB4_21analyze_noun_all_into0Es_0B8_
FNDA:31,_RNCNvNtNtCs14PW5HJOtOs_6glossa10morphology10declension12analyze_noun0B7_
FNDA:4321,_RNCNvNtNtCs14PW5HJOtOs_6glossa10morphology10declension21analyze_noun_all_into0B7_
FNDA:1616,_RNCNvNtNtCs14PW5HJOtOs_6glossa10morphology10declension21analyze_noun_all_intos_0B7_
FNF:32
FNH:32
DA:171,270
DA:172,270
DA:178,270
DA:180,270
DA:181,270
DA:184,46065
DA:185,46065
DA:186,46065
DA:188,46065
DA:189,46065
DA:190,46065
DA:192,15531
DA:193,15531
DA:194,15531
DA:195,15531
DA:197,46065
DA:206,273
DA:207,273
DA:208,273
DA:209,273
DA:210,273
DA:215,9213
DA:216,9213
DA:218,46065
DA:219,46065
DA:221,15531
DA:222,15531
DA:229,15531
DA:232,15531
DA:233,8414
DA:235,7525
DA:237,8006
DA:240,15531
DA:241,15531
DA:242,15531
DA:243,15531
DA:244,15531
DA:245,15531
DA:246,15531
DA:247,15531
DA:248,15531
DA:249,15531
DA:250,15531
DA:251,15531
DA:252,15531
DA:256,18140
DA:257,18140
DA:258,18140
DA:259,18140
DA:260,18140
DA:263,9213
DA:264,9213
DA:265,3333
DA:266,9076
DA:267,9076
DA:268,9076
DA:269,9076
DA:270,9076
DA:271,5748
DA:272,4054
DA:273,289
DA:276,9076
DA:277,9076
DA:278,0
DA:279,9076
DA:280,9076
DA:281,0
DA:283,3333
DA:284,5880
DA:285,9213
DA:300,259
DA:301,259
DA:303,257
DA:304,1
DA:305,256
DA:306,0
DA:308,256
DA:312,1
DA:313,1
DA:314,0
DA:315,0
DA:317,0
DA:321,1
DA:322,1
DA:324,0
DA:328,259
DA:348,14
DA:349,14
DA:350,14
DA:351,14
DA:352,14
DA:353,14
DA:354,14
DA:355,14
DA:356,4
DA:357,1
DA:362,7
DA:363,5
DA:366,2
DA:369,1
DA:370,1
DA:373,50
DA:374,50
DA:375,13
DA:376,37
DA:379,0
DA:380,14
DA:387,1
DA:389,1
DA:390,1
DA:391,1
DA:392,1
DA:393,1
DA:394,1
DA:397,5
DA:398,40
DA:399,40
DA:400,40
DA:401,40
DA:402,40
DA:403,40
DA:404,40
DA:410,0
DA:416,1
DA:419,1
DA:420,1
DA:421,1
DA:422,1
DA:423,1
DA:424,1
DA:427,1
DA:428,1
DA:429,1
DA:430,1
DA:431,1
DA:432,1
DA:435,1
DA:436,1
DA:437,1
DA:438,1
DA:439,1
DA:442,1
DA:443,1
DA:444,1
DA:445,1
DA:446,1
DA:449,1
DA:450,1
DA:451,1
DA:452,1
DA:453,1
DA:456,1
DA:457,1
DA:458,1
DA:459,1
DA:461,1
DA:462,1
DA:463,1
DA:464,1
DA:467,1
DA:473,1
DA:475,2
DA:476,2
DA:477,2
DA:478,1
DA:479,1
DA:480,1
DA:481,2
DA:483,1
DA:484,1
DA:487,1
DA:490,1
DA:495,1
DA:497,1
DA:498,1
DA:499,1
DA:500,1
DA:503,1
DA:504,1
DA:505,1
DA:506,1
DA:508,1
DA:509,1
DA:510,1
DA:513,1
DA:514,1
DA:515,1
DA:516,1
DA:518,1
DA:519,1
DA:521,1
DA:522,1
DA:525,1
DA:526,1
DA:527,1
DA:528,1
DA:529,1
DA:530,1
DA:531,1
DA:532,1
DA:536,1
DA:537,1
DA:538,1
DA:539,1
DA:540,1
DA:541,1
DA:542,1
DA:546,1
DA:547,1
DA:548,1
DA:549,1
DA:550,1
DA:551,1
DA:552,1
DA:556,1
DA:559,1
DA:560,1
DA:561,1
DA:562,1
DA:563,1
DA:566,1
DA:570,1
DA:573,1
DA:574,1
DA:576,0
DA:581,2
DA:582,2
DA:583,1
DA:584,1
DA:585,2
DA:586,1
DA:589,1
DA:590,1
DA:591,1
DA:592,1
DA:593,1
DA:594,1
DA:595,1
DA:598,1
DA:601,1
DA:605,1
DA:607,1
DA:608,1
DA:609,1
DA:610,1
DA:611,1
DA:612,1
DA:614,1
DA:615,1
DA:618,1
DA:621,1
DA:626,1
DA:627,1
DA:628,1
DA:629,1
DA:630,1
DA:631,1
DA:634,1
DA:638,1
DA:641,1
DA:653,1
DA:655,1
DA:656,1
DA:657,1
DA:658,1
DA:659,1
DA:660,1
DA:661,1
DA:662,1
DA:663,1
DA:664,1
DA:665,1
DA:666,1
DA:667,1
DA:668,1
DA:669,1
DA:670,1
DA:671,1
DA:672,1
DA:674,1
DA:675,1
DA:676,1
DA:677,1
DA:678,1
DA:679,1
DA:680,1
DA:681,1
DA:682,1
DA:683,1
DA:684,1
DA:685,1
DA:686,1
DA:687,1
DA:688,1
DA:689,1
DA:690,1
DA:691,1
DA:693,1
DA:694,1
DA:695,1
DA:696,1
DA:697,1
DA:698,1
DA:699,1
DA:700,1
DA:701,1
DA:704,1
DA:705,1
DA:706,1
DA:707,1
DA:708,1
DA:709,1
DA:710,1
DA:711,1
DA:712,1
DA:714,1
DA:715,1
DA:716,1
DA:717,1
DA:718,1
DA:719,1
DA:720,1
DA:721,1
DA:722,1
DA:724,1
DA:725,1
DA:726,1
DA:727,1
DA:728,1
DA:729,1
DA:730,1
DA:731,1
DA:732,1
DA:734,1
DA:735,1
DA:736,1
DA:737,1
DA:738,1
DA:739,1
DA:740,1
DA:741,1
DA:742,1
DA:745,9
DA:746,9
DA:747,9
DA:748,9
DA:749,9
DA:750,9
DA:751,9
DA:753,9
DA:759,1
DA:762,1
DA:768,1
DA:769,1
DA:770,1
DA:771,1
DA:772,1
DA:773,1
DA:774,1
DA:777,1
DA:778,1
BRF:0
BRH:0
LF:368
LH:356
end_of_record
SF:/app/src/morphology/disambiguation.rs
FN:57,_RNvMNtNtCs4a0SCptkpqe_6glossa10morphology14disambiguationNtB2_21DisambiguationContext12from_article
FN:95,_RNvMNtNtCs4a0SCptkpqe_6glossa10morphology14disambiguationNtB2_21DisambiguationContext14expecting_case
FN:41,_RNvMNtNtCs4a0SCptkpqe_6glossa10morphology14disambiguationNtB2_21DisambiguationContext3new
FN:78,_RNvMNtNtCs4a0SCptkpqe_6glossa10morphology14disambiguationNtB2_21DisambiguationContext9from_verb
FN:121,_RNvNtNtCs4a0SCptkpqe_6glossa10morphology14disambiguation12disambiguate
FN:223,_RNvNtNtCs4a0SCptkpqe_6glossa10morphology14disambiguation12resolve_best
FN:164,_RNvNtNtCs4a0SCptkpqe_6glossa10morphology14disambiguation14score_analysis
FN:248,_RNvNtNtCs4a0SCptkpqe_6glossa10morphology14disambiguation15analyze_article
FN:141,_RNCNvNtNtCs4a0SCptkpqe_6glossa10morphology14disambiguation12disambiguate0B7_
FN:57,_RNvMNtNtCs14PW5HJOtOs_6glossa10morphology14disambiguationNtB2_21DisambiguationContext12from_article
FN:95,_RNvMNtNtCs14PW5HJOtOs_6glossa10morphology14disambiguationNtB2_21DisambiguationContext14expecting_case
FN:402,_RNvNtNtNtCs14PW5HJOtOs_6glossa10morphology14disambiguation5testss_17test_verb_context
FN:391,_RNvNtNtNtCs14PW5HJOtOs_6glossa10morphology14disambiguation5testss_20test_article_context
FN:424,_RNvNtNtNtCs14PW5HJOtOs_6glossa10morphology14disambiguation5testss_29test_neuter_article_ambiguity
FN:439,_RNvNtNtNtCs14PW5HJOtOs_6glossa10morphology14disambiguation5testss_30test_analyze_article_all_forms
FN:372,_RNvNtNtNtCs14PW5HJOtOs_6glossa10morphology14disambiguation5testss_30test_disambiguate_with_article
FN:414,_RNvNtNtNtCs14PW5HJOtOs_6glossa10morphology14disambiguation5testss_31test_no_context_preserves_order
FN:141,_RNCNvNtNtCs14PW5HJOtOs_6glossa10morphology14disambiguation12disambiguate0B7_
FN:41,_RNvMNtNtCs14PW5HJOtOs_6glossa10morphology14disambiguationNtB2_21DisambiguationContext3new
FN:78,_RNvMNtNtCs14PW5HJOtOs_6glossa10morphology14disambiguationNtB2_21DisambiguationContext9from_verb
FN:121,_RNvNtNtCs14PW5HJOtOs_6glossa10morphology14disambiguation12disambiguate
FN:223,_RNvNtNtCs14PW5HJOtOs_6glossa10morphology14disambiguation12resolve_best
FN:164,_RNvNtNtCs14PW5HJOtOs_6glossa10morphology14disambiguation14score_analysis
FN:248,_RNvNtNtCs14PW5HJOtOs_6glossa10morphology14disambiguation15analyze_article
FN:654,_RNCNvNtNtNtCs14PW5HJOtOs_6glossa10morphology14disambiguation5testss_30test_analyze_article_all_forms0B9_
FNDA:0,_RNvMNtNtCs4a0SCptkpqe_6glossa10morphology14disambiguationNtB2_21DisambiguationContext12from_article
FNDA:0,_RNvMNtNtCs4a0SCptkpqe_6glossa10morphology14disambiguationNtB2_21DisambiguationContext14expecting_case
FNDA:5047,_RNvMNtNtCs4a0SCptkpqe_6glossa10morphology14disambiguationNtB2_21DisambiguationContext3new
FNDA:1,_RNvMNtNtCs4a0SCptkpqe_6glossa10morphology14disambiguationNtB2_21DisambiguationContext9from_verb
FNDA:4220,_RNvNtNtCs4a0SCptkpqe_6glossa10morphology14disambiguation12disambiguate
FNDA:3,_RNvNtNtCs4a0SCptkpqe_6glossa10morphology14disambiguation12resolve_best
FNDA:9,_RNvNtNtCs4a0SCptkpqe_6glossa10morphology14disambiguation14score_analysis
FNDA:4803,_RNvNtNtCs4a0SCptkpqe_6glossa10morphology14disambiguation15analyze_article
FNDA:1,_RNCNvNtNtCs4a0SCptkpqe_6glossa10morphology14disambiguation12disambiguate0B7_
FNDA:0,_RNvMNtNtCs14PW5HJOtOs_6glossa10morphology14disambiguationNtB2_21DisambiguationContext12from_article
FNDA:0,_RNvMNtNtCs14PW5HJOtOs_6glossa10morphology14disambiguationNtB2_21DisambiguationContext14expecting_case
FNDA:1,_RNvNtNtNtCs14PW5HJOtOs_6glossa10morphology14disambiguation5testss_17test_verb_context
FNDA:1,_RNvNtNtNtCs14PW5HJOtOs_6glossa10morphology14disambiguation5testss_20test_article_context
FNDA:1,_RNvNtNtNtCs14PW5HJOtOs_6glossa10morphology14disambiguation5testss_29test_neuter_article_ambiguity
FNDA:1,_RNvNtNtNtCs14PW5HJOtOs_6glossa10morphology14disambiguation5testss_30test_analyze_article_all_forms
FNDA:1,_RNvNtNtNtCs14PW5HJOtOs_6glossa10morphology14disambiguation5testss_30test_disambiguate_with_article
FNDA:1,_RNvNtNtNtCs14PW5HJOtOs_6glossa10morphology14disambiguation5testss_31test_no_context_preserves_order
FNDA:24,_RNCNvNtNtCs14PW5HJOtOs_6glossa10morphology14disambiguation12disambiguate0B7_
FNDA:5530,_RNvMNtNtCs14PW5HJOtOs_6glossa10morphology14disambiguationNtB2_21DisambiguationContext3new
FNDA:29,_RNvMNtNtCs14PW5HJOtOs_6glossa10morphology14disambiguationNtB2_21DisambiguationContext9from_verb
FNDA:4135,_RNvNtNtCs14PW5HJOtOs_6glossa10morphology14disambiguation12disambiguate
FNDA:62,_RNvNtNtCs14PW5HJOtOs_6glossa10morphology14disambiguation12resolve_best
FNDA:79,_RNvNtNtCs14PW5HJOtOs_6glossa10morphology14disambiguation14score_analysis
FNDA:4189,_RNvNtNtCs14PW5HJOtOs_6glossa10morphology14disambiguation15analyze_article
FNDA:0,_RNCNvNtNtNtCs14PW5HJOtOs_6glossa10morphology14disambiguation5testss_30test_analyze_article_all_forms0B9_
FNF:16
FNH:13
DA:41,10577
DA:42,10577
DA:43,10577
DA:57,0
DA:58,0
DA:59,0
DA:60,0
DA:61,0
DA:62,0
DA:63,0
DA:64,0
DA:78,30
DA:79,30
DA:80,30
DA:81,30
DA:82,30
DA:83,30
DA:84,30
DA:85,30
DA:95,0
DA:96,0
DA:97,0
DA:98,0
DA:99,0
DA:100,0
DA:101,0
DA:102,0
DA:121,8355
DA:122,8355
DA:123,8355
DA:124,8355
DA:125,8355
DA:126,0
DA:127,8355
DA:130,8355
DA:131,8338
DA:132,8337
DA:133,8337
DA:135,8337
DA:136,18
DA:141,25
DA:142,25
DA:143,25
DA:145,25
DA:147,25
DA:148,12
DA:150,13
DA:152,25
DA:155,38
DA:156,38
DA:157,38
DA:158,38
DA:160,18
DA:161,8355
DA:164,88
DA:165,88
DA:168,88
DA:169,63
DA:170,25
DA:171,38
DA:172,16
DA:173,22
DA:174,25
DA:177,88
DA:178,79
DA:179,65
DA:180,65
DA:181,14
DA:182,14
DA:183,9
DA:186,88
DA:187,77
DA:188,39
DA:189,39
DA:190,19
DA:191,19
DA:192,11
DA:195,88
DA:196,2
DA:197,0
DA:198,2
DA:199,0
DA:200,2
DA:201,86
DA:204,88
DA:205,88
DA:223,65
DA:224,65
DA:225,65
DA:226,65
DA:227,65
DA:228,65
DA:229,0
DA:232,65
DA:234,65
DA:248,8992
DA:250,8992
DA:252,8992
DA:253,9
DA:254,9
DA:255,9
DA:256,9
DA:257,9
DA:258,8983
DA:259,2
DA:260,2
DA:261,2
DA:262,2
DA:263,2
DA:264,8981
DA:265,5
DA:266,5
DA:267,5
DA:268,5
DA:269,5
DA:270,8976
DA:271,5
DA:272,5
DA:273,5
DA:274,5
DA:275,5
DA:276,8971
DA:277,2
DA:278,2
DA:279,2
DA:280,2
DA:281,2
DA:282,8969
DA:283,2
DA:284,2
DA:285,2
DA:286,2
DA:287,2
DA:288,8967
DA:289,2
DA:290,2
DA:291,2
DA:292,2
DA:293,2
DA:294,8965
DA:295,3
DA:296,3
DA:297,3
DA:298,3
DA:299,3
DA:302,8962
DA:303,1
DA:304,1
DA:305,1
DA:306,1
DA:307,1
DA:308,8961
DA:309,2
DA:310,2
DA:311,2
DA:312,2
DA:313,2
DA:314,8959
DA:315,2
DA:316,2
DA:317,2
DA:318,2
DA:319,2
DA:320,8957
DA:321,4
DA:322,4
DA:323,4
DA:324,4
DA:325,4
DA:326,8953
DA:327,2
DA:328,2
DA:329,2
DA:330,2
DA:331,2
DA:332,8951
DA:333,2
DA:334,2
DA:335,2
DA:336,2
DA:337,2
DA:338,8949
DA:339,3
DA:340,3
DA:341,3
DA:342,3
DA:343,3
DA:349,8946
DA:350,5
DA:351,5
DA:352,5
DA:353,5
DA:354,5
DA:355,8941
DA:356,5
DA:357,5
DA:358,5
DA:359,5
DA:360,5
DA:362,8936
DA:364,8992
DA:372,1
DA:374,1
DA:377,1
DA:378,1
DA:379,1
DA:380,1
DA:381,1
DA:382,1
DA:384,1
DA:385,1
DA:387,1
DA:388,1
DA:391,1
DA:392,1
DA:393,1
DA:394,1
DA:396,1
DA:397,1
DA:398,1
DA:399,1
DA:402,1
DA:405,1
DA:406,1
DA:408,1
DA:409,1
DA:410,1
DA:411,1
DA:414,1
DA:415,1
DA:416,1
DA:417,1
DA:420,1
DA:421,1
DA:424,1
DA:426,1
DA:427,1
DA:428,1
DA:429,1
DA:432,1
DA:433,1
DA:434,1
DA:435,1
DA:436,1
DA:439,1
DA:440,1
DA:442,1
DA:443,1
DA:444,1
DA:445,1
DA:446,1
DA:447,1
DA:448,1
DA:449,1
DA:450,1
DA:451,1
DA:452,1
DA:453,1
DA:454,1
DA:455,1
DA:456,1
DA:457,1
DA:458,1
DA:459,1
DA:460,1
DA:461,1
DA:462,1
DA:463,1
DA:464,1
DA:465,1
DA:466,1
DA:467,1
DA:468,1
DA:469,1
DA:470,1
DA:471,1
DA:472,1
DA:473,1
DA:474,1
DA:475,1
DA:476,1
DA:477,1
DA:478,1
DA:479,1
DA:480,1
DA:481,1
DA:482,1
DA:483,1
DA:484,1
DA:485,1
DA:486,1
DA:487,1
DA:488,1
DA:489,1
DA:490,1
DA:491,1
DA:492,1
DA:493,1
DA:494,1
DA:495,1
DA:496,1
DA:497,1
DA:498,1
DA:499,1
DA:500,1
DA:501,1
DA:502,1
DA:503,1
DA:504,1
DA:505,1
DA:506,1
DA:507,1
DA:508,1
DA:509,1
DA:510,1
DA:511,1
DA:512,1
DA:513,1
DA:514,1
DA:515,1
DA:516,1
DA:517,1
DA:518,1
DA:519,1
DA:520,1
DA:521,1
DA:522,1
DA:523,1
DA:524,1
DA:525,1
DA:526,1
DA:527,1
DA:528,1
DA:529,1
DA:530,1
DA:531,1
DA:532,1
DA:533,1
DA:534,1
DA:535,1
DA:536,1
DA:537,1
DA:538,1
DA:539,1
DA:541,1
DA:542,1
DA:543,1
DA:544,1
DA:545,1
DA:546,1
DA:547,1
DA:548,1
DA:549,1
DA:550,1
DA:551,1
DA:552,1
DA:553,1
DA:554,1
DA:555,1
DA:556,1
DA:557,1
DA:558,1
DA:559,1
DA:560,1
DA:561,1
DA:562,1
DA:563,1
DA:564,1
DA:565,1
DA:566,1
DA:567,1
DA:568,1
DA:569,1
DA:570,1
DA:571,1
DA:572,1
DA:573,1
DA:574,1
DA:575,1
DA:576,1
DA:577,1
DA:578,1
DA:579,1
DA:580,1
DA:581,1
DA:582,1
DA:583,1
DA:584,1
DA:585,1
DA:586,1
DA:587,1
DA:588,1
DA:589,1
DA:590,1
DA:591,1
DA:592,1
DA:593,1
DA:594,1
DA:595,1
DA:596,1
DA:597,1
DA:598,1
DA:599,1
DA:600,1
DA:601,1
DA:602,1
DA:603,1
DA:604,1
DA:605,1
DA:606,1
DA:607,1
DA:608,1
DA:609,1
[...]
DA:928,1
DA:929,1
BRF:0
BRH:0
LF:461
LH:453
end_of_record
SF:/app/src/tools/tester.rs
FN:69,_RNCNvNtNtCs4a0SCptkpqe_6glossa5tools6tester17parse_test_output0B7_
FN:215,_RNCNvNtNtCs4a0SCptkpqe_6glossa5tools6tester20compile_test_harness0B7_
FN:239,_RNCNvNtNtCs4a0SCptkpqe_6glossa5tools6tester20compile_test_harnesss0_0B7_
FN:223,_RNCNvNtNtCs4a0SCptkpqe_6glossa5tools6tester20compile_test_harnesss_0B7_
FN:440,_RNCNvNtNtCs4a0SCptkpqe_6glossa5tools6tester9run_tests0B7_
FN:449,_RNCNvNtNtCs4a0SCptkpqe_6glossa5tools6tester9run_testss0_0B7_
FN:454,_RNCNvNtNtCs4a0SCptkpqe_6glossa5tools6tester9run_testss1_0B7_
FN:443,_RNCNvNtNtCs4a0SCptkpqe_6glossa5tools6tester9run_testss_0B7_
FN:499,_RNCNvNtNtNtCs14PW5HJOtOs_6glossa5tools6tester5testss_28test_run_tests_rustc_missing0B9_
FN:99,_RNvNtNtCs14PW5HJOtOs_6glossa5tools6tester16extract_failures
FN:66,_RNvNtNtCs14PW5HJOtOs_6glossa5tools6tester17parse_test_output
FN:123,_RNvNtNtCs14PW5HJOtOs_6glossa5tools6tester18parse_failure_name
FN:283,_RNvNtNtCs14PW5HJOtOs_6glossa5tools6tester18print_test_results
FN:190,_RNvNtNtCs14PW5HJOtOs_6glossa5tools6tester19clean_panic_message
FN:270,_RNvNtNtCs14PW5HJOtOs_6glossa5tools6tester19execute_test_binary
FN:214,_RNvNtNtCs14PW5HJOtOs_6glossa5tools6tester20compile_test_harness
FN:143,_RNvNtNtCs14PW5HJOtOs_6glossa5tools6tester23capture_failure_message
FN:420,_RNvNtNtCs14PW5HJOtOs_6glossa5tools6tester9run_tests
FN:521,_RNvNtNtNtCs14PW5HJOtOs_6glossa5tools6tester5testss_23test_parse_output_basic
FN:538,_RNvNtNtNtCs14PW5HJOtOs_6glossa5tools6tester5testss_25test_parse_output_failure
FN:565,_RNvNtNtNtCs14PW5HJOtOs_6glossa5tools6tester5testss_25test_parse_output_ignored
FN:579,_RNvNtNtNtCs14PW5HJOtOs_6glossa5tools6tester5testss_27test_extract_failures_basic
FN:493,_RNvNtNtNtCs14PW5HJOtOs_6glossa5tools6tester5testss_28test_run_tests_rustc_missing
FN:603,_RNvNtNtNtCs14PW5HJOtOs_6glossa5tools6tester5testss_30test_extract_failures_multiple
FN:626,_RNvNtNtNtCs14PW5HJOtOs_6glossa5tools6tester5testss_32test_extract_failures_edge_cases
FN:706,_RNvNtNtNtCs14PW5HJOtOs_6glossa5tools6tester5testss_33test_parse_test_output_edge_cases
FN:762,_RNvNtNtNtCs14PW5HJOtOs_6glossa5tools6tester23additional_sentry_testss_34test_parse_test_output_empty_parts
FN:841,_RNvNtNtNtCs14PW5HJOtOs_6glossa5tools6tester14tests_failuress_26test_run_tests_parse_error
FN:853,_RNvNtNtNtCs14PW5HJOtOs_6glossa5tools6tester14tests_failuress_29test_run_tests_semantic_error
FN:832,_RNvNtNtNtCs14PW5HJOtOs_6glossa5tools6tester14tests_failuress_34test_extract_failures_simple_panic
FN:789,_RNvNtNtNtCs14PW5HJOtOs_6glossa5tools6tester14tests_failuress_36test_parse_test_output_various_parts
FN:774,_RNvNtNtNtCs14PW5HJOtOs_6glossa5tools6tester14tests_failuress_39test_extract_failures_no_matching_start
FN:800,_RNvNtNtNtCs14PW5HJOtOs_6glossa5tools6tester14tests_failuress_39test_extract_failures_with_empty_output
FN:816,_RNvNtNtNtCs14PW5HJOtOs_6glossa5tools6tester14tests_failuress_39test_extract_failures_with_note_omitted
FN:807,_RNvNtNtNtCs14PW5HJOtOs_6glossa5tools6tester14tests_failuress_42test_extract_failures_with_stack_backtrace
FN:825,_RNvNtNtNtCs14PW5HJOtOs_6glossa5tools6tester14tests_failuress_45test_extract_failures_without_actual_failures
FN:69,_RNCNvNtNtCs14PW5HJOtOs_6glossa5tools6tester17parse_test_output0B7_
FN:215,_RNCNvNtNtCs14PW5HJOtOs_6glossa5tools6tester20compile_test_harness0B7_
FN:239,_RNCNvNtNtCs14PW5HJOtOs_6glossa5tools6tester20compile_test_harnesss0_0B7_
FN:223,_RNCNvNtNtCs14PW5HJOtOs_6glossa5tools6tester20compile_test_harnesss_0B7_
FN:440,_RNCNvNtNtCs14PW5HJOtOs_6glossa5tools6tester9run_tests0B7_
FN:449,_RNCNvNtNtCs14PW5HJOtOs_6glossa5tools6tester9run_testss0_0B7_
FN:454,_RNCNvNtNtCs14PW5HJOtOs_6glossa5tools6tester9run_testss1_0B7_
FN:443,_RNCNvNtNtCs14PW5HJOtOs_6glossa5tools6tester9run_testss_0B7_
FN:99,_RNvNtNtCs4a0SCptkpqe_6glossa5tools6tester16extract_failures
FN:66,_RNvNtNtCs4a0SCptkpqe_6glossa5tools6tester17parse_test_output
FN:123,_RNvNtNtCs4a0SCptkpqe_6glossa5tools6tester18parse_failure_name
FN:283,_RNvNtNtCs4a0SCptkpqe_6glossa5tools6tester18print_test_results
FN:190,_RNvNtNtCs4a0SCptkpqe_6glossa5tools6tester19clean_panic_message
FN:270,_RNvNtNtCs4a0SCptkpqe_6glossa5tools6tester19execute_test_binary
FN:214,_RNvNtNtCs4a0SCptkpqe_6glossa5tools6tester20compile_test_harness
FN:143,_RNvNtNtCs4a0SCptkpqe_6glossa5tools6tester23capture_failure_message
FN:420,_RNvNtNtCs4a0SCptkpqe_6glossa5tools6tester9run_tests
FNDA:31,_RNCNvNtNtCs4a0SCptkpqe_6glossa5tools6tester17parse_test_output0B7_
FNDA:3,_RNCNvNtNtCs4a0SCptkpqe_6glossa5tools6tester20compile_test_harness0B7_
FNDA:0,_RNCNvNtNtCs4a0SCptkpqe_6glossa5tools6tester20compile_test_harnesss0_0B7_
FNDA:1,_RNCNvNtNtCs4a0SCptkpqe_6glossa5tools6tester20compile_test_harnesss_0B7_
FNDA:0,_RNCNvNtNtCs4a0SCptkpqe_6glossa5tools6tester9run_tests0B7_
FNDA:0,_RNCNvNtNtCs4a0SCptkpqe_6glossa5tools6tester9run_testss0_0B7_
FNDA:0,_RNCNvNtNtCs4a0SCptkpqe_6glossa5tools6tester9run_testss1_0B7_
FNDA:0,_RNCNvNtNtCs4a0SCptkpqe_6glossa5tools6tester9run_testss_0B7_
FNDA:1,_RNCNvNtNtNtCs14PW5HJOtOs_6glossa5tools6tester5testss_28test_run_tests_rustc_missing0B9_
FNDA:13,_RNvNtNtCs14PW5HJOtOs_6glossa5tools6tester16extract_failures
FNDA:10,_RNvNtNtCs14PW5HJOtOs_6glossa5tools6tester17parse_test_output
FNDA:46,_RNvNtNtCs14PW5HJOtOs_6glossa5tools6tester18parse_failure_name
FNDA:0,_RNvNtNtCs14PW5HJOtOs_6glossa5tools6tester18print_test_results
FNDA:15,_RNvNtNtCs14PW5HJOtOs_6glossa5tools6tester19clean_panic_message
FNDA:0,_RNvNtNtCs14PW5HJOtOs_6glossa5tools6tester19execute_test_binary
FNDA:0,_RNvNtNtCs14PW5HJOtOs_6glossa5tools6tester20compile_test_harness
FNDA:10,_RNvNtNtCs14PW5HJOtOs_6glossa5tools6tester23capture_failure_message
FNDA:2,_RNvNtNtCs14PW5HJOtOs_6glossa5tools6tester9run_tests
FNDA:1,_RNvNtNtNtCs14PW5HJOtOs_6glossa5tools6tester5testss_23test_parse_output_basic
FNDA:1,_RNvNtNtNtCs14PW5HJOtOs_6glossa5tools6tester5testss_25test_parse_output_failure
FNDA:1,_RNvNtNtNtCs14PW5HJOtOs_6glossa5tools6tester5testss_25test_parse_output_ignored
FNDA:1,_RNvNtNtNtCs14PW5HJOtOs_6glossa5tools6tester5testss_27test_extract_failures_basic
FNDA:1,_RNvNtNtNtCs14PW5HJOtOs_6glossa5tools6tester5testss_28test_run_tests_rustc_missing
FNDA:1,_RNvNtNtNtCs14PW5HJOtOs_6glossa5tools6tester5testss_30test_extract_failures_multiple
FNDA:1,_RNvNtNtNtCs14PW5HJOtOs_6glossa5tools6tester5testss_32test_extract_failures_edge_cases
FNDA:1,_RNvNtNtNtCs14PW5HJOtOs_6glossa5tools6tester5testss_33test_parse_test_output_edge_cases
FNDA:1,_RNvNtNtNtCs14PW5HJOtOs_6glossa5tools6tester23additional_sentry_testss_34test_parse_test_output_empty_parts
FNDA:1,_RNvNtNtNtCs14PW5HJOtOs_6glossa5tools6tester14tests_failuress_26test_run_tests_parse_error
FNDA:1,_RNvNtNtNtCs14PW5HJOtOs_6glossa5tools6tester14tests_failuress_29test_run_tests_semantic_error
FNDA:1,_RNvNtNtNtCs14PW5HJOtOs_6glossa5tools6tester14tests_failuress_34test_extract_failures_simple_panic
FNDA:1,_RNvNtNtNtCs14PW5HJOtOs_6glossa5tools6tester14tests_failuress_36test_parse_test_output_various_parts
FNDA:1,_RNvNtNtNtCs14PW5HJOtOs_6glossa5tools6tester14tests_failuress_39test_extract_failures_no_matching_start
FNDA:1,_RNvNtNtNtCs14PW5HJOtOs_6glossa5tools6tester14tests_failuress_39test_extract_failures_with_empty_output
FNDA:1,_RNvNtNtNtCs14PW5HJOtOs_6glossa5tools6tester14tests_failuress_39test_extract_failures_with_note_omitted
FNDA:1,_RNvNtNtNtCs14PW5HJOtOs_6glossa5tools6tester14tests_failuress_42test_extract_failures_with_stack_backtrace
FNDA:1,_RNvNtNtNtCs14PW5HJOtOs_6glossa5tools6tester14tests_failuress_45test_extract_failures_without_actual_failures
FNDA:40,_RNCNvNtNtCs14PW5HJOtOs_6glossa5tools6tester17parse_test_output0B7_
FNDA:0,_RNCNvNtNtCs14PW5HJOtOs_6glossa5tools6tester20compile_test_harness0B7_
FNDA:0,_RNCNvNtNtCs14PW5HJOtOs_6glossa5tools6tester20compile_test_harnesss0_0B7_
FNDA:0,_RNCNvNtNtCs14PW5HJOtOs_6glossa5tools6tester20compile_test_harnesss_0B7_
FNDA:0,_RNCNvNtNtCs14PW5HJOtOs_6glossa5tools6tester9run_tests0B7_
FNDA:0,_RNCNvNtNtCs14PW5HJOtOs_6glossa5tools6tester9run_testss0_0B7_
FNDA:0,_RNCNvNtNtCs14PW5HJOtOs_6glossa5tools6tester9run_testss1_0B7_
FNDA:0,_RNCNvNtNtCs14PW5HJOtOs_6glossa5tools6tester9run_testss_0B7_
FNDA:1,_RNvNtNtCs4a0SCptkpqe_6glossa5tools6tester16extract_failures
FNDA:3,_RNvNtNtCs4a0SCptkpqe_6glossa5tools6tester17parse_test_output
FNDA:7,_RNvNtNtCs4a0SCptkpqe_6glossa5tools6tester18parse_failure_name
FNDA:3,_RNvNtNtCs4a0SCptkpqe_6glossa5tools6tester18print_test_results
FNDA:7,_RNvNtNtCs4a0SCptkpqe_6glossa5tools6tester19clean_panic_message
FNDA:3,_RNvNtNtCs4a0SCptkpqe_6glossa5tools6tester19execute_test_binary
FNDA:4,_RNvNtNtCs4a0SCptkpqe_6glossa5tools6tester20compile_test_harness
FNDA:1,_RNvNtNtCs4a0SCptkpqe_6glossa5tools6tester23capture_failure_message
FNDA:6,_RNvNtNtCs4a0SCptkpqe_6glossa5tools6tester9run_tests
FNF:36
FNH:31
DA:66,13
DA:67,13
DA:68,13
DA:69,71
DA:71,71
DA:72,21
DA:74,12
DA:75,12
DA:76,1
DA:77,11
DA:79,11
DA:80,11
DA:81,4
DA:82,2
DA:83,1
DA:86,10
DA:87,10
DA:88,10
DA:89,10
DA:90,71
DA:91,13
DA:92,13
DA:99,14
DA:100,14
DA:101,14
DA:104,31
DA:105,31
DA:106,12
DA:107,19
DA:111,67
DA:112,53
DA:113,42
DA:116,11
DA:117,11
DA:120,14
DA:121,14
DA:123,53
DA:124,53
DA:125,53
DA:126,42
DA:127,11
DA:129,11
DA:130,11
DA:131,11
DA:134,11
DA:135,11
DA:136,11
DA:137,11
DA:138,11
DA:139,11
DA:140,11
DA:141,53
DA:143,11
DA:144,11
DA:145,37
DA:146,34
DA:147,34
DA:148,32
DA:150,8
DA:151,26
DA:154,26
DA:155,2
DA:156,2
DA:157,24
DA:160,24
DA:161,23
DA:163,2
DA:164,6
DA:165,6
DA:166,6
DA:167,6
DA:169,2
DA:170,4
DA:171,4
DA:173,2
DA:174,22
DA:176,22
DA:177,2
DA:178,2
DA:179,2
DA:180,2
DA:181,20
DA:183,20
DA:184,20
DA:185,20
DA:187,11
DA:188,11
DA:190,22
DA:191,22
DA:192,19
DA:193,3
DA:195,3
DA:196,2
DA:200,2
DA:201,1
DA:202,1
DA:203,1
DA:204,1
DA:206,2
DA:207,22
DA:214,4
DA:215,4
DA:217,4
DA:218,4
DA:219,4
DA:220,4
DA:221,4
DA:222,4
DA:223,4
DA:225,3
DA:226,0
DA:228,0
DA:229,0
DA:230,0
DA:232,0
DA:233,0
DA:234,0
DA:236,0
DA:239,0
DA:241,0
DA:242,0
DA:245,0
DA:246,0
DA:247,0
DA:249,0
DA:250,0
DA:251,0
DA:252,0
DA:254,0
DA:255,0
DA:256,0
DA:259,0
DA:260,0
DA:261,0
DA:262,0
DA:263,0
DA:264,0
DA:265,3
DA:267,3
DA:268,4
DA:270,3
DA:271,3
DA:273,3
DA:274,3
DA:275,3
DA:278,3
DA:280,3
DA:281,3
DA:283,3
DA:284,3
DA:285,3
DA:286,3
DA:287,3
DA:289,3
DA:290,2
DA:291,1
DA:292,1
DA:293,1
DA:294,1
DA:295,1
DA:296,1
DA:297,1
DA:298,1
DA:299,1
DA:300,1
DA:301,1
DA:302,1
DA:303,1
DA:304,1
DA:305,1
DA:306,1
DA:307,1
DA:308,1
DA:309,1
DA:310,1
DA:311,1
DA:312,1
DA:313,1
DA:315,3
DA:316,2
DA:317,2
DA:319,2
DA:320,2
DA:321,2
DA:322,2
DA:323,2
DA:326,2
DA:327,2
DA:328,1
DA:329,1
DA:330,1
DA:331,1
DA:332,0
DA:337,2
DA:339,2
DA:341,2
DA:342,1
DA:343,1
DA:344,1
DA:345,1
DA:346,1
DA:347,1
DA:348,1
DA:349,1
DA:350,1
DA:351,1
DA:352,1
DA:353,1
DA:354,1
DA:355,1
DA:356,1
DA:357,1
DA:360,3
DA:361,1
DA:362,1
DA:364,1
DA:366,1
DA:367,1
DA:368,1
DA:369,1
DA:370,1
DA:371,1
DA:372,1
DA:373,1
DA:374,1
DA:375,1
DA:376,1
DA:377,1
DA:378,1
DA:379,1
DA:380,1
DA:381,1
DA:382,1
DA:383,1
DA:384,1
DA:387,0
DA:388,0
DA:389,0
DA:390,0
DA:392,2
DA:393,3
DA:420,8
DA:422,8
DA:424,7
DA:426,7
DA:427,4
DA:428,3
DA:429,3
DA:430,3
DA:433,4
DA:436,4
DA:437,4
DA:438,4
DA:439,4
DA:440,4
DA:442,4
DA:443,4
DA:444,4
DA:447,4
DA:448,4
DA:449,4
DA:450,4
DA:451,4
DA:452,4
DA:453,4
DA:454,4
DA:455,0
DA:456,0
DA:457,4
DA:458,0
DA:460,4
DA:464,4
DA:467,3
DA:470,3
DA:471,3
DA:473,3
DA:474,2
DA:475,2
DA:476,1
DA:477,1
DA:479,3
DA:481,3
DA:482,1
DA:483,2
DA:485,2
DA:486,8
DA:493,1
DA:494,1
DA:495,1
DA:496,1
DA:499,1
DA:500,1
DA:501,1
DA:502,1
DA:504,0
DA:506,1
DA:507,1
DA:508,1
DA:509,1
DA:510,1
DA:511,1
DA:512,1
DA:513,1
DA:515,1
DA:516,1
DA:517,1
DA:518,1
DA:521,1
DA:522,1
DA:523,1
DA:524,1
DA:525,1
DA:526,1
DA:527,1
DA:528,1
DA:529,1
DA:530,1
DA:531,1
DA:532,1
DA:533,1
DA:534,1
DA:535,1
DA:538,1
DA:539,1
DA:540,1
DA:541,1
DA:542,1
DA:543,1
DA:544,1
DA:545,1
DA:546,1
DA:547,1
DA:548,1
DA:549,1
DA:550,1
DA:551,1
DA:552,1
DA:553,1
DA:554,1
DA:555,1
DA:556,1
DA:557,1
DA:558,1
DA:559,1
DA:560,1
DA:561,1
DA:562,1
DA:565,1
DA:566,1
DA:567,1
DA:568,1
DA:569,1
DA:570,1
DA:571,1
DA:572,1
DA:573,1
DA:574,1
DA:575,1
DA:576,1
DA:579,1
DA:580,1
DA:581,1
DA:582,1
DA:583,1
DA:584,1
DA:585,1
DA:586,1
DA:587,1
DA:588,1
DA:589,1
DA:590,1
DA:591,1
DA:592,1
DA:593,1
DA:594,1
DA:595,1
DA:596,1
DA:597,1
DA:598,1
DA:599,1
DA:600,1
DA:603,1
DA:604,1
DA:605,1
DA:606,1
DA:607,1
DA:608,1
DA:609,1
DA:610,1
DA:611,1
DA:612,1
DA:613,1
DA:614,1
DA:615,1
DA:616,1
DA:617,1
DA:618,1
DA:619,1
DA:620,1
DA:621,1
DA:622,1
DA:623,1
DA:626,1
DA:633,1
DA:634,1
DA:635,1
DA:636,1
DA:637,1
DA:638,1
DA:639,1
DA:640,1
DA:641,1
DA:642,1
DA:643,1
DA:644,1
DA:645,1
DA:646,1
DA:647,1
DA:648,1
DA:649,1
DA:650,1
DA:651,1
DA:652,1
DA:653,1
DA:654,1
DA:655,1
DA:656,1
DA:657,1
DA:658,1
DA:659,1
DA:660,1
DA:661,1
DA:662,1
DA:663,1
DA:664,1
DA:665,1
DA:666,1
DA:667,1
DA:668,1
DA:669,1
DA:670,1
DA:671,1
DA:672,1
DA:673,1
DA:674,1
DA:675,1
DA:676,1
DA:677,1
DA:678,1
DA:679,1
DA:680,1
DA:681,1
DA:682,1
DA:683,1
DA:684,1
DA:685,1
DA:686,1
DA:687,1
DA:688,1
DA:689,1
DA:690,1
DA:691,1
DA:694,5
DA:695,5
DA:696,5
DA:697,5
DA:703,1
DA:706,1
DA:713,1
DA:714,1
DA:715,1
DA:716,1
DA:717,1
DA:718,1
DA:719,1
DA:720,1
DA:721,1
DA:722,1
DA:723,1
DA:724,1
DA:725,1
DA:726,1
DA:727,1
DA:728,1
DA:729,1
DA:730,1
DA:731,1
DA:732,1
DA:733,1
DA:734,1
DA:735,1
DA:736,1
DA:737,1
DA:738,1
DA:739,1
DA:740,1
DA:741,1
DA:744,5
DA:745,5
DA:746,5
DA:747,5
DA:753,1
DA:762,1
DA:763,1
DA:764,1
DA:765,1
DA:766,1
DA:774,1
DA:775,1
DA:776,1
DA:777,1
DA:778,1
DA:779,1
DA:780,1
DA:781,1
DA:782,1
DA:783,1
DA:784,1
DA:785,1
DA:786,1
DA:789,1
DA:790,1
DA:791,1
DA:792,1
DA:793,1
DA:794,1
DA:795,1
DA:796,1
DA:797,1
DA:800,1
DA:801,1
DA:802,1
DA:803,1
DA:804,1
DA:807,1
DA:808,1
DA:809,1
DA:810,1
DA:811,1
DA:812,1
DA:813,1
DA:816,1
DA:817,1
DA:818,1
DA:819,1
DA:820,1
DA:821,1
DA:822,1
DA:825,1
DA:826,1
DA:827,1
DA:828,1
DA:829,1
DA:832,1
DA:833,1
DA:834,1
DA:835,1
DA:836,1
DA:837,1
DA:838,1
DA:841,1
DA:842,1
DA:843,1
DA:844,1
DA:846,1
DA:847,1
DA:849,1
DA:850,1
DA:853,1
DA:854,1
DA:855,1
DA:856,1
DA:858,1
DA:859,1
DA:860,1
DA:862,1
DA:863,1
BRF:0
BRH:0
LF:587
LH:544
end_of_record
SF:/app/src/tools/ui.rs
FN:193,_RNvXs_NtNtCs4a0SCptkpqe_6glossa5tools2uiNtB4_6StatusNtNtNtCs4kUJL3MZFFz_4core3ops4drop4Drop4drop
FN:59,_RINvMNtNtCs4a0SCptkpqe_6glossa5tools2uiNtB3_6Status5startpEB7_
FN:159,_RNvMNtNtCs4a0SCptkpqe_6glossa5tools2uiNtB2_6Status13print_running
FN:123,_RNvMNtNtCs4a0SCptkpqe_6glossa5tools2uiNtB2_6Status7success
FN:179,_RINvMNtNtCs4a0SCptkpqe_6glossa5tools2uiNtB3_6Status10print_doneINtNtNtCstJ2g9kd0KI_9crossterm5style14styled_content13StyledContentReEEB7_
FN:72,_RINvMNtNtCs4a0SCptkpqe_6glossa5tools2uiNtB3_6Status17start_with_symbolReB16_EB7_
FN:78,_RINvMNtNtCs4a0SCptkpqe_6glossa5tools2uiNtB3_6Status3newReBR_EB7_
FN:148,_RINvMNtNtCs4a0SCptkpqe_6glossa5tools2uiNtB3_6Status5errorReEB7_
FN:103,_RINvMNtNtCs4a0SCptkpqe_6glossa5tools2uiNtB3_6Status6updateReEB7_
FN:251,_RNvNtNtNtCs14PW5HJOtOs_6glossa5tools2ui5testss_16test_status_drop
FN:219,_RNvNtNtNtCs14PW5HJOtOs_6glossa5tools2ui5testss_21test_status_tty_error
FN:212,_RNvNtNtNtCs14PW5HJOtOs_6glossa5tools2ui5testss_22test_status_tty_update
FN:205,_RNvNtNtNtCs14PW5HJOtOs_6glossa5tools2ui5testss_23test_status_tty_success
FN:239,_RNvNtNtNtCs14PW5HJOtOs_6glossa5tools2ui5testss_24test_status_no_tty_error
FN:245,_RNvNtNtNtCs14PW5HJOtOs_6glossa5tools2ui5testss_25test_status_custom_symbol
FN:232,_RNvNtNtNtCs14PW5HJOtOs_6glossa5tools2ui5testss_25test_status_no_tty_update
FN:270,_RNvNtNtNtCs14PW5HJOtOs_6glossa5tools2ui5testss_26test_status_error_inactive
FN:225,_RNvNtNtNtCs14PW5HJOtOs_6glossa5tools2ui5testss_26test_status_no_tty_success
FN:259,_RNvNtNtNtCs14PW5HJOtOs_6glossa5tools2ui5testss_27test_status_update_inactive
FN:159,_RNvMNtNtCs14PW5HJOtOs_6glossa5tools2uiNtB2_6Status13print_running
FN:123,_RNvMNtNtCs14PW5HJOtOs_6glossa5tools2uiNtB2_6Status7success
FN:179,_RINvMNtNtCs14PW5HJOtOs_6glossa5tools2uiNtB3_6Status10print_doneINtNtNtCstJ2g9kd0KI_9crossterm5style14styled_content13StyledContentReEEB7_
FN:72,_RINvMNtNtCs14PW5HJOtOs_6glossa5tools2uiNtB3_6Status17start_with_symbolReB16_EB7_
FN:78,_RINvMNtNtCs14PW5HJOtOs_6glossa5tools2uiNtB3_6Status3newReBR_EB7_
FN:148,_RINvMNtNtCs14PW5HJOtOs_6glossa5tools2uiNtB3_6Status5errorReEB7_
FN:59,_RINvMNtNtCs14PW5HJOtOs_6glossa5tools2uiNtB3_6Status5startReEB7_
FN:103,_RINvMNtNtCs14PW5HJOtOs_6glossa5tools2uiNtB3_6Status6updateReEB7_
FN:193,_RNvXs_NtNtCs14PW5HJOtOs_6glossa5tools2uiNtB4_6StatusNtNtNtCs4kUJL3MZFFz_4core3ops4drop4Drop4drop
FNDA:9,_RNvXs_NtNtCs4a0SCptkpqe_6glossa5tools2uiNtB4_6StatusNtNtNtCs4kUJL3MZFFz_4core3ops4drop4Drop4drop
FNDA:0,_RINvMNtNtCs4a0SCptkpqe_6glossa5tools2uiNtB3_6Status5startpEB7_
FNDA:14,_RNvMNtNtCs4a0SCptkpqe_6glossa5tools2uiNtB2_6Status13print_running
FNDA:3,_RNvMNtNtCs4a0SCptkpqe_6glossa5tools2uiNtB2_6Status7success
FNDA:8,_RINvMNtNtCs4a0SCptkpqe_6glossa5tools2uiNtB3_6Status10print_doneINtNtNtCstJ2g9kd0KI_9crossterm5style14styled_content13StyledContentReEEB7_
FNDA:9,_RINvMNtNtCs4a0SCptkpqe_6glossa5tools2uiNtB3_6Status17start_with_symbolReB16_EB7_
FNDA:9,_RINvMNtNtCs4a0SCptkpqe_6glossa5tools2uiNtB3_6Status3newReBR_EB7_
FNDA:5,_RINvMNtNtCs4a0SCptkpqe_6glossa5tools2uiNtB3_6Status5errorReEB7_
FNDA:5,_RINvMNtNtCs4a0SCptkpqe_6glossa5tools2uiNtB3_6Status6updateReEB7_
FNDA:1,_RNvNtNtNtCs14PW5HJOtOs_6glossa5tools2ui5testss_16test_status_drop
FNDA:1,_RNvNtNtNtCs14PW5HJOtOs_6glossa5tools2ui5testss_21test_status_tty_error
FNDA:1,_RNvNtNtNtCs14PW5HJOtOs_6glossa5tools2ui5testss_22test_status_tty_update
FNDA:1,_RNvNtNtNtCs14PW5HJOtOs_6glossa5tools2ui5testss_23test_status_tty_success
FNDA:1,_RNvNtNtNtCs14PW5HJOtOs_6glossa5tools2ui5testss_24test_status_no_tty_error
FNDA:1,_RNvNtNtNtCs14PW5HJOtOs_6glossa5tools2ui5testss_25test_status_custom_symbol
FNDA:1,_RNvNtNtNtCs14PW5HJOtOs_6glossa5tools2ui5testss_25test_status_no_tty_update
FNDA:1,_RNvNtNtNtCs14PW5HJOtOs_6glossa5tools2ui5testss_26test_status_error_inactive
FNDA:1,_RNvNtNtNtCs14PW5HJOtOs_6glossa5tools2ui5testss_26test_status_no_tty_success
FNDA:1,_RNvNtNtNtCs14PW5HJOtOs_6glossa5tools2ui5testss_27test_status_update_inactive
FNDA:29,_RNvMNtNtCs14PW5HJOtOs_6glossa5tools2uiNtB2_6Status13print_running
FNDA:12,_RNvMNtNtCs14PW5HJOtOs_6glossa5tools2uiNtB2_6Status7success
FNDA:23,_RINvMNtNtCs14PW5HJOtOs_6glossa5tools2uiNtB3_6Status10print_doneINtNtNtCstJ2g9kd0KI_9crossterm5style14styled_content13StyledContentReEEB7_
FNDA:18,_RINvMNtNtCs14PW5HJOtOs_6glossa5tools2uiNtB3_6Status17start_with_symbolReB16_EB7_
FNDA:26,_RINvMNtNtCs14PW5HJOtOs_6glossa5tools2uiNtB3_6Status3newReBR_EB7_
FNDA:13,_RINvMNtNtCs14PW5HJOtOs_6glossa5tools2uiNtB3_6Status5errorReEB7_
FNDA:2,_RINvMNtNtCs14PW5HJOtOs_6glossa5tools2uiNtB3_6Status5startReEB7_
FNDA:4,_RINvMNtNtCs14PW5HJOtOs_6glossa5tools2uiNtB3_6Status6updateReEB7_
FNDA:26,_RNvXs_NtNtCs14PW5HJOtOs_6glossa5tools2uiNtB4_6StatusNtNtNtCs4kUJL3MZFFz_4core3ops4drop4Drop4drop
FNF:19
FNH:19
DA:59,2
DA:60,2
DA:61,2
DA:72,27
DA:73,27
DA:74,27
DA:75,27
DA:78,35
DA:79,35
DA:80,35
DA:81,35
DA:82,35
DA:83,35
DA:84,35
DA:85,35
DA:86,35
DA:87,35
DA:88,35
DA:103,9
DA:104,9
DA:105,1
DA:106,8
DA:107,8
DA:108,8
DA:109,9
DA:123,15
DA:124,15
DA:125,1
DA:126,14
DA:128,14
DA:129,14
DA:130,14
DA:132,14
DA:133,14
DA:134,15
DA:148,18
DA:149,18
DA:150,1
DA:151,17
DA:153,17
DA:154,17
DA:155,17
DA:156,17
DA:157,18
DA:159,43
DA:161,43
DA:162,43
DA:164,43
DA:165,5
DA:166,5
DA:167,1
DA:168,1
DA:169,4
DA:170,4
DA:171,4
DA:172,5
DA:173,5
DA:174,38
DA:175,38
DA:176,38
DA:177,43
DA:179,31
DA:180,31
DA:181,3
DA:182,3
DA:183,3
DA:184,3
DA:185,3
DA:186,28
DA:187,28
DA:188,28
DA:189,31
DA:193,35
DA:194,35
DA:195,1
DA:196,34
DA:197,35
DA:205,1
DA:206,1
DA:208,1
DA:209,1
DA:212,1
DA:213,1
DA:214,1
DA:215,1
DA:216,1
DA:219,1
DA:220,1
DA:221,1
DA:222,1
DA:225,1
DA:226,1
DA:228,1
DA:229,1
DA:232,1
DA:233,1
DA:234,1
DA:235,1
DA:236,1
DA:239,1
DA:240,1
DA:241,1
DA:242,1
DA:245,1
DA:246,1
DA:247,1
DA:248,1
DA:251,1
DA:252,1
DA:253,1
DA:254,1
DA:255,1
DA:256,1
DA:259,1
DA:260,1
DA:261,1
DA:262,1
DA:263,1
DA:266,1
DA:267,1
DA:270,1
DA:271,1
DA:272,1
DA:274,1
DA:275,1
BRF:0
BRH:0
LF:125
LH:125
end_of_record