SF:/app/src/ast.rs
FN:447,_RNvXs1_NtCsluBEq34Hdgp_6glossa3astNtB5_4ExprNtNtNtCs3XFJfFEDSOQ_4core3ops4drop4Drop4drop
FN:577,_RINvMs2_NtCsluBEq34Hdgp_6glossa3astNtB6_4Word3newReEB8_
FN:187,_RNCNvMNtCsluBEq34Hdgp_6glossa3astNtB4_9Statement11expressions0B6_
FN:371,_RNCNvXs0_NtCsluBEq34Hdgp_6glossa3astNtB7_4ExprNtNtCs3XFJfFEDSOQ_4core3cmp9PartialEq2eq0B9_
FN:449,_RNCNvXs1_NtCsluBEq34Hdgp_6glossa3astNtB7_4ExprNtNtNtCs3XFJfFEDSOQ_4core3ops4drop4Drop4drop0B9_
FN:331,_RNCNvXs_NtCsluBEq34Hdgp_6glossa3astNtB6_4ExprNtNtCs3XFJfFEDSOQ_4core5clone5Clone5clone0B8_
FN:184,_RNvMNtCsluBEq34Hdgp_6glossa3astNtB2_9Statement11expressions
FN:208,_RNvMNtCsluBEq34Hdgp_6glossa3astNtB2_9Statement12is_propagate
FN:219,_RNvMNtCsluBEq34Hdgp_6glossa3astNtB2_9Statement7clauses
FN:197,_RNvMNtCsluBEq34Hdgp_6glossa3astNtB2_9Statement8is_query
FN:369,_RNvXs0_NtCsluBEq34Hdgp_6glossa3astNtB5_4ExprNtNtCs3XFJfFEDSOQ_4core3cmp9PartialEq2eq
FN:329,_RNvXs_NtCsluBEq34Hdgp_6glossa3astNtB4_4ExprNtNtCs3XFJfFEDSOQ_4core5clone5Clone5clone
FN:187,_RNCNvMNtCs4cnvRHYBibt_6glossa3astNtB4_9Statement11expressions0B6_
FN:371,_RNCNvXs0_NtCs4cnvRHYBibt_6glossa3astNtB7_4ExprNtNtCs3XFJfFEDSOQ_4core3cmp9PartialEq2eq0B9_
FN:184,_RNvMNtCs4cnvRHYBibt_6glossa3astNtB2_9Statement11expressions
FN:369,_RNvXs0_NtCs4cnvRHYBibt_6glossa3astNtB5_4ExprNtNtCs3XFJfFEDSOQ_4core3cmp9PartialEq2eq
FN:447,_RNvXs1_NtCs4cnvRHYBibt_6glossa3astNtB5_4ExprNtNtNtCs3XFJfFEDSOQ_4core3ops4drop4Drop4drop
FN:208,_RNvMNtCs4cnvRHYBibt_6glossa3astNtB2_9Statement12is_propagate
FN:219,_RNvMNtCs4cnvRHYBibt_6glossa3astNtB2_9Statement7clauses
FN:197,_RNvMNtCs4cnvRHYBibt_6glossa3astNtB2_9Statement8is_query
FN:329,_RNvXs_NtCs4cnvRHYBibt_6glossa3astNtB4_4ExprNtNtCs3XFJfFEDSOQ_4core5clone5Clone5clone
FN:577,_RINvMs2_NtCs4cnvRHYBibt_6glossa3astNtB6_4Word3newReEB8_
FN:449,_RNCNvXs1_NtCs4cnvRHYBibt_6glossa3astNtB7_4ExprNtNtNtCs3XFJfFEDSOQ_4core3ops4drop4Drop4drop0B9_
FN:331,_RNCNvXs_NtCs4cnvRHYBibt_6glossa3astNtB6_4ExprNtNtCs3XFJfFEDSOQ_4core5clone5Clone5clone0B8_
FNDA:2952248,_RNvXs1_NtCsluBEq34Hdgp_6glossa3astNtB5_4ExprNtNtNtCs3XFJfFEDSOQ_4core3ops4drop4Drop4drop
FNDA:8581,_RINvMs2_NtCsluBEq34Hdgp_6glossa3astNtB6_4Word3newReEB8_
FNDA:0,_RNCNvMNtCsluBEq34Hdgp_6glossa3astNtB4_9Statement11expressions0B6_
FNDA:40040,_RNCNvXs0_NtCsluBEq34Hdgp_6glossa3astNtB7_4ExprNtNtCs3XFJfFEDSOQ_4core3cmp9PartialEq2eq0B9_
FNDA:2952248,_RNCNvXs1_NtCsluBEq34Hdgp_6glossa3astNtB7_4ExprNtNtNtCs3XFJfFEDSOQ_4core3ops4drop4Drop4drop0B9_
FNDA:830575,_RNCNvXs_NtCsluBEq34Hdgp_6glossa3astNtB6_4ExprNtNtCs3XFJfFEDSOQ_4core5clone5Clone5clone0B8_
FNDA:0,_RNvMNtCsluBEq34Hdgp_6glossa3astNtB2_9Statement11expressions
FNDA:838,_RNvMNtCsluBEq34Hdgp_6glossa3astNtB2_9Statement12is_propagate
FNDA:3098,_RNvMNtCsluBEq34Hdgp_6glossa3astNtB2_9Statement7clauses
FNDA:838,_RNvMNtCsluBEq34Hdgp_6glossa3astNtB2_9Statement8is_query
FNDA:40040,_RNvXs0_NtCsluBEq34Hdgp_6glossa3astNtB5_4ExprNtNtCs3XFJfFEDSOQ_4core3cmp9PartialEq2eq
FNDA:830575,_RNvXs_NtCsluBEq34Hdgp_6glossa3astNtB4_4ExprNtNtCs3XFJfFEDSOQ_4core5clone5Clone5clone
FNDA:0,_RNCNvMNtCs4cnvRHYBibt_6glossa3astNtB4_9Statement11expressions0B6_
FNDA:0,_RNCNvXs0_NtCs4cnvRHYBibt_6glossa3astNtB7_4ExprNtNtCs3XFJfFEDSOQ_4core3cmp9PartialEq2eq0B9_
FNDA:0,_RNvMNtCs4cnvRHYBibt_6glossa3astNtB2_9Statement11expressions
FNDA:0,_RNvXs0_NtCs4cnvRHYBibt_6glossa3astNtB5_4ExprNtNtCs3XFJfFEDSOQ_4core3cmp9PartialEq2eq
FNDA:10813,_RNvXs1_NtCs4cnvRHYBibt_6glossa3astNtB5_4ExprNtNtNtCs3XFJfFEDSOQ_4core3ops4drop4Drop4drop
FNDA:1382,_RNvMNtCs4cnvRHYBibt_6glossa3astNtB2_9Statement12is_propagate
FNDA:4148,_RNvMNtCs4cnvRHYBibt_6glossa3astNtB2_9Statement7clauses
FNDA:1384,_RNvMNtCs4cnvRHYBibt_6glossa3astNtB2_9Statement8is_query
FNDA:1554,_RNvXs_NtCs4cnvRHYBibt_6glossa3astNtB4_4ExprNtNtCs3XFJfFEDSOQ_4core5clone5Clone5clone
FNDA:167,_RINvMs2_NtCs4cnvRHYBibt_6glossa3astNtB6_4Word3newReEB8_
FNDA:10813,_RNCNvXs1_NtCs4cnvRHYBibt_6glossa3astNtB7_4ExprNtNtNtCs3XFJfFEDSOQ_4core3ops4drop4Drop4drop0B9_
FNDA:1554,_RNCNvXs_NtCs4cnvRHYBibt_6glossa3astNtB6_4ExprNtNtCs3XFJfFEDSOQ_4core5clone5Clone5clone0B8_
FNF:12
FNH:10
DA:184,0
DA:185,0
DA:186,0
DA:187,0
DA:189,0
DA:190,0
DA:191,0
DA:192,0
DA:194,0
DA:197,2222
DA:198,2222
DA:199,2222
DA:200,0
DA:201,0
DA:202,0
DA:203,0
DA:205,2222
DA:208,2220
DA:209,2220
DA:210,2220
DA:211,0
DA:212,0
DA:213,0
DA:214,0
DA:216,2220
DA:219,7246
DA:220,7246
DA:221,7246
DA:222,0
DA:223,0
DA:224,0
DA:225,0
DA:227,7246
DA:329,832129
DA:331,832129
DA:332,24
DA:333,395960
DA:334,3
DA:335,2
DA:336,1
DA:337,1
DA:338,1
DA:339,1
DA:340,197513
DA:341,238614
DA:342,4
DA:343,4
DA:344,4
DA:345,4
DA:346,1
DA:347,1
DA:348,1
DA:349,1
DA:350,1
DA:351,1
DA:352,1
DA:353,1
DA:354,1
DA:355,1
DA:356,1
DA:357,1
DA:358,1
DA:359,1
DA:360,1
DA:361,1
DA:362,1
DA:363,4
DA:364,832129
DA:365,832129
DA:369,40040
DA:371,40040
DA:372,1
DA:373,12
DA:374,2
DA:375,2
DA:378,1
DA:379,1
DA:382,1
DA:383,1
DA:385,1
DA:386,3
DA:387,40001
DA:390,1
DA:391,1
DA:394,1
DA:395,1
DA:397,1
DA:400,1
DA:401,1
DA:404,1
DA:405,1
DA:407,1
DA:410,1
DA:411,1
DA:414,1
DA:415,1
DA:417,1
DA:420,1
DA:421,1
DA:422,1
DA:425,1
DA:426,1
DA:427,1
DA:429,1
DA:432,1
DA:433,1
DA:436,1
DA:437,1
DA:439,1
DA:440,1
DA:441,12
DA:442,40040
DA:443,40040
DA:447,2963061
DA:449,2963061
DA:451,2963061
DA:455,2652438
DA:456,310623
DA:465,310623
DA:466,304002
DA:467,304002
DA:468,304002
DA:469,322
DA:470,322
DA:471,322
DA:472,490
DA:473,490
DA:474,490
DA:475,131
DA:476,131
DA:477,131
DA:478,131
DA:479,5021
DA:480,5021
DA:481,5021
DA:482,5021
DA:483,64
DA:484,64
DA:485,64
DA:486,64
DA:487,64
DA:488,64
DA:489,64
DA:490,64
DA:491,64
DA:492,152
DA:493,152
DA:494,152
DA:495,152
DA:496,377
DA:497,377
DA:498,377
DA:500,0
DA:502,2963061
DA:503,2963061
DA:577,8748
DA:578,8748
DA:579,8748
DA:580,8748
DA:581,8748
DA:582,8748
DA:583,8748
DA:584,8748
BRF:0
BRH:0
LF:167
LH:144
end_of_record
SF:/app/src/codegen.rs
FN:562,_RNvNtCsluBEq34Hdgp_6glossa7codegen11generate_if
FN:1167,_RNvNtCsluBEq34Hdgp_6glossa7codegen11is_std_type
FN:601,_RNvNtCsluBEq34Hdgp_6glossa7codegen12generate_for
FN:537,_RNvNtCsluBEq34Hdgp_6glossa7codegen12generate_let
FN:276,_RNvNtCsluBEq34Hdgp_6glossa7codegen12to_rust_type
FN:886,_RNvNtCsluBEq34Hdgp_6glossa7codegen13generate_expr
FN:357,_RNvNtCsluBEq34Hdgp_6glossa7codegen13generate_rust
FN:859,_RNvNtCsluBEq34Hdgp_6glossa7codegen13generate_test
FN:1133,_RNvNtCsluBEq34Hdgp_6glossa7codegen13is_std_method
FN:174,_RNvNtCsluBEq34Hdgp_6glossa7codegen13sanitize_name
FN:207,_RNvNtCsluBEq34Hdgp_6glossa7codegen13transliterate
FN:616,_RNvNtCsluBEq34Hdgp_6glossa7codegen14generate_match
FN:548,_RNvNtCsluBEq34Hdgp_6glossa7codegen14generate_print
FN:1231,_RNvNtCsluBEq34Hdgp_6glossa7codegen14generate_range
FN:591,_RNvNtCsluBEq34Hdgp_6glossa7codegen14generate_while
FN:110,_RNvNtCsluBEq34Hdgp_6glossa7codegen14sanitize_ident
FN:964,_RNvNtCsluBEq34Hdgp_6glossa7codegen15generate_bin_op
FN:642,_RNvNtCsluBEq34Hdgp_6glossa7codegen15generate_fn_def
FN:1100,_RNvNtCsluBEq34Hdgp_6glossa7codegen16generate_closure
FN:1210,_RNvNtCsluBEq34Hdgp_6glossa7codegen17generate_unary_op
FN:1199,_RNvNtCsluBEq34Hdgp_6glossa7codegen17generate_variable
FN:1120,_RNvNtCsluBEq34Hdgp_6glossa7codegen17is_self_parameter
FN:443,_RNvNtCsluBEq34Hdgp_6glossa7codegen18generate_rust_file
FN:462,_RNvNtCsluBEq34Hdgp_6glossa7codegen18generate_statement
FN:744,_RNvNtCsluBEq34Hdgp_6glossa7codegen18generate_trait_def
FN:1034,_RNvNtCsluBEq34Hdgp_6glossa7codegen19generate_checked_op
FN:410,_RNvNtCsluBEq34Hdgp_6glossa7codegen19generate_panic_hook
FN:458,_RNvNtCsluBEq34Hdgp_6glossa7codegen19generate_statements
FN:682,_RNvNtCsluBEq34Hdgp_6glossa7codegen19generate_struct_def
FN:1044,_RNvNtCsluBEq34Hdgp_6glossa7codegen19generate_struct_lit
FN:798,_RNvNtCsluBEq34Hdgp_6glossa7codegen19generate_trait_impl
FN:1323,_RNvNtCsluBEq34Hdgp_6glossa7codegen19generate_variant_ok
FN:1333,_RNvNtCsluBEq34Hdgp_6glossa7codegen20generate_control_try
FN:1272,_RNvNtCsluBEq34Hdgp_6glossa7codegen20generate_method_call
FN:306,_RNvNtCsluBEq34Hdgp_6glossa7codegen20generate_type_tokens
FN:1328,_RNvNtCsluBEq34Hdgp_6glossa7codegen20generate_variant_err
FN:1319,_RNvNtCsluBEq34Hdgp_6glossa7codegen21generate_variant_none
FN:1314,_RNvNtCsluBEq34Hdgp_6glossa7codegen21generate_variant_some
FN:1304,_RNvNtCsluBEq34Hdgp_6glossa7codegen22generate_function_call
FN:1250,_RNvNtCsluBEq34Hdgp_6glossa7codegen23generate_collection_new
FN:1343,_RNvNtCsluBEq34Hdgp_6glossa7codegen23generate_control_assert
FN:1338,_RNvNtCsluBEq34Hdgp_6glossa7codegen23generate_control_unwrap
FN:1191,_RNvNtCsluBEq34Hdgp_6glossa7codegen23generate_literal_number
FN:1187,_RNvNtCsluBEq34Hdgp_6glossa7codegen23generate_literal_string
FN:454,_RNvNtCsluBEq34Hdgp_6glossa7codegen23generate_statement_code
FN:1195,_RNvNtCsluBEq34Hdgp_6glossa7codegen24generate_literal_boolean
FN:1204,_RNvNtCsluBEq34Hdgp_6glossa7codegen24generate_property_access
FN:1245,_RNvNtCsluBEq34Hdgp_6glossa7codegen25generate_collection_array
FN:1256,_RNvNtCsluBEq34Hdgp_6glossa7codegen25generate_collection_index
FN:1073,_RNvNtCsluBEq34Hdgp_6glossa7codegen25generate_memoized_closure
FN:527,_RNvNtCsluBEq34Hdgp_6glossa7codegen25generate_statement_return
FN:1348,_RNvNtCsluBEq34Hdgp_6glossa7codegen26generate_control_assert_eq
FN:504,_RNvNtCsluBEq34Hdgp_6glossa7codegen26generate_statement_binding
FN:1292,_RNvNtCsluBEq34Hdgp_6glossa7codegen26generate_trait_method_call
FN:717,_RNvNtCsluBEq34Hdgp_6glossa7codegen27generate_trait_method_parts
FN:510,_RNvNtCsluBEq34Hdgp_6glossa7codegen29generate_statement_assignment
FN:516,_RNvNtCsluBEq34Hdgp_6glossa7codegen29generate_statement_expression
FN:128,_RNvXNtCsluBEq34Hdgp_6glossa7codegenNtB2_9SanitizerNtNtCs3XFJfFEDSOQ_4core3fmt7Display3fmt
FN:231,_RINvNtCsluBEq34Hdgp_6glossa7codegen17transliterate_fmtNtNtCs3XFJfFEDSOQ_4core3fmt9FormatterEB4_
FN:231,_RINvNtCsluBEq34Hdgp_6glossa7codegen17transliterate_fmtNtNtCsgag4BwXrjBQ_5alloc6string6StringEB4_
FN:215,_RNCNvNtCsluBEq34Hdgp_6glossa7codegen13transliterate0B5_
FN:623,_RNCNvNtCsluBEq34Hdgp_6glossa7codegen14generate_match0B5_
FN:654,_RNCNvNtCsluBEq34Hdgp_6glossa7codegen15generate_fn_def0B5_
FN:1106,_RNCNvNtCsluBEq34Hdgp_6glossa7codegen16generate_closure0B5_
FN:758,_RNCNvNtCsluBEq34Hdgp_6glossa7codegen18generate_trait_def0B5_
FN:696,_RNCNvNtCsluBEq34Hdgp_6glossa7codegen19generate_struct_def0B5_
FN:1063,_RNCNvNtCsluBEq34Hdgp_6glossa7codegen19generate_struct_lit0B5_
FN:824,_RNCNvNtCsluBEq34Hdgp_6glossa7codegen19generate_trait_impl0B5_
FN:724,_RNCNvNtCsluBEq34Hdgp_6glossa7codegen27generate_trait_method_parts0B5_
FN:519,_RNCNvNtCsluBEq34Hdgp_6glossa7codegen29generate_statement_expression0B5_
FN:1505,_RNvNtNtCs4cnvRHYBibt_6glossa7codegen5tests7compile
FN:1449,_RNvNtNtCs4cnvRHYBibt_6glossa7codegen5testss_16test_basic_types
FN:1488,_RNvNtNtCs4cnvRHYBibt_6glossa7codegen5testss_16test_struct_type
FN:1371,_RNvNtNtCs4cnvRHYBibt_6glossa7codegen5testss_18test_transliterate
FN:1512,_RNvNtNtCs4cnvRHYBibt_6glossa7codegen5testss_19test_generate_hello
FN:1458,_RNvNtNtCs4cnvRHYBibt_6glossa7codegen5testss_20test_container_types
FN:1528,_RNvNtNtCs4cnvRHYBibt_6glossa7codegen5testss_20test_generate_number
FN:1520,_RNvNtNtCs4cnvRHYBibt_6glossa7codegen5testss_21test_generate_binding
FN:1430,_RNvNtNtCs4cnvRHYBibt_6glossa7codegen5testss_24test_sanitize_edge_cases
FN:1389,_RNvNtNtCs4cnvRHYBibt_6glossa7codegen5testss_25test_transliterate_unique
FN:1535,_RNvNtNtCs4cnvRHYBibt_6glossa7codegen5testss_26test_generate_full_program
FN:1364,_RNvNtNtCs4cnvRHYBibt_6glossa7codegen5testss_26test_sanitize_greek_letter
FN:1547,_RNvNtNtCs4cnvRHYBibt_6glossa7codegen5testss_28test_generate_statement_code
FN:1417,_RNvNtNtCs4cnvRHYBibt_6glossa7codegen5testss_33test_sanitize_keywords_and_prefix
FN:1557,_RNvNtNtCs4cnvRHYBibt_6glossa7codegen5testss_35test_generate_unreachable_operators
FN:1406,_RNvNtNtCs4cnvRHYBibt_6glossa7codegen5testss_38test_transliterate_mixed_valid_invalid
FN:231,_RINvNtCs4cnvRHYBibt_6glossa7codegen17transliterate_fmtNtNtCs3XFJfFEDSOQ_4core3fmt9FormatterEB4_
FN:231,_RINvNtCs4cnvRHYBibt_6glossa7codegen17transliterate_fmtNtNtCsgag4BwXrjBQ_5alloc6string6StringEB4_
FN:215,_RNCNvNtCs4cnvRHYBibt_6glossa7codegen13transliterate0B5_
FN:623,_RNCNvNtCs4cnvRHYBibt_6glossa7codegen14generate_match0B5_
FN:654,_RNCNvNtCs4cnvRHYBibt_6glossa7codegen15generate_fn_def0B5_
FN:1106,_RNCNvNtCs4cnvRHYBibt_6glossa7codegen16generate_closure0B5_
FN:758,_RNCNvNtCs4cnvRHYBibt_6glossa7codegen18generate_trait_def0B5_
FN:696,_RNCNvNtCs4cnvRHYBibt_6glossa7codegen19generate_struct_def0B5_
FN:1063,_RNCNvNtCs4cnvRHYBibt_6glossa7codegen19generate_struct_lit0B5_
FN:824,_RNCNvNtCs4cnvRHYBibt_6glossa7codegen19generate_trait_impl0B5_
FN:724,_RNCNvNtCs4cnvRHYBibt_6glossa7codegen27generate_trait_method_parts0B5_
FN:519,_RNCNvNtCs4cnvRHYBibt_6glossa7codegen29generate_statement_expression0B5_
FN:562,_RNvNtCs4cnvRHYBibt_6glossa7codegen11generate_if
FN:1167,_RNvNtCs4cnvRHYBibt_6glossa7codegen11is_std_type
FN:601,_RNvNtCs4cnvRHYBibt_6glossa7codegen12generate_for
FN:537,_RNvNtCs4cnvRHYBibt_6glossa7codegen12generate_let
FN:276,_RNvNtCs4cnvRHYBibt_6glossa7codegen12to_rust_type
FN:886,_RNvNtCs4cnvRHYBibt_6glossa7codegen13generate_expr
FN:357,_RNvNtCs4cnvRHYBibt_6glossa7codegen13generate_rust
FN:859,_RNvNtCs4cnvRHYBibt_6glossa7codegen13generate_test
FN:1133,_RNvNtCs4cnvRHYBibt_6glossa7codegen13is_std_method
FN:174,_RNvNtCs4cnvRHYBibt_6glossa7codegen13sanitize_name
FN:207,_RNvNtCs4cnvRHYBibt_6glossa7codegen13transliterate
FN:616,_RNvNtCs4cnvRHYBibt_6glossa7codegen14generate_match
FN:548,_RNvNtCs4cnvRHYBibt_6glossa7codegen14generate_print
FN:1231,_RNvNtCs4cnvRHYBibt_6glossa7codegen14generate_range
FN:591,_RNvNtCs4cnvRHYBibt_6glossa7codegen14generate_while
FN:110,_RNvNtCs4cnvRHYBibt_6glossa7codegen14sanitize_ident
FN:964,_RNvNtCs4cnvRHYBibt_6glossa7codegen15generate_bin_op
FN:642,_RNvNtCs4cnvRHYBibt_6glossa7codegen15generate_fn_def
FN:1100,_RNvNtCs4cnvRHYBibt_6glossa7codegen16generate_closure
FN:1210,_RNvNtCs4cnvRHYBibt_6glossa7codegen17generate_unary_op
FN:1199,_RNvNtCs4cnvRHYBibt_6glossa7codegen17generate_variable
FN:1120,_RNvNtCs4cnvRHYBibt_6glossa7codegen17is_self_parameter
FN:443,_RNvNtCs4cnvRHYBibt_6glossa7codegen18generate_rust_file
FN:462,_RNvNtCs4cnvRHYBibt_6glossa7codegen18generate_statement
FN:744,_RNvNtCs4cnvRHYBibt_6glossa7codegen18generate_trait_def
FN:1034,_RNvNtCs4cnvRHYBibt_6glossa7codegen19generate_checked_op
FN:410,_RNvNtCs4cnvRHYBibt_6glossa7codegen19generate_panic_hook
FN:458,_RNvNtCs4cnvRHYBibt_6glossa7codegen19generate_statements
FN:682,_RNvNtCs4cnvRHYBibt_6glossa7codegen19generate_struct_def
FN:1044,_RNvNtCs4cnvRHYBibt_6glossa7codegen19generate_struct_lit
FN:798,_RNvNtCs4cnvRHYBibt_6glossa7codegen19generate_trait_impl
FN:1323,_RNvNtCs4cnvRHYBibt_6glossa7codegen19generate_variant_ok
FN:1333,_RNvNtCs4cnvRHYBibt_6glossa7codegen20generate_control_try
FN:1272,_RNvNtCs4cnvRHYBibt_6glossa7codegen20generate_method_call
FN:306,_RNvNtCs4cnvRHYBibt_6glossa7codegen20generate_type_tokens
FN:1328,_RNvNtCs4cnvRHYBibt_6glossa7codegen20generate_variant_err
FN:1319,_RNvNtCs4cnvRHYBibt_6glossa7codegen21generate_variant_none
FN:1314,_RNvNtCs4cnvRHYBibt_6glossa7codegen21generate_variant_some
FN:1304,_RNvNtCs4cnvRHYBibt_6glossa7codegen22generate_function_call
FN:1250,_RNvNtCs4cnvRHYBibt_6glossa7codegen23generate_collection_new
FN:1343,_RNvNtCs4cnvRHYBibt_6glossa7codegen23generate_control_assert
FN:1338,_RNvNtCs4cnvRHYBibt_6glossa7codegen23generate_control_unwrap
FN:1191,_RNvNtCs4cnvRHYBibt_6glossa7codegen23generate_literal_number
FN:1187,_RNvNtCs4cnvRHYBibt_6glossa7codegen23generate_literal_string
FN:454,_RNvNtCs4cnvRHYBibt_6glossa7codegen23generate_statement_code
FN:1195,_RNvNtCs4cnvRHYBibt_6glossa7codegen24generate_literal_boolean
FN:1204,_RNvNtCs4cnvRHYBibt_6glossa7codegen24generate_property_access
FN:1245,_RNvNtCs4cnvRHYBibt_6glossa7codegen25generate_collection_array
FN:1256,_RNvNtCs4cnvRHYBibt_6glossa7codegen25generate_collection_index
FN:1073,_RNvNtCs4cnvRHYBibt_6glossa7codegen25generate_memoized_closure
FN:527,_RNvNtCs4cnvRHYBibt_6glossa7codegen25generate_statement_return
FN:1348,_RNvNtCs4cnvRHYBibt_6glossa7codegen26generate_control_assert_eq
FN:504,_RNvNtCs4cnvRHYBibt_6glossa7codegen26generate_statement_binding
FN:1292,_RNvNtCs4cnvRHYBibt_6glossa7codegen26generate_trait_method_call
FN:717,_RNvNtCs4cnvRHYBibt_6glossa7codegen27generate_trait_method_parts
FN:510,_RNvNtCs4cnvRHYBibt_6glossa7codegen29generate_statement_assignment
FN:516,_RNvNtCs4cnvRHYBibt_6glossa7codegen29generate_statement_expression
FN:128,_RNvXNtCs4cnvRHYBibt_6glossa7codegenNtB2_9SanitizerNtNtCs3XFJfFEDSOQ_4core3fmt7Display3fmt
FN:1624,_RNCNvNtNtNtCs4cnvRHYBibt_6glossa7codegen5tests14refactor_testss_32test_generate_trait_parts_manual0B9_
FN:1587,_RNvNtNtNtCs4cnvRHYBibt_6glossa7codegen5tests14refactor_testss_30test_generate_memoized_closure
FN:1636,_RNvNtNtNtCs4cnvRHYBibt_6glossa7codegen5tests14refactor_testss_32test_generate_checked_arithmetic
FN:1607,_RNvNtNtNtCs4cnvRHYBibt_6glossa7codegen5tests14refactor_testss_32test_generate_trait_parts_manual
FNDA:7,_RNvNtCsluBEq34Hdgp_6glossa7codegen11generate_if
FNDA:94,_RNvNtCsluBEq34Hdgp_6glossa7codegen11is_std_type
FNDA:7,_RNvNtCsluBEq34Hdgp_6glossa7codegen12generate_for
FNDA:183,_RNvNtCsluBEq34Hdgp_6glossa7codegen12generate_let
FNDA:9,_RNvNtCsluBEq34Hdgp_6glossa7codegen12to_rust_type
FNDA:974,_RNvNtCsluBEq34Hdgp_6glossa7codegen13generate_expr
FNDA:222,_RNvNtCsluBEq34Hdgp_6glossa7codegen13generate_rust
FNDA:8,_RNvNtCsluBEq34Hdgp_6glossa7codegen13generate_test
FNDA:97,_RNvNtCsluBEq34Hdgp_6glossa7codegen13is_std_method
FNDA:2,_RNvNtCsluBEq34Hdgp_6glossa7codegen13sanitize_name
FNDA:256,_RNvNtCsluBEq34Hdgp_6glossa7codegen13transliterate
FNDA:2,_RNvNtCsluBEq34Hdgp_6glossa7codegen14generate_match
FNDA:147,_RNvNtCsluBEq34Hdgp_6glossa7codegen14generate_print
FNDA:4,_RNvNtCsluBEq34Hdgp_6glossa7codegen14generate_range
FNDA:2,_RNvNtCsluBEq34Hdgp_6glossa7codegen14generate_while
FNDA:502,_RNvNtCsluBEq34Hdgp_6glossa7codegen14sanitize_ident
FNDA:72,_RNvNtCsluBEq34Hdgp_6glossa7codegen15generate_bin_op
FNDA:16,_RNvNtCsluBEq34Hdgp_6glossa7codegen15generate_fn_def
FNDA:32,_RNvNtCsluBEq34Hdgp_6glossa7codegen16generate_closure
FNDA:5,_RNvNtCsluBEq34Hdgp_6glossa7codegen17generate_unary_op
FNDA:166,_RNvNtCsluBEq34Hdgp_6glossa7codegen17generate_variable
FNDA:27,_RNvNtCsluBEq34Hdgp_6glossa7codegen17is_self_parameter
FNDA:7,_RNvNtCsluBEq34Hdgp_6glossa7codegen18generate_rust_file
FNDA:485,_RNvNtCsluBEq34Hdgp_6glossa7codegen18generate_statement
FNDA:14,_RNvNtCsluBEq34Hdgp_6glossa7codegen18generate_trait_def
FNDA:16,_RNvNtCsluBEq34Hdgp_6glossa7codegen19generate_checked_op
FNDA:221,_RNvNtCsluBEq34Hdgp_6glossa7codegen19generate_panic_hook
FNDA:63,_RNvNtCsluBEq34Hdgp_6glossa7codegen19generate_statements
FNDA:26,_RNvNtCsluBEq34Hdgp_6glossa7codegen19generate_struct_def
FNDA:12,_RNvNtCsluBEq34Hdgp_6glossa7codegen19generate_struct_lit
FNDA:12,_RNvNtCsluBEq34Hdgp_6glossa7codegen19generate_trait_impl
FNDA:12,_RNvNtCsluBEq34Hdgp_6glossa7codegen19generate_variant_ok
FNDA:11,_RNvNtCsluBEq34Hdgp_6glossa7codegen20generate_control_try
FNDA:97,_RNvNtCsluBEq34Hdgp_6glossa7codegen20generate_method_call
FNDA:74,_RNvNtCsluBEq34Hdgp_6glossa7codegen20generate_type_tokens
FNDA:11,_RNvNtCsluBEq34Hdgp_6glossa7codegen20generate_variant_err
FNDA:3,_RNvNtCsluBEq34Hdgp_6glossa7codegen21generate_variant_none
FNDA:24,_RNvNtCsluBEq34Hdgp_6glossa7codegen21generate_variant_some
FNDA:2,_RNvNtCsluBEq34Hdgp_6glossa7codegen22generate_function_call
FNDA:9,_RNvNtCsluBEq34Hdgp_6glossa7codegen23generate_collection_new
FNDA:2,_RNvNtCsluBEq34Hdgp_6glossa7codegen23generate_control_assert
FNDA:7,_RNvNtCsluBEq34Hdgp_6glossa7codegen23generate_control_unwrap
FNDA:364,_RNvNtCsluBEq34Hdgp_6glossa7codegen23generate_literal_number
FNDA:69,_RNvNtCsluBEq34Hdgp_6glossa7codegen23generate_literal_string
FNDA:0,_RNvNtCsluBEq34Hdgp_6glossa7codegen23generate_statement_code
FNDA:12,_RNvNtCsluBEq34Hdgp_6glossa7codegen24generate_literal_boolean
FNDA:3,_RNvNtCsluBEq34Hdgp_6glossa7codegen24generate_property_access
FNDA:46,_RNvNtCsluBEq34Hdgp_6glossa7codegen25generate_collection_array
FNDA:6,_RNvNtCsluBEq34Hdgp_6glossa7codegen25generate_collection_index
FNDA:1,_RNvNtCsluBEq34Hdgp_6glossa7codegen25generate_memoized_closure
FNDA:17,_RNvNtCsluBEq34Hdgp_6glossa7codegen25generate_statement_return
FNDA:5,_RNvNtCsluBEq34Hdgp_6glossa7codegen26generate_control_assert_eq
FNDA:183,_RNvNtCsluBEq34Hdgp_6glossa7codegen26generate_statement_binding
FNDA:0,_RNvNtCsluBEq34Hdgp_6glossa7codegen26generate_trait_method_call
FNDA:27,_RNvNtCsluBEq34Hdgp_6glossa7codegen27generate_trait_method_parts
FNDA:4,_RNvNtCsluBEq34Hdgp_6glossa7codegen29generate_statement_assignment
FNDA:38,_RNvNtCsluBEq34Hdgp_6glossa7codegen29generate_statement_expression
FNDA:582,_RNvXNtCsluBEq34Hdgp_6glossa7codegenNtB2_9SanitizerNtNtCs3XFJfFEDSOQ_4core3fmt7Display3fmt
FNDA:582,_RINvNtCsluBEq34Hdgp_6glossa7codegen17transliterate_fmtNtNtCs3XFJfFEDSOQ_4core3fmt9FormatterEB4_
FNDA:255,_RINvNtCsluBEq34Hdgp_6glossa7codegen17transliterate_fmtNtNtCsgag4BwXrjBQ_5alloc6string6StringEB4_
FNDA:255,_RNCNvNtCsluBEq34Hdgp_6glossa7codegen13transliterate0B5_
FNDA:5,_RNCNvNtCsluBEq34Hdgp_6glossa7codegen14generate_match0B5_
FNDA:12,_RNCNvNtCsluBEq34Hdgp_6glossa7codegen15generate_fn_def0B5_
FNDA:36,_RNCNvNtCsluBEq34Hdgp_6glossa7codegen16generate_closure0B5_
FNDA:15,_RNCNvNtCsluBEq34Hdgp_6glossa7codegen18generate_trait_def0B5_
FNDA:27,_RNCNvNtCsluBEq34Hdgp_6glossa7codegen19generate_struct_def0B5_
FNDA:16,_RNCNvNtCsluBEq34Hdgp_6glossa7codegen19generate_struct_lit0B5_
FNDA:12,_RNCNvNtCsluBEq34Hdgp_6glossa7codegen19generate_trait_impl0B5_
FNDA:27,_RNCNvNtCsluBEq34Hdgp_6glossa7codegen27generate_trait_method_parts0B5_
FNDA:34,_RNCNvNtCsluBEq34Hdgp_6glossa7codegen29generate_statement_expression0B5_
FNDA:4,_RNvNtNtCs4cnvRHYBibt_6glossa7codegen5tests7compile
FNDA:1,_RNvNtNtCs4cnvRHYBibt_6glossa7codegen5testss_16test_basic_types
FNDA:1,_RNvNtNtCs4cnvRHYBibt_6glossa7codegen5testss_16test_struct_type
FNDA:1,_RNvNtNtCs4cnvRHYBibt_6glossa7codegen5testss_18test_transliterate
FNDA:1,_RNvNtNtCs4cnvRHYBibt_6glossa7codegen5testss_19test_generate_hello
FNDA:1,_RNvNtNtCs4cnvRHYBibt_6glossa7codegen5testss_20test_container_types
FNDA:1,_RNvNtNtCs4cnvRHYBibt_6glossa7codegen5testss_20test_generate_number
FNDA:1,_RNvNtNtCs4cnvRHYBibt_6glossa7codegen5testss_21test_generate_binding
FNDA:1,_RNvNtNtCs4cnvRHYBibt_6glossa7codegen5testss_24test_sanitize_edge_cases
FNDA:1,_RNvNtNtCs4cnvRHYBibt_6glossa7codegen5testss_25test_transliterate_unique
FNDA:1,_RNvNtNtCs4cnvRHYBibt_6glossa7codegen5testss_26test_generate_full_program
FNDA:1,_RNvNtNtCs4cnvRHYBibt_6glossa7codegen5testss_26test_sanitize_greek_letter
FNDA:1,_RNvNtNtCs4cnvRHYBibt_6glossa7codegen5testss_28test_generate_statement_code
FNDA:1,_RNvNtNtCs4cnvRHYBibt_6glossa7codegen5testss_33test_sanitize_keywords_and_prefix
FNDA:1,_RNvNtNtCs4cnvRHYBibt_6glossa7codegen5testss_35test_generate_unreachable_operators
FNDA:1,_RNvNtNtCs4cnvRHYBibt_6glossa7codegen5testss_38test_transliterate_mixed_valid_invalid
FNDA:21,_RINvNtCs4cnvRHYBibt_6glossa7codegen17transliterate_fmtNtNtCs3XFJfFEDSOQ_4core3fmt9FormatterEB4_
FNDA:8,_RINvNtCs4cnvRHYBibt_6glossa7codegen17transliterate_fmtNtNtCsgag4BwXrjBQ_5alloc6string6StringEB4_
FNDA:8,_RNCNvNtCs4cnvRHYBibt_6glossa7codegen13transliterate0B5_
FNDA:0,_RNCNvNtCs4cnvRHYBibt_6glossa7codegen14generate_match0B5_
FNDA:0,_RNCNvNtCs4cnvRHYBibt_6glossa7codegen15generate_fn_def0B5_
FNDA:0,_RNCNvNtCs4cnvRHYBibt_6glossa7codegen16generate_closure0B5_
FNDA:0,_RNCNvNtCs4cnvRHYBibt_6glossa7codegen18generate_trait_def0B5_
FNDA:0,_RNCNvNtCs4cnvRHYBibt_6glossa7codegen19generate_struct_def0B5_
FNDA:0,_RNCNvNtCs4cnvRHYBibt_6glossa7codegen19generate_struct_lit0B5_
FNDA:0,_RNCNvNtCs4cnvRHYBibt_6glossa7codegen19generate_trait_impl0B5_
FNDA:2,_RNCNvNtCs4cnvRHYBibt_6glossa7codegen27generate_trait_method_parts0B5_
FNDA:1,_RNCNvNtCs4cnvRHYBibt_6glossa7codegen29generate_statement_expression0B5_
FNDA:0,_RNvNtCs4cnvRHYBibt_6glossa7codegen11generate_if
FNDA:0,_RNvNtCs4cnvRHYBibt_6glossa7codegen11is_std_type
FNDA:0,_RNvNtCs4cnvRHYBibt_6glossa7codegen12generate_for
FNDA:4,_RNvNtCs4cnvRHYBibt_6glossa7codegen12generate_let
FNDA:18,_RNvNtCs4cnvRHYBibt_6glossa7codegen12to_rust_type
FNDA:23,_RNvNtCs4cnvRHYBibt_6glossa7codegen13generate_expr
FNDA:11,_RNvNtCs4cnvRHYBibt_6glossa7codegen13generate_rust
FNDA:0,_RNvNtCs4cnvRHYBibt_6glossa7codegen13generate_test
FNDA:0,_RNvNtCs4cnvRHYBibt_6glossa7codegen13is_std_method
FNDA:9,_RNvNtCs4cnvRHYBibt_6glossa7codegen13sanitize_name
FNDA:9,_RNvNtCs4cnvRHYBibt_6glossa7codegen13transliterate
FNDA:0,_RNvNtCs4cnvRHYBibt_6glossa7codegen14generate_match
FNDA:11,_RNvNtCs4cnvRHYBibt_6glossa7codegen14generate_print
FNDA:0,_RNvNtCs4cnvRHYBibt_6glossa7codegen14generate_range
FNDA:0,_RNvNtCs4cnvRHYBibt_6glossa7codegen14generate_while
FNDA:10,_RNvNtCs4cnvRHYBibt_6glossa7codegen14sanitize_ident
FNDA:3,_RNvNtCs4cnvRHYBibt_6glossa7codegen15generate_bin_op
FNDA:0,_RNvNtCs4cnvRHYBibt_6glossa7codegen15generate_fn_def
FNDA:1,_RNvNtCs4cnvRHYBibt_6glossa7codegen16generate_closure
FNDA:0,_RNvNtCs4cnvRHYBibt_6glossa7codegen17generate_unary_op
FNDA:4,_RNvNtCs4cnvRHYBibt_6glossa7codegen17generate_variable
FNDA:2,_RNvNtCs4cnvRHYBibt_6glossa7codegen17is_self_parameter
FNDA:7,_RNvNtCs4cnvRHYBibt_6glossa7codegen18generate_rust_file
FNDA:17,_RNvNtCs4cnvRHYBibt_6glossa7codegen18generate_statement
FNDA:0,_RNvNtCs4cnvRHYBibt_6glossa7codegen18generate_trait_def
FNDA:1,_RNvNtCs4cnvRHYBibt_6glossa7codegen19generate_checked_op
FNDA:11,_RNvNtCs4cnvRHYBibt_6glossa7codegen19generate_panic_hook
FNDA:0,_RNvNtCs4cnvRHYBibt_6glossa7codegen19generate_statements
FNDA:1,_RNvNtCs4cnvRHYBibt_6glossa7codegen19generate_struct_def
FNDA:0,_RNvNtCs4cnvRHYBibt_6glossa7codegen19generate_struct_lit
FNDA:0,_RNvNtCs4cnvRHYBibt_6glossa7codegen19generate_trait_impl
FNDA:0,_RNvNtCs4cnvRHYBibt_6glossa7codegen19generate_variant_ok
FNDA:0,_RNvNtCs4cnvRHYBibt_6glossa7codegen20generate_control_try
FNDA:0,_RNvNtCs4cnvRHYBibt_6glossa7codegen20generate_method_call
FNDA:2,_RNvNtCs4cnvRHYBibt_6glossa7codegen20generate_type_tokens
FNDA:0,_RNvNtCs4cnvRHYBibt_6glossa7codegen20generate_variant_err
FNDA:0,_RNvNtCs4cnvRHYBibt_6glossa7codegen21generate_variant_none
FNDA:0,_RNvNtCs4cnvRHYBibt_6glossa7codegen21generate_variant_some
FNDA:0,_RNvNtCs4cnvRHYBibt_6glossa7codegen22generate_function_call
FNDA:0,_RNvNtCs4cnvRHYBibt_6glossa7codegen23generate_collection_new
FNDA:0,_RNvNtCs4cnvRHYBibt_6glossa7codegen23generate_control_assert
FNDA:0,_RNvNtCs4cnvRHYBibt_6glossa7codegen23generate_control_unwrap
FNDA:12,_RNvNtCs4cnvRHYBibt_6glossa7codegen23generate_literal_number
FNDA:7,_RNvNtCs4cnvRHYBibt_6glossa7codegen23generate_literal_string
FNDA:3,_RNvNtCs4cnvRHYBibt_6glossa7codegen23generate_statement_code
FNDA:0,_RNvNtCs4cnvRHYBibt_6glossa7codegen24generate_literal_boolean
FNDA:0,_RNvNtCs4cnvRHYBibt_6glossa7codegen24generate_property_access
FNDA:0,_RNvNtCs4cnvRHYBibt_6glossa7codegen25generate_collection_array
FNDA:0,_RNvNtCs4cnvRHYBibt_6glossa7codegen25generate_collection_index
FNDA:1,_RNvNtCs4cnvRHYBibt_6glossa7codegen25generate_memoized_closure
FNDA:0,_RNvNtCs4cnvRHYBibt_6glossa7codegen25generate_statement_return
FNDA:0,_RNvNtCs4cnvRHYBibt_6glossa7codegen26generate_control_assert_eq
FNDA:4,_RNvNtCs4cnvRHYBibt_6glossa7codegen26generate_statement_binding
FNDA:0,_RNvNtCs4cnvRHYBibt_6glossa7codegen26generate_trait_method_call
FNDA:1,_RNvNtCs4cnvRHYBibt_6glossa7codegen27generate_trait_method_parts
FNDA:0,_RNvNtCs4cnvRHYBibt_6glossa7codegen29generate_statement_assignment
FNDA:1,_RNvNtCs4cnvRHYBibt_6glossa7codegen29generate_statement_expression
FNDA:21,_RNvXNtCs4cnvRHYBibt_6glossa7codegenNtB2_9SanitizerNtNtCs3XFJfFEDSOQ_4core3fmt7Display3fmt
FNDA:2,_RNCNvNtNtNtCs4cnvRHYBibt_6glossa7codegen5tests14refactor_testss_32test_generate_trait_parts_manual0B9_
FNDA:1,_RNvNtNtNtCs4cnvRHYBibt_6glossa7codegen5tests14refactor_testss_30test_generate_memoized_closure
FNDA:1,_RNvNtNtNtCs4cnvRHYBibt_6glossa7codegen5tests14refactor_testss_32test_generate_checked_arithmetic
FNDA:1,_RNvNtNtNtCs4cnvRHYBibt_6glossa7codegen5tests14refactor_testss_32test_generate_trait_parts_manual
FNF:89
FNH:88
DA:110,512
DA:111,512
DA:112,512
DA:113,512
DA:114,512
DA:115,512
DA:116,512
DA:117,512
DA:119,512
DA:128,603
DA:129,603
DA:130,80
DA:132,523
DA:135,603
DA:137,603
DA:138,3
DA:139,600
DA:141,603
DA:142,603
DA:174,11
DA:176,11
DA:177,11
DA:178,11
DA:179,11
DA:180,11
DA:181,11
DA:207,265
DA:208,265
DA:209,2
DA:210,263
DA:215,263
DA:217,263
DA:219,263
DA:220,10
DA:221,253
DA:224,263
DA:226,263
DA:227,265
DA:231,866
DA:232,5873
DA:236,5873
DA:237,1440
DA:240,4433
DA:243,866
DA:244,866
DA:276,27
DA:277,27
DA:278,8
DA:279,5
DA:280,1
DA:281,1
DA:282,1
DA:283,1
DA:284,1
DA:286,4
DA:287,2
DA:288,2
DA:290,1
DA:291,2
DA:292,2
DA:293,2
DA:294,2
DA:295,2
DA:297,0
DA:298,1
DA:300,27
DA:306,76
DA:307,76
DA:308,54
DA:309,7
DA:310,2
DA:311,2
DA:312,2
DA:313,2
DA:315,1
DA:316,1
DA:317,1
DA:319,2
DA:320,2
DA:321,2
DA:322,2
DA:324,2
DA:325,2
DA:326,2
DA:328,2
DA:329,2
DA:330,2
DA:331,2
DA:333,1
DA:334,1
DA:336,1
DA:337,1
DA:338,1
DA:339,1
DA:340,1
DA:341,1
DA:342,1
DA:344,1
DA:347,1
DA:348,1
DA:350,76
DA:357,233
DA:359,233
DA:360,233
DA:361,233
DA:362,233
DA:363,233
DA:364,233
DA:366,658
DA:367,425
DA:368,14
DA:369,27
DA:371,12
DA:373,15
DA:374,8
DA:375,349
DA:383,233
DA:385,233
DA:387,233
DA:407,233
DA:408,233
DA:410,232
DA:411,232
DA:440,232
DA:443,14
DA:444,14
DA:447,14
DA:448,14
DA:451,14
DA:454,3
DA:455,3
DA:456,3
DA:458,63
DA:459,63
DA:460,63
DA:462,502
DA:463,502
DA:465,187
DA:466,187
DA:467,187
DA:468,187
DA:469,4
DA:470,158
DA:471,39
DA:473,7
DA:474,7
DA:475,7
DA:476,7
DA:477,2
DA:479,7
DA:480,7
DA:481,7
DA:482,7
DA:483,2
DA:484,1
DA:485,1
DA:486,17
DA:488,16
DA:489,16
DA:490,16
DA:491,16
DA:492,16
DA:493,27
DA:494,14
DA:496,12
DA:497,12
DA:498,12
DA:499,12
DA:500,8
DA:502,502
DA:504,187
DA:506,187
DA:507,187
DA:508,187
DA:510,4
DA:511,4
DA:512,4
DA:513,4
DA:514,4
DA:516,39
DA:517,39
DA:518,39
DA:519,39
DA:520,35
DA:521,35
DA:522,35
DA:523,39
DA:524,39
DA:525,39
DA:527,17
DA:528,17
DA:529,17
DA:530,17
DA:531,17
DA:533,0
DA:535,17
DA:537,187
DA:538,187
DA:539,187
DA:541,187
DA:542,46
DA:544,141
DA:546,187
DA:548,158
DA:549,158
DA:550,18
DA:553,140
DA:554,140
DA:555,140
DA:557,140
DA:558,140
DA:560,158
DA:562,7
DA:563,7
DA:564,7
DA:565,7
DA:566,7
DA:567,7
DA:568,7
DA:570,7
DA:571,3
DA:572,3
DA:573,3
DA:582,4
DA:589,7
DA:591,2
DA:592,2
DA:593,2
DA:594,2
DA:599,2
DA:601,7
DA:602,7
DA:603,7
DA:604,7
DA:605,7
DA:606,7
DA:607,7
DA:608,7
DA:609,7
DA:614,7
DA:616,2
DA:617,2
DA:618,2
DA:619,2
DA:620,2
DA:621,2
DA:622,2
DA:623,5
DA:625,5
DA:627,2
DA:629,3
DA:631,5
DA:632,5
DA:633,5
DA:634,2
DA:635,2
DA:640,2
DA:642,16
DA:643,16
DA:644,16
DA:645,16
DA:646,16
DA:647,16
DA:648,16
DA:649,16
DA:652,16
DA:653,16
DA:654,16
DA:655,12
DA:656,12
DA:657,4
DA:658,4
DA:660,8
DA:662,12
DA:663,16
DA:666,16
DA:667,15
DA:668,15
DA:674,1
DA:680,16
DA:682,27
DA:684,27
DA:685,27
DA:686,27
DA:687,27
DA:688,27
DA:689,27
DA:690,27
DA:694,27
DA:695,27
DA:696,27
DA:697,27
DA:698,27
DA:699,27
DA:700,27
DA:701,27
DA:703,27
DA:709,27
DA:717,28
DA:718,28
DA:720,28
DA:721,28
DA:722,28
DA:723,28
DA:724,29
DA:725,29
DA:726,28
DA:728,1
DA:729,1
DA:730,1
DA:732,29
DA:733,28
DA:735,28
DA:737,28
DA:738,28
DA:739,28
DA:740,28
DA:741,28
DA:742,28
DA:744,14
DA:746,14
DA:747,14
DA:748,14
DA:749,14
DA:750,14
DA:751,14
DA:752,14
DA:756,14
DA:757,14
DA:758,15
DA:759,15
DA:760,15
DA:761,15
DA:763,15
DA:764,2
DA:765,2
DA:766,2
DA:772,0
DA:776,13
DA:777,1
DA:778,1
DA:784,12
DA:788,15
DA:789,14
DA:791,14
DA:796,14
DA:798,12
DA:799,12
DA:800,12
DA:801,12
DA:802,12
DA:804,12
DA:805,12
DA:806,12
DA:807,12
DA:808,12
DA:809,12
DA:810,12
DA:812,12
DA:813,12
DA:814,12
DA:815,12
DA:816,12
DA:817,12
DA:818,12
DA:822,12
DA:823,12
DA:824,12
DA:825,12
DA:826,12
DA:827,12
DA:830,12
DA:831,12
DA:833,0
DA:836,12
DA:837,1
DA:843,11
DA:849,12
DA:850,12
DA:852,12
DA:857,12
DA:859,8
DA:862,8
DA:863,125
DA:864,125
DA:865,114
DA:866,114
DA:867,114
DA:868,11
DA:869,11
DA:870,11
DA:873,8
DA:876,8
DA:878,8
DA:884,8
DA:886,997
DA:887,997
DA:888,76
DA:890,376
DA:892,12
DA:894,46
DA:896,24
DA:898,3
DA:900,12
DA:902,11
DA:904,11
DA:906,7
DA:908,6
DA:910,170
DA:912,3
DA:913,3
DA:917,97
DA:918,97
DA:919,97
DA:920,97
DA:923,0
DA:924,0
DA:925,0
DA:927,0
DA:929,0
DA:930,2
DA:932,72
DA:934,5
DA:937,4
DA:938,4
DA:939,4
DA:940,4
DA:943,12
DA:944,12
DA:945,12
DA:946,12
DA:949,32
DA:950,32
DA:951,32
DA:952,32
DA:954,9
DA:955,9
DA:958,2
DA:960,5
DA:962,997
DA:964,75
DA:965,75
DA:966,75
DA:969,75
DA:971,75
DA:972,56
DA:974,7
DA:975,7
DA:976,7
DA:977,7
DA:978,7
DA:982,1
DA:983,1
DA:984,1
DA:985,1
DA:986,1
DA:990,6
DA:991,6
DA:992,6
DA:993,6
DA:994,6
DA:998,2
DA:999,2
DA:1000,2
DA:1001,2
DA:1002,2
DA:1006,1
DA:1007,1
DA:1008,1
DA:1009,1
DA:1010,1
DA:1013,39
DA:1015,19
DA:1017,58
DA:1018,1
DA:1019,1
DA:1020,1
DA:1021,1
DA:1022,1
DA:1023,6
DA:1024,2
DA:1025,5
DA:1026,1
DA:1027,34
DA:1028,1
DA:1029,3
DA:1030,1
DA:1032,75
DA:1034,17
DA:1035,17
DA:1036,17
DA:1037,17
DA:1038,17
DA:1039,17
DA:1040,17
DA:1041,17
DA:1042,17
DA:1044,12
DA:1045,12
DA:1046,12
DA:1047,12
DA:1048,12
DA:1050,12
DA:1051,12
DA:1052,12
DA:1053,12
DA:1054,12
DA:1055,12
DA:1056,12
DA:1060,12
DA:1061,12
DA:1062,12
DA:1063,16
DA:1064,16
DA:1065,16
DA:1066,16
DA:1067,16
DA:1068,12
DA:1070,12
DA:1071,12
DA:1073,2
DA:1074,2
DA:1075,2
DA:1076,2
DA:1077,2
DA:1080,2
DA:1081,1
DA:1082,1
DA:1085,1
DA:1098,1
DA:1100,33
DA:1101,33
DA:1102,33
DA:1103,33
DA:1104,33
DA:1105,33
DA:1106,36
DA:1108,33
DA:1110,0
DA:1113,31
DA:1115,2
DA:1117,33
DA:1120,29
DA:1121,29
DA:1122,1
DA:1123,28
DA:1124,28
DA:1126,28
DA:1127,0
DA:1128,0
DA:1129,0
DA:1130,29
DA:1133,97
DA:1134,94
DA:1135,97
DA:1136,97
DA:1137,94
DA:1138,91
DA:1139,88
DA:1140,88
DA:1141,87
DA:1142,87
DA:1143,87
DA:1144,87
DA:1145,87
DA:1146,87
DA:1147,79
DA:1148,76
DA:1149,74
DA:1150,74
DA:1151,74
DA:1152,45
DA:1153,40
DA:1154,32
DA:1155,21
DA:1156,14
DA:1157,13
DA:1158,9
DA:1159,3
DA:1160,3
DA:1161,3
DA:1162,3
DA:1164,97
DA:1167,94
DA:1168,0
DA:1169,94
DA:1181,94
DA:1187,76
DA:1188,76
DA:1189,76
DA:1191,376
DA:1192,376
DA:1193,376
DA:1195,12
DA:1196,12
DA:1197,12
DA:1199,170
DA:1200,170
DA:1201,170
DA:1202,170
DA:1204,3
DA:1205,3
DA:1206,3
DA:1207,3
DA:1208,3
DA:1210,5
DA:1211,5
DA:1213,0
DA:1214,0
DA:1217,2
DA:1218,2
DA:1219,1
DA:1221,1
DA:1225,3
DA:1226,3
DA:1229,5
DA:1231,4
DA:1232,4
DA:1233,4
DA:1234,4
DA:1235,1
DA:1237,3
DA:1239,4
DA:1245,46
DA:1246,46
DA:1247,46
DA:1248,46
DA:1250,9
DA:1252,9
DA:1253,9
DA:1254,9
DA:1256,6
DA:1257,6
DA:1258,6
DA:1260,6
DA:1270,6
DA:1272,97
DA:1273,97
DA:1274,97
DA:1275,97
DA:1276,97
DA:1277,97
DA:1280,97
DA:1282,94
DA:1285,3
DA:1288,97
DA:1289,97
DA:1290,97
DA:1292,0
DA:1293,0
DA:1294,0
DA:1295,0
DA:1296,0
DA:1298,0
DA:1299,0
DA:1300,0
DA:1301,0
DA:1302,0
DA:1304,2
DA:1305,2
DA:1306,2
DA:1307,2
DA:1308,2
DA:1314,24
DA:1315,24
DA:1316,24
DA:1317,24
DA:1319,3
DA:1320,3
DA:1321,3
DA:1323,12
DA:1324,12
DA:1325,12
DA:1326,12
DA:1328,11
DA:1329,11
DA:1330,11
DA:1331,11
DA:1333,11
DA:1334,11
DA:1335,11
DA:1336,11
DA:1338,7
DA:1339,7
DA:1340,7
DA:1341,7
DA:1343,2
DA:1344,2
DA:1345,2
DA:1346,2
DA:1348,5
DA:1349,5
DA:1350,5
DA:1351,5
DA:1352,5
DA:1364,1
DA:1365,1
DA:1366,1
DA:1367,1
DA:1368,1
DA:1371,1
DA:1377,1
DA:1378,1
DA:1381,1
DA:1382,1
DA:1383,1
DA:1386,1
DA:1389,1
DA:1391,1
DA:1392,1
DA:1394,1
DA:1395,1
DA:1397,1
DA:1399,0
DA:1401,1
DA:1402,1
DA:1403,1
DA:1406,1
DA:1411,1
DA:1412,1
DA:1413,1
DA:1414,1
DA:1417,1
DA:1420,1
DA:1421,1
DA:1425,1
DA:1426,1
DA:1427,1
DA:1430,1
DA:1432,1
DA:1433,1
DA:1437,1
DA:1440,1
DA:1443,1
DA:1444,1
DA:1449,1
DA:1450,1
DA:1451,1
DA:1452,1
DA:1453,1
DA:1454,1
DA:1455,1
DA:1458,1
DA:1459,1
DA:1460,1
DA:1463,1
DA:1464,1
DA:1467,1
DA:1468,1
DA:1469,1
DA:1470,1
DA:1471,1
DA:1474,1
DA:1475,1
DA:1478,1
DA:1479,1
DA:1480,1
DA:1481,1
DA:1482,1
DA:1485,1
DA:1488,1
DA:1490,1
DA:1491,1
DA:1492,1
DA:1493,1
DA:1494,1
DA:1497,1
DA:1498,1
DA:1501,1
DA:1505,4
DA:1506,4
DA:1507,4
DA:1508,4
DA:1509,4
DA:1512,1
DA:1513,1
DA:1515,1
DA:1516,1
DA:1517,1
DA:1520,1
DA:1521,1
DA:1523,1
DA:1524,1
DA:1525,1
DA:1528,1
DA:1529,1
DA:1530,1
DA:1531,1
DA:1532,1
DA:1535,1
DA:1536,1
DA:1538,1
DA:1539,1
DA:1540,0
DA:1543,1
DA:1544,1
DA:1547,1
DA:1548,1
DA:1549,1
DA:1550,1
DA:1551,1
DA:1552,1
DA:1553,1
DA:1554,1
DA:1557,1
DA:1559,1
DA:1560,1
DA:1561,1
DA:1562,1
DA:1563,1
DA:1564,1
DA:1565,1
DA:1566,1
DA:1569,1
DA:1570,1
DA:1571,1
DA:1572,1
DA:1575,1
DA:1576,1
DA:1577,1
DA:1578,1
DA:1579,1
DA:1587,1
DA:1589,1
DA:1590,1
DA:1591,1
DA:1592,1
DA:1594,1
DA:1595,1
DA:1596,1
DA:1599,1
DA:1600,1
DA:1601,1
DA:1602,1
DA:1603,1
DA:1604,1
DA:1607,1
DA:1609,1
DA:1610,1
DA:1611,1
DA:1612,1
DA:1613,1
DA:1614,1
DA:1615,1
DA:1616,1
DA:1617,1
DA:1619,1
DA:1621,1
DA:1624,2
DA:1625,1
DA:1626,1
DA:1627,1
DA:1628,1
DA:1631,1
DA:1632,1
DA:1633,1
DA:1636,1
DA:1637,1
DA:1638,1
DA:1639,1
DA:1640,1
DA:1641,1
DA:1642,1
DA:1643,1
DA:1644,1
DA:1646,1
DA:1647,1
DA:1648,1
DA:1650,1
DA:1651,1
DA:1652,1
BRF:0
BRH:0
LF:882
LH:851
end_of_record
SF:/app/src/errors/mod.rs
FN:143,_RINvMNtCsluBEq34Hdgp_6glossa6errorsNtB3_11GlossaError17parse_with_sourceppEB5_
FN:175,_RINvMNtCsluBEq34Hdgp_6glossa6errorsNtB3_11GlossaError7codegenpEB5_
FN:168,_RINvMNtCsluBEq34Hdgp_6glossa6errorsNtB3_11GlossaError9agreementpEB5_
FN:134,_RINvMNtCsluBEq34Hdgp_6glossa6errorsNtB3_11GlossaError5parseNtNtCsgag4BwXrjBQ_5alloc6string6StringEB5_
FN:156,_RINvMNtCsluBEq34Hdgp_6glossa6errorsNtB3_11GlossaError8semanticNtNtCsgag4BwXrjBQ_5alloc6string6StringEB5_
FN:156,_RINvMNtCsluBEq34Hdgp_6glossa6errorsNtB3_11GlossaError8semanticReEB5_
FN:163,_RINvMNtCsluBEq34Hdgp_6glossa6errorsNtB3_11GlossaError9undefinedNtNtCsgag4BwXrjBQ_5alloc6string6StringEB5_
FN:182,_RNvMNtCsluBEq34Hdgp_6glossa6errorsNtB2_11GlossaError14category_greek
FN:143,_RINvMNtCs4cnvRHYBibt_6glossa6errorsNtB3_11GlossaError17parse_with_sourceppEB5_
FN:175,_RINvMNtCs4cnvRHYBibt_6glossa6errorsNtB3_11GlossaError7codegenpEB5_
FN:168,_RINvMNtCs4cnvRHYBibt_6glossa6errorsNtB3_11GlossaError9agreementpEB5_
FN:229,_RNvNtNtCs4cnvRHYBibt_6glossa6errors5testss_16test_parse_error
FN:242,_RNvNtNtCs4cnvRHYBibt_6glossa6errors5testss_19test_category_greek
FN:235,_RNvNtNtCs4cnvRHYBibt_6glossa6errors5testss_20test_undefined_error
FN:182,_RNvMNtCs4cnvRHYBibt_6glossa6errorsNtB2_11GlossaError14category_greek
FN:134,_RINvMNtCs4cnvRHYBibt_6glossa6errorsNtB3_11GlossaError5parseNtNtCsgag4BwXrjBQ_5alloc6string6StringEB5_
FN:134,_RINvMNtCs4cnvRHYBibt_6glossa6errorsNtB3_11GlossaError5parseReEB5_
FN:156,_RINvMNtCs4cnvRHYBibt_6glossa6errorsNtB3_11GlossaError8semanticNtNtCsgag4BwXrjBQ_5alloc6string6StringEB5_
FN:156,_RINvMNtCs4cnvRHYBibt_6glossa6errorsNtB3_11GlossaError8semanticReEB5_
FN:163,_RINvMNtCs4cnvRHYBibt_6glossa6errorsNtB3_11GlossaError9undefinedNtNtCsgag4BwXrjBQ_5alloc6string6StringEB5_
FN:163,_RINvMNtCs4cnvRHYBibt_6glossa6errorsNtB3_11GlossaError9undefinedReEB5_
FN:134,_RINvMNtCsluBEq34Hdgp_6glossa6errorsNtB3_11GlossaError5parseReECs1R9NhYCXWHW_14razor_coverage
FN:175,_RINvMNtCsluBEq34Hdgp_6glossa6errorsNtB3_11GlossaError7codegenReECs1R9NhYCXWHW_14razor_coverage
FN:168,_RINvMNtCsluBEq34Hdgp_6glossa6errorsNtB3_11GlossaError9agreementReECs1R9NhYCXWHW_14razor_coverage
FN:163,_RINvMNtCsluBEq34Hdgp_6glossa6errorsNtB3_11GlossaError9undefinedReECs1R9NhYCXWHW_14razor_coverage
FNDA:0,_RINvMNtCsluBEq34Hdgp_6glossa6errorsNtB3_11GlossaError17parse_with_sourceppEB5_
FNDA:0,_RINvMNtCsluBEq34Hdgp_6glossa6errorsNtB3_11GlossaError7codegenpEB5_
FNDA:0,_RINvMNtCsluBEq34Hdgp_6glossa6errorsNtB3_11GlossaError9agreementpEB5_
FNDA:1785,_RINvMNtCsluBEq34Hdgp_6glossa6errorsNtB3_11GlossaError5parseNtNtCsgag4BwXrjBQ_5alloc6string6StringEB5_
FNDA:11,_RINvMNtCsluBEq34Hdgp_6glossa6errorsNtB3_11GlossaError8semanticNtNtCsgag4BwXrjBQ_5alloc6string6StringEB5_
FNDA:187,_RINvMNtCsluBEq34Hdgp_6glossa6errorsNtB3_11GlossaError8semanticReEB5_
FNDA:1,_RINvMNtCsluBEq34Hdgp_6glossa6errorsNtB3_11GlossaError9undefinedNtNtCsgag4BwXrjBQ_5alloc6string6StringEB5_
FNDA:7,_RNvMNtCsluBEq34Hdgp_6glossa6errorsNtB2_11GlossaError14category_greek
FNDA:0,_RINvMNtCs4cnvRHYBibt_6glossa6errorsNtB3_11GlossaError17parse_with_sourceppEB5_
FNDA:0,_RINvMNtCs4cnvRHYBibt_6glossa6errorsNtB3_11GlossaError7codegenpEB5_
FNDA:0,_RINvMNtCs4cnvRHYBibt_6glossa6errorsNtB3_11GlossaError9agreementpEB5_
FNDA:1,_RNvNtNtCs4cnvRHYBibt_6glossa6errors5testss_16test_parse_error
FNDA:1,_RNvNtNtCs4cnvRHYBibt_6glossa6errors5testss_19test_category_greek
FNDA:1,_RNvNtNtCs4cnvRHYBibt_6glossa6errors5testss_20test_undefined_error
FNDA:1,_RNvMNtCs4cnvRHYBibt_6glossa6errorsNtB2_11GlossaError14category_greek
FNDA:5,_RINvMNtCs4cnvRHYBibt_6glossa6errorsNtB3_11GlossaError5parseNtNtCsgag4BwXrjBQ_5alloc6string6StringEB5_
FNDA:1,_RINvMNtCs4cnvRHYBibt_6glossa6errorsNtB3_11GlossaError5parseReEB5_
FNDA:6,_RINvMNtCs4cnvRHYBibt_6glossa6errorsNtB3_11GlossaError8semanticNtNtCsgag4BwXrjBQ_5alloc6string6StringEB5_
FNDA:47,_RINvMNtCs4cnvRHYBibt_6glossa6errorsNtB3_11GlossaError8semanticReEB5_
FNDA:0,_RINvMNtCs4cnvRHYBibt_6glossa6errorsNtB3_11GlossaError9undefinedNtNtCsgag4BwXrjBQ_5alloc6string6StringEB5_
FNDA:1,_RINvMNtCs4cnvRHYBibt_6glossa6errorsNtB3_11GlossaError9undefinedReEB5_
FNDA:1,_RINvMNtCsluBEq34Hdgp_6glossa6errorsNtB3_11GlossaError5parseReECs1R9NhYCXWHW_14razor_coverage
FNDA:1,_RINvMNtCsluBEq34Hdgp_6glossa6errorsNtB3_11GlossaError7codegenReECs1R9NhYCXWHW_14razor_coverage
FNDA:1,_RINvMNtCsluBEq34Hdgp_6glossa6errorsNtB3_11GlossaError9agreementReECs1R9NhYCXWHW_14razor_coverage
FNDA:1,_RINvMNtCsluBEq34Hdgp_6glossa6errorsNtB3_11GlossaError9undefinedReECs1R9NhYCXWHW_14razor_coverage
FNF:10
FNH:9
DA:134,1792
DA:135,1792
DA:136,1792
DA:137,1792
DA:138,1792
DA:139,1792
DA:140,1792
DA:143,0
DA:144,0
DA:145,0
DA:146,0
DA:147,0
DA:148,0
DA:149,0
DA:150,0
DA:151,0
DA:152,0
DA:153,0
DA:156,251
DA:157,251
DA:158,251
DA:159,251
DA:160,251
DA:163,3
DA:164,3
DA:165,3
DA:168,1
DA:169,1
DA:170,1
DA:171,1
DA:172,1
DA:175,1
DA:176,1
DA:177,1
DA:178,1
DA:179,1
DA:182,8
DA:183,8
DA:184,1
DA:185,2
DA:186,1
DA:187,1
DA:188,1
DA:189,1
DA:190,1
DA:192,8
DA:229,1
DA:230,1
DA:231,1
DA:232,1
DA:235,1
DA:236,1
DA:237,1
DA:238,1
DA:239,1
DA:242,1
DA:243,1
DA:244,1
DA:245,1
BRF:0
BRH:0
LF:59
LH:48
end_of_record
SF:/app/src/main.rs
FN:13,_RNvCs3zEMbssav1o_6glossa4main
FN:13,_RNvCsaiTyBLPZn7k_6glossa4main
FN:84,_RNvNtCsaiTyBLPZn7k_6glossa5testss_13test_cli_help
FNDA:0,_RNvCs3zEMbssav1o_6glossa4main
FNDA:0,_RNvCsaiTyBLPZn7k_6glossa4main
FNDA:1,_RNvNtCsaiTyBLPZn7k_6glossa5testss_13test_cli_help
FNF:2
FNH:1
DA:13,0
DA:14,0
DA:17,0
DA:18,0
DA:19,0
DA:21,0
DA:22,0
DA:23,0
DA:28,0
DA:31,0
DA:32,0
DA:35,0
DA:36,0
DA:39,0
DA:40,0
DA:43,0
DA:44,0
DA:47,0
DA:48,0
DA:51,0
DA:52,0
DA:56,0
DA:57,0
DA:61,0
DA:62,0
DA:66,0
DA:67,0
DA:71,0
DA:75,0
DA:76,0
DA:84,1
DA:86,1
DA:87,1
DA:88,1
BRF:0
BRH:0
LF:34
LH:4
end_of_record
SF:/app/src/morphology/conjugation.rs
FN:458,_RINvNtNtCsluBEq34Hdgp_6glossa10morphology11conjugation22match_verb_endings_allNCNvB2_21analyze_verb_all_into0EB6_
FN:466,_RNCINvNtNtCsluBEq34Hdgp_6glossa10morphology11conjugation22match_verb_endings_allNCNvB4_21analyze_verb_all_into0Es_0B8_
FN:445,_RNCNvNtNtCsluBEq34Hdgp_6glossa10morphology11conjugation18match_verb_endingss_0B7_
FN:511,_RNCNvNtNtCsluBEq34Hdgp_6glossa10morphology11conjugation21analyze_verb_all_into0B7_
FN:587,_RNCNvNtNtCsluBEq34Hdgp_6glossa10morphology11conjugation21analyze_verb_all_intos_0B7_
FN:681,_RNvNtNtCsluBEq34Hdgp_6glossa10morphology11conjugation10infinitive
FN:332,_RNvNtNtCsluBEq34Hdgp_6glossa10morphology11conjugation12analyze_verb
FN:152,_RNvNtNtCsluBEq34Hdgp_6glossa10morphology11conjugation13strip_augment
FN:479,_RNvNtNtCsluBEq34Hdgp_6glossa10morphology11conjugation16analyze_verb_all
FN:436,_RNvNtNtCsluBEq34Hdgp_6glossa10morphology11conjugation18match_verb_endings
FN:488,_RNvNtNtCsluBEq34Hdgp_6glossa10morphology11conjugation21analyze_verb_all_into
FN:638,_RNvNtNtCsluBEq34Hdgp_6glossa10morphology11conjugation9conjugate
FN:458,_RINvNtNtCs4cnvRHYBibt_6glossa10morphology11conjugation22match_verb_endings_allNCNvB2_21analyze_verb_all_into0EB6_
FN:466,_RNCINvNtNtCs4cnvRHYBibt_6glossa10morphology11conjugation22match_verb_endings_allNCNvB4_21analyze_verb_all_into0Es_0B8_
FN:445,_RNCNvNtNtCs4cnvRHYBibt_6glossa10morphology11conjugation18match_verb_endingss_0B7_
FN:511,_RNCNvNtNtCs4cnvRHYBibt_6glossa10morphology11conjugation21analyze_verb_all_into0B7_
FN:587,_RNCNvNtNtCs4cnvRHYBibt_6glossa10morphology11conjugation21analyze_verb_all_intos_0B7_
FN:681,_RNvNtNtCs4cnvRHYBibt_6glossa10morphology11conjugation10infinitive
FN:332,_RNvNtNtCs4cnvRHYBibt_6glossa10morphology11conjugation12analyze_verb
FN:152,_RNvNtNtCs4cnvRHYBibt_6glossa10morphology11conjugation13strip_augment
FN:479,_RNvNtNtCs4cnvRHYBibt_6glossa10morphology11conjugation16analyze_verb_all
FN:436,_RNvNtNtCs4cnvRHYBibt_6glossa10morphology11conjugation18match_verb_endings
FN:488,_RNvNtNtCs4cnvRHYBibt_6glossa10morphology11conjugation21analyze_verb_all_into
FN:638,_RNvNtNtCs4cnvRHYBibt_6glossa10morphology11conjugation9conjugate
FN:876,_RNCNvNtNtNtCs4cnvRHYBibt_6glossa10morphology11conjugation5testss_35test_analyze_verb_all_discrepancies0B9_
FN:901,_RNCNvNtNtNtCs4cnvRHYBibt_6glossa10morphology11conjugation5testss_35test_analyze_verb_all_discrepanciess0_0B9_
FN:895,_RNCNvNtNtNtCs4cnvRHYBibt_6glossa10morphology11conjugation5testss_35test_analyze_verb_all_discrepanciess_0B9_
FN:777,_RNvNtNtNtCs4cnvRHYBibt_6glossa10morphology11conjugation5testss_14test_conjugate
FN:760,_RNvNtNtNtCs4cnvRHYBibt_6glossa10morphology11conjugation5testss_15test_infinitive
FN:716,_RNvNtNtNtCs4cnvRHYBibt_6glossa10morphology11conjugation5testss_18test_aorist_active
FN:803,_RNvNtNtNtCs4cnvRHYBibt_6glossa10morphology11conjugation5testss_20test_infinitive_form
FN:834,_RNvNtNtNtCs4cnvRHYBibt_6glossa10morphology11conjugation5testss_21test_constants_sorted
FN:767,_RNvNtNtNtCs4cnvRHYBibt_6glossa10morphology11conjugation5testss_21test_eimi_subjunctive
FN:726,_RNvNtNtNtCs4cnvRHYBibt_6glossa10morphology11conjugation5testss_22test_augment_stripping
FN:739,_RNvNtNtNtCs4cnvRHYBibt_6glossa10morphology11conjugation5testss_27test_strip_augment_function
FN:707,_RNvNtNtNtCs4cnvRHYBibt_6glossa10morphology11conjugation5testss_30test_present_active_imperative
FN:694,_RNvNtNtNtCs4cnvRHYBibt_6glossa10morphology11conjugation5testss_30test_present_active_indicative
FN:809,_RNvNtNtNtCs4cnvRHYBibt_6glossa10morphology11conjugation5testss_32test_analyze_verb_coverage_forms
FN:870,_RNvNtNtNtCs4cnvRHYBibt_6glossa10morphology11conjugation5testss_35test_analyze_verb_all_discrepancies
FNDA:38424,_RINvNtNtCsluBEq34Hdgp_6glossa10morphology11conjugation22match_verb_endings_allNCNvB2_21analyze_verb_all_into0EB6_
FNDA:852,_RNCINvNtNtCsluBEq34Hdgp_6glossa10morphology11conjugation22match_verb_endings_allNCNvB4_21analyze_verb_all_into0Es_0B8_
FNDA:2,_RNCNvNtNtCsluBEq34Hdgp_6glossa10morphology11conjugation18match_verb_endingss_0B7_
FNDA:852,_RNCNvNtNtCsluBEq34Hdgp_6glossa10morphology11conjugation21analyze_verb_all_into0B7_
FNDA:189,_RNCNvNtNtCsluBEq34Hdgp_6glossa10morphology11conjugation21analyze_verb_all_intos_0B7_
FNDA:0,_RNvNtNtCsluBEq34Hdgp_6glossa10morphology11conjugation10infinitive
FNDA:259,_RNvNtNtCsluBEq34Hdgp_6glossa10morphology11conjugation12analyze_verb
FNDA:0,_RNvNtNtCsluBEq34Hdgp_6glossa10morphology11conjugation13strip_augment
FNDA:0,_RNvNtNtCsluBEq34Hdgp_6glossa10morphology11conjugation16analyze_verb_all
FNDA:2067,_RNvNtNtCsluBEq34Hdgp_6glossa10morphology11conjugation18match_verb_endings
FNDA:4803,_RNvNtNtCsluBEq34Hdgp_6glossa10morphology11conjugation21analyze_verb_all_into
FNDA:0,_RNvNtNtCsluBEq34Hdgp_6glossa10morphology11conjugation9conjugate
FNDA:33592,_RINvNtNtCs4cnvRHYBibt_6glossa10morphology11conjugation22match_verb_endings_allNCNvB2_21analyze_verb_all_into0EB6_
FNDA:4135,_RNCINvNtNtCs4cnvRHYBibt_6glossa10morphology11conjugation22match_verb_endings_allNCNvB4_21analyze_verb_all_into0Es_0B8_
FNDA:9,_RNCNvNtNtCs4cnvRHYBibt_6glossa10morphology11conjugation18match_verb_endingss_0B7_
FNDA:4135,_RNCNvNtNtCs4cnvRHYBibt_6glossa10morphology11conjugation21analyze_verb_all_into0B7_
FNDA:1362,_RNCNvNtNtCs4cnvRHYBibt_6glossa10morphology11conjugation21analyze_verb_all_intos_0B7_
FNDA:2,_RNvNtNtCs4cnvRHYBibt_6glossa10morphology11conjugation10infinitive
FNDA:12,_RNvNtNtCs4cnvRHYBibt_6glossa10morphology11conjugation12analyze_verb
FNDA:14,_RNvNtNtCs4cnvRHYBibt_6glossa10morphology11conjugation13strip_augment
FNDA:2,_RNvNtNtCs4cnvRHYBibt_6glossa10morphology11conjugation16analyze_verb_all
FNDA:48,_RNvNtNtCs4cnvRHYBibt_6glossa10morphology11conjugation18match_verb_endings
FNDA:4199,_RNvNtNtCs4cnvRHYBibt_6glossa10morphology11conjugation21analyze_verb_all_into
FNDA:2,_RNvNtNtCs4cnvRHYBibt_6glossa10morphology11conjugation9conjugate
FNDA:2,_RNCNvNtNtNtCs4cnvRHYBibt_6glossa10morphology11conjugation5testss_35test_analyze_verb_all_discrepancies0B9_
FNDA:1,_RNCNvNtNtNtCs4cnvRHYBibt_6glossa10morphology11conjugation5testss_35test_analyze_verb_all_discrepanciess0_0B9_
FNDA:1,_RNCNvNtNtNtCs4cnvRHYBibt_6glossa10morphology11conjugation5testss_35test_analyze_verb_all_discrepanciess_0B9_
FNDA:1,_RNvNtNtNtCs4cnvRHYBibt_6glossa10morphology11conjugation5testss_14test_conjugate
FNDA:1,_RNvNtNtNtCs4cnvRHYBibt_6glossa10morphology11conjugation5testss_15test_infinitive
FNDA:1,_RNvNtNtNtCs4cnvRHYBibt_6glossa10morphology11conjugation5testss_18test_aorist_active
FNDA:1,_RNvNtNtNtCs4cnvRHYBibt_6glossa10morphology11conjugation5testss_20test_infinitive_form
FNDA:1,_RNvNtNtNtCs4cnvRHYBibt_6glossa10morphology11conjugation5testss_21test_constants_sorted
FNDA:1,_RNvNtNtNtCs4cnvRHYBibt_6glossa10morphology11conjugation5testss_21test_eimi_subjunctive
FNDA:1,_RNvNtNtNtCs4cnvRHYBibt_6glossa10morphology11conjugation5testss_22test_augment_stripping
FNDA:1,_RNvNtNtNtCs4cnvRHYBibt_6glossa10morphology11conjugation5testss_27test_strip_augment_function
FNDA:1,_RNvNtNtNtCs4cnvRHYBibt_6glossa10morphology11conjugation5testss_30test_present_active_imperative
FNDA:1,_RNvNtNtNtCs4cnvRHYBibt_6glossa10morphology11conjugation5testss_30test_present_active_indicative
FNDA:1,_RNvNtNtNtCs4cnvRHYBibt_6glossa10morphology11conjugation5testss_32test_analyze_verb_coverage_forms
FNDA:1,_RNvNtNtNtCs4cnvRHYBibt_6glossa10morphology11conjugation5testss_35test_analyze_verb_all_discrepancies
FNF:27
FNH:27
DA:152,14
DA:154,65
DA:155,53
DA:156,2
DA:157,2
DA:158,51
DA:162,53
DA:163,43
DA:164,2
DA:165,41
DA:170,10
DA:173,6
DA:174,6
DA:175,0
DA:176,4
DA:180,4
DA:183,1
DA:184,1
DA:185,0
DA:186,3
DA:189,3
DA:190,1
DA:192,1
DA:193,2
DA:200,2
DA:201,14
DA:332,271
DA:333,271
DA:334,271
DA:338,2163
DA:339,1893
DA:340,1
DA:341,1
DA:342,1
DA:343,1
DA:344,1
DA:345,1
DA:346,1
DA:347,1
DA:348,1
DA:349,1
DA:350,1
DA:351,1
DA:352,1892
DA:356,2374
DA:357,2115
DA:358,11
DA:361,6
DA:362,1
DA:364,5
DA:368,3
DA:369,3
DA:374,2
DA:375,2
DA:379,11
DA:380,11
DA:381,11
DA:382,11
DA:383,11
DA:384,11
DA:385,11
DA:386,11
DA:387,11
DA:388,11
DA:389,11
DA:390,11
DA:391,2104
DA:395,259
DA:396,1
DA:398,1
DA:399,1
DA:400,1
DA:401,1
DA:402,1
DA:403,1
DA:404,1
DA:405,1
DA:406,1
DA:407,1
DA:408,1
DA:409,1
DA:410,258
DA:413,258
DA:414,1
DA:416,1
DA:417,1
DA:418,1
DA:419,1
DA:420,1
DA:421,1
DA:422,1
DA:423,1
DA:424,1
DA:425,1
DA:426,1
DA:427,1
DA:428,257
DA:430,257
DA:431,271
DA:436,2115
DA:437,2115
DA:438,2115
DA:439,2115
DA:440,2115
DA:441,2115
DA:442,2115
DA:443,2115
DA:445,11
DA:446,11
DA:447,11
DA:448,11
DA:450,0
DA:452,11
DA:454,2115
DA:455,2115
DA:458,72016
DA:459,72016
DA:460,72016
DA:462,72016
DA:463,72016
DA:464,72016
DA:466,4987
DA:467,4987
DA:468,4987
DA:469,4987
DA:471,72016
DA:479,2
DA:480,2
DA:481,2
DA:482,2
DA:483,2
DA:488,9002
DA:489,9002
DA:493,72016
DA:494,63014
DA:495,15
DA:496,15
DA:497,15
DA:498,15
DA:499,15
DA:500,15
DA:501,15
DA:502,15
DA:503,15
DA:504,15
DA:505,15
DA:506,15
DA:507,62999
DA:510,81018
DA:511,72016
DA:513,4987
DA:514,4982
DA:515,2
DA:517,3
DA:522,4987
DA:523,4987
DA:524,4987
DA:527,4987
DA:528,4982
DA:529,3096
DA:531,3096
DA:533,1891
DA:536,4987
DA:537,4987
DA:538,4987
DA:539,4987
DA:540,4987
DA:541,4987
DA:542,4987
DA:543,4987
DA:544,4987
DA:545,4987
DA:546,4987
DA:547,4987
DA:548,4987
DA:552,9002
DA:553,2
DA:554,2
DA:555,2
DA:556,2
DA:557,2
DA:558,2
DA:559,2
DA:560,2
DA:561,2
DA:562,2
DA:563,2
DA:564,2
DA:565,2
DA:566,2
DA:567,9000
DA:569,9002
DA:570,1
DA:571,1
DA:572,1
DA:573,1
DA:574,1
DA:575,1
DA:576,1
DA:577,1
DA:578,1
DA:579,1
DA:580,1
DA:581,1
DA:582,1
DA:583,1
DA:584,9001
DA:587,9002
DA:588,1551
DA:589,1551
DA:590,1551
DA:591,1551
DA:594,9002
DA:595,9002
DA:596,1551
DA:597,1551
DA:598,1551
DA:599,1551
DA:600,1551
DA:601,1551
DA:602,1548
DA:603,0
DA:604,0
DA:605,0
DA:608,1551
DA:609,1551
DA:610,0
DA:611,1551
DA:612,1551
DA:613,0
DA:615,1551
DA:616,7451
DA:617,9002
DA:638,2
DA:639,2
DA:640,2
DA:641,2
DA:642,2
DA:643,2
DA:644,2
DA:645,2
DA:646,2
DA:647,1
DA:648,1
DA:649,0
DA:650,0
DA:651,0
DA:654,11
DA:655,11
DA:656,2
DA:657,9
DA:660,0
DA:661,2
DA:681,2
DA:682,2
DA:683,1
DA:684,1
DA:685,0
DA:687,2
DA:694,1
DA:695,1
DA:696,1
DA:697,1
DA:698,1
DA:699,1
DA:701,1
DA:702,1
DA:703,1
DA:704,1
DA:707,1
DA:708,1
DA:709,1
DA:710,1
DA:711,1
DA:712,1
DA:713,1
DA:716,1
DA:717,1
DA:718,1
DA:719,1
DA:720,1
DA:722,1
DA:723,1
DA:726,1
DA:729,1
DA:730,1
DA:731,1
DA:734,1
DA:735,1
DA:736,1
DA:739,1
DA:740,1
DA:741,1
DA:742,1
DA:743,1
DA:746,1
DA:747,1
DA:750,1
DA:751,1
DA:756,1
DA:757,1
DA:760,1
DA:761,1
DA:762,1
DA:763,1
DA:764,1
DA:767,1
DA:769,1
DA:770,1
DA:771,1
DA:772,1
DA:773,1
DA:774,1
DA:777,1
DA:778,1
DA:779,1
DA:780,1
DA:781,1
DA:782,1
DA:783,1
DA:784,1
DA:785,1
DA:789,1
DA:790,1
DA:791,1
DA:792,1
DA:793,1
DA:794,1
DA:795,1
DA:796,1
DA:800,1
DA:803,1
DA:804,1
DA:805,1
DA:806,1
DA:809,1
DA:811,1
DA:812,1
DA:813,1
DA:814,1
DA:817,1
DA:818,1
DA:819,1
DA:822,1
DA:823,1
DA:824,1
DA:827,1
DA:828,1
DA:829,1
DA:830,1
DA:831,1
DA:834,1
DA:837,1
DA:838,1
DA:839,1
DA:840,1
DA:841,1
DA:842,1
DA:843,1
DA:844,1
DA:845,1
DA:848,9
DA:849,40
DA:850,40
DA:851,40
DA:852,40
DA:853,40
DA:854,40
DA:855,40
DA:856,0
DA:861,0
DA:867,1
DA:870,1
DA:872,1
DA:873,1
DA:874,1
DA:875,1
DA:876,2
DA:877,1
DA:878,1
DA:879,0
DA:881,1
DA:882,1
DA:884,0
DA:886,0
DA:890,1
DA:891,1
DA:892,1
DA:895,1
DA:896,0
DA:897,0
DA:898,0
DA:899,1
DA:901,1
DA:902,1
DA:903,1
BRF:0
BRH:0
LF:401
LH:378
end_of_record
SF:/app/src/morphology/declension.rs
FN:168,_RNvNtNtCsluBEq34Hdgp_6glossa10morphology10declension12analyze_noun
FN:203,_RNvNtNtCsluBEq34Hdgp_6glossa10morphology10declension16analyze_noun_all
FN:212,_RNvNtNtCsluBEq34Hdgp_6glossa10morphology10declension21analyze_noun_all_into
FN:345,_RNvNtNtCsluBEq34Hdgp_6glossa10morphology10declension7decline
FN:297,_RNvNtNtCsluBEq34Hdgp_6glossa10morphology10declension8get_stem
FN:181,_RINvNtNtCsluBEq34Hdgp_6glossa10morphology10declension17match_endings_allNCNvB2_21analyze_noun_all_into0EB6_
FN:189,_RNCINvNtNtCsluBEq34Hdgp_6glossa10morphology10declension17match_endings_allNCNvB4_21analyze_noun_all_into0Es_0B8_
FN:175,_RNCNvNtNtCsluBEq34Hdgp_6glossa10morphology10declension12analyze_noun0B7_
FN:216,_RNCNvNtNtCsluBEq34Hdgp_6glossa10morphology10declension21analyze_noun_all_into0B7_
FN:253,_RNCNvNtNtCsluBEq34Hdgp_6glossa10morphology10declension21analyze_noun_all_intos_0B7_
FN:556,_RNvNtNtNtCs4cnvRHYBibt_6glossa10morphology10declension5testss_13test_get_stem
FN:638,_RNvNtNtNtCs4cnvRHYBibt_6glossa10morphology10declension5testss_18test_decline_table
FN:384,_RNvNtNtNtCs4cnvRHYBibt_6glossa10morphology10declension5testss_21test_constants_sorted
FN:759,_RNvNtNtNtCs4cnvRHYBibt_6glossa10morphology10declension5testss_24test_decline_fallthrough
FN:510,_RNvNtNtNtCs4cnvRHYBibt_6glossa10morphology10declension5testss_24test_third_declension_ma
FN:500,_RNvNtNtNtCs4cnvRHYBibt_6glossa10morphology10declension5testss_25test_first_declension_eta
FN:618,_RNvNtNtNtCs4cnvRHYBibt_6glossa10morphology10declension5testss_27test_decline_alpha_mismatch
FN:598,_RNvNtNtNtCs4cnvRHYBibt_6glossa10morphology10declension5testss_27test_first_declension_alpha
FN:522,_RNvNtNtNtCs4cnvRHYBibt_6glossa10morphology10declension5testss_29test_decline_second_masculine
FN:432,_RNvNtNtNtCs4cnvRHYBibt_6glossa10morphology10declension5testss_29test_second_declension_dative
FN:453,_RNvNtNtNtCs4cnvRHYBibt_6glossa10morphology10declension5testss_29test_second_declension_plural
FN:563,_RNvNtNtNtCs4cnvRHYBibt_6glossa10morphology10declension5testss_31test_analyze_noun_all_ambiguity
FN:424,_RNvNtNtNtCs4cnvRHYBibt_6glossa10morphology10declension5testss_31test_second_declension_genitive
FN:446,_RNvNtNtNtCs4cnvRHYBibt_6glossa10morphology10declension5testss_31test_second_declension_vocative
FN:439,_RNvNtNtNtCs4cnvRHYBibt_6glossa10morphology10declension5testss_33test_second_declension_accusative
FN:416,_RNvNtNtNtCs4cnvRHYBibt_6glossa10morphology10declension5testss_33test_second_declension_nominative
FN:464,_RNvNtNtNtCs4cnvRHYBibt_6glossa10morphology10declension5testss_36test_second_declension_neuter_plural
FN:487,_RNvNtNtNtCs4cnvRHYBibt_6glossa10morphology10declension5testss_38test_analyze_noun_disambiguation_alpha
FN:168,_RNvNtNtCs4cnvRHYBibt_6glossa10morphology10declension12analyze_noun
FN:203,_RNvNtNtCs4cnvRHYBibt_6glossa10morphology10declension16analyze_noun_all
FN:212,_RNvNtNtCs4cnvRHYBibt_6glossa10morphology10declension21analyze_noun_all_into
FN:345,_RNvNtNtCs4cnvRHYBibt_6glossa10morphology10declension7decline
FN:297,_RNvNtNtCs4cnvRHYBibt_6glossa10morphology10declension8get_stem
FN:604,_RNCNvNtNtNtCs4cnvRHYBibt_6glossa10morphology10declension5testss_27test_first_declension_alpha0B9_
FN:578,_RNCNvNtNtNtCs4cnvRHYBibt_6glossa10morphology10declension5testss_31test_analyze_noun_all_ambiguity0B9_
FN:586,_RNCNvNtNtNtCs4cnvRHYBibt_6glossa10morphology10declension5testss_31test_analyze_noun_all_ambiguitys_0B9_
FN:472,_RNCNvNtNtNtCs4cnvRHYBibt_6glossa10morphology10declension5testss_36test_second_declension_neuter_plural0B9_
FN:181,_RINvNtNtCs4cnvRHYBibt_6glossa10morphology10declension17match_endings_allNCNvB2_21analyze_noun_all_into0EB6_
FN:189,_RNCINvNtNtCs4cnvRHYBibt_6glossa10morphology10declension17match_endings_allNCNvB4_21analyze_noun_all_into0Es_0B8_
FN:175,_RNCNvNtNtCs4cnvRHYBibt_6glossa10morphology10declension12analyze_noun0B7_
FN:216,_RNCNvNtNtCs4cnvRHYBibt_6glossa10morphology10declension21analyze_noun_all_into0B7_
FN:253,_RNCNvNtNtCs4cnvRHYBibt_6glossa10morphology10declension21analyze_noun_all_intos_0B7_
FNDA:258,_RNvNtNtCsluBEq34Hdgp_6glossa10morphology10declension12analyze_noun
FNDA:258,_RNvNtNtCsluBEq34Hdgp_6glossa10morphology10declension16analyze_noun_all
FNDA:5061,_RNvNtNtCsluBEq34Hdgp_6glossa10morphology10declension21analyze_noun_all_into
FNDA:0,_RNvNtNtCsluBEq34Hdgp_6glossa10morphology10declension7decline
FNDA:256,_RNvNtNtCsluBEq34Hdgp_6glossa10morphology10declension8get_stem
FNDA:25305,_RINvNtNtCsluBEq34Hdgp_6glossa10morphology10declension17match_endings_allNCNvB2_21analyze_noun_all_into0EB6_
FNDA:11280,_RNCINvNtNtCsluBEq34Hdgp_6glossa10morphology10declension17match_endings_allNCNvB4_21analyze_noun_all_into0Es_0B8_
FNDA:0,_RNCNvNtNtCsluBEq34Hdgp_6glossa10morphology10declension12analyze_noun0B7_
FNDA:11280,_RNCNvNtNtCsluBEq34Hdgp_6glossa10morphology10declension21analyze_noun_all_into0B7_
FNDA:16571,_RNCNvNtNtCsluBEq34Hdgp_6glossa10morphology10declension21analyze_noun_all_intos_0B7_
FNDA:1,_RNvNtNtNtCs4cnvRHYBibt_6glossa10morphology10declension5testss_13test_get_stem
FNDA:1,_RNvNtNtNtCs4cnvRHYBibt_6glossa10morphology10declension5testss_18test_decline_table
FNDA:1,_RNvNtNtNtCs4cnvRHYBibt_6glossa10morphology10declension5testss_21test_constants_sorted
FNDA:1,_RNvNtNtNtCs4cnvRHYBibt_6glossa10morphology10declension5testss_24test_decline_fallthrough
FNDA:1,_RNvNtNtNtCs4cnvRHYBibt_6glossa10morphology10declension5testss_24test_third_declension_ma
FNDA:1,_RNvNtNtNtCs4cnvRHYBibt_6glossa10morphology10declension5testss_25test_first_declension_eta
FNDA:1,_RNvNtNtNtCs4cnvRHYBibt_6glossa10morphology10declension5testss_27test_decline_alpha_mismatch
FNDA:1,_RNvNtNtNtCs4cnvRHYBibt_6glossa10morphology10declension5testss_27test_first_declension_alpha
FNDA:1,_RNvNtNtNtCs4cnvRHYBibt_6glossa10morphology10declension5testss_29test_decline_second_masculine
FNDA:1,_RNvNtNtNtCs4cnvRHYBibt_6glossa10morphology10declension5testss_29test_second_declension_dative
FNDA:1,_RNvNtNtNtCs4cnvRHYBibt_6glossa10morphology10declension5testss_29test_second_declension_plural
FNDA:1,_RNvNtNtNtCs4cnvRHYBibt_6glossa10morphology10declension5testss_31test_analyze_noun_all_ambiguity
FNDA:1,_RNvNtNtNtCs4cnvRHYBibt_6glossa10morphology10declension5testss_31test_second_declension_genitive
FNDA:1,_RNvNtNtNtCs4cnvRHYBibt_6glossa10morphology10declension5testss_31test_second_declension_vocative
FNDA:1,_RNvNtNtNtCs4cnvRHYBibt_6glossa10morphology10declension5testss_33test_second_declension_accusative
FNDA:1,_RNvNtNtNtCs4cnvRHYBibt_6glossa10morphology10declension5testss_33test_second_declension_nominative
FNDA:1,_RNvNtNtNtCs4cnvRHYBibt_6glossa10morphology10declension5testss_36test_second_declension_neuter_plural
FNDA:1,_RNvNtNtNtCs4cnvRHYBibt_6glossa10morphology10declension5testss_38test_analyze_noun_disambiguation_alpha
FNDA:12,_RNvNtNtCs4cnvRHYBibt_6glossa10morphology10declension12analyze_noun
FNDA:15,_RNvNtNtCs4cnvRHYBibt_6glossa10morphology10declension16analyze_noun_all
FNDA:4212,_RNvNtNtCs4cnvRHYBibt_6glossa10morphology10declension21analyze_noun_all_into
FNDA:14,_RNvNtNtCs4cnvRHYBibt_6glossa10morphology10declension7decline
FNDA:3,_RNvNtNtCs4cnvRHYBibt_6glossa10morphology10declension8get_stem
FNDA:1,_RNCNvNtNtNtCs4cnvRHYBibt_6glossa10morphology10declension5testss_27test_first_declension_alpha0B9_
FNDA:2,_RNCNvNtNtNtCs4cnvRHYBibt_6glossa10morphology10declension5testss_31test_analyze_noun_all_ambiguity0B9_
FNDA:1,_RNCNvNtNtNtCs4cnvRHYBibt_6glossa10morphology10declension5testss_31test_analyze_noun_all_ambiguitys_0B9_
FNDA:2,_RNCNvNtNtNtCs4cnvRHYBibt_6glossa10morphology10declension5testss_36test_second_declension_neuter_plural0B9_
FNDA:21060,_RINvNtNtCs4cnvRHYBibt_6glossa10morphology10declension17match_endings_allNCNvB2_21analyze_noun_all_into0EB6_
FNDA:4342,_RNCINvNtNtCs4cnvRHYBibt_6glossa10morphology10declension17match_endings_allNCNvB4_21analyze_noun_all_into0Es_0B8_
FNDA:31,_RNCNvNtNtCs4cnvRHYBibt_6glossa10morphology10declension12analyze_noun0B7_
FNDA:4342,_RNCNvNtNtCs4cnvRHYBibt_6glossa10morphology10declension21analyze_noun_all_into0B7_
FNDA:1630,_RNCNvNtNtCs4cnvRHYBibt_6glossa10morphology10declension21analyze_noun_all_intos_0B7_
FNF:32
FNH:32
DA:168,270
DA:169,270
DA:175,270
DA:177,270
DA:178,270
DA:181,46365
DA:182,46365
DA:183,46365
DA:185,46365
DA:186,46365
DA:187,46365
DA:189,15622
DA:190,15622
DA:191,15622
DA:192,15622
DA:194,46365
DA:203,273
DA:204,273
DA:205,273
DA:206,273
DA:207,273
DA:212,9273
DA:213,9273
DA:215,55638
DA:216,46365
DA:218,15622
DA:219,15622
DA:226,15622
DA:229,15622
DA:230,8448
DA:232,7554
DA:234,8068
DA:237,15622
DA:238,15622
DA:239,15622
DA:240,15622
DA:241,15622
DA:242,15622
DA:243,15622
DA:244,15622
DA:245,15622
DA:246,15622
DA:247,15622
DA:248,15622
DA:249,15622
DA:253,18201
DA:254,18201
DA:255,18201
DA:256,18201
DA:257,18201
DA:260,9273
DA:261,9273
DA:262,3350
DA:263,9120
DA:264,9120
DA:265,9120
DA:266,9120
DA:267,9120
DA:268,5770
DA:269,4071
DA:270,292
DA:273,9120
DA:274,9120
DA:275,0
DA:276,9120
DA:277,9120
DA:278,0
DA:280,3350
DA:281,5923
DA:282,9273
DA:297,259
DA:298,259
DA:300,257
DA:301,1
DA:302,256
DA:303,0
DA:305,256
DA:309,1
DA:310,1
DA:311,0
DA:312,0
DA:314,0
DA:318,1
DA:319,1
DA:321,0
DA:325,259
DA:345,14
DA:346,14
DA:347,14
DA:348,14
DA:349,14
DA:350,14
DA:351,14
DA:352,14
DA:353,4
DA:354,1
DA:359,7
DA:360,5
DA:363,2
DA:366,1
DA:367,1
DA:370,50
DA:371,50
DA:372,13
DA:373,37
DA:376,0
DA:377,14
DA:384,1
DA:386,1
DA:387,1
DA:388,1
DA:389,1
DA:390,1
DA:391,1
DA:394,6
DA:395,40
DA:396,40
DA:397,40
DA:398,40
DA:399,40
DA:400,40
DA:401,40
DA:402,0
DA:407,0
DA:413,1
DA:416,1
DA:417,1
DA:418,1
DA:419,1
DA:420,1
DA:421,1
DA:424,1
DA:425,1
DA:426,1
DA:427,1
DA:428,1
DA:429,1
DA:432,1
DA:433,1
DA:434,1
DA:435,1
DA:436,1
DA:439,1
DA:440,1
DA:441,1
DA:442,1
DA:443,1
DA:446,1
DA:447,1
DA:448,1
DA:449,1
DA:450,1
DA:453,1
DA:454,1
DA:455,1
DA:456,1
DA:458,1
DA:459,1
DA:460,1
DA:461,1
DA:464,1
DA:470,1
DA:472,2
DA:473,2
DA:474,2
DA:475,1
DA:476,1
DA:477,1
DA:478,2
DA:480,1
DA:481,1
DA:482,0
DA:484,1
DA:487,1
DA:492,1
DA:494,1
DA:495,1
DA:496,1
DA:497,1
DA:500,1
DA:501,1
DA:502,1
DA:503,1
DA:505,1
DA:506,1
DA:507,1
DA:510,1
DA:511,1
DA:512,1
DA:513,1
DA:515,1
DA:516,1
DA:518,1
DA:519,1
DA:522,1
DA:523,1
DA:524,1
DA:525,1
DA:526,1
DA:527,1
DA:528,1
DA:529,1
DA:533,1
DA:534,1
DA:535,1
DA:536,1
DA:537,1
DA:538,1
DA:539,1
DA:543,1
DA:544,1
DA:545,1
DA:546,1
DA:547,1
DA:548,1
DA:549,1
DA:553,1
DA:556,1
DA:557,1
DA:558,1
DA:559,1
DA:560,1
DA:563,1
DA:567,1
DA:570,1
DA:571,1
DA:572,0
DA:573,0
DA:578,2
DA:579,2
DA:580,1
DA:581,1
DA:582,2
DA:583,1
DA:586,1
DA:587,1
DA:588,1
DA:589,1
DA:590,1
DA:591,1
DA:592,1
DA:593,0
DA:595,1
DA:598,1
DA:602,1
DA:604,1
DA:605,1
DA:606,1
DA:607,1
DA:608,1
DA:609,1
DA:611,1
DA:612,1
DA:613,0
DA:615,1
DA:618,1
DA:623,1
DA:624,1
DA:625,1
DA:626,1
DA:627,1
DA:628,1
DA:631,1
DA:633,0
DA:635,1
DA:638,1
DA:650,1
DA:652,1
DA:653,1
DA:654,1
DA:655,1
DA:656,1
DA:657,1
DA:658,1
DA:659,1
DA:660,1
DA:661,1
DA:662,1
DA:663,1
DA:664,1
DA:665,1
DA:666,1
DA:667,1
DA:668,1
DA:669,1
DA:671,1
DA:672,1
DA:673,1
DA:674,1
DA:675,1
DA:676,1
DA:677,1
DA:678,1
DA:679,1
DA:680,1
DA:681,1
DA:682,1
DA:683,1
DA:684,1
DA:685,1
DA:686,1
DA:687,1
DA:688,1
DA:690,1
DA:691,1
DA:692,1
DA:693,1
DA:694,1
DA:695,1
DA:696,1
DA:697,1
DA:698,1
DA:701,1
DA:702,1
DA:703,1
DA:704,1
DA:705,1
DA:706,1
DA:707,1
DA:708,1
DA:709,1
DA:711,1
DA:712,1
DA:713,1
DA:714,1
DA:715,1
DA:716,1
DA:717,1
DA:718,1
DA:719,1
DA:721,1
DA:722,1
DA:723,1
DA:724,1
DA:725,1
DA:726,1
DA:727,1
DA:728,1
DA:729,1
DA:731,1
DA:732,1
DA:733,1
DA:734,1
DA:735,1
DA:736,1
DA:737,1
DA:738,1
DA:739,1
DA:742,10
DA:743,9
DA:744,9
DA:745,9
DA:746,9
DA:747,9
DA:748,9
DA:750,9
DA:752,0
DA:756,1
DA:759,1
DA:765,1
DA:766,1
DA:767,1
DA:768,1
DA:769,1
DA:770,1
DA:771,1
DA:774,1
DA:775,1
BRF:0
BRH:0
LF:375
LH:356
end_of_record
SF:/app/src/morphology/disambiguation.rs
FN:141,_RNCNvNtNtCsluBEq34Hdgp_6glossa10morphology14disambiguation12disambiguate0B7_
FN:57,_RNvMNtNtCsluBEq34Hdgp_6glossa10morphology14disambiguationNtB2_21DisambiguationContext12from_article
FN:95,_RNvMNtNtCsluBEq34Hdgp_6glossa10morphology14disambiguationNtB2_21DisambiguationContext14expecting_case
FN:41,_RNvMNtNtCsluBEq34Hdgp_6glossa10morphology14disambiguationNtB2_21DisambiguationContext3new
FN:78,_RNvMNtNtCsluBEq34Hdgp_6glossa10morphology14disambiguationNtB2_21DisambiguationContext9from_verb
FN:121,_RNvNtNtCsluBEq34Hdgp_6glossa10morphology14disambiguation12disambiguate
FN:223,_RNvNtNtCsluBEq34Hdgp_6glossa10morphology14disambiguation12resolve_best
FN:164,_RNvNtNtCsluBEq34Hdgp_6glossa10morphology14disambiguation14score_analysis
FN:248,_RNvNtNtCsluBEq34Hdgp_6glossa10morphology14disambiguation15analyze_article
FN:57,_RNvMNtNtCs4cnvRHYBibt_6glossa10morphology14disambiguationNtB2_21DisambiguationContext12from_article
FN:95,_RNvMNtNtCs4cnvRHYBibt_6glossa10morphology14disambiguationNtB2_21DisambiguationContext14expecting_case
FN:402,_RNvNtNtNtCs4cnvRHYBibt_6glossa10morphology14disambiguation5testss_17test_verb_context
FN:391,_RNvNtNtNtCs4cnvRHYBibt_6glossa10morphology14disambiguation5testss_20test_article_context
FN:424,_RNvNtNtNtCs4cnvRHYBibt_6glossa10morphology14disambiguation5testss_29test_neuter_article_ambiguity
FN:372,_RNvNtNtNtCs4cnvRHYBibt_6glossa10morphology14disambiguation5testss_30test_disambiguate_with_article
FN:414,_RNvNtNtNtCs4cnvRHYBibt_6glossa10morphology14disambiguation5testss_31test_no_context_preserves_order
FN:41,_RNvMNtNtCs4cnvRHYBibt_6glossa10morphology14disambiguationNtB2_21DisambiguationContext3new
FN:78,_RNvMNtNtCs4cnvRHYBibt_6glossa10morphology14disambiguationNtB2_21DisambiguationContext9from_verb
FN:121,_RNvNtNtCs4cnvRHYBibt_6glossa10morphology14disambiguation12disambiguate
FN:223,_RNvNtNtCs4cnvRHYBibt_6glossa10morphology14disambiguation12resolve_best
FN:164,_RNvNtNtCs4cnvRHYBibt_6glossa10morphology14disambiguation14score_analysis
FN:248,_RNvNtNtCs4cnvRHYBibt_6glossa10morphology14disambiguation15analyze_article
FN:141,_RNCNvNtNtCs4cnvRHYBibt_6glossa10morphology14disambiguation12disambiguate0B7_
FNDA:1,_RNCNvNtNtCsluBEq34Hdgp_6glossa10morphology14disambiguation12disambiguate0B7_
FNDA:0,_RNvMNtNtCsluBEq34Hdgp_6glossa10morphology14disambiguationNtB2_21DisambiguationContext12from_article
FNDA:0,_RNvMNtNtCsluBEq34Hdgp_6glossa10morphology14disambiguationNtB2_21DisambiguationContext14expecting_case
FNDA:5103,_RNvMNtNtCsluBEq34Hdgp_6glossa10morphology14disambiguationNtB2_21DisambiguationContext3new
FNDA:1,_RNvMNtNtCsluBEq34Hdgp_6glossa10morphology14disambiguationNtB2_21DisambiguationContext9from_verb
FNDA:4267,_RNvNtNtCsluBEq34Hdgp_6glossa10morphology14disambiguation12disambiguate
FNDA:2,_RNvNtNtCsluBEq34Hdgp_6glossa10morphology14disambiguation12resolve_best
FNDA:5,_RNvNtNtCsluBEq34Hdgp_6glossa10morphology14disambiguation14score_analysis
FNDA:4832,_RNvNtNtCsluBEq34Hdgp_6glossa10morphology14disambiguation15analyze_article
FNDA:0,_RNvMNtNtCs4cnvRHYBibt_6glossa10morphology14disambiguationNtB2_21DisambiguationContext12from_article
FNDA:0,_RNvMNtNtCs4cnvRHYBibt_6glossa10morphology14disambiguationNtB2_21DisambiguationContext14expecting_case
FNDA:1,_RNvNtNtNtCs4cnvRHYBibt_6glossa10morphology14disambiguation5testss_17test_verb_context
FNDA:1,_RNvNtNtNtCs4cnvRHYBibt_6glossa10morphology14disambiguation5testss_20test_article_context
FNDA:1,_RNvNtNtNtCs4cnvRHYBibt_6glossa10morphology14disambiguation5testss_29test_neuter_article_ambiguity
FNDA:1,_RNvNtNtNtCs4cnvRHYBibt_6glossa10morphology14disambiguation5testss_30test_disambiguate_with_article
FNDA:1,_RNvNtNtNtCs4cnvRHYBibt_6glossa10morphology14disambiguation5testss_31test_no_context_preserves_order
FNDA:5558,_RNvMNtNtCs4cnvRHYBibt_6glossa10morphology14disambiguationNtB2_21DisambiguationContext3new
FNDA:29,_RNvMNtNtCs4cnvRHYBibt_6glossa10morphology14disambiguationNtB2_21DisambiguationContext9from_verb
FNDA:4156,_RNvNtNtCs4cnvRHYBibt_6glossa10morphology14disambiguation12disambiguate
FNDA:62,_RNvNtNtCs4cnvRHYBibt_6glossa10morphology14disambiguation12resolve_best
FNDA:83,_RNvNtNtCs4cnvRHYBibt_6glossa10morphology14disambiguation14score_analysis
FNDA:4176,_RNvNtNtCs4cnvRHYBibt_6glossa10morphology14disambiguation15analyze_article
FNDA:24,_RNCNvNtNtCs4cnvRHYBibt_6glossa10morphology14disambiguation12disambiguate0B7_
FNF:14
FNH:12
DA:41,10661
DA:42,10661
DA:43,10661
DA:57,0
DA:58,0
DA:59,0
DA:60,0
DA:61,0
DA:62,0
DA:63,0
DA:64,0
DA:78,30
DA:79,30
DA:80,30
DA:81,30
DA:82,30
DA:83,30
DA:84,30
DA:85,30
DA:95,0
DA:96,0
DA:97,0
DA:98,0
DA:99,0
DA:100,0
DA:101,0
DA:102,0
DA:121,8423
DA:122,8423
DA:123,8423
DA:124,8423
DA:125,8423
DA:126,0
DA:127,8423
DA:130,8423
DA:131,8406
DA:132,8405
DA:133,8405
DA:135,8405
DA:136,18
DA:141,25
DA:142,25
DA:143,25
DA:145,25
DA:147,25
DA:148,12
DA:150,13
DA:152,25
DA:155,56
DA:156,38
DA:157,38
DA:158,38
DA:160,18
DA:161,8423
DA:164,88
DA:165,88
DA:168,88
DA:169,63
DA:170,23
DA:171,40
DA:172,16
DA:173,24
DA:174,25
DA:177,88
DA:178,79
DA:179,65
DA:180,65
DA:181,14
DA:182,14
DA:183,9
DA:186,88
DA:187,77
DA:188,37
DA:189,40
DA:190,19
DA:191,21
DA:192,11
DA:195,88
DA:196,2
DA:197,0
DA:198,2
DA:199,0
DA:200,2
DA:201,86
DA:204,88
DA:205,88
DA:223,64
DA:224,64
DA:225,64
DA:226,64
DA:227,64
DA:228,64
DA:229,0
DA:232,64
DA:234,64
DA:248,9008
DA:250,9008
DA:252,9008
DA:253,5
DA:254,5
DA:255,5
DA:256,5
DA:257,5
DA:258,9003
DA:259,0
DA:260,0
DA:261,0
DA:262,0
DA:263,0
DA:264,9003
DA:265,3
DA:266,3
DA:267,3
DA:268,3
DA:269,3
DA:270,9000
DA:271,4
DA:272,4
DA:273,4
DA:274,4
DA:275,4
DA:276,8996
DA:277,0
DA:278,0
DA:279,0
DA:280,0
DA:281,0
DA:282,8996
DA:283,0
DA:284,0
DA:285,0
DA:286,0
DA:287,0
DA:288,8996
DA:289,0
DA:290,0
DA:291,0
DA:292,0
DA:293,0
DA:294,8996
DA:295,0
DA:296,0
DA:297,0
DA:298,0
DA:299,0
DA:302,8996
DA:303,0
DA:304,0
DA:305,0
DA:306,0
DA:307,0
DA:308,8996
DA:309,0
DA:310,0
DA:311,0
DA:312,0
DA:313,0
DA:314,8996
DA:315,0
DA:316,0
DA:317,0
DA:318,0
DA:319,0
DA:320,8996
DA:321,1
DA:322,1
DA:323,1
DA:324,1
DA:325,1
DA:326,8995
DA:327,0
DA:328,0
DA:329,0
DA:330,0
DA:331,0
DA:332,8995
DA:333,0
DA:334,0
DA:335,0
DA:336,0
DA:337,0
DA:338,8995
DA:339,0
DA:340,0
DA:341,0
DA:342,0
DA:343,0
DA:349,8995
DA:350,2
DA:351,2
DA:352,2
DA:353,2
DA:354,2
DA:355,8993
DA:356,2
DA:357,2
DA:358,2
DA:359,2
DA:360,2
DA:362,8991
DA:364,9008
DA:372,1
DA:374,1
DA:377,1
DA:378,1
DA:379,1
DA:380,1
DA:381,1
DA:382,1
DA:384,1
DA:385,1
DA:387,1
DA:388,1
DA:391,1
DA:392,1
DA:393,1
DA:394,1
DA:396,1
DA:397,1
DA:398,1
DA:399,1
DA:402,1
DA:405,1
DA:406,1
DA:408,1
DA:409,1
DA:410,1
DA:411,1
DA:414,1
DA:415,1
DA:416,1
DA:417,1
DA:420,1
DA:421,1
DA:424,1
DA:426,1
DA:427,1
DA:428,1
DA:429,1
DA:432,1
DA:433,1
DA:434,1
DA:435,1
DA:436,1
BRF:0
BRH:0
LF:245
LH:170
end_of_record
SF:/app/src/morphology/lexicon.rs
FN:2382,_RNCNvNtNtCsluBEq34Hdgp_6glossa10morphology7lexicon19get_binary_operator0B7_
FN:2383,_RNCNvNtNtCsluBEq34Hdgp_6glossa10morphology7lexicon19get_binary_operators_0B7_
FN:136,_RNCNvNtNtCsluBEq34Hdgp_6glossa10morphology7lexicon7LEXICON0B7_
FN:2213,_RNCNvNtNtCsluBEq34Hdgp_6glossa10morphology7lexicon7is_verb0B7_
FN:119,_RNvMNtNtCsluBEq34Hdgp_6glossa10morphology7lexiconNtB2_12LexiconEntry11to_analysis
FN:2502,_RNvNtNtCsluBEq34Hdgp_6glossa10morphology7lexicon10is_ok_word
FN:2445,_RNvNtNtCsluBEq34Hdgp_6glossa10morphology7lexicon10is_ordinal
FN:2507,_RNvNtNtCsluBEq34Hdgp_6glossa10morphology7lexicon11is_err_word
FN:2356,_RNvNtNtCsluBEq34Hdgp_6glossa10morphology7lexicon11is_negation
FN:2435,_RNvNtNtCsluBEq34Hdgp_6glossa10morphology7lexicon11is_pop_verb
FN:2232,_RNvNtNtCsluBEq34Hdgp_6glossa10morphology7lexicon12is_find_verb
FN:2529,_RNvNtNtCsluBEq34Hdgp_6glossa10morphology7lexicon12is_join_verb
FN:2492,_RNvNtNtCsluBEq34Hdgp_6glossa10morphology7lexicon12is_none_word
FN:2430,_RNvNtNtCsluBEq34Hdgp_6glossa10morphology7lexicon12is_push_verb
FN:2497,_RNvNtNtCsluBEq34Hdgp_6glossa10morphology7lexicon12is_some_word
FN:2411,_RNvNtNtCsluBEq34Hdgp_6glossa10morphology7lexicon13is_break_verb
FN:2227,_RNvNtNtCsluBEq34Hdgp_6glossa10morphology7lexicon13is_print_verb
FN:2523,_RNvNtNtCsluBEq34Hdgp_6glossa10morphology7lexicon13is_split_verb
FN:2268,_RNvNtNtCsluBEq34Hdgp_6glossa10morphology7lexicon13numeral_value
FN:2237,_RNvNtNtCsluBEq34Hdgp_6glossa10morphology7lexicon14is_assert_verb
FN:2242,_RNvNtNtCsluBEq34Hdgp_6glossa10morphology7lexicon14is_equals_verb
FN:2517,_RNvNtNtCsluBEq34Hdgp_6glossa10morphology7lexicon14is_insert_verb
FN:2219,_RNvNtNtCsluBEq34Hdgp_6glossa10morphology7lexicon15is_binding_verb
FN:2396,_RNvNtNtCsluBEq34Hdgp_6glossa10morphology7lexicon15is_else_pattern
FN:2347,_RNvNtNtCsluBEq34Hdgp_6glossa10morphology7lexicon16boolean_operator
FN:2416,_RNvNtNtCsluBEq34Hdgp_6glossa10morphology7lexicon16is_continue_verb
FN:2401,_RNvNtNtCsluBEq34Hdgp_6glossa10morphology7lexicon16is_loop_particle
FN:2373,_RNvNtNtCsluBEq34Hdgp_6glossa10morphology7lexicon16is_operator_word
FN:2463,_RNvNtNtCsluBEq34Hdgp_6glossa10morphology7lexicon16ordinal_to_index
FN:2252,_RNvNtNtCsluBEq34Hdgp_6glossa10morphology7lexicon17is_all_quantifier
FN:2247,_RNvNtNtCsluBEq34Hdgp_6glossa10morphology7lexicon17is_any_quantifier
FN:2421,_RNvNtNtCsluBEq34Hdgp_6glossa10morphology7lexicon17is_match_particle
FN:2257,_RNvNtNtCsluBEq34Hdgp_6glossa10morphology7lexicon17is_mutable_marker
FN:2406,_RNvNtNtCsluBEq34Hdgp_6glossa10morphology7lexicon17is_range_particle
FN:2262,_RNvNtNtCsluBEq34Hdgp_6glossa10morphology7lexicon18is_assignment_verb
FN:2440,_RNvNtNtCsluBEq34Hdgp_6glossa10morphology7lexicon18is_length_property
FN:2361,_RNvNtNtCsluBEq34Hdgp_6glossa10morphology7lexicon19arithmetic_operator
FN:2336,_RNvNtNtCsluBEq34Hdgp_6glossa10morphology7lexicon19comparison_operator
FN:2380,_RNvNtNtCsluBEq34Hdgp_6glossa10morphology7lexicon19get_binary_operator
FN:2487,_RNvNtNtCsluBEq34Hdgp_6glossa10morphology7lexicon21is_consequence_marker
FN:2476,_RNvNtNtCsluBEq34Hdgp_6glossa10morphology7lexicon21is_necessity_particle
FN:2482,_RNvNtNtCsluBEq34Hdgp_6glossa10morphology7lexicon22is_obligation_particle
FN:2391,_RNvNtNtCsluBEq34Hdgp_6glossa10morphology7lexicon23is_conditional_particle
FN:2541,_RNvNtNtCsluBEq34Hdgp_6glossa10morphology7lexicon24is_delimiter_preposition
FN:2535,_RNvNtNtCsluBEq34Hdgp_6glossa10morphology7lexicon26is_containment_preposition
FN:2206,_RNvNtNtCsluBEq34Hdgp_6glossa10morphology7lexicon6lookup
FN:2211,_RNvNtNtCsluBEq34Hdgp_6glossa10morphology7lexicon7is_verb
FN:2382,_RNCNvNtNtCs4cnvRHYBibt_6glossa10morphology7lexicon19get_binary_operator0B7_
FN:2383,_RNCNvNtNtCs4cnvRHYBibt_6glossa10morphology7lexicon19get_binary_operators_0B7_
FN:2213,_RNCNvNtNtCs4cnvRHYBibt_6glossa10morphology7lexicon7is_verb0B7_
FN:2373,_RNvNtNtCs4cnvRHYBibt_6glossa10morphology7lexicon16is_operator_word
FN:2406,_RNvNtNtCs4cnvRHYBibt_6glossa10morphology7lexicon17is_range_particle
FN:2380,_RNvNtNtCs4cnvRHYBibt_6glossa10morphology7lexicon19get_binary_operator
FN:2487,_RNvNtNtCs4cnvRHYBibt_6glossa10morphology7lexicon21is_consequence_marker
FN:2476,_RNvNtNtCs4cnvRHYBibt_6glossa10morphology7lexicon21is_necessity_particle
FN:2482,_RNvNtNtCs4cnvRHYBibt_6glossa10morphology7lexicon22is_obligation_particle
FN:2211,_RNvNtNtCs4cnvRHYBibt_6glossa10morphology7lexicon7is_verb
FN:119,_RNvMNtNtCs4cnvRHYBibt_6glossa10morphology7lexiconNtB2_12LexiconEntry11to_analysis
FN:2502,_RNvNtNtCs4cnvRHYBibt_6glossa10morphology7lexicon10is_ok_word
FN:2445,_RNvNtNtCs4cnvRHYBibt_6glossa10morphology7lexicon10is_ordinal
FN:2507,_RNvNtNtCs4cnvRHYBibt_6glossa10morphology7lexicon11is_err_word
FN:2356,_RNvNtNtCs4cnvRHYBibt_6glossa10morphology7lexicon11is_negation
FN:2435,_RNvNtNtCs4cnvRHYBibt_6glossa10morphology7lexicon11is_pop_verb
FN:2232,_RNvNtNtCs4cnvRHYBibt_6glossa10morphology7lexicon12is_find_verb
FN:2529,_RNvNtNtCs4cnvRHYBibt_6glossa10morphology7lexicon12is_join_verb
FN:2492,_RNvNtNtCs4cnvRHYBibt_6glossa10morphology7lexicon12is_none_word
FN:2430,_RNvNtNtCs4cnvRHYBibt_6glossa10morphology7lexicon12is_push_verb
FN:2497,_RNvNtNtCs4cnvRHYBibt_6glossa10morphology7lexicon12is_some_word
FN:2411,_RNvNtNtCs4cnvRHYBibt_6glossa10morphology7lexicon13is_break_verb
FN:2227,_RNvNtNtCs4cnvRHYBibt_6glossa10morphology7lexicon13is_print_verb
FN:2523,_RNvNtNtCs4cnvRHYBibt_6glossa10morphology7lexicon13is_split_verb
FN:2268,_RNvNtNtCs4cnvRHYBibt_6glossa10morphology7lexicon13numeral_value
FN:2237,_RNvNtNtCs4cnvRHYBibt_6glossa10morphology7lexicon14is_assert_verb
FN:2242,_RNvNtNtCs4cnvRHYBibt_6glossa10morphology7lexicon14is_equals_verb
FN:2517,_RNvNtNtCs4cnvRHYBibt_6glossa10morphology7lexicon14is_insert_verb
FN:2219,_RNvNtNtCs4cnvRHYBibt_6glossa10morphology7lexicon15is_binding_verb
FN:2396,_RNvNtNtCs4cnvRHYBibt_6glossa10morphology7lexicon15is_else_pattern
FN:2347,_RNvNtNtCs4cnvRHYBibt_6glossa10morphology7lexicon16boolean_operator
FN:2416,_RNvNtNtCs4cnvRHYBibt_6glossa10morphology7lexicon16is_continue_verb
FN:2401,_RNvNtNtCs4cnvRHYBibt_6glossa10morphology7lexicon16is_loop_particle
FN:2463,_RNvNtNtCs4cnvRHYBibt_6glossa10morphology7lexicon16ordinal_to_index
FN:2252,_RNvNtNtCs4cnvRHYBibt_6glossa10morphology7lexicon17is_all_quantifier
FN:2247,_RNvNtNtCs4cnvRHYBibt_6glossa10morphology7lexicon17is_any_quantifier
FN:2421,_RNvNtNtCs4cnvRHYBibt_6glossa10morphology7lexicon17is_match_particle
FN:2257,_RNvNtNtCs4cnvRHYBibt_6glossa10morphology7lexicon17is_mutable_marker
FN:2262,_RNvNtNtCs4cnvRHYBibt_6glossa10morphology7lexicon18is_assignment_verb
FN:2440,_RNvNtNtCs4cnvRHYBibt_6glossa10morphology7lexicon18is_length_property
FN:2361,_RNvNtNtCs4cnvRHYBibt_6glossa10morphology7lexicon19arithmetic_operator
FN:2336,_RNvNtNtCs4cnvRHYBibt_6glossa10morphology7lexicon19comparison_operator
FN:2391,_RNvNtNtCs4cnvRHYBibt_6glossa10morphology7lexicon23is_conditional_particle
FN:2541,_RNvNtNtCs4cnvRHYBibt_6glossa10morphology7lexicon24is_delimiter_preposition
FN:2535,_RNvNtNtCs4cnvRHYBibt_6glossa10morphology7lexicon26is_containment_preposition
FN:2206,_RNvNtNtCs4cnvRHYBibt_6glossa10morphology7lexicon6lookup
FN:2564,_RNvNtNtNtCs4cnvRHYBibt_6glossa10morphology7lexicon5testss_16test_lookup_type
FN:2550,_RNvNtNtNtCs4cnvRHYBibt_6glossa10morphology7lexicon5testss_16test_lookup_verb
FN:2698,_RNvNtNtNtCs4cnvRHYBibt_6glossa10morphology7lexicon5testss_17test_is_join_verb
FN:2571,_RNvNtNtNtCs4cnvRHYBibt_6glossa10morphology7lexicon5testss_18test_is_print_verb
FN:2690,_RNvNtNtNtCs4cnvRHYBibt_6glossa10morphology7lexicon5testss_18test_is_split_verb
FN:2578,_RNvNtNtNtCs4cnvRHYBibt_6glossa10morphology7lexicon5testss_18test_numeral_value
[...]
FNDA:0,_RNCNvNtNtCsluBEq34Hdgp_6glossa5tools6runner10build_files_0B7_
FNDA:1,_RNCNvNtNtCsluBEq34Hdgp_6glossa5tools6runner14analyze_source0B7_
FNDA:1,_RNCNvNtNtCsluBEq34Hdgp_6glossa5tools6runner14analyze_sources_0B7_
FNDA:0,_RNCNvNtNtCsluBEq34Hdgp_6glossa5tools6runner14highlight_file0B7_
FNDA:0,_RNvNtNtCsluBEq34Hdgp_6glossa5tools6runner10build_file
FNDA:0,_RNvNtNtCsluBEq34Hdgp_6glossa5tools6runner10check_file
FNDA:11,_RNvNtNtCsluBEq34Hdgp_6glossa5tools6runner11load_source
FNDA:3,_RNvNtNtCsluBEq34Hdgp_6glossa5tools6runner14analyze_source
FNDA:0,_RNvNtNtCsluBEq34Hdgp_6glossa5tools6runner14highlight_file
FNDA:14,_RNvNtNtCsluBEq34Hdgp_6glossa5tools6runner15check_file_size
FNDA:3,_RNvNtNtCsluBEq34Hdgp_6glossa5tools6runner7compile
FNDA:4,_RNvNtNtCsluBEq34Hdgp_6glossa5tools6runner8run_file
FNDA:0,_RNvNtNtCsluBEq34Hdgp_6glossa5tools6runner9bard_file
FNDA:1,_RNvNtNtNtCs4cnvRHYBibt_6glossa5tools6runner5testss_18test_compile_hello
FNDA:1,_RNvNtNtNtCs4cnvRHYBibt_6glossa5tools6runner5testss_20test_bard_file_valid
FNDA:1,_RNvNtNtNtCs4cnvRHYBibt_6glossa5tools6runner5testss_20test_compile_binding
FNDA:1,_RNvNtNtNtCs4cnvRHYBibt_6glossa5tools6runner5testss_20test_run_rustc_error
FNDA:1,_RNvNtNtNtCs4cnvRHYBibt_6glossa5tools6runner5testss_21test_check_file_valid
FNDA:1,_RNvNtNtNtCs4cnvRHYBibt_6glossa5tools6runner5testss_21test_run_file_success
FNDA:1,_RNvNtNtNtCs4cnvRHYBibt_6glossa5tools6runner5testss_22test_run_compile_error
FNDA:1,_RNvNtNtNtCs4cnvRHYBibt_6glossa5tools6runner5testss_23test_build_file_success
FNDA:1,_RNvNtNtNtCs4cnvRHYBibt_6glossa5tools6runner5testss_24test_run_file_size_limit
FNDA:1,_RNvNtNtNtCs4cnvRHYBibt_6glossa5tools6runner5testss_25test_compile_full_program
FNDA:1,_RNvNtNtNtCs4cnvRHYBibt_6glossa5tools6runner5testss_25test_highlight_file_valid
FNDA:1,_RNvNtNtNtCs4cnvRHYBibt_6glossa5tools6runner5testss_26test_build_file_size_limit
FNDA:1,_RNvNtNtNtCs4cnvRHYBibt_6glossa5tools6runner5testss_29test_file_size_check_internal
FNDA:0,_RNCNvNtNtCs4cnvRHYBibt_6glossa5tools6runner10build_file0B7_
FNDA:1,_RNCNvNtNtCs4cnvRHYBibt_6glossa5tools6runner10build_files_0B7_
FNDA:1,_RNCNvNtNtCs4cnvRHYBibt_6glossa5tools6runner14analyze_source0B7_
FNDA:0,_RNCNvNtNtCs4cnvRHYBibt_6glossa5tools6runner14analyze_sources_0B7_
FNDA:0,_RNCNvNtNtCs4cnvRHYBibt_6glossa5tools6runner14highlight_file0B7_
FNDA:2,_RNvNtNtCs4cnvRHYBibt_6glossa5tools6runner10build_file
FNDA:1,_RNvNtNtCs4cnvRHYBibt_6glossa5tools6runner10check_file
FNDA:14,_RNvNtNtCs4cnvRHYBibt_6glossa5tools6runner11load_source
FNDA:9,_RNvNtNtCs4cnvRHYBibt_6glossa5tools6runner14analyze_source
FNDA:1,_RNvNtNtCs4cnvRHYBibt_6glossa5tools6runner14highlight_file
FNDA:19,_RNvNtNtCs4cnvRHYBibt_6glossa5tools6runner15check_file_size
FNDA:6,_RNvNtNtCs4cnvRHYBibt_6glossa5tools6runner7compile
FNDA:5,_RNvNtNtCs4cnvRHYBibt_6glossa5tools6runner8run_file
FNDA:1,_RNvNtNtCs4cnvRHYBibt_6glossa5tools6runner9bard_file
FNF:27
FNH:25
DA:24,12
DA:25,12
DA:26,10
DA:27,12
DA:33,9
DA:34,9
DA:35,6
DA:36,9
DA:39,33
DA:40,33
DA:41,33
DA:42,4
DA:43,4
DA:44,4
DA:45,4
DA:46,4
DA:47,29
DA:48,29
DA:49,33
DA:64,25
DA:65,25
DA:66,2
DA:67,23
DA:68,23
DA:70,21
DA:71,21
DA:74,21
DA:75,21
DA:76,21
DA:78,21
DA:79,1
DA:80,1
DA:81,1
DA:82,1
DA:83,20
DA:85,20
DA:86,25
DA:128,2
DA:129,2
DA:130,2
DA:131,2
DA:132,1
DA:135,1
DA:136,1
DA:138,1
DA:139,1
DA:140,1
DA:142,1
DA:144,1
DA:145,1
DA:146,1
DA:148,1
DA:150,1
DA:151,1
DA:152,1
DA:153,1
DA:154,1
DA:155,1
DA:156,1
DA:157,1
DA:159,1
DA:161,1
DA:162,2
DA:203,9
DA:204,9
DA:205,0
DA:206,9
DA:207,9
DA:210,8
DA:211,8
DA:213,8
DA:216,8
DA:217,1
DA:218,1
DA:221,1
DA:223,1
DA:225,1
DA:226,0
DA:227,1
DA:228,1
DA:229,7
DA:231,7
DA:234,7
DA:236,6
DA:237,3
DA:238,3
DA:239,3
DA:240,3
DA:245,3
DA:247,3
DA:250,3
DA:251,3
DA:252,3
DA:253,3
DA:254,3
DA:255,3
DA:256,3
DA:257,3
DA:258,3
DA:259,3
DA:261,3
DA:262,1
DA:263,1
DA:266,1
DA:267,1
DA:268,1
DA:269,1
DA:270,1
DA:271,1
DA:272,1
DA:275,1
DA:276,1
DA:280,1
DA:282,1
DA:283,2
DA:285,2
DA:287,2
DA:288,2
DA:291,2
DA:293,2
DA:295,2
DA:296,0
DA:297,2
DA:299,2
DA:300,9
DA:330,1
DA:331,1
DA:332,1
DA:334,1
DA:336,1
DA:337,1
DA:338,1
DA:339,1
DA:340,1
DA:341,1
DA:343,1
DA:344,1
DA:346,1
DA:347,1
DA:377,1
DA:378,1
DA:379,1
DA:380,1
DA:382,1
DA:383,1
DA:385,1
DA:386,1
DA:415,1
DA:416,1
DA:417,1
DA:418,1
DA:420,1
DA:421,1
DA:422,1
DA:424,1
DA:425,1
DA:433,1
DA:434,1
DA:435,1
DA:436,1
DA:437,1
DA:439,1
DA:440,1
DA:443,1
DA:444,1
DA:445,1
DA:446,1
DA:447,1
DA:448,1
DA:449,1
DA:452,1
DA:453,1
DA:454,1
DA:455,1
DA:456,1
DA:459,1
DA:461,1
DA:462,1
DA:463,1
DA:464,1
DA:465,1
DA:466,1
DA:467,1
DA:470,1
DA:471,1
DA:472,1
DA:473,1
DA:474,1
DA:475,1
DA:476,1
DA:478,1
DA:481,1
DA:483,1
DA:484,1
DA:485,1
DA:486,1
DA:487,1
DA:488,1
DA:489,1
DA:492,1
DA:493,1
DA:494,1
DA:495,1
DA:496,1
DA:497,1
DA:498,1
DA:500,1
DA:503,1
DA:505,1
DA:506,1
DA:507,1
DA:508,1
DA:509,1
DA:510,1
DA:513,1
DA:514,1
DA:517,1
DA:518,1
DA:521,1
DA:522,1
DA:523,1
DA:526,1
DA:528,1
DA:529,1
DA:530,1
DA:531,1
DA:532,1
DA:533,1
DA:534,1
DA:537,1
DA:538,1
DA:539,1
DA:540,1
DA:541,1
DA:542,1
DA:543,1
DA:545,1
DA:548,1
DA:550,1
DA:551,1
DA:552,1
DA:553,1
DA:554,1
DA:555,1
DA:559,1
DA:562,1
DA:565,1
DA:568,1
DA:569,1
DA:572,1
DA:573,1
DA:574,1
DA:577,1
DA:578,1
DA:579,1
DA:580,1
DA:581,1
DA:582,1
DA:583,1
DA:585,1
DA:586,1
DA:587,1
DA:588,1
DA:591,1
DA:592,1
DA:593,1
DA:594,1
DA:595,1
DA:596,1
DA:597,1
DA:598,1
DA:599,1
DA:600,1
DA:602,1
DA:603,1
DA:605,1
DA:606,1
DA:609,1
DA:610,1
DA:611,1
DA:612,1
DA:613,1
DA:614,1
DA:615,1
DA:617,1
DA:618,1
DA:619,1
DA:622,1
DA:623,1
DA:624,1
DA:625,1
DA:626,1
DA:627,1
DA:628,1
DA:632,1
DA:633,1
DA:634,1
DA:637,1
DA:638,1
DA:639,1
DA:640,1
DA:641,1
DA:642,1
DA:643,1
DA:645,1
DA:646,1
DA:647,1
BRF:0
BRH:0
LF:312
LH:307
end_of_record
SF:/app/src/tools/tester.rs
FN:170,_RNCNvNtNtCsluBEq34Hdgp_6glossa5tools6tester9run_tests0B7_
FN:189,_RNCNvNtNtCsluBEq34Hdgp_6glossa5tools6tester9run_testss0_0B7_
FN:194,_RNCNvNtNtCsluBEq34Hdgp_6glossa5tools6tester9run_testss1_0B7_
FN:171,_RNCNvNtNtCsluBEq34Hdgp_6glossa5tools6tester9run_testss_0B7_
FN:170,_RNCNvNtNtCs4cnvRHYBibt_6glossa5tools6tester9run_tests0B7_
FN:189,_RNCNvNtNtCs4cnvRHYBibt_6glossa5tools6tester9run_testss0_0B7_
FN:194,_RNCNvNtNtCs4cnvRHYBibt_6glossa5tools6tester9run_testss1_0B7_
FN:171,_RNCNvNtNtCs4cnvRHYBibt_6glossa5tools6tester9run_testss_0B7_
FN:165,_RNvNtNtCs4cnvRHYBibt_6glossa5tools6tester9run_tests
FN:100,_RNvNtNtCs4cnvRHYBibt_6glossa5tools6tester16extract_failures
FN:68,_RNvNtNtCs4cnvRHYBibt_6glossa5tools6tester17parse_test_output
FN:344,_RNvNtNtNtCs4cnvRHYBibt_6glossa5tools6tester5testss_23test_parse_output_basic
FN:361,_RNvNtNtNtCs4cnvRHYBibt_6glossa5tools6tester5testss_25test_parse_output_failure
FN:388,_RNvNtNtNtCs4cnvRHYBibt_6glossa5tools6tester5testss_25test_parse_output_ignored
FN:402,_RNvNtNtNtCs4cnvRHYBibt_6glossa5tools6tester5testss_27test_extract_failures_basic
FN:426,_RNvNtNtNtCs4cnvRHYBibt_6glossa5tools6tester5testss_30test_extract_failures_multiple
FN:449,_RNvNtNtNtCs4cnvRHYBibt_6glossa5tools6tester5testss_32test_extract_failures_edge_cases
FN:494,_RNvNtNtNtCs4cnvRHYBibt_6glossa5tools6tester5testss_33test_parse_test_output_edge_cases
FN:550,_RNvNtNtNtCs4cnvRHYBibt_6glossa5tools6tester23additional_sentry_testss_34test_parse_test_output_empty_parts
FN:100,_RNvNtNtCsluBEq34Hdgp_6glossa5tools6tester16extract_failures
FN:68,_RNvNtNtCsluBEq34Hdgp_6glossa5tools6tester17parse_test_output
FN:165,_RNvNtNtCsluBEq34Hdgp_6glossa5tools6tester9run_tests
FNDA:1,_RNCNvNtNtCsluBEq34Hdgp_6glossa5tools6tester9run_tests0B7_
FNDA:0,_RNCNvNtNtCsluBEq34Hdgp_6glossa5tools6tester9run_testss0_0B7_
FNDA:0,_RNCNvNtNtCsluBEq34Hdgp_6glossa5tools6tester9run_testss1_0B7_
FNDA:0,_RNCNvNtNtCsluBEq34Hdgp_6glossa5tools6tester9run_testss_0B7_
FNDA:0,_RNCNvNtNtCs4cnvRHYBibt_6glossa5tools6tester9run_tests0B7_
FNDA:0,_RNCNvNtNtCs4cnvRHYBibt_6glossa5tools6tester9run_testss0_0B7_
FNDA:0,_RNCNvNtNtCs4cnvRHYBibt_6glossa5tools6tester9run_testss1_0B7_
FNDA:0,_RNCNvNtNtCs4cnvRHYBibt_6glossa5tools6tester9run_testss_0B7_
FNDA:0,_RNvNtNtCs4cnvRHYBibt_6glossa5tools6tester9run_tests
FNDA:4,_RNvNtNtCs4cnvRHYBibt_6glossa5tools6tester16extract_failures
FNDA:9,_RNvNtNtCs4cnvRHYBibt_6glossa5tools6tester17parse_test_output
FNDA:1,_RNvNtNtNtCs4cnvRHYBibt_6glossa5tools6tester5testss_23test_parse_output_basic
FNDA:1,_RNvNtNtNtCs4cnvRHYBibt_6glossa5tools6tester5testss_25test_parse_output_failure
FNDA:1,_RNvNtNtNtCs4cnvRHYBibt_6glossa5tools6tester5testss_25test_parse_output_ignored
FNDA:1,_RNvNtNtNtCs4cnvRHYBibt_6glossa5tools6tester5testss_27test_extract_failures_basic
FNDA:1,_RNvNtNtNtCs4cnvRHYBibt_6glossa5tools6tester5testss_30test_extract_failures_multiple
FNDA:1,_RNvNtNtNtCs4cnvRHYBibt_6glossa5tools6tester5testss_32test_extract_failures_edge_cases
FNDA:1,_RNvNtNtNtCs4cnvRHYBibt_6glossa5tools6tester5testss_33test_parse_test_output_edge_cases
FNDA:1,_RNvNtNtNtCs4cnvRHYBibt_6glossa5tools6tester23additional_sentry_testss_34test_parse_test_output_empty_parts
FNDA:1,_RNvNtNtCsluBEq34Hdgp_6glossa5tools6tester16extract_failures
FNDA:3,_RNvNtNtCsluBEq34Hdgp_6glossa5tools6tester17parse_test_output
FNDA:6,_RNvNtNtCsluBEq34Hdgp_6glossa5tools6tester9run_tests
FNF:15
FNH:12
DA:68,12
DA:69,12
DA:70,67
DA:72,67
DA:73,18
DA:74,12
DA:75,10
DA:77,9
DA:80,9
DA:82,8
DA:83,8
DA:84,8
DA:85,3
DA:86,1
DA:87,0
DA:89,8
DA:90,8
DA:91,8
DA:92,8
DA:93,0
DA:94,1
DA:95,58
DA:97,12
DA:98,12
DA:100,5
DA:101,5
DA:102,5
DA:103,5
DA:106,20
DA:107,19
DA:108,4
DA:109,15
DA:110,15
DA:113,5
DA:114,1
DA:115,4
DA:116,4
DA:119,29
DA:120,25
DA:121,25
DA:123,4
DA:124,4
DA:125,4
DA:126,4
DA:128,4
DA:129,4
DA:130,4
DA:131,4
DA:132,4
DA:135,4
DA:136,4
DA:137,19
DA:138,19
DA:139,19
DA:141,1
DA:142,18
DA:143,18
DA:145,3
DA:146,15
DA:147,15
DA:148,15
DA:149,15
DA:151,4
DA:152,4
DA:153,21
DA:154,21
DA:157,4
DA:158,5
DA:165,6
DA:166,6
DA:169,6
DA:170,5
DA:171,4
DA:172,4
DA:175,4
DA:176,4
DA:177,4
DA:178,4
DA:179,4
DA:181,4
DA:182,4
DA:187,4
DA:188,4
DA:189,4
DA:190,4
DA:191,4
DA:192,4
DA:193,4
DA:194,4
DA:195,0
DA:196,0
DA:197,4
DA:198,0
DA:200,4
DA:204,4
DA:205,4
DA:206,4
DA:207,4
DA:208,4
DA:209,4
DA:210,4
DA:212,4
DA:213,1
DA:214,1
DA:215,1
DA:216,3
DA:219,3
DA:221,3
DA:222,3
DA:223,3
DA:227,3
DA:230,3
DA:231,3
DA:233,3
DA:234,2
DA:235,2
DA:236,1
DA:237,1
DA:238,1
DA:239,1
DA:240,1
DA:241,1
DA:242,1
DA:243,1
DA:244,1
DA:245,1
DA:246,1
DA:247,1
DA:248,1
DA:249,1
DA:250,1
DA:251,1
DA:252,1
DA:253,1
DA:255,3
DA:257,3
DA:258,2
DA:259,2
DA:261,2
DA:262,2
DA:263,2
DA:264,2
DA:265,2
DA:268,4
DA:269,2
DA:270,1
DA:271,1
DA:272,1
DA:273,1
DA:274,0
DA:279,2
DA:281,2
DA:283,2
DA:284,1
DA:285,1
DA:286,1
DA:287,1
DA:288,1
DA:289,1
DA:290,1
DA:291,1
DA:292,1
DA:293,1
DA:296,3
DA:297,1
DA:298,1
DA:300,1
DA:302,1
DA:303,2
DA:304,1
DA:305,1
DA:306,1
DA:307,1
DA:310,1
DA:311,1
DA:312,1
DA:313,1
DA:315,1
DA:316,5
DA:317,5
DA:318,5
DA:319,5
DA:320,1
DA:321,1
DA:325,0
DA:326,0
DA:327,0
DA:328,0
DA:330,2
DA:332,3
DA:333,1
DA:334,2
DA:336,2
DA:337,6
DA:344,1
DA:345,1
DA:346,1
DA:347,1
DA:348,1
DA:349,1
DA:350,1
DA:351,1
DA:352,1
DA:353,1
DA:354,1
DA:355,1
DA:356,1
DA:357,1
DA:358,1
DA:361,1
DA:362,1
DA:363,1
DA:364,1
DA:365,1
DA:366,1
DA:367,1
DA:368,1
DA:369,1
DA:370,1
DA:371,1
DA:372,1
DA:373,1
DA:374,1
DA:375,1
DA:376,1
DA:377,1
DA:378,1
DA:379,1
DA:380,1
DA:381,1
DA:382,1
DA:383,1
DA:384,1
DA:385,1
DA:388,1
DA:389,1
DA:390,1
DA:391,1
DA:392,1
DA:393,1
DA:394,1
DA:395,1
DA:396,1
DA:397,1
DA:398,1
DA:399,1
DA:402,1
DA:403,1
DA:404,1
DA:405,1
DA:406,1
DA:407,1
DA:408,1
DA:409,1
DA:410,1
DA:411,1
DA:412,1
DA:413,1
DA:414,1
DA:415,1
DA:416,1
DA:417,1
DA:418,1
DA:419,1
DA:420,1
DA:421,1
DA:422,1
DA:423,1
DA:426,1
DA:427,1
DA:428,1
DA:429,1
DA:430,1
DA:431,1
DA:432,1
DA:433,1
DA:434,1
DA:435,1
DA:436,1
DA:437,1
DA:438,1
DA:439,1
DA:440,1
DA:441,1
DA:442,1
DA:443,1
DA:444,1
DA:445,1
DA:446,1
DA:449,1
DA:456,1
DA:457,1
DA:458,1
DA:459,1
DA:460,1
DA:461,1
DA:462,1
DA:463,1
DA:464,1
DA:465,1
DA:466,1
DA:467,1
DA:468,1
DA:469,1
DA:470,1
DA:471,1
DA:472,1
DA:473,1
DA:474,1
DA:475,1
DA:476,1
DA:477,1
DA:478,1
DA:479,1
DA:482,3
DA:483,2
DA:484,2
DA:485,2
DA:487,0
DA:491,1
DA:494,1
DA:501,1
DA:502,1
DA:503,1
DA:504,1
DA:505,1
DA:506,1
DA:507,1
DA:508,1
DA:509,1
DA:510,1
DA:511,1
DA:512,1
DA:513,1
DA:514,1
DA:515,1
DA:516,1
DA:517,1
DA:518,1
DA:519,1
DA:520,1
DA:521,1
DA:522,1
DA:523,1
DA:524,1
DA:525,1
DA:526,1
DA:527,1
DA:528,1
DA:529,1
DA:532,6
DA:533,5
DA:534,5
DA:535,5
DA:537,0
DA:541,1
DA:550,1
DA:551,1
DA:552,1
DA:553,1
DA:554,1
BRF:0
BRH:0
LF:366
LH:350
end_of_record
SF:/app/src/tools/ui.rs
FN:130,_RNvXs_NtNtCsluBEq34Hdgp_6glossa5tools2uiNtB4_6StatusNtNtNtCs3XFJfFEDSOQ_4core3ops4drop4Drop4drop
FN:38,_RINvMNtNtCsluBEq34Hdgp_6glossa5tools2uiNtB3_6Status5startpEB7_
FN:116,_RINvMNtNtCsluBEq34Hdgp_6glossa5tools2uiNtB3_6Status10print_doneINtNtNtCsgQ09HlrS5wL_9crossterm5style14styled_content13StyledContentReEEB7_
FN:43,_RINvMNtNtCsluBEq34Hdgp_6glossa5tools2uiNtB3_6Status17start_with_symbolReB16_EB7_
FN:49,_RINvMNtNtCsluBEq34Hdgp_6glossa5tools2uiNtB3_6Status3newReBR_EB7_
FN:85,_RINvMNtNtCsluBEq34Hdgp_6glossa5tools2uiNtB3_6Status5errorReEB7_
FN:62,_RINvMNtNtCsluBEq34Hdgp_6glossa5tools2uiNtB3_6Status6updateReEB7_
FN:96,_RNvMNtNtCsluBEq34Hdgp_6glossa5tools2uiNtB2_6Status13print_running
FN:71,_RNvMNtNtCsluBEq34Hdgp_6glossa5tools2uiNtB2_6Status7success
FN:38,_RINvMNtNtCs4cnvRHYBibt_6glossa5tools2uiNtB3_6Status5startpEB7_
FN:130,_RNvXs_NtNtCs4cnvRHYBibt_6glossa5tools2uiNtB4_6StatusNtNtNtCs3XFJfFEDSOQ_4core3ops4drop4Drop4drop
FN:96,_RNvMNtNtCs4cnvRHYBibt_6glossa5tools2uiNtB2_6Status13print_running
FN:71,_RNvMNtNtCs4cnvRHYBibt_6glossa5tools2uiNtB2_6Status7success
FN:116,_RINvMNtNtCs4cnvRHYBibt_6glossa5tools2uiNtB3_6Status10print_doneINtNtNtCsgQ09HlrS5wL_9crossterm5style14styled_content13StyledContentReEEB7_
FN:43,_RINvMNtNtCs4cnvRHYBibt_6glossa5tools2uiNtB3_6Status17start_with_symbolReB16_EB7_
FN:49,_RINvMNtNtCs4cnvRHYBibt_6glossa5tools2uiNtB3_6Status3newReBR_EB7_
FN:85,_RINvMNtNtCs4cnvRHYBibt_6glossa5tools2uiNtB3_6Status5errorReEB7_
FN:62,_RINvMNtNtCs4cnvRHYBibt_6glossa5tools2uiNtB3_6Status6updateReEB7_
FN:188,_RNvNtNtNtCs4cnvRHYBibt_6glossa5tools2ui5testss_16test_status_drop
FN:156,_RNvNtNtNtCs4cnvRHYBibt_6glossa5tools2ui5testss_21test_status_tty_error
FN:149,_RNvNtNtNtCs4cnvRHYBibt_6glossa5tools2ui5testss_22test_status_tty_update
FN:142,_RNvNtNtNtCs4cnvRHYBibt_6glossa5tools2ui5testss_23test_status_tty_success
FN:176,_RNvNtNtNtCs4cnvRHYBibt_6glossa5tools2ui5testss_24test_status_no_tty_error
FN:182,_RNvNtNtNtCs4cnvRHYBibt_6glossa5tools2ui5testss_25test_status_custom_symbol
FN:169,_RNvNtNtNtCs4cnvRHYBibt_6glossa5tools2ui5testss_25test_status_no_tty_update
FN:162,_RNvNtNtNtCs4cnvRHYBibt_6glossa5tools2ui5testss_26test_status_no_tty_success
FNDA:11,_RNvXs_NtNtCsluBEq34Hdgp_6glossa5tools2uiNtB4_6StatusNtNtNtCs3XFJfFEDSOQ_4core3ops4drop4Drop4drop
FNDA:0,_RINvMNtNtCsluBEq34Hdgp_6glossa5tools2uiNtB3_6Status5startpEB7_
FNDA:8,_RINvMNtNtCsluBEq34Hdgp_6glossa5tools2uiNtB3_6Status10print_doneINtNtNtCsgQ09HlrS5wL_9crossterm5style14styled_content13StyledContentReEEB7_
FNDA:11,_RINvMNtNtCsluBEq34Hdgp_6glossa5tools2uiNtB3_6Status17start_with_symbolReB16_EB7_
FNDA:11,_RINvMNtNtCsluBEq34Hdgp_6glossa5tools2uiNtB3_6Status3newReBR_EB7_
FNDA:4,_RINvMNtNtCsluBEq34Hdgp_6glossa5tools2uiNtB3_6Status5errorReEB7_
FNDA:4,_RINvMNtNtCsluBEq34Hdgp_6glossa5tools2uiNtB3_6Status6updateReEB7_
FNDA:15,_RNvMNtNtCsluBEq34Hdgp_6glossa5tools2uiNtB2_6Status13print_running
FNDA:4,_RNvMNtNtCsluBEq34Hdgp_6glossa5tools2uiNtB2_6Status7success
FNDA:0,_RINvMNtNtCs4cnvRHYBibt_6glossa5tools2uiNtB3_6Status5startpEB7_
FNDA:22,_RNvXs_NtNtCs4cnvRHYBibt_6glossa5tools2uiNtB4_6StatusNtNtNtCs3XFJfFEDSOQ_4core3ops4drop4Drop4drop
FNDA:26,_RNvMNtNtCs4cnvRHYBibt_6glossa5tools2uiNtB2_6Status13print_running
FNDA:14,_RNvMNtNtCs4cnvRHYBibt_6glossa5tools2uiNtB2_6Status7success
FNDA:18,_RINvMNtNtCs4cnvRHYBibt_6glossa5tools2uiNtB3_6Status10print_doneINtNtNtCsgQ09HlrS5wL_9crossterm5style14styled_content13StyledContentReEEB7_
FNDA:14,_RINvMNtNtCs4cnvRHYBibt_6glossa5tools2uiNtB3_6Status17start_with_symbolReB16_EB7_
FNDA:22,_RINvMNtNtCs4cnvRHYBibt_6glossa5tools2uiNtB3_6Status3newReBR_EB7_
FNDA:4,_RINvMNtNtCs4cnvRHYBibt_6glossa5tools2uiNtB3_6Status5errorReEB7_
FNDA:4,_RINvMNtNtCs4cnvRHYBibt_6glossa5tools2uiNtB3_6Status6updateReEB7_
FNDA:1,_RNvNtNtNtCs4cnvRHYBibt_6glossa5tools2ui5testss_16test_status_drop
FNDA:1,_RNvNtNtNtCs4cnvRHYBibt_6glossa5tools2ui5testss_21test_status_tty_error
FNDA:1,_RNvNtNtNtCs4cnvRHYBibt_6glossa5tools2ui5testss_22test_status_tty_update
FNDA:1,_RNvNtNtNtCs4cnvRHYBibt_6glossa5tools2ui5testss_23test_status_tty_success
FNDA:1,_RNvNtNtNtCs4cnvRHYBibt_6glossa5tools2ui5testss_24test_status_no_tty_error
FNDA:1,_RNvNtNtNtCs4cnvRHYBibt_6glossa5tools2ui5testss_25test_status_custom_symbol
FNDA:1,_RNvNtNtNtCs4cnvRHYBibt_6glossa5tools2ui5testss_25test_status_no_tty_update
FNDA:1,_RNvNtNtNtCs4cnvRHYBibt_6glossa5tools2ui5testss_26test_status_no_tty_success
FNF:17
FNH:16
DA:38,0
DA:39,0
DA:40,0
DA:43,25
DA:44,25
DA:45,25
DA:46,25
DA:49,33
DA:50,33
DA:51,33
DA:52,33
DA:53,33
DA:54,33
DA:55,33
DA:56,33
DA:57,33
DA:58,33
DA:59,33
DA:62,8
DA:63,8
DA:64,0
DA:65,8
DA:66,8
DA:67,8
DA:68,8
DA:71,18
DA:72,18
DA:73,0
DA:74,18
DA:76,18
DA:77,18
DA:78,18
DA:80,18
DA:81,18
DA:82,18
DA:85,8
DA:86,8
DA:87,0
DA:88,8
DA:90,8
DA:91,8
DA:92,8
DA:93,8
DA:94,8
DA:96,41
DA:98,41
DA:99,41
DA:101,41
DA:102,5
DA:103,5
DA:104,1
DA:105,1
DA:106,4
DA:107,4
DA:108,4
DA:109,5
DA:110,5
DA:111,36
DA:112,36
DA:113,36
DA:114,41
DA:116,26
DA:117,26
DA:118,3
DA:119,3
DA:120,3
DA:121,3
DA:122,3
DA:123,23
DA:124,23
DA:125,23
DA:126,26
DA:130,33
DA:131,33
DA:132,1
DA:133,32
DA:134,33
DA:142,1
DA:143,1
DA:145,1
DA:146,1
DA:149,1
DA:150,1
DA:151,1
DA:152,1
DA:153,1
DA:156,1
DA:157,1
DA:158,1
DA:159,1
DA:162,1
DA:163,1
DA:165,1
DA:166,1
DA:169,1
DA:170,1
DA:171,1
DA:172,1
DA:173,1
DA:176,1
DA:177,1
DA:178,1
DA:179,1
DA:182,1
DA:183,1
DA:184,1
DA:185,1
DA:188,1
DA:189,1
DA:190,1
DA:191,1
DA:192,1
DA:193,1
BRF:0
BRH:0
LF:113
LH:107
end_of_record
SF:/app/src/tools/weave.rs
FN:37,_RNCNvNtNtCsluBEq34Hdgp_6glossa5tools5weave9run_weave0B7_
FN:38,_RNCNvNtNtCsluBEq34Hdgp_6glossa5tools5weave9run_weaves_0B7_
FN:102,_RNvNtNtNtCs4cnvRHYBibt_6glossa5tools5weave5testss_22test_run_weave_success
FN:129,_RNvNtNtNtCs4cnvRHYBibt_6glossa5tools5weave5testss_29test_run_weave_file_not_found
FN:137,_RNvNtNtNtCs4cnvRHYBibt_6glossa5tools5weave5testss_29test_run_weave_file_too_large
FN:27,_RNvNtNtCs4cnvRHYBibt_6glossa5tools5weave9run_weave
FN:37,_RNCNvNtNtCs4cnvRHYBibt_6glossa5tools5weave9run_weave0B7_
FN:38,_RNCNvNtNtCs4cnvRHYBibt_6glossa5tools5weave9run_weaves_0B7_
FN:27,_RNvNtNtCsluBEq34Hdgp_6glossa5tools5weave9run_weave
FNDA:0,_RNCNvNtNtCsluBEq34Hdgp_6glossa5tools5weave9run_weave0B7_
FNDA:0,_RNCNvNtNtCsluBEq34Hdgp_6glossa5tools5weave9run_weaves_0B7_
FNDA:1,_RNvNtNtNtCs4cnvRHYBibt_6glossa5tools5weave5testss_22test_run_weave_success
FNDA:1,_RNvNtNtNtCs4cnvRHYBibt_6glossa5tools5weave5testss_29test_run_weave_file_not_found
FNDA:1,_RNvNtNtNtCs4cnvRHYBibt_6glossa5tools5weave5testss_29test_run_weave_file_too_large
FNDA:3,_RNvNtNtCs4cnvRHYBibt_6glossa5tools5weave9run_weave
FNDA:0,_RNCNvNtNtCs4cnvRHYBibt_6glossa5tools5weave9run_weave0B7_
FNDA:0,_RNCNvNtNtCs4cnvRHYBibt_6glossa5tools5weave9run_weaves_0B7_
FNDA:1,_RNvNtNtCsluBEq34Hdgp_6glossa5tools5weave9run_weave
FNF:6
FNH:4
DA:27,4
DA:28,4
DA:29,1
DA:30,3
DA:32,3
DA:34,3
DA:37,2
DA:38,2
DA:41,2
DA:44,2
DA:45,2
DA:46,2
DA:49,2
DA:51,2
DA:53,2
DA:55,2
DA:56,2
DA:57,2
DA:58,2
DA:59,1
DA:60,1
DA:61,2
DA:63,2
DA:65,2
DA:66,2
DA:68,2
DA:69,2
DA:70,2
DA:71,2
DA:72,2
DA:73,2
DA:74,2
DA:77,2
DA:78,2
DA:80,2
DA:82,2
DA:83,2
DA:84,2
DA:85,2
DA:86,2
DA:87,2
DA:88,2
DA:89,2
DA:91,2
DA:93,2
DA:94,4
DA:102,1
DA:103,1
DA:104,1
DA:105,1
DA:106,1
DA:107,1
DA:108,1
DA:110,1
DA:111,1
DA:113,1
DA:114,1
DA:116,1
DA:119,1
DA:120,1
DA:121,1
DA:122,1
DA:123,1
DA:124,1
DA:125,1
DA:126,1
DA:129,1
DA:130,1
DA:131,1
DA:132,1
DA:133,1
DA:134,1
DA:137,1
DA:138,1
DA:139,1
DA:142,1
DA:143,1
DA:144,1
DA:145,1
DA:146,1
DA:147,1
DA:149,1
DA:150,1
DA:151,1
DA:152,1
DA:153,1
DA:154,1
DA:155,1
DA:157,1
BRF:0
BRH:0
LF:91
LH:88
end_of_record